[0.000000] (-) TimerEvent: {}
[0.000435] (turtlebot_control) JobQueued: {'identifier': 'turtlebot_control', 'dependencies': OrderedDict()}
[0.000470] (turtlebot_control) JobStarted: {'identifier': 'turtlebot_control'}
[0.007357] (turtlebot_control) JobProgress: {'identifier': 'turtlebot_control', 'progress': 'cmake'}
[0.007815] (turtlebot_control) JobProgress: {'identifier': 'turtlebot_control', 'progress': 'build'}
[0.008375] (turtlebot_control) Command: {'cmd': ['/usr/bin/cmake', '--build', '/ros_ws/aarch64_build/turtlebot_control', '--', '-j8', '-l8'], 'cwd': '/ros_ws/aarch64_build/turtlebot_control', 'env': OrderedDict([('HOSTNAME', '611950ba9f8b'), ('LD_LIBRARY_PATH', '/opt/ros/humble/opt/rviz_ogre_vendor/lib:/opt/ros/humble/lib/aarch64-linux-gnu:/opt/ros/humble/lib'), ('HOME', '/home/msr'), ('ROS_PYTHON_VERSION', '3'), ('LC_CTYPE', 'C.UTF-8'), ('ROS_DISTRO', 'humble'), ('ROS_VERSION', '2'), ('TERM', 'xterm'), ('ROS_LOCALHOST_ONLY', '0'), ('PATH', '/opt/ros/humble/bin:/usr/local/sbin:/usr/local/bin:/usr/sbin:/usr/bin:/sbin:/bin'), ('AMENT_PREFIX_PATH', '/opt/ros/humble'), ('PWD', '/ros_ws/aarch64_build/turtlebot_control'), ('PYTHONPATH', '/opt/ros/humble/lib/python3.10/site-packages:/opt/ros/humble/local/lib/python3.10/dist-packages'), ('COLCON', '1'), ('CMAKE_PREFIX_PATH', '/opt/ros/humble')]), 'shell': False}
[0.039822] (turtlebot_control) StdoutLine: {'line': b'\x1b[35m\x1b[1mConsolidate compiler generated dependencies of target turtlebot_control\x1b[0m\n'}
[0.054970] (turtlebot_control) StdoutLine: {'line': b'[ 50%] \x1b[32mBuilding CXX object CMakeFiles/turtlebot_control.dir/src/turtlebot_control.cpp.o\x1b[0m\n'}
[0.099771] (-) TimerEvent: {}
[0.200010] (-) TimerEvent: {}
[0.300326] (-) TimerEvent: {}
[0.400652] (-) TimerEvent: {}
[0.500988] (-) TimerEvent: {}
[0.601310] (-) TimerEvent: {}
[0.701622] (-) TimerEvent: {}
[0.801854] (-) TimerEvent: {}
[0.902107] (-) TimerEvent: {}
[1.002447] (-) TimerEvent: {}
[1.102756] (-) TimerEvent: {}
[1.203090] (-) TimerEvent: {}
[1.303416] (-) TimerEvent: {}
[1.403735] (-) TimerEvent: {}
[1.503991] (-) TimerEvent: {}
[1.604302] (-) TimerEvent: {}
[1.704631] (-) TimerEvent: {}
[1.805028] (-) TimerEvent: {}
[1.905381] (-) TimerEvent: {}
[2.005725] (-) TimerEvent: {}
[2.106037] (-) TimerEvent: {}
[2.160884] (turtlebot_control) StderrLine: {'line': b'\x1b[01m\x1b[K/ros_ws/src/turtlebot_control/src/turtlebot_control.cpp:\x1b[m\x1b[K In member function \xe2\x80\x98\x1b[01m\x1b[Kvoid TurtlebotControl::timer_callback()\x1b[m\x1b[K\xe2\x80\x99:\n'}
[2.161024] (turtlebot_control) StderrLine: {'line': b'\x1b[01m\x1b[K/ros_ws/src/turtlebot_control/src/turtlebot_control.cpp:60:24:\x1b[m\x1b[K \x1b[01;35m\x1b[Kwarning: \x1b[m\x1b[Kunused variable \xe2\x80\x98\x1b[01m\x1b[Kfps\x1b[m\x1b[K\xe2\x80\x99 [\x1b[01;35m\x1b[K-Wunused-variable\x1b[m\x1b[K]\n'}
[2.161079] (turtlebot_control) StderrLine: {'line': b'   60 |                 double \x1b[01;35m\x1b[Kfps\x1b[m\x1b[K = cap.get(cv::CAP_PROP_FPS);\n'}
[2.161123] (turtlebot_control) StderrLine: {'line': b'      |                        \x1b[01;35m\x1b[K^~~\x1b[m\x1b[K\n'}
[2.206230] (-) TimerEvent: {}
[2.306549] (-) TimerEvent: {}
[2.406862] (-) TimerEvent: {}
[2.507198] (-) TimerEvent: {}
[2.607529] (-) TimerEvent: {}
[2.707878] (-) TimerEvent: {}
[2.762837] (turtlebot_control) StdoutLine: {'line': b'[100%] \x1b[32m\x1b[1mLinking CXX executable turtlebot_control\x1b[0m\n'}
[2.807987] (-) TimerEvent: {}
[2.908307] (-) TimerEvent: {}
[3.008592] (-) TimerEvent: {}
[3.045513] (turtlebot_control) StdoutLine: {'line': b'[100%] Built target turtlebot_control\n'}
[3.054217] (turtlebot_control) CommandEnded: {'returncode': 0}
[3.074868] (turtlebot_control) JobProgress: {'identifier': 'turtlebot_control', 'progress': 'install'}
[3.084282] (turtlebot_control) Command: {'cmd': ['/usr/bin/cmake', '--install', '/ros_ws/aarch64_build/turtlebot_control'], 'cwd': '/ros_ws/aarch64_build/turtlebot_control', 'env': OrderedDict([('HOSTNAME', '611950ba9f8b'), ('LD_LIBRARY_PATH', '/opt/ros/humble/opt/rviz_ogre_vendor/lib:/opt/ros/humble/lib/aarch64-linux-gnu:/opt/ros/humble/lib'), ('HOME', '/home/msr'), ('ROS_PYTHON_VERSION', '3'), ('LC_CTYPE', 'C.UTF-8'), ('ROS_DISTRO', 'humble'), ('ROS_VERSION', '2'), ('TERM', 'xterm'), ('ROS_LOCALHOST_ONLY', '0'), ('PATH', '/opt/ros/humble/bin:/usr/local/sbin:/usr/local/bin:/usr/sbin:/usr/bin:/sbin:/bin'), ('AMENT_PREFIX_PATH', '/opt/ros/humble'), ('PWD', '/ros_ws/aarch64_build/turtlebot_control'), ('PYTHONPATH', '/opt/ros/humble/lib/python3.10/site-packages:/opt/ros/humble/local/lib/python3.10/dist-packages'), ('COLCON', '1'), ('CMAKE_PREFIX_PATH', '/opt/ros/humble')]), 'shell': False}
[3.093772] (turtlebot_control) StdoutLine: {'line': b'-- Install configuration: ""\n'}
[3.094146] (turtlebot_control) StdoutLine: {'line': b'-- Installing: /ros_ws/aarch64_install/turtlebot_control/lib/turtlebot_control/turtlebot_control\n'}
[3.095196] (turtlebot_control) StdoutLine: {'line': b'-- Set runtime path of "/ros_ws/aarch64_install/turtlebot_control/lib/turtlebot_control/turtlebot_control" to ""\n'}
[3.095552] (turtlebot_control) StdoutLine: {'line': b'-- Up-to-date: /ros_ws/aarch64_install/turtlebot_control/share/turtlebot_control/images\n'}
[3.095764] (turtlebot_control) StdoutLine: {'line': b'-- Up-to-date: /ros_ws/aarch64_install/turtlebot_control/share/turtlebot_control/images/test_pic.png\n'}
[3.095876] (turtlebot_control) StdoutLine: {'line': b'-- Up-to-date: /ros_ws/aarch64_install/turtlebot_control/share/turtlebot_control/images/image.jpg\n'}
[3.095981] (turtlebot_control) StdoutLine: {'line': b'-- Up-to-date: /ros_ws/aarch64_install/turtlebot_control/share/ament_index/resource_index/package_run_dependencies/turtlebot_control\n'}
[3.096083] (turtlebot_control) StdoutLine: {'line': b'-- Up-to-date: /ros_ws/aarch64_install/turtlebot_control/share/ament_index/resource_index/parent_prefix_path/turtlebot_control\n'}
[3.096184] (turtlebot_control) StdoutLine: {'line': b'-- Up-to-date: /ros_ws/aarch64_install/turtlebot_control/share/turtlebot_control/environment/ament_prefix_path.sh\n'}
[3.096279] (turtlebot_control) StdoutLine: {'line': b'-- Up-to-date: /ros_ws/aarch64_install/turtlebot_control/share/turtlebot_control/environment/ament_prefix_path.dsv\n'}
[3.096349] (turtlebot_control) StdoutLine: {'line': b'-- Up-to-date: /ros_ws/aarch64_install/turtlebot_control/share/turtlebot_control/environment/path.sh\n'}
[3.096488] (turtlebot_control) StdoutLine: {'line': b'-- Up-to-date: /ros_ws/aarch64_install/turtlebot_control/share/turtlebot_control/environment/path.dsv\n'}
[3.096561] (turtlebot_control) StdoutLine: {'line': b'-- Up-to-date: /ros_ws/aarch64_install/turtlebot_control/share/turtlebot_control/local_setup.bash\n'}
[3.096629] (turtlebot_control) StdoutLine: {'line': b'-- Up-to-date: /ros_ws/aarch64_install/turtlebot_control/share/turtlebot_control/local_setup.sh\n'}
[3.096696] (turtlebot_control) StdoutLine: {'line': b'-- Up-to-date: /ros_ws/aarch64_install/turtlebot_control/share/turtlebot_control/local_setup.zsh\n'}
[3.096764] (turtlebot_control) StdoutLine: {'line': b'-- Up-to-date: /ros_ws/aarch64_install/turtlebot_control/share/turtlebot_control/local_setup.dsv\n'}
[3.096832] (turtlebot_control) StdoutLine: {'line': b'-- Installing: /ros_ws/aarch64_install/turtlebot_control/share/turtlebot_control/package.dsv\n'}
[3.096898] (turtlebot_control) StdoutLine: {'line': b'-- Up-to-date: /ros_ws/aarch64_install/turtlebot_control/share/ament_index/resource_index/packages/turtlebot_control\n'}
[3.096966] (turtlebot_control) StdoutLine: {'line': b'-- Up-to-date: /ros_ws/aarch64_install/turtlebot_control/share/turtlebot_control/cmake/turtlebot_controlConfig.cmake\n'}
[3.097033] (turtlebot_control) StdoutLine: {'line': b'-- Up-to-date: /ros_ws/aarch64_install/turtlebot_control/share/turtlebot_control/cmake/turtlebot_controlConfig-version.cmake\n'}
[3.097100] (turtlebot_control) StdoutLine: {'line': b'-- Up-to-date: /ros_ws/aarch64_install/turtlebot_control/share/turtlebot_control/package.xml\n'}
[3.097942] (turtlebot_control) CommandEnded: {'returncode': 0}
[3.109473] (-) TimerEvent: {}
[3.138947] (turtlebot_control) JobEnded: {'identifier': 'turtlebot_control', 'rc': 0}
[3.139440] (-) EventReactorShutdown: {}
