[0.000000] (-) TimerEvent: {}
[0.000327] (turtlebot_control) JobQueued: {'identifier': 'turtlebot_control', 'dependencies': OrderedDict()}
[0.001287] (turtlebot_control) JobStarted: {'identifier': 'turtlebot_control'}
[0.006653] (turtlebot_control) JobProgress: {'identifier': 'turtlebot_control', 'progress': 'cmake'}
[0.007053] (turtlebot_control) JobProgress: {'identifier': 'turtlebot_control', 'progress': 'build'}
[0.007566] (turtlebot_control) Command: {'cmd': ['/usr/bin/cmake', '--build', '/ros_ws/aarch64_build/turtlebot_control', '--', '-j8', '-l8'], 'cwd': '/ros_ws/aarch64_build/turtlebot_control', 'env': OrderedDict([('HOSTNAME', '10f7b43fd11f'), ('LD_LIBRARY_PATH', '/opt/ros/humble/opt/rviz_ogre_vendor/lib:/opt/ros/humble/lib/aarch64-linux-gnu:/opt/ros/humble/lib'), ('HOME', '/home/msr'), ('ROS_PYTHON_VERSION', '3'), ('LC_CTYPE', 'C.UTF-8'), ('ROS_DISTRO', 'humble'), ('ROS_VERSION', '2'), ('TERM', 'xterm'), ('ROS_LOCALHOST_ONLY', '0'), ('PATH', '/opt/ros/humble/bin:/usr/local/sbin:/usr/local/bin:/usr/sbin:/usr/bin:/sbin:/bin'), ('AMENT_PREFIX_PATH', '/opt/ros/humble'), ('PWD', '/ros_ws/aarch64_build/turtlebot_control'), ('PYTHONPATH', '/opt/ros/humble/lib/python3.10/site-packages:/opt/ros/humble/local/lib/python3.10/dist-packages'), ('COLCON', '1'), ('CMAKE_PREFIX_PATH', '/opt/ros/humble')]), 'shell': False}
[0.037845] (turtlebot_control) StdoutLine: {'line': b'\x1b[35m\x1b[1mConsolidate compiler generated dependencies of target turtlebot_control\x1b[0m\n'}
[0.051824] (turtlebot_control) StdoutLine: {'line': b'[ 50%] \x1b[32mBuilding CXX object CMakeFiles/turtlebot_control.dir/src/turtlebot_control.cpp.o\x1b[0m\n'}
[0.099077] (-) TimerEvent: {}
[0.199428] (-) TimerEvent: {}
[0.299775] (-) TimerEvent: {}
[0.400106] (-) TimerEvent: {}
[0.500445] (-) TimerEvent: {}
[0.600790] (-) TimerEvent: {}
[0.701005] (-) TimerEvent: {}
[0.801335] (-) TimerEvent: {}
[0.901699] (-) TimerEvent: {}
[1.001926] (-) TimerEvent: {}
[1.102243] (-) TimerEvent: {}
[1.202625] (-) TimerEvent: {}
[1.302970] (-) TimerEvent: {}
[1.403234] (-) TimerEvent: {}
[1.503499] (-) TimerEvent: {}
[1.603818] (-) TimerEvent: {}
[1.704147] (-) TimerEvent: {}
[1.804472] (-) TimerEvent: {}
[1.904805] (-) TimerEvent: {}
[2.005129] (-) TimerEvent: {}
[2.105466] (-) TimerEvent: {}
[2.154011] (turtlebot_control) StderrLine: {'line': b'\x1b[01m\x1b[K/ros_ws/src/turtlebot_control/src/turtlebot_control.cpp:\x1b[m\x1b[K In member function \xe2\x80\x98\x1b[01m\x1b[Kvoid TurtlebotControl::timer_callback()\x1b[m\x1b[K\xe2\x80\x99:\n'}
[2.154157] (turtlebot_control) StderrLine: {'line': b'\x1b[01m\x1b[K/ros_ws/src/turtlebot_control/src/turtlebot_control.cpp:60:38:\x1b[m\x1b[K \x1b[01;31m\x1b[Kerror: \x1b[m\x1b[K\xe2\x80\x98\x1b[01m\x1b[KCAP_PROP_FPS\x1b[m\x1b[K\xe2\x80\x99 was not declared in this scope; did you mean \xe2\x80\x98\x1b[01m\x1b[Kcv::CAP_PROP_FPS\x1b[m\x1b[K\xe2\x80\x99?\n'}
[2.154211] (turtlebot_control) StderrLine: {'line': b'   60 |                 double fps = cap.get(\x1b[01;31m\x1b[KCAP_PROP_FPS\x1b[m\x1b[K)\n'}
[2.154253] (turtlebot_control) StderrLine: {'line': b'      |                                      \x1b[01;31m\x1b[K^~~~~~~~~~~~\x1b[m\x1b[K\n'}
[2.154294] (turtlebot_control) StderrLine: {'line': b'      |                                      \x1b[32m\x1b[Kcv::CAP_PROP_FPS\x1b[m\x1b[K\n'}
[2.154333] (turtlebot_control) StderrLine: {'line': b'In file included from \x1b[01m\x1b[K/usr/include/opencv4/opencv2/highgui.hpp:51\x1b[m\x1b[K,\n'}
[2.154373] (turtlebot_control) StderrLine: {'line': b'                 from \x1b[01m\x1b[K/ros_ws/src/turtlebot_control/src/turtlebot_control.cpp:6\x1b[m\x1b[K:\n'}
[2.154412] (turtlebot_control) StderrLine: {'line': b'\x1b[01m\x1b[K/usr/include/opencv4/opencv2/videoio.hpp:140:8:\x1b[m\x1b[K \x1b[01;36m\x1b[Knote: \x1b[m\x1b[K\xe2\x80\x98\x1b[01m\x1b[Kcv::CAP_PROP_FPS\x1b[m\x1b[K\xe2\x80\x99 declared here\n'}
[2.154451] (turtlebot_control) StderrLine: {'line': b'  140 |        \x1b[01;36m\x1b[KCAP_PROP_FPS\x1b[m\x1b[K            =5, //!< Frame rate.\n'}
[2.154489] (turtlebot_control) StderrLine: {'line': b'      |        \x1b[01;36m\x1b[K^~~~~~~~~~~~\x1b[m\x1b[K\n'}
[2.167728] (turtlebot_control) StderrLine: {'line': b'\x1b[01m\x1b[K/ros_ws/src/turtlebot_control/src/turtlebot_control.cpp:70:32:\x1b[m\x1b[K \x1b[01;31m\x1b[Kerror: \x1b[m\x1b[K\xe2\x80\x98\x1b[01m\x1b[Knum_frames\x1b[m\x1b[K\xe2\x80\x99 was not declared in this scope\n'}
[2.168035] (turtlebot_control) StderrLine: {'line': b'   70 |                 for(int i=0; i<\x1b[01;31m\x1b[Knum_frames\x1b[m\x1b[K; i++){\n'}
[2.168077] (turtlebot_control) StderrLine: {'line': b'      |                                \x1b[01;31m\x1b[K^~~~~~~~~~\x1b[m\x1b[K\n'}
[2.169886] (turtlebot_control) StderrLine: {'line': b'In file included from \x1b[01m\x1b[K/opt/ros/humble/include/rclcpp/rclcpp/logging.hpp:24\x1b[m\x1b[K,\n'}
[2.170054] (turtlebot_control) StderrLine: {'line': b'                 from \x1b[01m\x1b[K/opt/ros/humble/include/rclcpp/rclcpp/client.hpp:40\x1b[m\x1b[K,\n'}
[2.170154] (turtlebot_control) StderrLine: {'line': b'                 from \x1b[01m\x1b[K/opt/ros/humble/include/rclcpp/rclcpp/callback_group.hpp:24\x1b[m\x1b[K,\n'}
[2.170246] (turtlebot_control) StderrLine: {'line': b'                 from \x1b[01m\x1b[K/opt/ros/humble/include/rclcpp/rclcpp/any_executable.hpp:20\x1b[m\x1b[K,\n'}
[2.170296] (turtlebot_control) StderrLine: {'line': b'                 from \x1b[01m\x1b[K/opt/ros/humble/include/rclcpp/rclcpp/memory_strategy.hpp:25\x1b[m\x1b[K,\n'}
[2.170329] (turtlebot_control) StderrLine: {'line': b'                 from \x1b[01m\x1b[K/opt/ros/humble/include/rclcpp/rclcpp/memory_strategies.hpp:18\x1b[m\x1b[K,\n'}
[2.170362] (turtlebot_control) StderrLine: {'line': b'                 from \x1b[01m\x1b[K/opt/ros/humble/include/rclcpp/rclcpp/executor_options.hpp:20\x1b[m\x1b[K,\n'}
[2.170395] (turtlebot_control) StderrLine: {'line': b'                 from \x1b[01m\x1b[K/opt/ros/humble/include/rclcpp/rclcpp/executor.hpp:37\x1b[m\x1b[K,\n'}
[2.170428] (turtlebot_control) StderrLine: {'line': b'                 from \x1b[01m\x1b[K/opt/ros/humble/include/rclcpp/rclcpp/executors/multi_threaded_executor.hpp:25\x1b[m\x1b[K,\n'}
[2.170461] (turtlebot_control) StderrLine: {'line': b'                 from \x1b[01m\x1b[K/opt/ros/humble/include/rclcpp/rclcpp/executors.hpp:21\x1b[m\x1b[K,\n'}
[2.170494] (turtlebot_control) StderrLine: {'line': b'                 from \x1b[01m\x1b[K/opt/ros/humble/include/rclcpp/rclcpp/rclcpp.hpp:155\x1b[m\x1b[K,\n'}
[2.170526] (turtlebot_control) StderrLine: {'line': b'                 from \x1b[01m\x1b[K/ros_ws/src/turtlebot_control/src/turtlebot_control.cpp:2\x1b[m\x1b[K:\n'}
[2.170559] (turtlebot_control) StderrLine: {'line': b'\x1b[01m\x1b[K/ros_ws/src/turtlebot_control/src/turtlebot_control.cpp:77:80:\x1b[m\x1b[K \x1b[01;31m\x1b[Kerror: \x1b[m\x1b[K\xe2\x80\x98\x1b[01m\x1b[Kcount\x1b[m\x1b[K\xe2\x80\x99 was not declared in this scope; did you mean \xe2\x80\x98\x1b[01m\x1b[Kstd::count\x1b[m\x1b[K\xe2\x80\x99?\n'}
[2.170594] (turtlebot_control) StderrLine: {'line': b'   77 | CPP_INFO(rclcpp::get_logger("message"), "Frequency: %ld\\n", \x1b[01;31m\x1b[Kcount\x1b[m\x1b[K/elapsed.count());\n'}
[2.170626] (turtlebot_control) StderrLine: {'line': b'      |                                                             \x1b[01;31m\x1b[K^~~~~\x1b[m\x1b[K\n'}
[2.170658] (turtlebot_control) StderrLine: {'line': b'\n'}
[2.170689] (turtlebot_control) StderrLine: {'line': b'In file included from \x1b[01m\x1b[K/usr/aarch64-linux-gnu/include/c++/11/algorithm:74\x1b[m\x1b[K,\n'}
[2.170719] (turtlebot_control) StderrLine: {'line': b'                 from \x1b[01m\x1b[K/opt/ros/humble/include/rclcpp/rclcpp/executor.hpp:18\x1b[m\x1b[K,\n'}
[2.170749] (turtlebot_control) StderrLine: {'line': b'                 from \x1b[01m\x1b[K/opt/ros/humble/include/rclcpp/rclcpp/executors/multi_threaded_executor.hpp:25\x1b[m\x1b[K,\n'}
[2.170787] (turtlebot_control) StderrLine: {'line': b'                 from \x1b[01m\x1b[K/opt/ros/humble/include/rclcpp/rclcpp/executors.hpp:21\x1b[m\x1b[K,\n'}
[2.170822] (turtlebot_control) StderrLine: {'line': b'                 from \x1b[01m\x1b[K/opt/ros/humble/include/rclcpp/rclcpp/rclcpp.hpp:155\x1b[m\x1b[K,\n'}
[2.170864] (turtlebot_control) StderrLine: {'line': b'                 from \x1b[01m\x1b[K/ros_ws/src/turtlebot_control/src/turtlebot_control.cpp:2\x1b[m\x1b[K:\n'}
[2.170901] (turtlebot_control) StderrLine: {'line': b'\x1b[01m\x1b[K/usr/aarch64-linux-gnu/include/c++/11/pstl/glue_algorithm_defs.h:101:1:\x1b[m\x1b[K \x1b[01;36m\x1b[Knote: \x1b[m\x1b[K\xe2\x80\x98\x1b[01m\x1b[Kstd::count\x1b[m\x1b[K\xe2\x80\x99 declared here\n'}
[2.170937] (turtlebot_control) StderrLine: {'line': b'  101 | \x1b[01;36m\x1b[Kcount\x1b[m\x1b[K(_ExecutionPolicy&& __exec, _ForwardIterator __first, _ForwardIterator __last, const _Tp& __value);\n'}
[2.170968] (turtlebot_control) StderrLine: {'line': b'      | \x1b[01;36m\x1b[K^~~~~\x1b[m\x1b[K\n'}
[2.170999] (turtlebot_control) StderrLine: {'line': b'\x1b[01m\x1b[K/ros_ws/src/turtlebot_control/src/turtlebot_control.cpp:60:24:\x1b[m\x1b[K \x1b[01;35m\x1b[Kwarning: \x1b[m\x1b[Kunused variable \xe2\x80\x98\x1b[01m\x1b[Kfps\x1b[m\x1b[K\xe2\x80\x99 [\x1b[01;35m\x1b[K-Wunused-variable\x1b[m\x1b[K]\n'}
[2.171034] (turtlebot_control) StderrLine: {'line': b'   60 |                 double \x1b[01;35m\x1b[Kfps\x1b[m\x1b[K = cap.get(CAP_PROP_FPS)\n'}
[2.171064] (turtlebot_control) StderrLine: {'line': b'      |                        \x1b[01;35m\x1b[K^~~\x1b[m\x1b[K\n'}
[2.205570] (-) TimerEvent: {}
[2.305882] (-) TimerEvent: {}
[2.406199] (-) TimerEvent: {}
[2.506529] (-) TimerEvent: {}
[2.592468] (turtlebot_control) StderrLine: {'line': b'gmake[2]: *** [CMakeFiles/turtlebot_control.dir/build.make:76: CMakeFiles/turtlebot_control.dir/src/turtlebot_control.cpp.o] Error 1\n'}
[2.592596] (turtlebot_control) StderrLine: {'line': b'gmake[1]: *** [CMakeFiles/Makefile2:137: CMakeFiles/turtlebot_control.dir/all] Error 2\n'}
[2.592734] (turtlebot_control) StderrLine: {'line': b'gmake: *** [Makefile:146: all] Error 2\n'}
[2.594201] (turtlebot_control) CommandEnded: {'returncode': 2}
[2.606902] (-) TimerEvent: {}
[2.620514] (turtlebot_control) JobEnded: {'identifier': 'turtlebot_control', 'rc': 2}
[2.630942] (-) EventReactorShutdown: {}
