[0.000000] (-) TimerEvent: {}
[0.000102] (turtlebot_control) JobQueued: {'identifier': 'turtlebot_control', 'dependencies': OrderedDict()}
[0.000420] (turtlebot_control) JobStarted: {'identifier': 'turtlebot_control'}
[0.007207] (turtlebot_control) JobProgress: {'identifier': 'turtlebot_control', 'progress': 'cmake'}
[0.007445] (turtlebot_control) JobProgress: {'identifier': 'turtlebot_control', 'progress': 'build'}
[0.007988] (turtlebot_control) Command: {'cmd': ['/usr/bin/cmake', '--build', '/ros_ws/aarch64_build/turtlebot_control', '--', '-j8', '-l8'], 'cwd': '/ros_ws/aarch64_build/turtlebot_control', 'env': OrderedDict([('HOSTNAME', '18d2720ded31'), ('LD_LIBRARY_PATH', '/opt/ros/humble/opt/rviz_ogre_vendor/lib:/opt/ros/humble/lib/aarch64-linux-gnu:/opt/ros/humble/lib'), ('HOME', '/home/msr'), ('ROS_PYTHON_VERSION', '3'), ('LC_CTYPE', 'C.UTF-8'), ('ROS_DISTRO', 'humble'), ('ROS_VERSION', '2'), ('TERM', 'xterm'), ('ROS_LOCALHOST_ONLY', '0'), ('PATH', '/opt/ros/humble/bin:/usr/local/sbin:/usr/local/bin:/usr/sbin:/usr/bin:/sbin:/bin'), ('AMENT_PREFIX_PATH', '/opt/ros/humble'), ('PWD', '/ros_ws/aarch64_build/turtlebot_control'), ('PYTHONPATH', '/opt/ros/humble/lib/python3.10/site-packages:/opt/ros/humble/local/lib/python3.10/dist-packages'), ('COLCON', '1'), ('CMAKE_PREFIX_PATH', '/opt/ros/humble')]), 'shell': False}
[0.043481] (turtlebot_control) StdoutLine: {'line': b'[  3%] Built target turtlebot_control_msg__cpp\n'}
[0.043739] (turtlebot_control) StdoutLine: {'line': b'[ 12%] Built target turtlebot_control_msg__rosidl_generator_c\n'}
[0.052069] (turtlebot_control) StdoutLine: {'line': b'[ 12%] Built target ament_cmake_python_copy_turtlebot_control\n'}
[0.062625] (turtlebot_control) StdoutLine: {'line': b'[ 30%] Built target turtlebot_control_msg__rosidl_typesupport_fastrtps_cpp\n'}
[0.062814] (turtlebot_control) StdoutLine: {'line': b'[ 30%] Built target turtlebot_control_msg__rosidl_typesupport_introspection_c\n'}
[0.062934] (turtlebot_control) StdoutLine: {'line': b'[ 39%] Built target turtlebot_control_msg__rosidl_typesupport_c\n'}
[0.063471] (turtlebot_control) StdoutLine: {'line': b'[ 57%] Built target turtlebot_control_msg__rosidl_typesupport_fastrtps_c\n'}
[0.063606] (turtlebot_control) StdoutLine: {'line': b'[ 57%] Built target turtlebot_control_msg__rosidl_typesupport_cpp\n'}
[0.063962] (turtlebot_control) StdoutLine: {'line': b'[ 66%] Built target turtlebot_control_msg__rosidl_typesupport_introspection_cpp\n'}
[0.072328] (turtlebot_control) StdoutLine: {'line': b'\x1b[35m\x1b[1mConsolidate compiler generated dependencies of target turtlebot_control\x1b[0m\n'}
[0.076926] (turtlebot_control) StdoutLine: {'line': b'[ 66%] Built target turtlebot_control_msg\n'}
[0.087093] (turtlebot_control) StdoutLine: {'line': b'[ 69%] \x1b[32mBuilding CXX object CMakeFiles/turtlebot_control.dir/src/turtlebot_control.cpp.o\x1b[0m\n'}
[0.090565] (turtlebot_control) StdoutLine: {'line': b'[ 72%] Built target turtlebot_control_msg__py\n'}
[0.099883] (-) TimerEvent: {}
[0.105285] (turtlebot_control) StdoutLine: {'line': b'[ 78%] Built target turtlebot_control_msg__rosidl_generator_py\n'}
[0.121185] (turtlebot_control) StdoutLine: {'line': b'[ 84%] Built target turtlebot_control__rosidl_typesupport_fastrtps_c__pyext\n'}
[0.123848] (turtlebot_control) StdoutLine: {'line': b'[ 90%] Built target turtlebot_control__rosidl_typesupport_c__pyext\n'}
[0.126099] (turtlebot_control) StdoutLine: {'line': b'[ 96%] Built target turtlebot_control__rosidl_typesupport_introspection_c__pyext\n'}
[0.200192] (-) TimerEvent: {}
[0.205161] (turtlebot_control) StdoutLine: {'line': b'running egg_info\n'}
[0.205577] (turtlebot_control) StdoutLine: {'line': b'writing turtlebot_control.egg-info/PKG-INFO\n'}
[0.205766] (turtlebot_control) StdoutLine: {'line': b'writing dependency_links to turtlebot_control.egg-info/dependency_links.txt\n'}
[0.205956] (turtlebot_control) StdoutLine: {'line': b'writing top-level names to turtlebot_control.egg-info/top_level.txt\n'}
[0.207228] (turtlebot_control) StdoutLine: {'line': b"reading manifest file 'turtlebot_control.egg-info/SOURCES.txt'\n"}
[0.207636] (turtlebot_control) StdoutLine: {'line': b"writing manifest file 'turtlebot_control.egg-info/SOURCES.txt'\n"}
[0.224217] (turtlebot_control) StdoutLine: {'line': b'[ 96%] Built target ament_cmake_python_build_turtlebot_control_egg\n'}
[0.300421] (-) TimerEvent: {}
[0.400757] (-) TimerEvent: {}
[0.501155] (-) TimerEvent: {}
[0.601578] (-) TimerEvent: {}
[0.701994] (-) TimerEvent: {}
[0.802403] (-) TimerEvent: {}
[0.902797] (-) TimerEvent: {}
[1.003123] (-) TimerEvent: {}
[1.103577] (-) TimerEvent: {}
[1.204113] (-) TimerEvent: {}
[1.304629] (-) TimerEvent: {}
[1.404916] (-) TimerEvent: {}
[1.505440] (-) TimerEvent: {}
[1.605779] (-) TimerEvent: {}
[1.706255] (-) TimerEvent: {}
[1.806631] (-) TimerEvent: {}
[1.907266] (-) TimerEvent: {}
[2.007670] (-) TimerEvent: {}
[2.108014] (-) TimerEvent: {}
[2.208663] (-) TimerEvent: {}
[2.308894] (-) TimerEvent: {}
[2.409306] (-) TimerEvent: {}
[2.509646] (-) TimerEvent: {}
[2.610079] (-) TimerEvent: {}
[2.671857] (turtlebot_control) StderrLine: {'line': b'\x1b[01m\x1b[K/ros_ws/src/turtlebot_control/src/turtlebot_control.cpp:\x1b[m\x1b[K In member function \xe2\x80\x98\x1b[01m\x1b[Kvoid TurtlebotControl::timer_callback()\x1b[m\x1b[K\xe2\x80\x99:\n'}
[2.672005] (turtlebot_control) StderrLine: {'line': b'\x1b[01m\x1b[K/ros_ws/src/turtlebot_control/src/turtlebot_control.cpp:154:109:\x1b[m\x1b[K \x1b[01;31m\x1b[Kerror: \x1b[m\x1b[Kconversion from \xe2\x80\x98\x1b[01m\x1b[Ksensor_msgs::msg::Image_<std::allocator<void> >::SharedPtr\x1b[m\x1b[K\xe2\x80\x99 {aka \xe2\x80\x98\x1b[01m\x1b[Kstd::shared_ptr<sensor_msgs::msg::Image_<std::allocator<void> > >\x1b[m\x1b[K\xe2\x80\x99} to non-scalar type \xe2\x80\x98\x1b[01m\x1b[Kcv_bridge::CvImage\x1b[m\x1b[K\xe2\x80\x99 requested\n'}
[2.672061] (turtlebot_control) StderrLine: {'line': b'  154 | ridge::CvImage img_bridge = \x1b[01;31m\x1b[Kcv_bridge::CvImage(header, "bgr8", current_frame).toImageMsg()\x1b[m\x1b[K;\n'}
[2.672107] (turtlebot_control) StderrLine: {'line': b'      |                             \x1b[01;31m\x1b[K~~~~~~~~~~~~~~~~~~~~~~~~~~~~~~~~~~~~~~~~~~~~~~~~~~~~~~~~~~~~^~\x1b[m\x1b[K\n'}
[2.672147] (turtlebot_control) StderrLine: {'line': b'\n'}
[2.672188] (turtlebot_control) StderrLine: {'line': b'\x1b[01m\x1b[K/ros_ws/src/turtlebot_control/src/turtlebot_control.cpp:155:28:\x1b[m\x1b[K \x1b[01;31m\x1b[Kerror: \x1b[m\x1b[K\xe2\x80\x98\x1b[01m\x1b[Kclass cv_bridge::CvImage\x1b[m\x1b[K\xe2\x80\x99 has no member named \xe2\x80\x98\x1b[01m\x1b[KtoCompressedImage\x1b[m\x1b[K\xe2\x80\x99; did you mean \xe2\x80\x98\x1b[01m\x1b[KtoCompressedImageMsg\x1b[m\x1b[K\xe2\x80\x99?\n'}
[2.672230] (turtlebot_control) StderrLine: {'line': b'  155 |                 img_bridge.\x1b[01;31m\x1b[KtoCompressedImage\x1b[m\x1b[K(img_msg)\n'}
[2.672270] (turtlebot_control) StderrLine: {'line': b'      |                            \x1b[01;31m\x1b[K^~~~~~~~~~~~~~~~~\x1b[m\x1b[K\n'}
[2.672309] (turtlebot_control) StderrLine: {'line': b'      |                            \x1b[32m\x1b[KtoCompressedImageMsg\x1b[m\x1b[K\n'}
[2.710520] (-) TimerEvent: {}
[2.811044] (-) TimerEvent: {}
[2.911390] (-) TimerEvent: {}
[3.012019] (-) TimerEvent: {}
[3.112402] (-) TimerEvent: {}
[3.212620] (-) TimerEvent: {}
[3.313241] (-) TimerEvent: {}
[3.362500] (turtlebot_control) StderrLine: {'line': b'gmake[2]: *** [CMakeFiles/turtlebot_control.dir/build.make:76: CMakeFiles/turtlebot_control.dir/src/turtlebot_control.cpp.o] Error 1\n'}
[3.362734] (turtlebot_control) StderrLine: {'line': b'gmake[1]: *** [CMakeFiles/Makefile2:593: CMakeFiles/turtlebot_control.dir/all] Error 2\n'}
[3.362808] (turtlebot_control) StderrLine: {'line': b'gmake: *** [Makefile:146: all] Error 2\n'}
[3.364264] (turtlebot_control) CommandEnded: {'returncode': 2}
[3.413426] (-) TimerEvent: {}
[3.415212] (turtlebot_control) JobEnded: {'identifier': 'turtlebot_control', 'rc': 2}
[3.425921] (-) EventReactorShutdown: {}
