[35m[1mConsolidate compiler generated dependencies of target img_transform[0m
[ 50%] [32mBuilding CXX object CMakeFiles/img_transform.dir/src/img_transform.cpp.o[0m
[01m[K/home/megsindelar/Final_Project/ros_ws/src/active_slam/src/img_transform.cpp:[m[K In member function ‘[01m[Kvoid ImgTransform::timer_callback()[m[K’:
[01m[K/home/megsindelar/Final_Project/ros_ws/src/active_slam/src/img_transform.cpp:57:13:[m[K [01;31m[Kerror: [m[Kexpected ‘[01m[K,[m[K’ or ‘[01m[K;[m[K’ before ‘[01m[Kpub_current_img_[m[K’
   57 |             [01;31m[Kpub_current_img_[m[K->publish(*(cv::bridge::CvImage(header, "bgr8", current_frame).toImageMsg()), camera_info_);
      |             [01;31m[K^~~~~~~~~~~~~~~~[m[K
[01m[K/home/megsindelar/Final_Project/ros_ws/src/active_slam/src/img_transform.cpp:[m[K In member function ‘[01m[Kvoid ImgTransform::img_callback(const ConstSharedPtr&, const ConstSharedPtr&)[m[K’:
[01m[K/home/megsindelar/Final_Project/ros_ws/src/active_slam/src/img_transform.cpp:62:23:[m[K [01;31m[Kerror: [m[Kno matching function for call to ‘[01m[Kimshow(cv::Mat&)[m[K’
   62 |             [01;31m[Kcv::imshow(cv_bridge::toCvCopy(*msg, msg->encoding)->image)[m[K;
      |             [01;31m[K~~~~~~~~~~^~~~~~~~~~~~~~~~~~~~~~~~~~~~~~~~~~~~~~~~~~~~~~~~~[m[K
In file included from [01m[K/home/megsindelar/Final_Project/ros_ws/src/active_slam/src/img_transform.cpp:5[m[K:
[01m[K/usr/include/opencv4/opencv2/highgui.hpp:416:19:[m[K [01;36m[Knote: [m[Kcandidate: ‘[01m[Kvoid cv::imshow(const String&, cv::InputArray)[m[K’
  416 | CV_EXPORTS_W void [01;36m[Kimshow[m[K(const String& winname, InputArray mat);
      |                   [01;36m[K^~~~~~[m[K
[01m[K/usr/include/opencv4/opencv2/highgui.hpp:416:19:[m[K [01;36m[Knote: [m[K  candidate expects 2 arguments, 1 provided
[01m[K/usr/include/opencv4/opencv2/highgui.hpp:651:17:[m[K [01;36m[Knote: [m[Kcandidate: ‘[01m[Kvoid cv::imshow(const String&, const cv::ogl::Texture2D&)[m[K’
  651 | CV_EXPORTS void [01;36m[Kimshow[m[K(const String& winname, const ogl::Texture2D& tex);
      |                 [01;36m[K^~~~~~[m[K
[01m[K/usr/include/opencv4/opencv2/highgui.hpp:651:17:[m[K [01;36m[Knote: [m[K  candidate expects 2 arguments, 1 provided
gmake[2]: *** [CMakeFiles/img_transform.dir/build.make:76: CMakeFiles/img_transform.dir/src/img_transform.cpp.o] Error 1
gmake[1]: *** [CMakeFiles/Makefile2:137: CMakeFiles/img_transform.dir/all] Error 2
gmake: *** [Makefile:146: all] Error 2
