[0.000000] (-) TimerEvent: {}
[0.000287] (turtlebot_control) JobQueued: {'identifier': 'turtlebot_control', 'dependencies': OrderedDict()}
[0.000333] (turtlebot_control) JobStarted: {'identifier': 'turtlebot_control'}
[0.006537] (turtlebot_control) JobProgress: {'identifier': 'turtlebot_control', 'progress': 'cmake'}
[0.006705] (turtlebot_control) JobProgress: {'identifier': 'turtlebot_control', 'progress': 'build'}
[0.007242] (turtlebot_control) Command: {'cmd': ['/usr/bin/cmake', '--build', '/ros_ws/aarch64_build/turtlebot_control', '--', '-j8', '-l8'], 'cwd': '/ros_ws/aarch64_build/turtlebot_control', 'env': OrderedDict([('HOSTNAME', '36ac86f2e593'), ('LD_LIBRARY_PATH', '/opt/ros/humble/opt/rviz_ogre_vendor/lib:/opt/ros/humble/lib/aarch64-linux-gnu:/opt/ros/humble/lib'), ('HOME', '/home/msr'), ('ROS_PYTHON_VERSION', '3'), ('LC_CTYPE', 'C.UTF-8'), ('ROS_DISTRO', 'humble'), ('ROS_VERSION', '2'), ('TERM', 'xterm'), ('ROS_LOCALHOST_ONLY', '0'), ('PATH', '/opt/ros/humble/bin:/usr/local/sbin:/usr/local/bin:/usr/sbin:/usr/bin:/sbin:/bin'), ('AMENT_PREFIX_PATH', '/opt/ros/humble'), ('PWD', '/ros_ws/aarch64_build/turtlebot_control'), ('PYTHONPATH', '/opt/ros/humble/lib/python3.10/site-packages:/opt/ros/humble/local/lib/python3.10/dist-packages'), ('COLCON', '1'), ('CMAKE_PREFIX_PATH', '/opt/ros/humble')]), 'shell': False}
[0.037338] (turtlebot_control) StdoutLine: {'line': b'\x1b[35m\x1b[1mConsolidate compiler generated dependencies of target turtlebot_control\x1b[0m\n'}
[0.050723] (turtlebot_control) StdoutLine: {'line': b'[ 50%] \x1b[32mBuilding CXX object CMakeFiles/turtlebot_control.dir/src/turtlebot_control.cpp.o\x1b[0m\n'}
[0.099460] (-) TimerEvent: {}
[0.199836] (-) TimerEvent: {}
[0.300183] (-) TimerEvent: {}
[0.400544] (-) TimerEvent: {}
[0.500845] (-) TimerEvent: {}
[0.601192] (-) TimerEvent: {}
[0.701502] (-) TimerEvent: {}
[0.801808] (-) TimerEvent: {}
[0.902131] (-) TimerEvent: {}
[1.002443] (-) TimerEvent: {}
[1.102758] (-) TimerEvent: {}
[1.203074] (-) TimerEvent: {}
[1.303410] (-) TimerEvent: {}
[1.403756] (-) TimerEvent: {}
[1.504115] (-) TimerEvent: {}
[1.604337] (-) TimerEvent: {}
[1.704578] (-) TimerEvent: {}
[1.804832] (-) TimerEvent: {}
[1.905120] (-) TimerEvent: {}
[2.005379] (-) TimerEvent: {}
[2.105698] (-) TimerEvent: {}
[2.109270] (turtlebot_control) StderrLine: {'line': b'\x1b[01m\x1b[K/ros_ws/src/turtlebot_control/src/turtlebot_control.cpp:\x1b[m\x1b[K In member function \xe2\x80\x98\x1b[01m\x1b[Kvoid TurtlebotControl::timer_callback()\x1b[m\x1b[K\xe2\x80\x99:\n'}
[2.109424] (turtlebot_control) StderrLine: {'line': b'\x1b[01m\x1b[K/ros_ws/src/turtlebot_control/src/turtlebot_control.cpp:61:17:\x1b[m\x1b[K \x1b[01;31m\x1b[Kerror: \x1b[m\x1b[Kexpected \xe2\x80\x98\x1b[01m\x1b[K,\x1b[m\x1b[K\xe2\x80\x99 or \xe2\x80\x98\x1b[01m\x1b[K;\x1b[m\x1b[K\xe2\x80\x99 before \xe2\x80\x98\x1b[01m\x1b[Kint\x1b[m\x1b[K\xe2\x80\x99\n'}
[2.109488] (turtlebot_control) StderrLine: {'line': b'   61 |                 \x1b[01;31m\x1b[Kint\x1b[m\x1b[K num_frames = 120;\n'}
[2.109532] (turtlebot_control) StderrLine: {'line': b'      |                 \x1b[01;31m\x1b[K^~~\x1b[m\x1b[K\n'}
[2.122479] (turtlebot_control) StderrLine: {'line': b'\x1b[01m\x1b[K/ros_ws/src/turtlebot_control/src/turtlebot_control.cpp:70:32:\x1b[m\x1b[K \x1b[01;31m\x1b[Kerror: \x1b[m\x1b[K\xe2\x80\x98\x1b[01m\x1b[Knum_frames\x1b[m\x1b[K\xe2\x80\x99 was not declared in this scope\n'}
[2.122621] (turtlebot_control) StderrLine: {'line': b'   70 |                 for(int i=0; i<\x1b[01;31m\x1b[Knum_frames\x1b[m\x1b[K; i++){\n'}
[2.122671] (turtlebot_control) StderrLine: {'line': b'      |                                \x1b[01;31m\x1b[K^~~~~~~~~~\x1b[m\x1b[K\n'}
[2.124845] (turtlebot_control) StderrLine: {'line': b'In file included from \x1b[01m\x1b[K/opt/ros/humble/include/rclcpp/rclcpp/logging.hpp:24\x1b[m\x1b[K,\n'}
[2.124923] (turtlebot_control) StderrLine: {'line': b'                 from \x1b[01m\x1b[K/opt/ros/humble/include/rclcpp/rclcpp/client.hpp:40\x1b[m\x1b[K,\n'}
[2.124965] (turtlebot_control) StderrLine: {'line': b'                 from \x1b[01m\x1b[K/opt/ros/humble/include/rclcpp/rclcpp/callback_group.hpp:24\x1b[m\x1b[K,\n'}
[2.125010] (turtlebot_control) StderrLine: {'line': b'                 from \x1b[01m\x1b[K/opt/ros/humble/include/rclcpp/rclcpp/any_executable.hpp:20\x1b[m\x1b[K,\n'}
[2.125045] (turtlebot_control) StderrLine: {'line': b'                 from \x1b[01m\x1b[K/opt/ros/humble/include/rclcpp/rclcpp/memory_strategy.hpp:25\x1b[m\x1b[K,\n'}
[2.125084] (turtlebot_control) StderrLine: {'line': b'                 from \x1b[01m\x1b[K/opt/ros/humble/include/rclcpp/rclcpp/memory_strategies.hpp:18\x1b[m\x1b[K,\n'}
[2.125120] (turtlebot_control) StderrLine: {'line': b'                 from \x1b[01m\x1b[K/opt/ros/humble/include/rclcpp/rclcpp/executor_options.hpp:20\x1b[m\x1b[K,\n'}
[2.125156] (turtlebot_control) StderrLine: {'line': b'                 from \x1b[01m\x1b[K/opt/ros/humble/include/rclcpp/rclcpp/executor.hpp:37\x1b[m\x1b[K,\n'}
[2.125192] (turtlebot_control) StderrLine: {'line': b'                 from \x1b[01m\x1b[K/opt/ros/humble/include/rclcpp/rclcpp/executors/multi_threaded_executor.hpp:25\x1b[m\x1b[K,\n'}
[2.125228] (turtlebot_control) StderrLine: {'line': b'                 from \x1b[01m\x1b[K/opt/ros/humble/include/rclcpp/rclcpp/executors.hpp:21\x1b[m\x1b[K,\n'}
[2.125265] (turtlebot_control) StderrLine: {'line': b'                 from \x1b[01m\x1b[K/opt/ros/humble/include/rclcpp/rclcpp/rclcpp.hpp:155\x1b[m\x1b[K,\n'}
[2.125301] (turtlebot_control) StderrLine: {'line': b'                 from \x1b[01m\x1b[K/ros_ws/src/turtlebot_control/src/turtlebot_control.cpp:2\x1b[m\x1b[K:\n'}
[2.125338] (turtlebot_control) StderrLine: {'line': b'\x1b[01m\x1b[K/ros_ws/src/turtlebot_control/src/turtlebot_control.cpp:77:80:\x1b[m\x1b[K \x1b[01;31m\x1b[Kerror: \x1b[m\x1b[K\xe2\x80\x98\x1b[01m\x1b[Kcount\x1b[m\x1b[K\xe2\x80\x99 was not declared in this scope; did you mean \xe2\x80\x98\x1b[01m\x1b[Kstd::count\x1b[m\x1b[K\xe2\x80\x99?\n'}
[2.125377] (turtlebot_control) StderrLine: {'line': b'   77 | CPP_INFO(rclcpp::get_logger("message"), "Frequency: %ld\\n", \x1b[01;31m\x1b[Kcount\x1b[m\x1b[K/elapsed.count());\n'}
[2.125412] (turtlebot_control) StderrLine: {'line': b'      |                                                             \x1b[01;31m\x1b[K^~~~~\x1b[m\x1b[K\n'}
[2.125448] (turtlebot_control) StderrLine: {'line': b'\n'}
[2.125482] (turtlebot_control) StderrLine: {'line': b'In file included from \x1b[01m\x1b[K/usr/aarch64-linux-gnu/include/c++/11/algorithm:74\x1b[m\x1b[K,\n'}
[2.125516] (turtlebot_control) StderrLine: {'line': b'                 from \x1b[01m\x1b[K/opt/ros/humble/include/rclcpp/rclcpp/executor.hpp:18\x1b[m\x1b[K,\n'}
[2.125551] (turtlebot_control) StderrLine: {'line': b'                 from \x1b[01m\x1b[K/opt/ros/humble/include/rclcpp/rclcpp/executors/multi_threaded_executor.hpp:25\x1b[m\x1b[K,\n'}
[2.125585] (turtlebot_control) StderrLine: {'line': b'                 from \x1b[01m\x1b[K/opt/ros/humble/include/rclcpp/rclcpp/executors.hpp:21\x1b[m\x1b[K,\n'}
[2.125618] (turtlebot_control) StderrLine: {'line': b'                 from \x1b[01m\x1b[K/opt/ros/humble/include/rclcpp/rclcpp/rclcpp.hpp:155\x1b[m\x1b[K,\n'}
[2.125653] (turtlebot_control) StderrLine: {'line': b'                 from \x1b[01m\x1b[K/ros_ws/src/turtlebot_control/src/turtlebot_control.cpp:2\x1b[m\x1b[K:\n'}
[2.125687] (turtlebot_control) StderrLine: {'line': b'\x1b[01m\x1b[K/usr/aarch64-linux-gnu/include/c++/11/pstl/glue_algorithm_defs.h:101:1:\x1b[m\x1b[K \x1b[01;36m\x1b[Knote: \x1b[m\x1b[K\xe2\x80\x98\x1b[01m\x1b[Kstd::count\x1b[m\x1b[K\xe2\x80\x99 declared here\n'}
[2.125722] (turtlebot_control) StderrLine: {'line': b'  101 | \x1b[01;36m\x1b[Kcount\x1b[m\x1b[K(_ExecutionPolicy&& __exec, _ForwardIterator __first, _ForwardIterator __last, const _Tp& __value);\n'}
[2.125771] (turtlebot_control) StderrLine: {'line': b'      | \x1b[01;36m\x1b[K^~~~~\x1b[m\x1b[K\n'}
[2.125806] (turtlebot_control) StderrLine: {'line': b'\x1b[01m\x1b[K/ros_ws/src/turtlebot_control/src/turtlebot_control.cpp:60:24:\x1b[m\x1b[K \x1b[01;35m\x1b[Kwarning: \x1b[m\x1b[Kunused variable \xe2\x80\x98\x1b[01m\x1b[Kfps\x1b[m\x1b[K\xe2\x80\x99 [\x1b[01;35m\x1b[K-Wunused-variable\x1b[m\x1b[K]\n'}
[2.125843] (turtlebot_control) StderrLine: {'line': b'   60 |                 double \x1b[01;35m\x1b[Kfps\x1b[m\x1b[K = cap.get(cv::CAP_PROP_FPS)\n'}
[2.125880] (turtlebot_control) StderrLine: {'line': b'      |                        \x1b[01;35m\x1b[K^~~\x1b[m\x1b[K\n'}
[2.205875] (-) TimerEvent: {}
[2.306200] (-) TimerEvent: {}
[2.406453] (-) TimerEvent: {}
[2.506739] (-) TimerEvent: {}
[2.543307] (turtlebot_control) StderrLine: {'line': b'gmake[2]: *** [CMakeFiles/turtlebot_control.dir/build.make:76: CMakeFiles/turtlebot_control.dir/src/turtlebot_control.cpp.o] Error 1\n'}
[2.543523] (turtlebot_control) StderrLine: {'line': b'gmake[1]: *** [CMakeFiles/Makefile2:137: CMakeFiles/turtlebot_control.dir/all] Error 2\n'}
[2.543932] (turtlebot_control) StderrLine: {'line': b'gmake: *** [Makefile:146: all] Error 2\n'}
[2.545245] (turtlebot_control) CommandEnded: {'returncode': 2}
[2.570537] (turtlebot_control) JobEnded: {'identifier': 'turtlebot_control', 'rc': 2}
[2.580936] (-) EventReactorShutdown: {}
