[0.000000] (-) TimerEvent: {}
[0.000149] (turtlebot_control) JobQueued: {'identifier': 'turtlebot_control', 'dependencies': OrderedDict()}
[0.000176] (turtlebot_control) JobStarted: {'identifier': 'turtlebot_control'}
[0.008370] (turtlebot_control) JobProgress: {'identifier': 'turtlebot_control', 'progress': 'cmake'}
[0.008877] (turtlebot_control) JobProgress: {'identifier': 'turtlebot_control', 'progress': 'build'}
[0.009557] (turtlebot_control) Command: {'cmd': ['/usr/bin/cmake', '--build', '/ros_ws/aarch64_build/turtlebot_control', '--', '-j8', '-l8'], 'cwd': '/ros_ws/aarch64_build/turtlebot_control', 'env': OrderedDict([('HOSTNAME', '317ffccbf8f9'), ('LD_LIBRARY_PATH', '/opt/ros/humble/opt/rviz_ogre_vendor/lib:/opt/ros/humble/lib/aarch64-linux-gnu:/opt/ros/humble/lib'), ('HOME', '/home/msr'), ('ROS_PYTHON_VERSION', '3'), ('LC_CTYPE', 'C.UTF-8'), ('ROS_DISTRO', 'humble'), ('ROS_VERSION', '2'), ('TERM', 'xterm'), ('ROS_LOCALHOST_ONLY', '0'), ('PATH', '/opt/ros/humble/bin:/usr/local/sbin:/usr/local/bin:/usr/sbin:/usr/bin:/sbin:/bin'), ('AMENT_PREFIX_PATH', '/opt/ros/humble'), ('PWD', '/ros_ws/aarch64_build/turtlebot_control'), ('PYTHONPATH', '/opt/ros/humble/lib/python3.10/site-packages:/opt/ros/humble/local/lib/python3.10/dist-packages'), ('COLCON', '1'), ('CMAKE_PREFIX_PATH', '/opt/ros/humble')]), 'shell': False}
[0.053805] (turtlebot_control) StdoutLine: {'line': b'\x1b[35m\x1b[1mConsolidate compiler generated dependencies of target turtlebot_control\x1b[0m\n'}
[0.073752] (turtlebot_control) StdoutLine: {'line': b'[ 50%] \x1b[32mBuilding CXX object CMakeFiles/turtlebot_control.dir/src/turtlebot_control.cpp.o\x1b[0m\n'}
[0.099136] (-) TimerEvent: {}
[0.199654] (-) TimerEvent: {}
[0.300310] (-) TimerEvent: {}
[0.400860] (-) TimerEvent: {}
[0.501366] (-) TimerEvent: {}
[0.601822] (-) TimerEvent: {}
[0.702276] (-) TimerEvent: {}
[0.802740] (-) TimerEvent: {}
[0.903387] (-) TimerEvent: {}
[1.003915] (-) TimerEvent: {}
[1.104468] (-) TimerEvent: {}
[1.205021] (-) TimerEvent: {}
[1.305543] (-) TimerEvent: {}
[1.406184] (-) TimerEvent: {}
[1.506611] (-) TimerEvent: {}
[1.607007] (-) TimerEvent: {}
[1.707465] (-) TimerEvent: {}
[1.807943] (-) TimerEvent: {}
[1.908436] (-) TimerEvent: {}
[2.008941] (-) TimerEvent: {}
[2.109384] (-) TimerEvent: {}
[2.209854] (-) TimerEvent: {}
[2.310352] (-) TimerEvent: {}
[2.410979] (-) TimerEvent: {}
[2.511440] (-) TimerEvent: {}
[2.611904] (-) TimerEvent: {}
[2.712482] (-) TimerEvent: {}
[2.813181] (-) TimerEvent: {}
[2.913756] (-) TimerEvent: {}
[3.014364] (-) TimerEvent: {}
[3.114849] (-) TimerEvent: {}
[3.215409] (-) TimerEvent: {}
[3.315790] (-) TimerEvent: {}
[3.317129] (turtlebot_control) StdoutLine: {'line': b'[100%] \x1b[32m\x1b[1mLinking CXX executable turtlebot_control\x1b[0m\n'}
[3.415910] (-) TimerEvent: {}
[3.516425] (-) TimerEvent: {}
[3.616911] (-) TimerEvent: {}
[3.648057] (turtlebot_control) StdoutLine: {'line': b'[100%] Built target turtlebot_control\n'}
[3.658837] (turtlebot_control) CommandEnded: {'returncode': 0}
[3.685010] (turtlebot_control) JobProgress: {'identifier': 'turtlebot_control', 'progress': 'install'}
[3.696776] (turtlebot_control) Command: {'cmd': ['/usr/bin/cmake', '--install', '/ros_ws/aarch64_build/turtlebot_control'], 'cwd': '/ros_ws/aarch64_build/turtlebot_control', 'env': OrderedDict([('HOSTNAME', '317ffccbf8f9'), ('LD_LIBRARY_PATH', '/opt/ros/humble/opt/rviz_ogre_vendor/lib:/opt/ros/humble/lib/aarch64-linux-gnu:/opt/ros/humble/lib'), ('HOME', '/home/msr'), ('ROS_PYTHON_VERSION', '3'), ('LC_CTYPE', 'C.UTF-8'), ('ROS_DISTRO', 'humble'), ('ROS_VERSION', '2'), ('TERM', 'xterm'), ('ROS_LOCALHOST_ONLY', '0'), ('PATH', '/opt/ros/humble/bin:/usr/local/sbin:/usr/local/bin:/usr/sbin:/usr/bin:/sbin:/bin'), ('AMENT_PREFIX_PATH', '/opt/ros/humble'), ('PWD', '/ros_ws/aarch64_build/turtlebot_control'), ('PYTHONPATH', '/opt/ros/humble/lib/python3.10/site-packages:/opt/ros/humble/local/lib/python3.10/dist-packages'), ('COLCON', '1'), ('CMAKE_PREFIX_PATH', '/opt/ros/humble')]), 'shell': False}
[3.707478] (turtlebot_control) StdoutLine: {'line': b'-- Install configuration: ""\n'}
[3.707721] (turtlebot_control) StdoutLine: {'line': b'-- Installing: /ros_ws/aarch64_install/turtlebot_control/lib/turtlebot_control/turtlebot_control\n'}
[3.708597] (turtlebot_control) StdoutLine: {'line': b'-- Set runtime path of "/ros_ws/aarch64_install/turtlebot_control/lib/turtlebot_control/turtlebot_control" to ""\n'}
[3.708772] (turtlebot_control) StdoutLine: {'line': b'-- Up-to-date: /ros_ws/aarch64_install/turtlebot_control/share/turtlebot_control/images\n'}
[3.708858] (turtlebot_control) StdoutLine: {'line': b'-- Up-to-date: /ros_ws/aarch64_install/turtlebot_control/share/turtlebot_control/images/test_pic.png\n'}
[3.708935] (turtlebot_control) StdoutLine: {'line': b'-- Up-to-date: /ros_ws/aarch64_install/turtlebot_control/share/turtlebot_control/images/image.jpg\n'}
[3.709022] (turtlebot_control) StdoutLine: {'line': b'-- Up-to-date: /ros_ws/aarch64_install/turtlebot_control/share/ament_index/resource_index/package_run_dependencies/turtlebot_control\n'}
[3.709150] (turtlebot_control) StdoutLine: {'line': b'-- Up-to-date: /ros_ws/aarch64_install/turtlebot_control/share/ament_index/resource_index/parent_prefix_path/turtlebot_control\n'}
[3.709265] (turtlebot_control) StdoutLine: {'line': b'-- Up-to-date: /ros_ws/aarch64_install/turtlebot_control/share/turtlebot_control/environment/ament_prefix_path.sh\n'}
[3.709328] (turtlebot_control) StdoutLine: {'line': b'-- Up-to-date: /ros_ws/aarch64_install/turtlebot_control/share/turtlebot_control/environment/ament_prefix_path.dsv\n'}
[3.709387] (turtlebot_control) StdoutLine: {'line': b'-- Up-to-date: /ros_ws/aarch64_install/turtlebot_control/share/turtlebot_control/environment/path.sh\n'}
[3.709446] (turtlebot_control) StdoutLine: {'line': b'-- Up-to-date: /ros_ws/aarch64_install/turtlebot_control/share/turtlebot_control/environment/path.dsv\n'}
[3.709504] (turtlebot_control) StdoutLine: {'line': b'-- Up-to-date: /ros_ws/aarch64_install/turtlebot_control/share/turtlebot_control/local_setup.bash\n'}
[3.709562] (turtlebot_control) StdoutLine: {'line': b'-- Up-to-date: /ros_ws/aarch64_install/turtlebot_control/share/turtlebot_control/local_setup.sh\n'}
[3.709621] (turtlebot_control) StdoutLine: {'line': b'-- Up-to-date: /ros_ws/aarch64_install/turtlebot_control/share/turtlebot_control/local_setup.zsh\n'}
[3.709677] (turtlebot_control) StdoutLine: {'line': b'-- Up-to-date: /ros_ws/aarch64_install/turtlebot_control/share/turtlebot_control/local_setup.dsv\n'}
[3.709736] (turtlebot_control) StdoutLine: {'line': b'-- Installing: /ros_ws/aarch64_install/turtlebot_control/share/turtlebot_control/package.dsv\n'}
[3.709794] (turtlebot_control) StdoutLine: {'line': b'-- Up-to-date: /ros_ws/aarch64_install/turtlebot_control/share/ament_index/resource_index/packages/turtlebot_control\n'}
[3.709853] (turtlebot_control) StdoutLine: {'line': b'-- Up-to-date: /ros_ws/aarch64_install/turtlebot_control/share/turtlebot_control/cmake/turtlebot_controlConfig.cmake\n'}
[3.709911] (turtlebot_control) StdoutLine: {'line': b'-- Up-to-date: /ros_ws/aarch64_install/turtlebot_control/share/turtlebot_control/cmake/turtlebot_controlConfig-version.cmake\n'}
[3.709970] (turtlebot_control) StdoutLine: {'line': b'-- Up-to-date: /ros_ws/aarch64_install/turtlebot_control/share/turtlebot_control/package.xml\n'}
[3.710860] (turtlebot_control) CommandEnded: {'returncode': 0}
[3.718185] (-) TimerEvent: {}
[3.755348] (turtlebot_control) JobEnded: {'identifier': 'turtlebot_control', 'rc': 0}
[3.756004] (-) EventReactorShutdown: {}
