[0.015s] Invoking command in '/home/megsindelar/Final_Project/ros_ws/build/img_transform': CMAKE_PREFIX_PATH=${CMAKE_PREFIX_PATH}:/home/megsindelar/ME_495/Final_Proj/install/attack_of_the_franka:/home/megsindelar/ME_495/Final_Proj/install/moveit_testing:/opt/ros/humble /usr/bin/cmake --build /home/megsindelar/Final_Project/ros_ws/build/img_transform -- -j8 -l8
[0.070s] [100%] Built target img_transform
[0.082s] Invoked command in '/home/megsindelar/Final_Project/ros_ws/build/img_transform' returned '0': CMAKE_PREFIX_PATH=${CMAKE_PREFIX_PATH}:/home/megsindelar/ME_495/Final_Proj/install/attack_of_the_franka:/home/megsindelar/ME_495/Final_Proj/install/moveit_testing:/opt/ros/humble /usr/bin/cmake --build /home/megsindelar/Final_Project/ros_ws/build/img_transform -- -j8 -l8
[0.119s] Invoking command in '/home/megsindelar/Final_Project/ros_ws/build/img_transform': CMAKE_PREFIX_PATH=${CMAKE_PREFIX_PATH}:/home/megsindelar/ME_495/Final_Proj/install/attack_of_the_franka:/home/megsindelar/ME_495/Final_Proj/install/moveit_testing:/opt/ros/humble /usr/bin/cmake --install /home/megsindelar/Final_Project/ros_ws/build/img_transform
[0.126s] -- Install configuration: ""
[0.126s] -- Up-to-date: /home/megsindelar/Final_Project/ros_ws/install/img_transform/lib/img_transform/img_transform
[0.126s] -- Up-to-date: /home/megsindelar/Final_Project/ros_ws/install/img_transform/share/img_transform/images
[0.126s] -- Up-to-date: /home/megsindelar/Final_Project/ros_ws/install/img_transform/share/img_transform/images/image2.jpg
[0.126s] -- Up-to-date: /home/megsindelar/Final_Project/ros_ws/install/img_transform/share/img_transform/images/image.jpg
[0.126s] -- Up-to-date: /home/megsindelar/Final_Project/ros_ws/install/img_transform/share/img_transform/launch
[0.126s] -- Installing: /home/megsindelar/Final_Project/ros_ws/install/img_transform/share/img_transform/launch/transform.launch.xml
[0.126s] -- Up-to-date: /home/megsindelar/Final_Project/ros_ws/install/img_transform/share/img_transform/config
[0.126s] -- Up-to-date: /home/megsindelar/Final_Project/ros_ws/install/img_transform/share/ament_index/resource_index/package_run_dependencies/img_transform
[0.127s] -- Up-to-date: /home/megsindelar/Final_Project/ros_ws/install/img_transform/share/ament_index/resource_index/parent_prefix_path/img_transform
[0.127s] -- Up-to-date: /home/megsindelar/Final_Project/ros_ws/install/img_transform/share/img_transform/environment/ament_prefix_path.sh
[0.127s] -- Up-to-date: /home/megsindelar/Final_Project/ros_ws/install/img_transform/share/img_transform/environment/ament_prefix_path.dsv
[0.127s] -- Up-to-date: /home/megsindelar/Final_Project/ros_ws/install/img_transform/share/img_transform/environment/path.sh
[0.127s] -- Up-to-date: /home/megsindelar/Final_Project/ros_ws/install/img_transform/share/img_transform/environment/path.dsv
[0.127s] -- Up-to-date: /home/megsindelar/Final_Project/ros_ws/install/img_transform/share/img_transform/local_setup.bash
[0.127s] -- Up-to-date: /home/megsindelar/Final_Project/ros_ws/install/img_transform/share/img_transform/local_setup.sh
[0.127s] -- Up-to-date: /home/megsindelar/Final_Project/ros_ws/install/img_transform/share/img_transform/local_setup.zsh
[0.127s] -- Up-to-date: /home/megsindelar/Final_Project/ros_ws/install/img_transform/share/img_transform/local_setup.dsv
[0.127s] -- Up-to-date: /home/megsindelar/Final_Project/ros_ws/install/img_transform/share/img_transform/package.dsv
[0.127s] -- Up-to-date: /home/megsindelar/Final_Project/ros_ws/install/img_transform/share/ament_index/resource_index/packages/img_transform
[0.127s] -- Up-to-date: /home/megsindelar/Final_Project/ros_ws/install/img_transform/share/img_transform/cmake/img_transformConfig.cmake
[0.127s] -- Up-to-date: /home/megsindelar/Final_Project/ros_ws/install/img_transform/share/img_transform/cmake/img_transformConfig-version.cmake
[0.128s] -- Up-to-date: /home/megsindelar/Final_Project/ros_ws/install/img_transform/share/img_transform/package.xml
[0.130s] Invoked command in '/home/megsindelar/Final_Project/ros_ws/build/img_transform' returned '0': CMAKE_PREFIX_PATH=${CMAKE_PREFIX_PATH}:/home/megsindelar/ME_495/Final_Proj/install/attack_of_the_franka:/home/megsindelar/ME_495/Final_Proj/install/moveit_testing:/opt/ros/humble /usr/bin/cmake --install /home/megsindelar/Final_Project/ros_ws/build/img_transform
