-- Found ament_cmake: 1.3.3 (/opt/ros/humble/share/ament_cmake/cmake)
-- Found rclcpp: 16.0.3 (/opt/ros/humble/share/rclcpp/cmake)
-- Found rosidl_generator_c: 3.1.4 (/opt/ros/humble/share/rosidl_generator_c/cmake)
-- Found rosidl_adapter: 3.1.4 (/opt/ros/humble/share/rosidl_adapter/cmake)
-- Found rosidl_generator_cpp: 3.1.4 (/opt/ros/humble/share/rosidl_generator_cpp/cmake)
-- Using all available rosidl_typesupport_c: rosidl_typesupport_fastrtps_c;rosidl_typesupport_introspection_c
-- Using all available rosidl_typesupport_cpp: rosidl_typesupport_fastrtps_cpp;rosidl_typesupport_introspection_cpp
-- Found rmw_implementation_cmake: 6.1.1 (/opt/ros/humble/share/rmw_implementation_cmake/cmake)
-- Found rmw_fastrtps_cpp: 6.2.2 (/opt/ros/humble/share/rmw_fastrtps_cpp/cmake)
-- Using RMW implementation 'rmw_fastrtps_cpp' as default
-- Found sensor_msgs: 4.2.3 (/opt/ros/humble/share/sensor_msgs/cmake)
-- Found cv_bridge: 3.2.1 (/opt/ros/humble/share/cv_bridge/cmake)
-- Found image_transport: 3.1.5 (/opt/ros/humble/share/image_transport/cmake)
-- Found rosidl_default_generators: 1.2.0 (/opt/ros/humble/share/rosidl_default_generators/cmake)
-- Found ament_cmake_ros: 0.10.0 (/opt/ros/humble/share/ament_cmake_ros/cmake)
-- Using all available rosidl_typesupport_c: rosidl_typesupport_fastrtps_c;rosidl_typesupport_introspection_c
-- Using all available rosidl_typesupport_cpp: rosidl_typesupport_fastrtps_cpp;rosidl_typesupport_introspection_cpp
-- Found python_cmake_module: 0.10.0 (/opt/ros/humble/share/python_cmake_module/cmake)
-- Using PYTHON_EXECUTABLE: /usr/bin/python3
-- Using PYTHON_INCLUDE_DIRS: /usr/include/python3.10
-- Using PYTHON_LIBRARIES: /usr/lib/x86_64-linux-gnu/libpython3.10.so
-- Found ament_lint_auto: 0.12.5 (/opt/ros/humble/share/ament_lint_auto/cmake)
-- Added test 'cppcheck' to perform static code analysis on C / C++ code
-- Configured cppcheck include dirs: 
-- Configured cppcheck exclude dirs and/or files: 
-- Added test 'lint_cmake' to check CMake code style
-- Added test 'uncrustify' to check C / C++ code style
-- Configured uncrustify additional arguments: 
-- Added test 'xmllint' to check XML markup files
-- Configuring done
-- Generating done
-- Build files have been written to: /home/megsindelar/Final_Project/raspberry_pi_ws/build/turtlebot_control
[35m[1mConsolidate compiler generated dependencies of target turtlebot_control_msg__rosidl_generator_c[0m
[35m[1mConsolidate compiler generated dependencies of target turtlebot_control[0m
[  3%] Built target turtlebot_control_msg__cpp
[ 12%] Built target turtlebot_control_msg__rosidl_generator_c
[35m[1mConsolidate compiler generated dependencies of target turtlebot_control_msg__rosidl_typesupport_introspection_cpp[0m
[ 12%] Built target ament_cmake_python_copy_turtlebot_control
[ 15%] [32mBuilding CXX object CMakeFiles/turtlebot_control.dir/src/turtlebot_control.cpp.o[0m
[35m[1mConsolidate compiler generated dependencies of target turtlebot_control_msg__rosidl_typesupport_cpp[0m
[35m[1mConsolidate compiler generated dependencies of target turtlebot_control_msg__rosidl_typesupport_fastrtps_cpp[0m
[35m[1mConsolidate compiler generated dependencies of target turtlebot_control_msg__rosidl_typesupport_c[0m
[35m[1mConsolidate compiler generated dependencies of target turtlebot_control_msg__rosidl_typesupport_introspection_c[0m
[ 24%] Built target turtlebot_control_msg__rosidl_typesupport_c
[35m[1mConsolidate compiler generated dependencies of target turtlebot_control_msg__rosidl_typesupport_fastrtps_c[0m
[ 33%] Built target turtlebot_control_msg__rosidl_typesupport_introspection_c
[ 42%] Built target turtlebot_control_msg__rosidl_typesupport_cpp
[ 51%] Built target turtlebot_control_msg__rosidl_typesupport_introspection_cpp
[ 60%] Built target turtlebot_control_msg__rosidl_typesupport_fastrtps_cpp
[ 69%] Built target turtlebot_control_msg__rosidl_typesupport_fastrtps_c
[ 69%] Built target turtlebot_control_msg
[ 72%] Built target turtlebot_control_msg__py
[35m[1mConsolidate compiler generated dependencies of target turtlebot_control_msg__rosidl_generator_py[0m
[ 75%] [32mBuilding C object CMakeFiles/turtlebot_control_msg__rosidl_generator_py.dir/rosidl_generator_py/turtlebot_control/msg/_keypoints_s.c.o[0m
[ 78%] [32m[1mLinking C shared library rosidl_generator_py/turtlebot_control/libturtlebot_control_msg__rosidl_generator_py.so[0m
[ 78%] Built target turtlebot_control_msg__rosidl_generator_py
[35m[1mConsolidate compiler generated dependencies of target turtlebot_control__rosidl_typesupport_c__pyext[0m
[35m[1mConsolidate compiler generated dependencies of target turtlebot_control__rosidl_typesupport_fastrtps_c__pyext[0m
[35m[1mConsolidate compiler generated dependencies of target turtlebot_control__rosidl_typesupport_introspection_c__pyext[0m
[ 81%] [32mBuilding C object CMakeFiles/turtlebot_control__rosidl_typesupport_c__pyext.dir/rosidl_generator_py/turtlebot_control/_turtlebot_control_s.ep.rosidl_typesupport_c.c.o[0m
[ 84%] [32mBuilding C object CMakeFiles/turtlebot_control__rosidl_typesupport_fastrtps_c__pyext.dir/rosidl_generator_py/turtlebot_control/_turtlebot_control_s.ep.rosidl_typesupport_fastrtps_c.c.o[0m
[ 87%] [32mBuilding C object CMakeFiles/turtlebot_control__rosidl_typesupport_introspection_c__pyext.dir/rosidl_generator_py/turtlebot_control/_turtlebot_control_s.ep.rosidl_typesupport_introspection_c.c.o[0m
running egg_info
writing turtlebot_control.egg-info/PKG-INFO
writing dependency_links to turtlebot_control.egg-info/dependency_links.txt
writing top-level names to turtlebot_control.egg-info/top_level.txt
reading manifest file 'turtlebot_control.egg-info/SOURCES.txt'
writing manifest file 'turtlebot_control.egg-info/SOURCES.txt'
[ 87%] Built target ament_cmake_python_build_turtlebot_control_egg
[ 90%] [32m[1mLinking C shared library rosidl_generator_py/turtlebot_control/turtlebot_control_s__rosidl_typesupport_c.cpython-310-x86_64-linux-gnu.so[0m
[ 93%] [32m[1mLinking C shared library rosidl_generator_py/turtlebot_control/turtlebot_control_s__rosidl_typesupport_fastrtps_c.cpython-310-x86_64-linux-gnu.so[0m
[ 93%] Built target turtlebot_control__rosidl_typesupport_c__pyext
[ 96%] [32m[1mLinking C shared library rosidl_generator_py/turtlebot_control/turtlebot_control_s__rosidl_typesupport_introspection_c.cpython-310-x86_64-linux-gnu.so[0m
[ 96%] Built target turtlebot_control__rosidl_typesupport_fastrtps_c__pyext
[ 96%] Built target turtlebot_control__rosidl_typesupport_introspection_c__pyext
