[0.009s] Invoking command in '/ros_ws/aarch64_build/turtlebot_control': CMAKE_PREFIX_PATH=/opt/ros/humble /usr/bin/cmake --build /ros_ws/aarch64_build/turtlebot_control -- -j8 -l8
[0.041s] [35m[1mConsolidate compiler generated dependencies of target turtlebot_control[0m
[0.055s] [ 50%] [32mBuilding CXX object CMakeFiles/turtlebot_control.dir/src/turtlebot_control.cpp.o[0m
[2.118s] [01m[K/ros_ws/src/turtlebot_control/src/turtlebot_control.cpp:[m[K In member function ‘[01m[Kvoid TurtlebotControl::timer_callback()[m[K’:
[2.118s] [01m[K/ros_ws/src/turtlebot_control/src/turtlebot_control.cpp:60:24:[m[K [01;35m[Kwarning: [m[Kunused variable ‘[01m[Kfps[m[K’ [[01;35m[K-Wunused-variable[m[K]
[2.118s]    60 |                 double [01;35m[Kfps[m[K = cap.get(cv::CAP_PROP_FPS);
[2.119s]       |                        [01;35m[K^~~[m[K
[2.724s] [100%] [32m[1mLinking CXX executable turtlebot_control[0m
[3.001s] [100%] Built target turtlebot_control
[3.010s] Invoked command in '/ros_ws/aarch64_build/turtlebot_control' returned '0': CMAKE_PREFIX_PATH=/opt/ros/humble /usr/bin/cmake --build /ros_ws/aarch64_build/turtlebot_control -- -j8 -l8
[3.030s] Invoking command in '/ros_ws/aarch64_build/turtlebot_control': CMAKE_PREFIX_PATH=/opt/ros/humble /usr/bin/cmake --install /ros_ws/aarch64_build/turtlebot_control
[3.035s] -- Install configuration: ""
[3.035s] -- Installing: /ros_ws/aarch64_install/turtlebot_control/lib/turtlebot_control/turtlebot_control
[3.035s] -- Set runtime path of "/ros_ws/aarch64_install/turtlebot_control/lib/turtlebot_control/turtlebot_control" to ""
[3.035s] -- Up-to-date: /ros_ws/aarch64_install/turtlebot_control/share/turtlebot_control/images
[3.035s] -- Up-to-date: /ros_ws/aarch64_install/turtlebot_control/share/turtlebot_control/images/test_pic.png
[3.035s] -- Up-to-date: /ros_ws/aarch64_install/turtlebot_control/share/turtlebot_control/images/image.jpg
[3.035s] -- Up-to-date: /ros_ws/aarch64_install/turtlebot_control/share/ament_index/resource_index/package_run_dependencies/turtlebot_control
[3.035s] -- Up-to-date: /ros_ws/aarch64_install/turtlebot_control/share/ament_index/resource_index/parent_prefix_path/turtlebot_control
[3.035s] -- Up-to-date: /ros_ws/aarch64_install/turtlebot_control/share/turtlebot_control/environment/ament_prefix_path.sh
[3.036s] -- Up-to-date: /ros_ws/aarch64_install/turtlebot_control/share/turtlebot_control/environment/ament_prefix_path.dsv
[3.036s] -- Up-to-date: /ros_ws/aarch64_install/turtlebot_control/share/turtlebot_control/environment/path.sh
[3.036s] -- Up-to-date: /ros_ws/aarch64_install/turtlebot_control/share/turtlebot_control/environment/path.dsv
[3.036s] -- Up-to-date: /ros_ws/aarch64_install/turtlebot_control/share/turtlebot_control/local_setup.bash
[3.036s] -- Up-to-date: /ros_ws/aarch64_install/turtlebot_control/share/turtlebot_control/local_setup.sh
[3.036s] -- Up-to-date: /ros_ws/aarch64_install/turtlebot_control/share/turtlebot_control/local_setup.zsh
[3.036s] -- Up-to-date: /ros_ws/aarch64_install/turtlebot_control/share/turtlebot_control/local_setup.dsv
[3.036s] -- Installing: /ros_ws/aarch64_install/turtlebot_control/share/turtlebot_control/package.dsv
[3.036s] -- Up-to-date: /ros_ws/aarch64_install/turtlebot_control/share/ament_index/resource_index/packages/turtlebot_control
[3.036s] -- Up-to-date: /ros_ws/aarch64_install/turtlebot_control/share/turtlebot_control/cmake/turtlebot_controlConfig.cmake
[3.036s] -- Up-to-date: /ros_ws/aarch64_install/turtlebot_control/share/turtlebot_control/cmake/turtlebot_controlConfig-version.cmake
[3.036s] -- Up-to-date: /ros_ws/aarch64_install/turtlebot_control/share/turtlebot_control/package.xml
[3.037s] Invoked command in '/ros_ws/aarch64_build/turtlebot_control' returned '0': CMAKE_PREFIX_PATH=/opt/ros/humble /usr/bin/cmake --install /ros_ws/aarch64_build/turtlebot_control
