[0.010s] Invoking command in '/home/megsindelar/Final_Project/ros_ws/build/img_transform': CMAKE_PREFIX_PATH=${CMAKE_PREFIX_PATH}:/home/megsindelar/ME_495/Final_Proj/install/attack_of_the_franka:/home/megsindelar/ME_495/Final_Proj/install/moveit_testing:/opt/ros/humble /usr/bin/cmake --build /home/megsindelar/Final_Project/ros_ws/build/img_transform -- -j8 -l8
[0.040s] [35m[1mConsolidate compiler generated dependencies of target video_frequency[0m
[0.050s] [ 50%] Built target img_transform
[0.054s] [ 75%] [32mBuilding CXX object CMakeFiles/video_frequency.dir/src/video_frequency.cpp.o[0m
[2.369s] [01m[K/home/megsindelar/Final_Project/ros_ws/src/img_transform/src/video_frequency.cpp:[m[K In member function ‘[01m[Kvoid VideoFreq::timer_callback()[m[K’:
[2.370s] [01m[K/home/megsindelar/Final_Project/ros_ws/src/img_transform/src/video_frequency.cpp:66:25:[m[K [01;31m[Kerror: [m[K‘[01m[Kstruct std::chrono::duration<long int, std::ratio<1, 1000000000> >[m[K’ has no member named ‘[01m[Ksec[m[K’
[2.370s]    66 |             if (elapsed.[01;31m[Ksec[m[K == 5){
[2.370s]       |                         [01;31m[K^~~[m[K
[2.371s] In file included from [01m[K/opt/ros/humble/include/rclcpp/rclcpp/logging.hpp:24[m[K,
[2.371s]                  from [01m[K/opt/ros/humble/include/rclcpp/rclcpp/client.hpp:40[m[K,
[2.371s]                  from [01m[K/opt/ros/humble/include/rclcpp/rclcpp/callback_group.hpp:24[m[K,
[2.371s]                  from [01m[K/opt/ros/humble/include/rclcpp/rclcpp/any_executable.hpp:20[m[K,
[2.371s]                  from [01m[K/opt/ros/humble/include/rclcpp/rclcpp/memory_strategy.hpp:25[m[K,
[2.371s]                  from [01m[K/opt/ros/humble/include/rclcpp/rclcpp/memory_strategies.hpp:18[m[K,
[2.371s]                  from [01m[K/opt/ros/humble/include/rclcpp/rclcpp/executor_options.hpp:20[m[K,
[2.371s]                  from [01m[K/opt/ros/humble/include/rclcpp/rclcpp/executor.hpp:37[m[K,
[2.371s]                  from [01m[K/opt/ros/humble/include/rclcpp/rclcpp/executors/multi_threaded_executor.hpp:25[m[K,
[2.371s]                  from [01m[K/opt/ros/humble/include/rclcpp/rclcpp/executors.hpp:21[m[K,
[2.371s]                  from [01m[K/opt/ros/humble/include/rclcpp/rclcpp/rclcpp.hpp:155[m[K,
[2.371s]                  from [01m[K/home/megsindelar/Final_Project/ros_ws/src/img_transform/src/video_frequency.cpp:2[m[K:
[2.371s] [01m[K/home/megsindelar/Final_Project/ros_ws/src/img_transform/src/video_frequency.cpp:67:84:[m[K [01;31m[Kerror: [m[Kno match for ‘[01m[Koperator/[m[K’ (operand types are ‘[01m[Kint[m[K’ and ‘[01m[Kstd::chrono::duration<long int, std::ratio<1, 1000000000> >[m[K’)
[2.371s]    67 |                 RCLCPP_INFO(rclcpp::get_logger("message"), "Frequency: %f\n", [32m[Kcount[m[K[01;31m[K/[m[K[34m[Kelapsed[m[K);
[2.371s]       |                                                                               [32m[K~~~~~[m[K[01;31m[K^[m[K[34m[K~~~~~~~[m[K
[2.371s]       |                                                                               [32m[K|[m[K     [34m[K|[m[K
[2.371s]       |                                                                               [32m[Kint[m[K   [34m[Kstd::chrono::duration<long int, std::ratio<1, 1000000000> >[m[K
[2.371s] In file included from [01m[K/usr/include/opencv4/opencv2/core/cvstd.inl.hpp:47[m[K,
[2.371s]                  from [01m[K/usr/include/opencv4/opencv2/core.hpp:3306[m[K,
[2.371s]                  from [01m[K/usr/include/opencv4/opencv2/core/core.hpp:48[m[K,
[2.371s]                  from [01m[K/opt/ros/humble/include/cv_bridge/cv_bridge/cv_bridge.h:43[m[K,
[2.371s]                  from [01m[K/home/megsindelar/Final_Project/ros_ws/src/img_transform/src/video_frequency.cpp:4[m[K:
[2.371s] [01m[K/usr/include/c++/11/complex:422:5:[m[K [01;36m[Knote: [m[Kcandidate: ‘[01m[Ktemplate<class _Tp> std::complex<_Tp> std::operator/(const std::complex<_Tp>&, const std::complex<_Tp>&)[m[K’
[2.372s]   422 |     [01;36m[Koperator[m[K/(const complex<_Tp>& __x, const complex<_Tp>& __y)
[2.372s]       |     [01;36m[K^~~~~~~~[m[K
[2.372s] [01m[K/usr/include/c++/11/complex:422:5:[m[K [01;36m[Knote: [m[K  template argument deduction/substitution failed:
[2.372s] In file included from [01m[K/opt/ros/humble/include/rclcpp/rclcpp/logging.hpp:24[m[K,
[2.372s]                  from [01m[K/opt/ros/humble/include/rclcpp/rclcpp/client.hpp:40[m[K,
[2.372s]                  from [01m[K/opt/ros/humble/include/rclcpp/rclcpp/callback_group.hpp:24[m[K,
[2.372s]                  from [01m[K/opt/ros/humble/include/rclcpp/rclcpp/any_executable.hpp:20[m[K,
[2.372s]                  from [01m[K/opt/ros/humble/include/rclcpp/rclcpp/memory_strategy.hpp:25[m[K,
[2.372s]                  from [01m[K/opt/ros/humble/include/rclcpp/rclcpp/memory_strategies.hpp:18[m[K,
[2.372s]                  from [01m[K/opt/ros/humble/include/rclcpp/rclcpp/executor_options.hpp:20[m[K,
[2.372s]                  from [01m[K/opt/ros/humble/include/rclcpp/rclcpp/executor.hpp:37[m[K,
[2.372s]                  from [01m[K/opt/ros/humble/include/rclcpp/rclcpp/executors/multi_threaded_executor.hpp:25[m[K,
[2.372s]                  from [01m[K/opt/ros/humble/include/rclcpp/rclcpp/executors.hpp:21[m[K,
[2.373s]                  from [01m[K/opt/ros/humble/include/rclcpp/rclcpp/rclcpp.hpp:155[m[K,
[2.373s]                  from [01m[K/home/megsindelar/Final_Project/ros_ws/src/img_transform/src/video_frequency.cpp:2[m[K:
[2.373s] [01m[K/home/megsindelar/Final_Project/ros_ws/src/img_transform/src/video_frequency.cpp:67:85:[m[K [01;36m[Knote: [m[K  mismatched types ‘[01m[Kconst std::complex<_Tp>[m[K’ and ‘[01m[Kint[m[K’
[2.373s]    67 |                 RCLCPP_INFO(rclcpp::get_logger("message"), "Frequency: %f\n", count/[01;36m[Kelapsed[m[K);
[2.373s]       |                                                                                     [01;36m[K^~~~~~~[m[K
[2.373s] In file included from [01m[K/usr/include/opencv4/opencv2/core/cvstd.inl.hpp:47[m[K,
[2.373s]                  from [01m[K/usr/include/opencv4/opencv2/core.hpp:3306[m[K,
[2.373s]                  from [01m[K/usr/include/opencv4/opencv2/core/core.hpp:48[m[K,
[2.373s]                  from [01m[K/opt/ros/humble/include/cv_bridge/cv_bridge/cv_bridge.h:43[m[K,
[2.373s]                  from [01m[K/home/megsindelar/Final_Project/ros_ws/src/img_transform/src/video_frequency.cpp:4[m[K:
[2.373s] [01m[K/usr/include/c++/11/complex:431:5:[m[K [01;36m[Knote: [m[Kcandidate: ‘[01m[Ktemplate<class _Tp> std::complex<_Tp> std::operator/(const std::complex<_Tp>&, const _Tp&)[m[K’
[2.373s]   431 |     [01;36m[Koperator[m[K/(const complex<_Tp>& __x, const _Tp& __y)
[2.373s]       |     [01;36m[K^~~~~~~~[m[K
[2.373s] [01m[K/usr/include/c++/11/complex:431:5:[m[K [01;36m[Knote: [m[K  template argument deduction/substitution failed:
[2.373s] In file included from [01m[K/opt/ros/humble/include/rclcpp/rclcpp/logging.hpp:24[m[K,
[2.373s]                  from [01m[K/opt/ros/humble/include/rclcpp/rclcpp/client.hpp:40[m[K,
[2.373s]                  from [01m[K/opt/ros/humble/include/rclcpp/rclcpp/callback_group.hpp:24[m[K,
[2.373s]                  from [01m[K/opt/ros/humble/include/rclcpp/rclcpp/any_executable.hpp:20[m[K,
[2.373s]                  from [01m[K/opt/ros/humble/include/rclcpp/rclcpp/memory_strategy.hpp:25[m[K,
[2.373s]                  from [01m[K/opt/ros/humble/include/rclcpp/rclcpp/memory_strategies.hpp:18[m[K,
[2.373s]                  from [01m[K/opt/ros/humble/include/rclcpp/rclcpp/executor_options.hpp:20[m[K,
[2.373s]                  from [01m[K/opt/ros/humble/include/rclcpp/rclcpp/executor.hpp:37[m[K,
[2.373s]                  from [01m[K/opt/ros/humble/include/rclcpp/rclcpp/executors/multi_threaded_executor.hpp:25[m[K,
[2.373s]                  from [01m[K/opt/ros/humble/include/rclcpp/rclcpp/executors.hpp:21[m[K,
[2.373s]                  from [01m[K/opt/ros/humble/include/rclcpp/rclcpp/rclcpp.hpp:155[m[K,
[2.373s]                  from [01m[K/home/megsindelar/Final_Project/ros_ws/src/img_transform/src/video_frequency.cpp:2[m[K:
[2.374s] [01m[K/home/megsindelar/Final_Project/ros_ws/src/img_transform/src/video_frequency.cpp:67:85:[m[K [01;36m[Knote: [m[K  mismatched types ‘[01m[Kconst std::complex<_Tp>[m[K’ and ‘[01m[Kint[m[K’
[2.374s]    67 |                 RCLCPP_INFO(rclcpp::get_logger("message"), "Frequency: %f\n", count/[01;36m[Kelapsed[m[K);
[2.374s]       |                                                                                     [01;36m[K^~~~~~~[m[K
[2.374s] In file included from [01m[K/usr/include/opencv4/opencv2/core/cvstd.inl.hpp:47[m[K,
[2.374s]                  from [01m[K/usr/include/opencv4/opencv2/core.hpp:3306[m[K,
[2.374s]                  from [01m[K/usr/include/opencv4/opencv2/core/core.hpp:48[m[K,
[2.374s]                  from [01m[K/opt/ros/humble/include/cv_bridge/cv_bridge/cv_bridge.h:43[m[K,
[2.374s]                  from [01m[K/home/megsindelar/Final_Project/ros_ws/src/img_transform/src/video_frequency.cpp:4[m[K:
[2.374s] [01m[K/usr/include/c++/11/complex:440:5:[m[K [01;36m[Knote: [m[Kcandidate: ‘[01m[Ktemplate<class _Tp> std::complex<_Tp> std::operator/(const _Tp&, const std::complex<_Tp>&)[m[K’
[2.374s]   440 |     [01;36m[Koperator[m[K/(const _Tp& __x, const complex<_Tp>& __y)
[2.374s]       |     [01;36m[K^~~~~~~~[m[K
[2.374s] [01m[K/usr/include/c++/11/complex:440:5:[m[K [01;36m[Knote: [m[K  template argument deduction/substitution failed:
[2.374s] In file included from [01m[K/opt/ros/humble/include/rclcpp/rclcpp/logging.hpp:24[m[K,
[2.374s]                  from [01m[K/opt/ros/humble/include/rclcpp/rclcpp/client.hpp:40[m[K,
[2.374s]                  from [01m[K/opt/ros/humble/include/rclcpp/rclcpp/callback_group.hpp:24[m[K,
[2.374s]                  from [01m[K/opt/ros/humble/include/rclcpp/rclcpp/any_executable.hpp:20[m[K,
[2.374s]                  from [01m[K/opt/ros/humble/include/rclcpp/rclcpp/memory_strategy.hpp:25[m[K,
[2.374s]                  from [01m[K/opt/ros/humble/include/rclcpp/rclcpp/memory_strategies.hpp:18[m[K,
[2.374s]                  from [01m[K/opt/ros/humble/include/rclcpp/rclcpp/executor_options.hpp:20[m[K,
[2.374s]                  from [01m[K/opt/ros/humble/include/rclcpp/rclcpp/executor.hpp:37[m[K,
[2.374s]                  from [01m[K/opt/ros/humble/include/rclcpp/rclcpp/executors/multi_threaded_executor.hpp:25[m[K,
[2.374s]                  from [01m[K/opt/ros/humble/include/rclcpp/rclcpp/executors.hpp:21[m[K,
[2.374s]                  from [01m[K/opt/ros/humble/include/rclcpp/rclcpp/rclcpp.hpp:155[m[K,
[2.374s]                  from [01m[K/home/megsindelar/Final_Project/ros_ws/src/img_transform/src/video_frequency.cpp:2[m[K:
[2.374s] [01m[K/home/megsindelar/Final_Project/ros_ws/src/img_transform/src/video_frequency.cpp:67:85:[m[K [01;36m[Knote: [m[K  ‘[01m[Kstd::chrono::duration<long int, std::ratio<1, 1000000000> >[m[K’ is not derived from ‘[01m[Kconst std::complex<_Tp>[m[K’
[2.374s]    67 |                 RCLCPP_INFO(rclcpp::get_logger("message"), "Frequency: %f\n", count/[01;36m[Kelapsed[m[K);
[2.374s]       |                                                                                     [01;36m[K^~~~~~~[m[K
[2.374s] In file included from [01m[K/usr/include/opencv4/opencv2/core.hpp:56[m[K,
[2.374s]                  from [01m[K/usr/include/opencv4/opencv2/core/core.hpp:48[m[K,
[2.374s]                  from [01m[K/opt/ros/humble/include/cv_bridge/cv_bridge/cv_bridge.h:43[m[K,
[2.375s]                  from [01m[K/home/megsindelar/Final_Project/ros_ws/src/img_transform/src/video_frequency.cpp:4[m[K:
[2.375s] [01m[K/usr/include/opencv4/opencv2/core/matx.hpp:1298:17:[m[K [01;36m[Knote: [m[Kcandidate: ‘[01m[Ktemplate<class _Tp, int m, int n> cv::Matx<_Tp, m, n> cv::operator/(const cv::Matx<_Tp, m, n>&, float)[m[K’
[2.375s]  1298 | Matx<_Tp, m, n> [01;36m[Koperator[m[K / (const Matx<_Tp, m, n>& a, float alpha)
[2.375s]       |                 [01;36m[K^~~~~~~~[m[K
[2.375s] [01m[K/usr/include/opencv4/opencv2/core/matx.hpp:1298:17:[m[K [01;36m[Knote: [m[K  template argument deduction/substitution failed:
[2.375s] In file included from [01m[K/opt/ros/humble/include/rclcpp/rclcpp/logging.hpp:24[m[K,
[2.375s]                  from [01m[K/opt/ros/humble/include/rclcpp/rclcpp/client.hpp:40[m[K,
[2.375s]                  from [01m[K/opt/ros/humble/include/rclcpp/rclcpp/callback_group.hpp:24[m[K,
[2.375s]                  from [01m[K/opt/ros/humble/include/rclcpp/rclcpp/any_executable.hpp:20[m[K,
[2.375s]                  from [01m[K/opt/ros/humble/include/rclcpp/rclcpp/memory_strategy.hpp:25[m[K,
[2.375s]                  from [01m[K/opt/ros/humble/include/rclcpp/rclcpp/memory_strategies.hpp:18[m[K,
[2.375s]                  from [01m[K/opt/ros/humble/include/rclcpp/rclcpp/executor_options.hpp:20[m[K,
[2.375s]                  from [01m[K/opt/ros/humble/include/rclcpp/rclcpp/executor.hpp:37[m[K,
[2.375s]                  from [01m[K/opt/ros/humble/include/rclcpp/rclcpp/executors/multi_threaded_executor.hpp:25[m[K,
[2.375s]                  from [01m[K/opt/ros/humble/include/rclcpp/rclcpp/executors.hpp:21[m[K,
[2.375s]                  from [01m[K/opt/ros/humble/include/rclcpp/rclcpp/rclcpp.hpp:155[m[K,
[2.375s]                  from [01m[K/home/megsindelar/Final_Project/ros_ws/src/img_transform/src/video_frequency.cpp:2[m[K:
[2.375s] [01m[K/home/megsindelar/Final_Project/ros_ws/src/img_transform/src/video_frequency.cpp:67:85:[m[K [01;36m[Knote: [m[K  mismatched types ‘[01m[Kconst cv::Matx<_Tp, m, n>[m[K’ and ‘[01m[Kint[m[K’
[2.375s]    67 |                 RCLCPP_INFO(rclcpp::get_logger("message"), "Frequency: %f\n", count/[01;36m[Kelapsed[m[K);
[2.375s]       |                                                                                     [01;36m[K^~~~~~~[m[K
[2.375s] In file included from [01m[K/usr/include/opencv4/opencv2/core.hpp:56[m[K,
[2.375s]                  from [01m[K/usr/include/opencv4/opencv2/core/core.hpp:48[m[K,
[2.375s]                  from [01m[K/opt/ros/humble/include/cv_bridge/cv_bridge/cv_bridge.h:43[m[K,
[2.375s]                  from [01m[K/home/megsindelar/Final_Project/ros_ws/src/img_transform/src/video_frequency.cpp:4[m[K:
[2.375s] [01m[K/usr/include/opencv4/opencv2/core/matx.hpp:1304:17:[m[K [01;36m[Knote: [m[Kcandidate: ‘[01m[Ktemplate<class _Tp, int m, int n> cv::Matx<_Tp, m, n> cv::operator/(const cv::Matx<_Tp, m, n>&, double)[m[K’
[2.375s]  1304 | Matx<_Tp, m, n> [01;36m[Koperator[m[K / (const Matx<_Tp, m, n>& a, double alpha)
[2.375s]       |                 [01;36m[K^~~~~~~~[m[K
[2.375s] [01m[K/usr/include/opencv4/opencv2/core/matx.hpp:1304:17:[m[K [01;36m[Knote: [m[K  template argument deduction/substitution failed:
[2.375s] In file included from [01m[K/opt/ros/humble/include/rclcpp/rclcpp/logging.hpp:24[m[K,
[2.375s]                  from [01m[K/opt/ros/humble/include/rclcpp/rclcpp/client.hpp:40[m[K,
[2.376s]                  from [01m[K/opt/ros/humble/include/rclcpp/rclcpp/callback_group.hpp:24[m[K,
[2.376s]                  from [01m[K/opt/ros/humble/include/rclcpp/rclcpp/any_executable.hpp:20[m[K,
[2.376s]                  from [01m[K/opt/ros/humble/include/rclcpp/rclcpp/memory_strategy.hpp:25[m[K,
[2.376s]                  from [01m[K/opt/ros/humble/include/rclcpp/rclcpp/memory_strategies.hpp:18[m[K,
[2.376s]                  from [01m[K/opt/ros/humble/include/rclcpp/rclcpp/executor_options.hpp:20[m[K,
[2.376s]                  from [01m[K/opt/ros/humble/include/rclcpp/rclcpp/executor.hpp:37[m[K,
[2.376s]                  from [01m[K/opt/ros/humble/include/rclcpp/rclcpp/executors/multi_threaded_executor.hpp:25[m[K,
[2.376s]                  from [01m[K/opt/ros/humble/include/rclcpp/rclcpp/executors.hpp:21[m[K,
[2.376s]                  from [01m[K/opt/ros/humble/include/rclcpp/rclcpp/rclcpp.hpp:155[m[K,
[2.376s]                  from [01m[K/home/megsindelar/Final_Project/ros_ws/src/img_transform/src/video_frequency.cpp:2[m[K:
[2.376s] [01m[K/home/megsindelar/Final_Project/ros_ws/src/img_transform/src/video_frequency.cpp:67:85:[m[K [01;36m[Knote: [m[K  mismatched types ‘[01m[Kconst cv::Matx<_Tp, m, n>[m[K’ and ‘[01m[Kint[m[K’
[2.376s]    67 |                 RCLCPP_INFO(rclcpp::get_logger("message"), "Frequency: %f\n", count/[01;36m[Kelapsed[m[K);
[2.376s]       |                                                                                     [01;36m[K^~~~~~~[m[K
[2.376s] In file included from [01m[K/usr/include/opencv4/opencv2/core.hpp:56[m[K,
[2.376s]                  from [01m[K/usr/include/opencv4/opencv2/core/core.hpp:48[m[K,
[2.376s]                  from [01m[K/opt/ros/humble/include/cv_bridge/cv_bridge/cv_bridge.h:43[m[K,
[2.376s]                  from [01m[K/home/megsindelar/Final_Project/ros_ws/src/img_transform/src/video_frequency.cpp:4[m[K:
[2.376s] [01m[K/usr/include/opencv4/opencv2/core/matx.hpp:1465:14:[m[K [01;36m[Knote: [m[Kcandidate: ‘[01m[Ktemplate<class _Tp, int cn> cv::Vec<_Tp, m> cv::operator/(const cv::Vec<_Tp, m>&, int)[m[K’
[2.376s]  1465 | Vec<_Tp, cn> [01;36m[Koperator[m[K / (const Vec<_Tp, cn>& a, int alpha)
[2.376s]       |              [01;36m[K^~~~~~~~[m[K
[2.376s] [01m[K/usr/include/opencv4/opencv2/core/matx.hpp:1465:14:[m[K [01;36m[Knote: [m[K  template argument deduction/substitution failed:
[2.376s] In file included from [01m[K/opt/ros/humble/include/rclcpp/rclcpp/logging.hpp:24[m[K,
[2.376s]                  from [01m[K/opt/ros/humble/include/rclcpp/rclcpp/client.hpp:40[m[K,
[2.376s]                  from [01m[K/opt/ros/humble/include/rclcpp/rclcpp/callback_group.hpp:24[m[K,
[2.376s]                  from [01m[K/opt/ros/humble/include/rclcpp/rclcpp/any_executable.hpp:20[m[K,
[2.376s]                  from [01m[K/opt/ros/humble/include/rclcpp/rclcpp/memory_strategy.hpp:25[m[K,
[2.376s]                  from [01m[K/opt/ros/humble/include/rclcpp/rclcpp/memory_strategies.hpp:18[m[K,
[2.376s]                  from [01m[K/opt/ros/humble/include/rclcpp/rclcpp/executor_options.hpp:20[m[K,
[2.376s]                  from [01m[K/opt/ros/humble/include/rclcpp/rclcpp/executor.hpp:37[m[K,
[2.377s]                  from [01m[K/opt/ros/humble/include/rclcpp/rclcpp/executors/multi_threaded_executor.hpp:25[m[K,
[2.377s]                  from [01m[K/opt/ros/humble/include/rclcpp/rclcpp/executors.hpp:21[m[K,
[2.377s]                  from [01m[K/opt/ros/humble/include/rclcpp/rclcpp/rclcpp.hpp:155[m[K,
[2.377s]                  from [01m[K/home/megsindelar/Final_Project/ros_ws/src/img_transform/src/video_frequency.cpp:2[m[K:
[2.377s] [01m[K/home/megsindelar/Final_Project/ros_ws/src/img_transform/src/video_frequency.cpp:67:85:[m[K [01;36m[Knote: [m[K  mismatched types ‘[01m[Kconst cv::Vec<_Tp, m>[m[K’ and ‘[01m[Kint[m[K’
[2.377s]    67 |                 RCLCPP_INFO(rclcpp::get_logger("message"), "Frequency: %f\n", count/[01;36m[Kelapsed[m[K);
[2.377s]       |                                                                                     [01;36m[K^~~~~~~[m[K
[2.377s] In file included from [01m[K/usr/include/opencv4/opencv2/core.hpp:56[m[K,
[2.377s]                  from [01m[K/usr/include/opencv4/opencv2/core/core.hpp:48[m[K,
[2.377s]                  from [01m[K/opt/ros/humble/include/cv_bridge/cv_bridge/cv_bridge.h:43[m[K,
[2.377s]                  from [01m[K/home/megsindelar/Final_Project/ros_ws/src/img_transform/src/video_frequency.cpp:4[m[K:
[2.377s] [01m[K/usr/include/opencv4/opencv2/core/matx.hpp:1471:14:[m[K [01;36m[Knote: [m[Kcandidate: ‘[01m[Ktemplate<class _Tp, int cn> cv::Vec<_Tp, m> cv::operator/(const cv::Vec<_Tp, m>&, float)[m[K’
[2.377s]  1471 | Vec<_Tp, cn> [01;36m[Koperator[m[K / (const Vec<_Tp, cn>& a, float alpha)
[2.377s]       |              [01;36m[K^~~~~~~~[m[K
[2.377s] [01m[K/usr/include/opencv4/opencv2/core/matx.hpp:1471:14:[m[K [01;36m[Knote: [m[K  template argument deduction/substitution failed:
[2.377s] In file included from [01m[K/opt/ros/humble/include/rclcpp/rclcpp/logging.hpp:24[m[K,
[2.377s]                  from [01m[K/opt/ros/humble/include/rclcpp/rclcpp/client.hpp:40[m[K,
[2.377s]                  from [01m[K/opt/ros/humble/include/rclcpp/rclcpp/callback_group.hpp:24[m[K,
[2.377s]                  from [01m[K/opt/ros/humble/include/rclcpp/rclcpp/any_executable.hpp:20[m[K,
[2.377s]                  from [01m[K/opt/ros/humble/include/rclcpp/rclcpp/memory_strategy.hpp:25[m[K,
[2.377s]                  from [01m[K/opt/ros/humble/include/rclcpp/rclcpp/memory_strategies.hpp:18[m[K,
[2.377s]                  from [01m[K/opt/ros/humble/include/rclcpp/rclcpp/executor_options.hpp:20[m[K,
[2.377s]                  from [01m[K/opt/ros/humble/include/rclcpp/rclcpp/executor.hpp:37[m[K,
[2.377s]                  from [01m[K/opt/ros/humble/include/rclcpp/rclcpp/executors/multi_threaded_executor.hpp:25[m[K,
[2.377s]                  from [01m[K/opt/ros/humble/include/rclcpp/rclcpp/executors.hpp:21[m[K,
[2.377s]                  from [01m[K/opt/ros/humble/include/rclcpp/rclcpp/rclcpp.hpp:155[m[K,
[2.377s]                  from [01m[K/home/megsindelar/Final_Project/ros_ws/src/img_transform/src/video_frequency.cpp:2[m[K:
[2.377s] [01m[K/home/megsindelar/Final_Project/ros_ws/src/img_transform/src/video_frequency.cpp:67:85:[m[K [01;36m[Knote: [m[K  mismatched types ‘[01m[Kconst cv::Vec<_Tp, m>[m[K’ and ‘[01m[Kint[m[K’
[2.377s]    67 |                 RCLCPP_INFO(rclcpp::get_logger("message"), "Frequency: %f\n", count/[01;36m[Kelapsed[m[K);
[2.378s]       |                                                                                     [01;36m[K^~~~~~~[m[K
[2.378s] In file included from [01m[K/usr/include/opencv4/opencv2/core.hpp:56[m[K,
[2.378s]                  from [01m[K/usr/include/opencv4/opencv2/core/core.hpp:48[m[K,
[2.378s]                  from [01m[K/opt/ros/humble/include/cv_bridge/cv_bridge/cv_bridge.h:43[m[K,
[2.378s]                  from [01m[K/home/megsindelar/Final_Project/ros_ws/src/img_transform/src/video_frequency.cpp:4[m[K:
[2.378s] [01m[K/usr/include/opencv4/opencv2/core/matx.hpp:1477:14:[m[K [01;36m[Knote: [m[Kcandidate: ‘[01m[Ktemplate<class _Tp, int cn> cv::Vec<_Tp, m> cv::operator/(const cv::Vec<_Tp, m>&, double)[m[K’
[2.378s]  1477 | Vec<_Tp, cn> [01;36m[Koperator[m[K / (const Vec<_Tp, cn>& a, double alpha)
[2.378s]       |              [01;36m[K^~~~~~~~[m[K
[2.378s] [01m[K/usr/include/opencv4/opencv2/core/matx.hpp:1477:14:[m[K [01;36m[Knote: [m[K  template argument deduction/substitution failed:
[2.378s] In file included from [01m[K/opt/ros/humble/include/rclcpp/rclcpp/logging.hpp:24[m[K,
[2.378s]                  from [01m[K/opt/ros/humble/include/rclcpp/rclcpp/client.hpp:40[m[K,
[2.378s]                  from [01m[K/opt/ros/humble/include/rclcpp/rclcpp/callback_group.hpp:24[m[K,
[2.378s]                  from [01m[K/opt/ros/humble/include/rclcpp/rclcpp/any_executable.hpp:20[m[K,
[2.378s]                  from [01m[K/opt/ros/humble/include/rclcpp/rclcpp/memory_strategy.hpp:25[m[K,
[2.378s]                  from [01m[K/opt/ros/humble/include/rclcpp/rclcpp/memory_strategies.hpp:18[m[K,
[2.378s]                  from [01m[K/opt/ros/humble/include/rclcpp/rclcpp/executor_options.hpp:20[m[K,
[2.378s]                  from [01m[K/opt/ros/humble/include/rclcpp/rclcpp/executor.hpp:37[m[K,
[2.378s]                  from [01m[K/opt/ros/humble/include/rclcpp/rclcpp/executors/multi_threaded_executor.hpp:25[m[K,
[2.378s]                  from [01m[K/opt/ros/humble/include/rclcpp/rclcpp/executors.hpp:21[m[K,
[2.378s]                  from [01m[K/opt/ros/humble/include/rclcpp/rclcpp/rclcpp.hpp:155[m[K,
[2.378s]                  from [01m[K/home/megsindelar/Final_Project/ros_ws/src/img_transform/src/video_frequency.cpp:2[m[K:
[2.378s] [01m[K/home/megsindelar/Final_Project/ros_ws/src/img_transform/src/video_frequency.cpp:67:85:[m[K [01;36m[Knote: [m[K  mismatched types ‘[01m[Kconst cv::Vec<_Tp, m>[m[K’ and ‘[01m[Kint[m[K’
[2.378s]    67 |                 RCLCPP_INFO(rclcpp::get_logger("message"), "Frequency: %f\n", count/[01;36m[Kelapsed[m[K);
[2.378s]       |                                                                                     [01;36m[K^~~~~~~[m[K
[2.378s] In file included from [01m[K/usr/include/opencv4/opencv2/core.hpp:57[m[K,
[2.378s]                  from [01m[K/usr/include/opencv4/opencv2/core/core.hpp:48[m[K,
[2.378s]                  from [01m[K/opt/ros/humble/include/cv_bridge/cv_bridge/cv_bridge.h:43[m[K,
[2.378s]                  from [01m[K/home/megsindelar/Final_Project/ros_ws/src/img_transform/src/video_frequency.cpp:4[m[K:
[2.378s] [01m[K/usr/include/opencv4/opencv2/core/types.hpp:1137:14:[m[K [01;36m[Knote: [m[Kcandidate: ‘[01m[Ktemplate<class _Tp> cv::Complex<_Tp> cv::operator/(const cv::Complex<_Tp>&, const cv::Complex<_Tp>&)[m[K’
[2.378s]  1137 | Complex<_Tp> [01;36m[Koperator[m[K / (const Complex<_Tp>& a, const Complex<_Tp>& b)
[2.378s]       |              [01;36m[K^~~~~~~~[m[K
[2.378s] [01m[K/usr/include/opencv4/opencv2/core/types.hpp:1137:14:[m[K [01;36m[Knote: [m[K  template argument deduction/substitution failed:
[2.378s] In file included from [01m[K/opt/ros/humble/include/rclcpp/rclcpp/logging.hpp:24[m[K,
[2.378s]                  from [01m[K/opt/ros/humble/include/rclcpp/rclcpp/client.hpp:40[m[K,
[2.379s]                  from [01m[K/opt/ros/humble/include/rclcpp/rclcpp/callback_group.hpp:24[m[K,
[2.379s]                  from [01m[K/opt/ros/humble/include/rclcpp/rclcpp/any_executable.hpp:20[m[K,
[2.379s]                  from [01m[K/opt/ros/humble/include/rclcpp/rclcpp/memory_strategy.hpp:25[m[K,
[2.379s]                  from [01m[K/opt/ros/humble/include/rclcpp/rclcpp/memory_strategies.hpp:18[m[K,
[2.379s]                  from [01m[K/opt/ros/humble/include/rclcpp/rclcpp/executor_options.hpp:20[m[K,
[2.379s]                  from [01m[K/opt/ros/humble/include/rclcpp/rclcpp/executor.hpp:37[m[K,
[2.379s]                  from [01m[K/opt/ros/humble/include/rclcpp/rclcpp/executors/multi_threaded_executor.hpp:25[m[K,
[2.379s]                  from [01m[K/opt/ros/humble/include/rclcpp/rclcpp/executors.hpp:21[m[K,
[2.379s]                  from [01m[K/opt/ros/humble/include/rclcpp/rclcpp/rclcpp.hpp:155[m[K,
[2.379s]                  from [01m[K/home/megsindelar/Final_Project/ros_ws/src/img_transform/src/video_frequency.cpp:2[m[K:
[2.379s] [01m[K/home/megsindelar/Final_Project/ros_ws/src/img_transform/src/video_frequency.cpp:67:85:[m[K [01;36m[Knote: [m[K  mismatched types ‘[01m[Kconst cv::Complex<_Tp>[m[K’ and ‘[01m[Kint[m[K’
[2.379s]    67 |                 RCLCPP_INFO(rclcpp::get_logger("message"), "Frequency: %f\n", count/[01;36m[Kelapsed[m[K);
[2.379s]       |                                                                                     [01;36m[K^~~~~~~[m[K
[2.379s] In file included from [01m[K/usr/include/opencv4/opencv2/core.hpp:57[m[K,
[2.379s]                  from [01m[K/usr/include/opencv4/opencv2/core/core.hpp:48[m[K,
[2.379s]                  from [01m[K/opt/ros/humble/include/cv_bridge/cv_bridge/cv_bridge.h:43[m[K,
[2.379s]                  from [01m[K/home/megsindelar/Final_Project/ros_ws/src/img_transform/src/video_frequency.cpp:4[m[K:
[2.379s] [01m[K/usr/include/opencv4/opencv2/core/types.hpp:1152:14:[m[K [01;36m[Knote: [m[Kcandidate: ‘[01m[Ktemplate<class _Tp> cv::Complex<_Tp> cv::operator/(const cv::Complex<_Tp>&, _Tp)[m[K’
[2.379s]  1152 | Complex<_Tp> [01;36m[Koperator[m[K / (const Complex<_Tp>& a, _Tp b)
[2.379s]       |              [01;36m[K^~~~~~~~[m[K
[2.379s] [01m[K/usr/include/opencv4/opencv2/core/types.hpp:1152:14:[m[K [01;36m[Knote: [m[K  template argument deduction/substitution failed:
[2.379s] In file included from [01m[K/opt/ros/humble/include/rclcpp/rclcpp/logging.hpp:24[m[K,
[2.379s]                  from [01m[K/opt/ros/humble/include/rclcpp/rclcpp/client.hpp:40[m[K,
[2.379s]                  from [01m[K/opt/ros/humble/include/rclcpp/rclcpp/callback_group.hpp:24[m[K,
[2.379s]                  from [01m[K/opt/ros/humble/include/rclcpp/rclcpp/any_executable.hpp:20[m[K,
[2.379s]                  from [01m[K/opt/ros/humble/include/rclcpp/rclcpp/memory_strategy.hpp:25[m[K,
[2.379s]                  from [01m[K/opt/ros/humble/include/rclcpp/rclcpp/memory_strategies.hpp:18[m[K,
[2.379s]                  from [01m[K/opt/ros/humble/include/rclcpp/rclcpp/executor_options.hpp:20[m[K,
[2.379s]                  from [01m[K/opt/ros/humble/include/rclcpp/rclcpp/executor.hpp:37[m[K,
[2.379s]                  from [01m[K/opt/ros/humble/include/rclcpp/rclcpp/executors/multi_threaded_executor.hpp:25[m[K,
[2.379s]                  from [01m[K/opt/ros/humble/include/rclcpp/rclcpp/executors.hpp:21[m[K,
[2.379s]                  from [01m[K/opt/ros/humble/include/rclcpp/rclcpp/rclcpp.hpp:155[m[K,
[2.379s]                  from [01m[K/home/megsindelar/Final_Project/ros_ws/src/img_transform/src/video_frequency.cpp:2[m[K:
[2.379s] [01m[K/home/megsindelar/Final_Project/ros_ws/src/img_transform/src/video_frequency.cpp:67:85:[m[K [01;36m[Knote: [m[K  mismatched types ‘[01m[Kconst cv::Complex<_Tp>[m[K’ and ‘[01m[Kint[m[K’
[2.380s]    67 |                 RCLCPP_INFO(rclcpp::get_logger("message"), "Frequency: %f\n", count/[01;36m[Kelapsed[m[K);
[2.380s]       |                                                                                     [01;36m[K^~~~~~~[m[K
[2.380s] In file included from [01m[K/usr/include/opencv4/opencv2/core.hpp:57[m[K,
[2.380s]                  from [01m[K/usr/include/opencv4/opencv2/core/core.hpp:48[m[K,
[2.380s]                  from [01m[K/opt/ros/humble/include/cv_bridge/cv_bridge/cv_bridge.h:43[m[K,
[2.380s]                  from [01m[K/home/megsindelar/Final_Project/ros_ws/src/img_transform/src/video_frequency.cpp:4[m[K:
[2.380s] [01m[K/usr/include/opencv4/opencv2/core/types.hpp:1159:14:[m[K [01;36m[Knote: [m[Kcandidate: ‘[01m[Ktemplate<class _Tp> cv::Complex<_Tp> cv::operator/(_Tp, const cv::Complex<_Tp>&)[m[K’
[2.380s]  1159 | Complex<_Tp> [01;36m[Koperator[m[K / (_Tp b, const Complex<_Tp>& a)
[2.380s]       |              [01;36m[K^~~~~~~~[m[K
[2.380s] [01m[K/usr/include/opencv4/opencv2/core/types.hpp:1159:14:[m[K [01;36m[Knote: [m[K  template argument deduction/substitution failed:
[2.380s] In file included from [01m[K/opt/ros/humble/include/rclcpp/rclcpp/logging.hpp:24[m[K,
[2.380s]                  from [01m[K/opt/ros/humble/include/rclcpp/rclcpp/client.hpp:40[m[K,
[2.380s]                  from [01m[K/opt/ros/humble/include/rclcpp/rclcpp/callback_group.hpp:24[m[K,
[2.380s]                  from [01m[K/opt/ros/humble/include/rclcpp/rclcpp/any_executable.hpp:20[m[K,
[2.380s]                  from [01m[K/opt/ros/humble/include/rclcpp/rclcpp/memory_strategy.hpp:25[m[K,
[2.380s]                  from [01m[K/opt/ros/humble/include/rclcpp/rclcpp/memory_strategies.hpp:18[m[K,
[2.380s]                  from [01m[K/opt/ros/humble/include/rclcpp/rclcpp/executor_options.hpp:20[m[K,
[2.380s]                  from [01m[K/opt/ros/humble/include/rclcpp/rclcpp/executor.hpp:37[m[K,
[2.380s]                  from [01m[K/opt/ros/humble/include/rclcpp/rclcpp/executors/multi_threaded_executor.hpp:25[m[K,
[2.380s]                  from [01m[K/opt/ros/humble/include/rclcpp/rclcpp/executors.hpp:21[m[K,
[2.380s]                  from [01m[K/opt/ros/humble/include/rclcpp/rclcpp/rclcpp.hpp:155[m[K,
[2.380s]                  from [01m[K/home/megsindelar/Final_Project/ros_ws/src/img_transform/src/video_frequency.cpp:2[m[K:
[2.380s] [01m[K/home/megsindelar/Final_Project/ros_ws/src/img_transform/src/video_frequency.cpp:67:85:[m[K [01;36m[Knote: [m[K  ‘[01m[Kstd::chrono::duration<long int, std::ratio<1, 1000000000> >[m[K’ is not derived from ‘[01m[Kconst cv::Complex<_Tp>[m[K’
[2.380s]    67 |                 RCLCPP_INFO(rclcpp::get_logger("message"), "Frequency: %f\n", count/[01;36m[Kelapsed[m[K);
[2.380s]       |                                                                                     [01;36m[K^~~~~~~[m[K
[2.380s] In file included from [01m[K/usr/include/opencv4/opencv2/core.hpp:57[m[K,
[2.380s]                  from [01m[K/usr/include/opencv4/opencv2/core/core.hpp:48[m[K,
[2.380s]                  from [01m[K/opt/ros/humble/include/cv_bridge/cv_bridge/cv_bridge.h:43[m[K,
[2.380s]                  from [01m[K/home/megsindelar/Final_Project/ros_ws/src/img_transform/src/video_frequency.cpp:4[m[K:
[2.380s] [01m[K/usr/include/opencv4/opencv2/core/types.hpp:1401:13:[m[K [01;36m[Knote: [m[Kcandidate: ‘[01m[Ktemplate<class _Tp> cv::Point_<_Tp> cv::operator/(const cv::Point_<_Tp>&, int)[m[K’
[2.380s]  1401 | Point_<_Tp> [01;36m[Koperator[m[K / (const Point_<_Tp>& a, int b)
[2.381s]       |             [01;36m[K^~~~~~~~[m[K
[2.381s] [01m[K/usr/include/opencv4/opencv2/core/types.hpp:1401:13:[m[K [01;36m[Knote: [m[K  template argument deduction/substitution failed:
[2.381s] In file included from [01m[K/opt/ros/humble/include/rclcpp/rclcpp/logging.hpp:24[m[K,
[2.381s]                  from [01m[K/opt/ros/humble/include/rclcpp/rclcpp/client.hpp:40[m[K,
[2.381s]                  from [01m[K/opt/ros/humble/include/rclcpp/rclcpp/callback_group.hpp:24[m[K,
[2.381s]                  from [01m[K/opt/ros/humble/include/rclcpp/rclcpp/any_executable.hpp:20[m[K,
[2.381s]                  from [01m[K/opt/ros/humble/include/rclcpp/rclcpp/memory_strategy.hpp:25[m[K,
[2.381s]                  from [01m[K/opt/ros/humble/include/rclcpp/rclcpp/memory_strategies.hpp:18[m[K,
[2.381s]                  from [01m[K/opt/ros/humble/include/rclcpp/rclcpp/executor_options.hpp:20[m[K,
[2.381s]                  from [01m[K/opt/ros/humble/include/rclcpp/rclcpp/executor.hpp:37[m[K,
[2.381s]                  from [01m[K/opt/ros/humble/include/rclcpp/rclcpp/executors/multi_threaded_executor.hpp:25[m[K,
[2.381s]                  from [01m[K/opt/ros/humble/include/rclcpp/rclcpp/executors.hpp:21[m[K,
[2.381s]                  from [01m[K/opt/ros/humble/include/rclcpp/rclcpp/rclcpp.hpp:155[m[K,
[2.381s]                  from [01m[K/home/megsindelar/Final_Project/ros_ws/src/img_transform/src/video_frequency.cpp:2[m[K:
[2.381s] [01m[K/home/megsindelar/Final_Project/ros_ws/src/img_transform/src/video_frequency.cpp:67:85:[m[K [01;36m[Knote: [m[K  mismatched types ‘[01m[Kconst cv::Point_<_Tp>[m[K’ and ‘[01m[Kint[m[K’
[2.381s]    67 |                 RCLCPP_INFO(rclcpp::get_logger("message"), "Frequency: %f\n", count/[01;36m[Kelapsed[m[K);
[2.381s]       |                                                                                     [01;36m[K^~~~~~~[m[K
[2.381s] In file included from [01m[K/usr/include/opencv4/opencv2/core.hpp:57[m[K,
[2.381s]                  from [01m[K/usr/include/opencv4/opencv2/core/core.hpp:48[m[K,
[2.381s]                  from [01m[K/opt/ros/humble/include/cv_bridge/cv_bridge/cv_bridge.h:43[m[K,
[2.381s]                  from [01m[K/home/megsindelar/Final_Project/ros_ws/src/img_transform/src/video_frequency.cpp:4[m[K:
[2.381s] [01m[K/usr/include/opencv4/opencv2/core/types.hpp:1409:13:[m[K [01;36m[Knote: [m[Kcandidate: ‘[01m[Ktemplate<class _Tp> cv::Point_<_Tp> cv::operator/(const cv::Point_<_Tp>&, float)[m[K’
[2.381s]  1409 | Point_<_Tp> [01;36m[Koperator[m[K / (const Point_<_Tp>& a, float b)
[2.381s]       |             [01;36m[K^~~~~~~~[m[K
[2.381s] [01m[K/usr/include/opencv4/opencv2/core/types.hpp:1409:13:[m[K [01;36m[Knote: [m[K  template argument deduction/substitution failed:
[2.381s] In file included from [01m[K/opt/ros/humble/include/rclcpp/rclcpp/logging.hpp:24[m[K,
[2.381s]                  from [01m[K/opt/ros/humble/include/rclcpp/rclcpp/client.hpp:40[m[K,
[2.381s]                  from [01m[K/opt/ros/humble/include/rclcpp/rclcpp/callback_group.hpp:24[m[K,
[2.381s]                  from [01m[K/opt/ros/humble/include/rclcpp/rclcpp/any_executable.hpp:20[m[K,
[2.381s]                  from [01m[K/opt/ros/humble/include/rclcpp/rclcpp/memory_strategy.hpp:25[m[K,
[2.381s]                  from [01m[K/opt/ros/humble/include/rclcpp/rclcpp/memory_strategies.hpp:18[m[K,
[2.381s]                  from [01m[K/opt/ros/humble/include/rclcpp/rclcpp/executor_options.hpp:20[m[K,
[2.381s]                  from [01m[K/opt/ros/humble/include/rclcpp/rclcpp/executor.hpp:37[m[K,
[2.382s]                  from [01m[K/opt/ros/humble/include/rclcpp/rclcpp/executors/multi_threaded_executor.hpp:25[m[K,
[2.382s]                  from [01m[K/opt/ros/humble/include/rclcpp/rclcpp/executors.hpp:21[m[K,
[2.382s]                  from [01m[K/opt/ros/humble/include/rclcpp/rclcpp/rclcpp.hpp:155[m[K,
[2.382s]                  from [01m[K/home/megsindelar/Final_Project/ros_ws/src/img_transform/src/video_frequency.cpp:2[m[K:
[2.382s] [01m[K/home/megsindelar/Final_Project/ros_ws/src/img_transform/src/video_frequency.cpp:67:85:[m[K [01;36m[Knote: [m[K  mismatched types ‘[01m[Kconst cv::Point_<_Tp>[m[K’ and ‘[01m[Kint[m[K’
[2.382s]    67 |                 RCLCPP_INFO(rclcpp::get_logger("message"), "Frequency: %f\n", count/[01;36m[Kelapsed[m[K);
[2.382s]       |                                                                                     [01;36m[K^~~~~~~[m[K
[2.382s] In file included from [01m[K/usr/include/opencv4/opencv2/core.hpp:57[m[K,
[2.382s]                  from [01m[K/usr/include/opencv4/opencv2/core/core.hpp:48[m[K,
[2.382s]                  from [01m[K/opt/ros/humble/include/cv_bridge/cv_bridge/cv_bridge.h:43[m[K,
[2.382s]                  from [01m[K/home/megsindelar/Final_Project/ros_ws/src/img_transform/src/video_frequency.cpp:4[m[K:
[2.382s] [01m[K/usr/include/opencv4/opencv2/core/types.hpp:1417:13:[m[K [01;36m[Knote: [m[Kcandidate: ‘[01m[Ktemplate<class _Tp> cv::Point_<_Tp> cv::operator/(const cv::Point_<_Tp>&, double)[m[K’
[2.382s]  1417 | Point_<_Tp> [01;36m[Koperator[m[K / (const Point_<_Tp>& a, double b)
[2.382s]       |             [01;36m[K^~~~~~~~[m[K
[2.382s] [01m[K/usr/include/opencv4/opencv2/core/types.hpp:1417:13:[m[K [01;36m[Knote: [m[K  template argument deduction/substitution failed:
[2.382s] In file included from [01m[K/opt/ros/humble/include/rclcpp/rclcpp/logging.hpp:24[m[K,
[2.382s]                  from [01m[K/opt/ros/humble/include/rclcpp/rclcpp/client.hpp:40[m[K,
[2.382s]                  from [01m[K/opt/ros/humble/include/rclcpp/rclcpp/callback_group.hpp:24[m[K,
[2.382s]                  from [01m[K/opt/ros/humble/include/rclcpp/rclcpp/any_executable.hpp:20[m[K,
[2.382s]                  from [01m[K/opt/ros/humble/include/rclcpp/rclcpp/memory_strategy.hpp:25[m[K,
[2.382s]                  from [01m[K/opt/ros/humble/include/rclcpp/rclcpp/memory_strategies.hpp:18[m[K,
[2.382s]                  from [01m[K/opt/ros/humble/include/rclcpp/rclcpp/executor_options.hpp:20[m[K,
[2.382s]                  from [01m[K/opt/ros/humble/include/rclcpp/rclcpp/executor.hpp:37[m[K,
[2.382s]                  from [01m[K/opt/ros/humble/include/rclcpp/rclcpp/executors/multi_threaded_executor.hpp:25[m[K,
[2.382s]                  from [01m[K/opt/ros/humble/include/rclcpp/rclcpp/executors.hpp:21[m[K,
[2.382s]                  from [01m[K/opt/ros/humble/include/rclcpp/rclcpp/rclcpp.hpp:155[m[K,
[2.382s]                  from [01m[K/home/megsindelar/Final_Project/ros_ws/src/img_transform/src/video_frequency.cpp:2[m[K:
[2.382s] [01m[K/home/megsindelar/Final_Project/ros_ws/src/img_transform/src/video_frequency.cpp:67:85:[m[K [01;36m[Knote: [m[K  mismatched types ‘[01m[Kconst cv::Point_<_Tp>[m[K’ and ‘[01m[Kint[m[K’
[2.382s]    67 |                 RCLCPP_INFO(rclcpp::get_logger("message"), "Frequency: %f\n", count/[01;36m[Kelapsed[m[K);
[2.382s]       |                                                                                     [01;36m[K^~~~~~~[m[K
[2.382s] In file included from [01m[K/usr/include/opencv4/opencv2/core.hpp:57[m[K,
[2.382s]                  from [01m[K/usr/include/opencv4/opencv2/core/core.hpp:48[m[K,
[2.382s]                  from [01m[K/opt/ros/humble/include/cv_bridge/cv_bridge/cv_bridge.h:43[m[K,
[2.383s]                  from [01m[K/home/megsindelar/Final_Project/ros_ws/src/img_transform/src/video_frequency.cpp:4[m[K:
[2.383s] [01m[K/usr/include/opencv4/opencv2/core/types.hpp:1669:14:[m[K [01;36m[Knote: [m[Kcandidate: ‘[01m[Ktemplate<class _Tp> cv::Point3_<_Tp> cv::operator/(const cv::Point3_<_Tp>&, int)[m[K’
[2.383s]  1669 | Point3_<_Tp> [01;36m[Koperator[m[K / (const Point3_<_Tp>& a, int b)
[2.383s]       |              [01;36m[K^~~~~~~~[m[K
[2.383s] [01m[K/usr/include/opencv4/opencv2/core/types.hpp:1669:14:[m[K [01;36m[Knote: [m[K  template argument deduction/substitution failed:
[2.383s] In file included from [01m[K/opt/ros/humble/include/rclcpp/rclcpp/logging.hpp:24[m[K,
[2.383s]                  from [01m[K/opt/ros/humble/include/rclcpp/rclcpp/client.hpp:40[m[K,
[2.383s]                  from [01m[K/opt/ros/humble/include/rclcpp/rclcpp/callback_group.hpp:24[m[K,
[2.383s]                  from [01m[K/opt/ros/humble/include/rclcpp/rclcpp/any_executable.hpp:20[m[K,
[2.383s]                  from [01m[K/opt/ros/humble/include/rclcpp/rclcpp/memory_strategy.hpp:25[m[K,
[2.383s]                  from [01m[K/opt/ros/humble/include/rclcpp/rclcpp/memory_strategies.hpp:18[m[K,
[2.383s]                  from [01m[K/opt/ros/humble/include/rclcpp/rclcpp/executor_options.hpp:20[m[K,
[2.383s]                  from [01m[K/opt/ros/humble/include/rclcpp/rclcpp/executor.hpp:37[m[K,
[2.383s]                  from [01m[K/opt/ros/humble/include/rclcpp/rclcpp/executors/multi_threaded_executor.hpp:25[m[K,
[2.383s]                  from [01m[K/opt/ros/humble/include/rclcpp/rclcpp/executors.hpp:21[m[K,
[2.383s]                  from [01m[K/opt/ros/humble/include/rclcpp/rclcpp/rclcpp.hpp:155[m[K,
[2.383s]                  from [01m[K/home/megsindelar/Final_Project/ros_ws/src/img_transform/src/video_frequency.cpp:2[m[K:
[2.383s] [01m[K/home/megsindelar/Final_Project/ros_ws/src/img_transform/src/video_frequency.cpp:67:85:[m[K [01;36m[Knote: [m[K  mismatched types ‘[01m[Kconst cv::Point3_<_Tp>[m[K’ and ‘[01m[Kint[m[K’
[2.383s]    67 |                 RCLCPP_INFO(rclcpp::get_logger("message"), "Frequency: %f\n", count/[01;36m[Kelapsed[m[K);
[2.383s]       |                                                                                     [01;36m[K^~~~~~~[m[K
[2.383s] In file included from [01m[K/usr/include/opencv4/opencv2/core.hpp:57[m[K,
[2.383s]                  from [01m[K/usr/include/opencv4/opencv2/core/core.hpp:48[m[K,
[2.383s]                  from [01m[K/opt/ros/humble/include/cv_bridge/cv_bridge/cv_bridge.h:43[m[K,
[2.383s]                  from [01m[K/home/megsindelar/Final_Project/ros_ws/src/img_transform/src/video_frequency.cpp:4[m[K:
[2.383s] [01m[K/usr/include/opencv4/opencv2/core/types.hpp:1677:14:[m[K [01;36m[Knote: [m[Kcandidate: ‘[01m[Ktemplate<class _Tp> cv::Point3_<_Tp> cv::operator/(const cv::Point3_<_Tp>&, float)[m[K’
[2.383s]  1677 | Point3_<_Tp> [01;36m[Koperator[m[K / (const Point3_<_Tp>& a, float b)
[2.383s]       |              [01;36m[K^~~~~~~~[m[K
[2.383s] [01m[K/usr/include/opencv4/opencv2/core/types.hpp:1677:14:[m[K [01;36m[Knote: [m[K  template argument deduction/substitution failed:
[2.383s] In file included from [01m[K/opt/ros/humble/include/rclcpp/rclcpp/logging.hpp:24[m[K,
[2.383s]                  from [01m[K/opt/ros/humble/include/rclcpp/rclcpp/client.hpp:40[m[K,
[2.383s]                  from [01m[K/opt/ros/humble/include/rclcpp/rclcpp/callback_group.hpp:24[m[K,
[2.383s]                  from [01m[K/opt/ros/humble/include/rclcpp/rclcpp/any_executable.hpp:20[m[K,
[2.383s]                  from [01m[K/opt/ros/humble/include/rclcpp/rclcpp/memory_strategy.hpp:25[m[K,
[2.383s]                  from [01m[K/opt/ros/humble/include/rclcpp/rclcpp/memory_strategies.hpp:18[m[K,
[2.383s]                  from [01m[K/opt/ros/humble/include/rclcpp/rclcpp/executor_options.hpp:20[m[K,
[2.384s]                  from [01m[K/opt/ros/humble/include/rclcpp/rclcpp/executor.hpp:37[m[K,
[2.384s]                  from [01m[K/opt/ros/humble/include/rclcpp/rclcpp/executors/multi_threaded_executor.hpp:25[m[K,
[2.384s]                  from [01m[K/opt/ros/humble/include/rclcpp/rclcpp/executors.hpp:21[m[K,
[2.384s]                  from [01m[K/opt/ros/humble/include/rclcpp/rclcpp/rclcpp.hpp:155[m[K,
[2.384s]                  from [01m[K/home/megsindelar/Final_Project/ros_ws/src/img_transform/src/video_frequency.cpp:2[m[K:
[2.384s] [01m[K/home/megsindelar/Final_Project/ros_ws/src/img_transform/src/video_frequency.cpp:67:85:[m[K [01;36m[Knote: [m[K  mismatched types ‘[01m[Kconst cv::Point3_<_Tp>[m[K’ and ‘[01m[Kint[m[K’
[2.384s]    67 |                 RCLCPP_INFO(rclcpp::get_logger("message"), "Frequency: %f\n", count/[01;36m[Kelapsed[m[K);
[2.384s]       |                                                                                     [01;36m[K^~~~~~~[m[K
[2.384s] In file included from [01m[K/usr/include/opencv4/opencv2/core.hpp:57[m[K,
[2.384s]                  from [01m[K/usr/include/opencv4/opencv2/core/core.hpp:48[m[K,
[2.384s]                  from [01m[K/opt/ros/humble/include/cv_bridge/cv_bridge/cv_bridge.h:43[m[K,
[2.384s]                  from [01m[K/home/megsindelar/Final_Project/ros_ws/src/img_transform/src/video_frequency.cpp:4[m[K:
[2.384s] [01m[K/usr/include/opencv4/opencv2/core/types.hpp:1685:14:[m[K [01;36m[Knote: [m[Kcandidate: ‘[01m[Ktemplate<class _Tp> cv::Point3_<_Tp> cv::operator/(const cv::Point3_<_Tp>&, double)[m[K’
[2.384s]  1685 | Point3_<_Tp> [01;36m[Koperator[m[K / (const Point3_<_Tp>& a, double b)
[2.384s]       |              [01;36m[K^~~~~~~~[m[K
[2.384s] [01m[K/usr/include/opencv4/opencv2/core/types.hpp:1685:14:[m[K [01;36m[Knote: [m[K  template argument deduction/substitution failed:
[2.384s] In file included from [01m[K/opt/ros/humble/include/rclcpp/rclcpp/logging.hpp:24[m[K,
[2.384s]                  from [01m[K/opt/ros/humble/include/rclcpp/rclcpp/client.hpp:40[m[K,
[2.384s]                  from [01m[K/opt/ros/humble/include/rclcpp/rclcpp/callback_group.hpp:24[m[K,
[2.384s]                  from [01m[K/opt/ros/humble/include/rclcpp/rclcpp/any_executable.hpp:20[m[K,
[2.384s]                  from [01m[K/opt/ros/humble/include/rclcpp/rclcpp/memory_strategy.hpp:25[m[K,
[2.384s]                  from [01m[K/opt/ros/humble/include/rclcpp/rclcpp/memory_strategies.hpp:18[m[K,
[2.384s]                  from [01m[K/opt/ros/humble/include/rclcpp/rclcpp/executor_options.hpp:20[m[K,
[2.384s]                  from [01m[K/opt/ros/humble/include/rclcpp/rclcpp/executor.hpp:37[m[K,
[2.384s]                  from [01m[K/opt/ros/humble/include/rclcpp/rclcpp/executors/multi_threaded_executor.hpp:25[m[K,
[2.384s]                  from [01m[K/opt/ros/humble/include/rclcpp/rclcpp/executors.hpp:21[m[K,
[2.384s]                  from [01m[K/opt/ros/humble/include/rclcpp/rclcpp/rclcpp.hpp:155[m[K,
[2.384s]                  from [01m[K/home/megsindelar/Final_Project/ros_ws/src/img_transform/src/video_frequency.cpp:2[m[K:
[2.384s] [01m[K/home/megsindelar/Final_Project/ros_ws/src/img_transform/src/video_frequency.cpp:67:85:[m[K [01;36m[Knote: [m[K  mismatched types ‘[01m[Kconst cv::Point3_<_Tp>[m[K’ and ‘[01m[Kint[m[K’
[2.384s]    67 |                 RCLCPP_INFO(rclcpp::get_logger("message"), "Frequency: %f\n", count/[01;36m[Kelapsed[m[K);
[2.384s]       |                                                                                     [01;36m[K^~~~~~~[m[K
[2.384s] In file included from [01m[K/usr/include/opencv4/opencv2/core.hpp:57[m[K,
[2.384s]                  from [01m[K/usr/include/opencv4/opencv2/core/core.hpp:48[m[K,
[2.384s]                  from [01m[K/opt/ros/humble/include/cv_bridge/cv_bridge/cv_bridge.h:43[m[K,
[2.385s]                  from [01m[K/home/megsindelar/Final_Project/ros_ws/src/img_transform/src/video_frequency.cpp:4[m[K:
[2.385s] [01m[K/usr/include/opencv4/opencv2/core/types.hpp:1783:12:[m[K [01;36m[Knote: [m[Kcandidate: ‘[01m[Ktemplate<class _Tp> cv::Size_<_Tp> cv::operator/(const cv::Size_<_Tp>&, _Tp)[m[K’
[2.385s]  1783 | Size_<_Tp> [01;36m[Koperator[m[K / (const Size_<_Tp>& a, _Tp b)
[2.385s]       |            [01;36m[K^~~~~~~~[m[K
[2.385s] [01m[K/usr/include/opencv4/opencv2/core/types.hpp:1783:12:[m[K [01;36m[Knote: [m[K  template argument deduction/substitution failed:
[2.385s] In file included from [01m[K/opt/ros/humble/include/rclcpp/rclcpp/logging.hpp:24[m[K,
[2.385s]                  from [01m[K/opt/ros/humble/include/rclcpp/rclcpp/client.hpp:40[m[K,
[2.385s]                  from [01m[K/opt/ros/humble/include/rclcpp/rclcpp/callback_group.hpp:24[m[K,
[2.385s]                  from [01m[K/opt/ros/humble/include/rclcpp/rclcpp/any_executable.hpp:20[m[K,
[2.385s]                  from [01m[K/opt/ros/humble/include/rclcpp/rclcpp/memory_strategy.hpp:25[m[K,
[2.385s]                  from [01m[K/opt/ros/humble/include/rclcpp/rclcpp/memory_strategies.hpp:18[m[K,
[2.385s]                  from [01m[K/opt/ros/humble/include/rclcpp/rclcpp/executor_options.hpp:20[m[K,
[2.385s]                  from [01m[K/opt/ros/humble/include/rclcpp/rclcpp/executor.hpp:37[m[K,
[2.385s]                  from [01m[K/opt/ros/humble/include/rclcpp/rclcpp/executors/multi_threaded_executor.hpp:25[m[K,
[2.385s]                  from [01m[K/opt/ros/humble/include/rclcpp/rclcpp/executors.hpp:21[m[K,
[2.385s]                  from [01m[K/opt/ros/humble/include/rclcpp/rclcpp/rclcpp.hpp:155[m[K,
[2.385s]                  from [01m[K/home/megsindelar/Final_Project/ros_ws/src/img_transform/src/video_frequency.cpp:2[m[K:
[2.385s] [01m[K/home/megsindelar/Final_Project/ros_ws/src/img_transform/src/video_frequency.cpp:67:85:[m[K [01;36m[Knote: [m[K  mismatched types ‘[01m[Kconst cv::Size_<_Tp>[m[K’ and ‘[01m[Kint[m[K’
[2.385s]    67 |                 RCLCPP_INFO(rclcpp::get_logger("message"), "Frequency: %f\n", count/[01;36m[Kelapsed[m[K);
[2.385s]       |                                                                                     [01;36m[K^~~~~~~[m[K
[2.385s] In file included from [01m[K/usr/include/opencv4/opencv2/core.hpp:57[m[K,
[2.385s]                  from [01m[K/usr/include/opencv4/opencv2/core/core.hpp:48[m[K,
[2.385s]                  from [01m[K/opt/ros/humble/include/cv_bridge/cv_bridge/cv_bridge.h:43[m[K,
[2.385s]                  from [01m[K/home/megsindelar/Final_Project/ros_ws/src/img_transform/src/video_frequency.cpp:4[m[K:
[2.385s] [01m[K/usr/include/opencv4/opencv2/core/types.hpp:2375:14:[m[K [01;36m[Knote: [m[Kcandidate: ‘[01m[Ktemplate<class _Tp> cv::Scalar_<_Tp> cv::operator/(const cv::Scalar_<_Tp>&, _Tp)[m[K’
[2.385s]  2375 | Scalar_<_Tp> [01;36m[Koperator[m[K / (const Scalar_<_Tp>& a, _Tp alpha)
[2.385s]       |              [01;36m[K^~~~~~~~[m[K
[2.385s] [01m[K/usr/include/opencv4/opencv2/core/types.hpp:2375:14:[m[K [01;36m[Knote: [m[K  template argument deduction/substitution failed:
[2.385s] In file included from [01m[K/opt/ros/humble/include/rclcpp/rclcpp/logging.hpp:24[m[K,
[2.385s]                  from [01m[K/opt/ros/humble/include/rclcpp/rclcpp/client.hpp:40[m[K,
[2.385s]                  from [01m[K/opt/ros/humble/include/rclcpp/rclcpp/callback_group.hpp:24[m[K,
[2.385s]                  from [01m[K/opt/ros/humble/include/rclcpp/rclcpp/any_executable.hpp:20[m[K,
[2.385s]                  from [01m[K/opt/ros/humble/include/rclcpp/rclcpp/memory_strategy.hpp:25[m[K,
[2.385s]                  from [01m[K/opt/ros/humble/include/rclcpp/rclcpp/memory_strategies.hpp:18[m[K,
[2.386s]                  from [01m[K/opt/ros/humble/include/rclcpp/rclcpp/executor_options.hpp:20[m[K,
[2.386s]                  from [01m[K/opt/ros/humble/include/rclcpp/rclcpp/executor.hpp:37[m[K,
[2.386s]                  from [01m[K/opt/ros/humble/include/rclcpp/rclcpp/executors/multi_threaded_executor.hpp:25[m[K,
[2.386s]                  from [01m[K/opt/ros/humble/include/rclcpp/rclcpp/executors.hpp:21[m[K,
[2.386s]                  from [01m[K/opt/ros/humble/include/rclcpp/rclcpp/rclcpp.hpp:155[m[K,
[2.386s]                  from [01m[K/home/megsindelar/Final_Project/ros_ws/src/img_transform/src/video_frequency.cpp:2[m[K:
[2.386s] [01m[K/home/megsindelar/Final_Project/ros_ws/src/img_transform/src/video_frequency.cpp:67:85:[m[K [01;36m[Knote: [m[K  mismatched types ‘[01m[Kconst cv::Scalar_<_Tp>[m[K’ and ‘[01m[Kint[m[K’
[2.386s]    67 |                 RCLCPP_INFO(rclcpp::get_logger("message"), "Frequency: %f\n", count/[01;36m[Kelapsed[m[K);
[2.386s]       |                                                                                     [01;36m[K^~~~~~~[m[K
[2.386s] In file included from [01m[K/usr/include/opencv4/opencv2/core.hpp:57[m[K,
[2.386s]                  from [01m[K/usr/include/opencv4/opencv2/core/core.hpp:48[m[K,
[2.386s]                  from [01m[K/opt/ros/humble/include/cv_bridge/cv_bridge/cv_bridge.h:43[m[K,
[2.386s]                  from [01m[K/home/megsindelar/Final_Project/ros_ws/src/img_transform/src/video_frequency.cpp:4[m[K:
[2.386s] [01m[K/usr/include/opencv4/opencv2/core/types.hpp:2384:16:[m[K [01;36m[Knote: [m[Kcandidate: ‘[01m[Ktemplate<class _Tp> cv::Scalar_<float> cv::operator/(const cv::Scalar_<float>&, float)[m[K’
[2.386s]  2384 | Scalar_<float> [01;36m[Koperator[m[K / (const Scalar_<float>& a, float alpha)
[2.386s]       |                [01;36m[K^~~~~~~~[m[K
[2.386s] [01m[K/usr/include/opencv4/opencv2/core/types.hpp:2384:16:[m[K [01;36m[Knote: [m[K  template argument deduction/substitution failed:
[2.386s] In file included from [01m[K/opt/ros/humble/include/rclcpp/rclcpp/logging.hpp:24[m[K,
[2.386s]                  from [01m[K/opt/ros/humble/include/rclcpp/rclcpp/client.hpp:40[m[K,
[2.386s]                  from [01m[K/opt/ros/humble/include/rclcpp/rclcpp/callback_group.hpp:24[m[K,
[2.386s]                  from [01m[K/opt/ros/humble/include/rclcpp/rclcpp/any_executable.hpp:20[m[K,
[2.386s]                  from [01m[K/opt/ros/humble/include/rclcpp/rclcpp/memory_strategy.hpp:25[m[K,
[2.386s]                  from [01m[K/opt/ros/humble/include/rclcpp/rclcpp/memory_strategies.hpp:18[m[K,
[2.386s]                  from [01m[K/opt/ros/humble/include/rclcpp/rclcpp/executor_options.hpp:20[m[K,
[2.386s]                  from [01m[K/opt/ros/humble/include/rclcpp/rclcpp/executor.hpp:37[m[K,
[2.386s]                  from [01m[K/opt/ros/humble/include/rclcpp/rclcpp/executors/multi_threaded_executor.hpp:25[m[K,
[2.386s]                  from [01m[K/opt/ros/humble/include/rclcpp/rclcpp/executors.hpp:21[m[K,
[2.386s]                  from [01m[K/opt/ros/humble/include/rclcpp/rclcpp/rclcpp.hpp:155[m[K,
[2.386s]                  from [01m[K/home/megsindelar/Final_Project/ros_ws/src/img_transform/src/video_frequency.cpp:2[m[K:
[2.386s] [01m[K/home/megsindelar/Final_Project/ros_ws/src/img_transform/src/video_frequency.cpp:67:85:[m[K [01;36m[Knote: [m[K  couldn’t deduce template parameter ‘[01m[K_Tp[m[K’
[2.386s]    67 |                 RCLCPP_INFO(rclcpp::get_logger("message"), "Frequency: %f\n", count/[01;36m[Kelapsed[m[K);
[2.386s]       |                                                                                     [01;36m[K^~~~~~~[m[K
[2.386s] In file included from [01m[K/usr/include/opencv4/opencv2/core.hpp:57[m[K,
[2.386s]                  from [01m[K/usr/include/opencv4/opencv2/core/core.hpp:48[m[K,
[2.387s]                  from [01m[K/opt/ros/humble/include/cv_bridge/cv_bridge/cv_bridge.h:43[m[K,
[2.387s]                  from [01m[K/home/megsindelar/Final_Project/ros_ws/src/img_transform/src/video_frequency.cpp:4[m[K:
[2.387s] [01m[K/usr/include/opencv4/opencv2/core/types.hpp:2391:17:[m[K [01;36m[Knote: [m[Kcandidate: ‘[01m[Ktemplate<class _Tp> cv::Scalar_<double> cv::operator/(const cv::Scalar_<double>&, double)[m[K’
[2.387s]  2391 | Scalar_<double> [01;36m[Koperator[m[K / (const Scalar_<double>& a, double alpha)
[2.387s]       |                 [01;36m[K^~~~~~~~[m[K
[2.387s] [01m[K/usr/include/opencv4/opencv2/core/types.hpp:2391:17:[m[K [01;36m[Knote: [m[K  template argument deduction/substitution failed:
[2.387s] In file included from [01m[K/opt/ros/humble/include/rclcpp/rclcpp/logging.hpp:24[m[K,
[2.387s]                  from [01m[K/opt/ros/humble/include/rclcpp/rclcpp/client.hpp:40[m[K,
[2.387s]                  from [01m[K/opt/ros/humble/include/rclcpp/rclcpp/callback_group.hpp:24[m[K,
[2.387s]                  from [01m[K/opt/ros/humble/include/rclcpp/rclcpp/any_executable.hpp:20[m[K,
[2.387s]                  from [01m[K/opt/ros/humble/include/rclcpp/rclcpp/memory_strategy.hpp:25[m[K,
[2.387s]                  from [01m[K/opt/ros/humble/include/rclcpp/rclcpp/memory_strategies.hpp:18[m[K,
[2.387s]                  from [01m[K/opt/ros/humble/include/rclcpp/rclcpp/executor_options.hpp:20[m[K,
[2.387s]                  from [01m[K/opt/ros/humble/include/rclcpp/rclcpp/executor.hpp:37[m[K,
[2.387s]                  from [01m[K/opt/ros/humble/include/rclcpp/rclcpp/executors/multi_threaded_executor.hpp:25[m[K,
[2.387s]                  from [01m[K/opt/ros/humble/include/rclcpp/rclcpp/executors.hpp:21[m[K,
[2.387s]                  from [01m[K/opt/ros/humble/include/rclcpp/rclcpp/rclcpp.hpp:155[m[K,
[2.387s]                  from [01m[K/home/megsindelar/Final_Project/ros_ws/src/img_transform/src/video_frequency.cpp:2[m[K:
[2.387s] [01m[K/home/megsindelar/Final_Project/ros_ws/src/img_transform/src/video_frequency.cpp:67:85:[m[K [01;36m[Knote: [m[K  couldn’t deduce template parameter ‘[01m[K_Tp[m[K’
[2.387s]    67 |                 RCLCPP_INFO(rclcpp::get_logger("message"), "Frequency: %f\n", count/[01;36m[Kelapsed[m[K);
[2.387s]       |                                                                                     [01;36m[K^~~~~~~[m[K
[2.387s] In file included from [01m[K/usr/include/opencv4/opencv2/core.hpp:57[m[K,
[2.387s]                  from [01m[K/usr/include/opencv4/opencv2/core/core.hpp:48[m[K,
[2.387s]                  from [01m[K/opt/ros/humble/include/cv_bridge/cv_bridge/cv_bridge.h:43[m[K,
[2.387s]                  from [01m[K/home/megsindelar/Final_Project/ros_ws/src/img_transform/src/video_frequency.cpp:4[m[K:
[2.387s] [01m[K/usr/include/opencv4/opencv2/core/types.hpp:2405:14:[m[K [01;36m[Knote: [m[Kcandidate: ‘[01m[Ktemplate<class _Tp> cv::Scalar_<_Tp> cv::operator/(_Tp, const cv::Scalar_<_Tp>&)[m[K’
[2.387s]  2405 | Scalar_<_Tp> [01;36m[Koperator[m[K / (_Tp a, const Scalar_<_Tp>& b)
[2.387s]       |              [01;36m[K^~~~~~~~[m[K
[2.387s] [01m[K/usr/include/opencv4/opencv2/core/types.hpp:2405:14:[m[K [01;36m[Knote: [m[K  template argument deduction/substitution failed:
[2.387s] In file included from [01m[K/opt/ros/humble/include/rclcpp/rclcpp/logging.hpp:24[m[K,
[2.387s]                  from [01m[K/opt/ros/humble/include/rclcpp/rclcpp/client.hpp:40[m[K,
[2.388s]                  from [01m[K/opt/ros/humble/include/rclcpp/rclcpp/callback_group.hpp:24[m[K,
[2.388s]                  from [01m[K/opt/ros/humble/include/rclcpp/rclcpp/any_executable.hpp:20[m[K,
[2.388s]                  from [01m[K/opt/ros/humble/include/rclcpp/rclcpp/memory_strategy.hpp:25[m[K,
[2.388s]                  from [01m[K/opt/ros/humble/include/rclcpp/rclcpp/memory_strategies.hpp:18[m[K,
[2.388s]                  from [01m[K/opt/ros/humble/include/rclcpp/rclcpp/executor_options.hpp:20[m[K,
[2.388s]                  from [01m[K/opt/ros/humble/include/rclcpp/rclcpp/executor.hpp:37[m[K,
[2.388s]                  from [01m[K/opt/ros/humble/include/rclcpp/rclcpp/executors/multi_threaded_executor.hpp:25[m[K,
[2.388s]                  from [01m[K/opt/ros/humble/include/rclcpp/rclcpp/executors.hpp:21[m[K,
[2.388s]                  from [01m[K/opt/ros/humble/include/rclcpp/rclcpp/rclcpp.hpp:155[m[K,
[2.388s]                  from [01m[K/home/megsindelar/Final_Project/ros_ws/src/img_transform/src/video_frequency.cpp:2[m[K:
[2.388s] [01m[K/home/megsindelar/Final_Project/ros_ws/src/img_transform/src/video_frequency.cpp:67:85:[m[K [01;36m[Knote: [m[K  ‘[01m[Kstd::chrono::duration<long int, std::ratio<1, 1000000000> >[m[K’ is not derived from ‘[01m[Kconst cv::Scalar_<_Tp>[m[K’
[2.388s]    67 |                 RCLCPP_INFO(rclcpp::get_logger("message"), "Frequency: %f\n", count/[01;36m[Kelapsed[m[K);
[2.388s]       |                                                                                     [01;36m[K^~~~~~~[m[K
[2.388s] In file included from [01m[K/usr/include/opencv4/opencv2/core.hpp:57[m[K,
[2.388s]                  from [01m[K/usr/include/opencv4/opencv2/core/core.hpp:48[m[K,
[2.388s]                  from [01m[K/opt/ros/humble/include/cv_bridge/cv_bridge/cv_bridge.h:43[m[K,
[2.388s]                  from [01m[K/home/megsindelar/Final_Project/ros_ws/src/img_transform/src/video_frequency.cpp:4[m[K:
[2.388s] [01m[K/usr/include/opencv4/opencv2/core/types.hpp:2412:14:[m[K [01;36m[Knote: [m[Kcandidate: ‘[01m[Ktemplate<class _Tp> cv::Scalar_<_Tp> cv::operator/(const cv::Scalar_<_Tp>&, const cv::Scalar_<_Tp>&)[m[K’
[2.388s]  2412 | Scalar_<_Tp> [01;36m[Koperator[m[K / (const Scalar_<_Tp>& a, const Scalar_<_Tp>& b)
[2.388s]       |              [01;36m[K^~~~~~~~[m[K
[2.388s] [01m[K/usr/include/opencv4/opencv2/core/types.hpp:2412:14:[m[K [01;36m[Knote: [m[K  template argument deduction/substitution failed:
[2.388s] In file included from [01m[K/opt/ros/humble/include/rclcpp/rclcpp/logging.hpp:24[m[K,
[2.388s]                  from [01m[K/opt/ros/humble/include/rclcpp/rclcpp/client.hpp:40[m[K,
[2.388s]                  from [01m[K/opt/ros/humble/include/rclcpp/rclcpp/callback_group.hpp:24[m[K,
[2.388s]                  from [01m[K/opt/ros/humble/include/rclcpp/rclcpp/any_executable.hpp:20[m[K,
[2.388s]                  from [01m[K/opt/ros/humble/include/rclcpp/rclcpp/memory_strategy.hpp:25[m[K,
[2.388s]                  from [01m[K/opt/ros/humble/include/rclcpp/rclcpp/memory_strategies.hpp:18[m[K,
[2.388s]                  from [01m[K/opt/ros/humble/include/rclcpp/rclcpp/executor_options.hpp:20[m[K,
[2.388s]                  from [01m[K/opt/ros/humble/include/rclcpp/rclcpp/executor.hpp:37[m[K,
[2.388s]                  from [01m[K/opt/ros/humble/include/rclcpp/rclcpp/executors/multi_threaded_executor.hpp:25[m[K,
[2.388s]                  from [01m[K/opt/ros/humble/include/rclcpp/rclcpp/executors.hpp:21[m[K,
[2.388s]                  from [01m[K/opt/ros/humble/include/rclcpp/rclcpp/rclcpp.hpp:155[m[K,
[2.389s]                  from [01m[K/home/megsindelar/Final_Project/ros_ws/src/img_transform/src/video_frequency.cpp:2[m[K:
[2.389s] [01m[K/home/megsindelar/Final_Project/ros_ws/src/img_transform/src/video_frequency.cpp:67:85:[m[K [01;36m[Knote: [m[K  mismatched types ‘[01m[Kconst cv::Scalar_<_Tp>[m[K’ and ‘[01m[Kint[m[K’
[2.389s]    67 |                 RCLCPP_INFO(rclcpp::get_logger("message"), "Frequency: %f\n", count/[01;36m[Kelapsed[m[K);
[2.389s]       |                                                                                     [01;36m[K^~~~~~~[m[K
[2.389s] In file included from [01m[K/usr/include/opencv4/opencv2/core.hpp:58[m[K,
[2.389s]                  from [01m[K/usr/include/opencv4/opencv2/core/core.hpp:48[m[K,
[2.389s]                  from [01m[K/opt/ros/humble/include/cv_bridge/cv_bridge/cv_bridge.h:43[m[K,
[2.389s]                  from [01m[K/home/megsindelar/Final_Project/ros_ws/src/img_transform/src/video_frequency.cpp:4[m[K:
[2.389s] [01m[K/usr/include/opencv4/opencv2/core/mat.hpp:3648:9:[m[K [01;36m[Knote: [m[Kcandidate: ‘[01m[Ktemplate<class _Tp, int m, int n> cv::MatExpr cv::operator/(const cv::Mat&, const cv::Matx<_Tp, m, n>&)[m[K’
[2.389s]  3648 | MatExpr [01;36m[Koperator[m[K / (const Mat& a, const Matx<_Tp, m, n>& b) { return a / Mat(b); }
[2.389s]       |         [01;36m[K^~~~~~~~[m[K
[2.389s] [01m[K/usr/include/opencv4/opencv2/core/mat.hpp:3648:9:[m[K [01;36m[Knote: [m[K  template argument deduction/substitution failed:
[2.389s] In file included from [01m[K/opt/ros/humble/include/rclcpp/rclcpp/logging.hpp:24[m[K,
[2.389s]                  from [01m[K/opt/ros/humble/include/rclcpp/rclcpp/client.hpp:40[m[K,
[2.389s]                  from [01m[K/opt/ros/humble/include/rclcpp/rclcpp/callback_group.hpp:24[m[K,
[2.389s]                  from [01m[K/opt/ros/humble/include/rclcpp/rclcpp/any_executable.hpp:20[m[K,
[2.389s]                  from [01m[K/opt/ros/humble/include/rclcpp/rclcpp/memory_strategy.hpp:25[m[K,
[2.389s]                  from [01m[K/opt/ros/humble/include/rclcpp/rclcpp/memory_strategies.hpp:18[m[K,
[2.389s]                  from [01m[K/opt/ros/humble/include/rclcpp/rclcpp/executor_options.hpp:20[m[K,
[2.389s]                  from [01m[K/opt/ros/humble/include/rclcpp/rclcpp/executor.hpp:37[m[K,
[2.389s]                  from [01m[K/opt/ros/humble/include/rclcpp/rclcpp/executors/multi_threaded_executor.hpp:25[m[K,
[2.389s]                  from [01m[K/opt/ros/humble/include/rclcpp/rclcpp/executors.hpp:21[m[K,
[2.389s]                  from [01m[K/opt/ros/humble/include/rclcpp/rclcpp/rclcpp.hpp:155[m[K,
[2.389s]                  from [01m[K/home/megsindelar/Final_Project/ros_ws/src/img_transform/src/video_frequency.cpp:2[m[K:
[2.389s] [01m[K/home/megsindelar/Final_Project/ros_ws/src/img_transform/src/video_frequency.cpp:67:85:[m[K [01;36m[Knote: [m[K  ‘[01m[Kstd::chrono::duration<long int, std::ratio<1, 1000000000> >[m[K’ is not derived from ‘[01m[Kconst cv::Matx<_Tp, m, n>[m[K’
[2.389s]    67 |                 RCLCPP_INFO(rclcpp::get_logger("message"), "Frequency: %f\n", count/[01;36m[Kelapsed[m[K);
[2.389s]       |                                                                                     [01;36m[K^~~~~~~[m[K
[2.389s] In file included from [01m[K/usr/include/opencv4/opencv2/core.hpp:58[m[K,
[2.389s]                  from [01m[K/usr/include/opencv4/opencv2/core/core.hpp:48[m[K,
[2.389s]                  from [01m[K/opt/ros/humble/include/cv_bridge/cv_bridge/cv_bridge.h:43[m[K,
[2.390s]                  from [01m[K/home/megsindelar/Final_Project/ros_ws/src/img_transform/src/video_frequency.cpp:4[m[K:
[2.390s] [01m[K/usr/include/opencv4/opencv2/core/mat.hpp:3650:9:[m[K [01;36m[Knote: [m[Kcandidate: ‘[01m[Ktemplate<class _Tp, int m, int n> cv::MatExpr cv::operator/(const cv::Matx<_Tp, m, n>&, const cv::Mat&)[m[K’
[2.390s]  3650 | MatExpr [01;36m[Koperator[m[K / (const Matx<_Tp, m, n>& a, const Mat& b) { return Mat(a) / b; }
[2.390s]       |         [01;36m[K^~~~~~~~[m[K
[2.390s] [01m[K/usr/include/opencv4/opencv2/core/mat.hpp:3650:9:[m[K [01;36m[Knote: [m[K  template argument deduction/substitution failed:
[2.390s] In file included from [01m[K/opt/ros/humble/include/rclcpp/rclcpp/logging.hpp:24[m[K,
[2.390s]                  from [01m[K/opt/ros/humble/include/rclcpp/rclcpp/client.hpp:40[m[K,
[2.390s]                  from [01m[K/opt/ros/humble/include/rclcpp/rclcpp/callback_group.hpp:24[m[K,
[2.390s]                  from [01m[K/opt/ros/humble/include/rclcpp/rclcpp/any_executable.hpp:20[m[K,
[2.390s]                  from [01m[K/opt/ros/humble/include/rclcpp/rclcpp/memory_strategy.hpp:25[m[K,
[2.390s]                  from [01m[K/opt/ros/humble/include/rclcpp/rclcpp/memory_strategies.hpp:18[m[K,
[2.390s]                  from [01m[K/opt/ros/humble/include/rclcpp/rclcpp/executor_options.hpp:20[m[K,
[2.390s]                  from [01m[K/opt/ros/humble/include/rclcpp/rclcpp/executor.hpp:37[m[K,
[2.390s]                  from [01m[K/opt/ros/humble/include/rclcpp/rclcpp/executors/multi_threaded_executor.hpp:25[m[K,
[2.390s]                  from [01m[K/opt/ros/humble/include/rclcpp/rclcpp/executors.hpp:21[m[K,
[2.390s]                  from [01m[K/opt/ros/humble/include/rclcpp/rclcpp/rclcpp.hpp:155[m[K,
[2.390s]                  from [01m[K/home/megsindelar/Final_Project/ros_ws/src/img_transform/src/video_frequency.cpp:2[m[K:
[2.390s] [01m[K/home/megsindelar/Final_Project/ros_ws/src/img_transform/src/video_frequency.cpp:67:85:[m[K [01;36m[Knote: [m[K  mismatched types ‘[01m[Kconst cv::Matx<_Tp, m, n>[m[K’ and ‘[01m[Kint[m[K’
[2.390s]    67 |                 RCLCPP_INFO(rclcpp::get_logger("message"), "Frequency: %f\n", count/[01;36m[Kelapsed[m[K);
[2.390s]       |                                                                                     [01;36m[K^~~~~~~[m[K
[2.390s] In file included from [01m[K/usr/include/c++/11/mutex:39[m[K,
[2.390s]                  from [01m[K/usr/include/c++/11/future:38[m[K,
[2.390s]                  from [01m[K/opt/ros/humble/include/rclcpp/rclcpp/executors.hpp:18[m[K,
[2.390s]                  from [01m[K/opt/ros/humble/include/rclcpp/rclcpp/rclcpp.hpp:155[m[K,
[2.390s]                  from [01m[K/home/megsindelar/Final_Project/ros_ws/src/img_transform/src/video_frequency.cpp:2[m[K:
[2.390s] [01m[K/usr/include/c++/11/chrono:706:7:[m[K [01;36m[Knote: [m[Kcandidate: ‘[01m[Ktemplate<class _Rep1, class _Period, class _Rep2> constexpr std::chrono::duration<std::chrono::__common_rep_t<_Rep1, typename std::enable_if<(! std::chrono::__is_duration<_Rep2>::value), _Rep2>::type>, _Period> std::chrono::operator/(const std::chrono::duration<_Rep1, _Period1>&, const _Rep2&)[m[K’
[2.390s]   706 |       [01;36m[Koperator[m[K/(const duration<_Rep1, _Period>& __d, const _Rep2& __s)
[2.390s]       |       [01;36m[K^~~~~~~~[m[K
[2.390s] [01m[K/usr/include/c++/11/chrono:706:7:[m[K [01;36m[Knote: [m[K  template argument deduction/substitution failed:
[2.390s] In file included from [01m[K/opt/ros/humble/include/rclcpp/rclcpp/logging.hpp:24[m[K,
[2.391s]                  from [01m[K/opt/ros/humble/include/rclcpp/rclcpp/client.hpp:40[m[K,
[2.391s]                  from [01m[K/opt/ros/humble/include/rclcpp/rclcpp/callback_group.hpp:24[m[K,
[2.391s]                  from [01m[K/opt/ros/humble/include/rclcpp/rclcpp/any_executable.hpp:20[m[K,
[2.391s]                  from [01m[K/opt/ros/humble/include/rclcpp/rclcpp/memory_strategy.hpp:25[m[K,
[2.391s]                  from [01m[K/opt/ros/humble/include/rclcpp/rclcpp/memory_strategies.hpp:18[m[K,
[2.391s]                  from [01m[K/opt/ros/humble/include/rclcpp/rclcpp/executor_options.hpp:20[m[K,
[2.391s]                  from [01m[K/opt/ros/humble/include/rclcpp/rclcpp/executor.hpp:37[m[K,
[2.391s]                  from [01m[K/opt/ros/humble/include/rclcpp/rclcpp/executors/multi_threaded_executor.hpp:25[m[K,
[2.391s]                  from [01m[K/opt/ros/humble/include/rclcpp/rclcpp/executors.hpp:21[m[K,
[2.391s]                  from [01m[K/opt/ros/humble/include/rclcpp/rclcpp/rclcpp.hpp:155[m[K,
[2.391s]                  from [01m[K/home/megsindelar/Final_Project/ros_ws/src/img_transform/src/video_frequency.cpp:2[m[K:
[2.391s] [01m[K/home/megsindelar/Final_Project/ros_ws/src/img_transform/src/video_frequency.cpp:67:85:[m[K [01;36m[Knote: [m[K  mismatched types ‘[01m[Kconst std::chrono::duration<_Rep1, _Period1>[m[K’ and ‘[01m[Kint[m[K’
[2.391s]    67 |                 RCLCPP_INFO(rclcpp::get_logger("message"), "Frequency: %f\n", count/[01;36m[Kelapsed[m[K);
[2.391s]       |                                                                                     [01;36m[K^~~~~~~[m[K
[2.391s] In file included from [01m[K/usr/include/c++/11/mutex:39[m[K,
[2.391s]                  from [01m[K/usr/include/c++/11/future:38[m[K,
[2.391s]                  from [01m[K/opt/ros/humble/include/rclcpp/rclcpp/executors.hpp:18[m[K,
[2.391s]                  from [01m[K/opt/ros/humble/include/rclcpp/rclcpp/rclcpp.hpp:155[m[K,
[2.391s]                  from [01m[K/home/megsindelar/Final_Project/ros_ws/src/img_transform/src/video_frequency.cpp:2[m[K:
[2.391s] [01m[K/usr/include/c++/11/chrono:716:7:[m[K [01;36m[Knote: [m[Kcandidate: ‘[01m[Ktemplate<class _Rep1, class _Period1, class _Rep2, class _Period2> constexpr typename std::common_type<_Rep1, _Rep2>::type std::chrono::operator/(const std::chrono::duration<_Rep1, _Period1>&, const std::chrono::duration<_Rep2, _Period2>&)[m[K’
[2.391s]   716 |       [01;36m[Koperator[m[K/(const duration<_Rep1, _Period1>& __lhs,
[2.391s]       |       [01;36m[K^~~~~~~~[m[K
[2.391s] [01m[K/usr/include/c++/11/chrono:716:7:[m[K [01;36m[Knote: [m[K  template argument deduction/substitution failed:
[2.391s] In file included from [01m[K/opt/ros/humble/include/rclcpp/rclcpp/logging.hpp:24[m[K,
[2.391s]                  from [01m[K/opt/ros/humble/include/rclcpp/rclcpp/client.hpp:40[m[K,
[2.391s]                  from [01m[K/opt/ros/humble/include/rclcpp/rclcpp/callback_group.hpp:24[m[K,
[2.391s]                  from [01m[K/opt/ros/humble/include/rclcpp/rclcpp/any_executable.hpp:20[m[K,
[2.391s]                  from [01m[K/opt/ros/humble/include/rclcpp/rclcpp/memory_strategy.hpp:25[m[K,
[2.391s]                  from [01m[K/opt/ros/humble/include/rclcpp/rclcpp/memory_strategies.hpp:18[m[K,
[2.391s]                  from [01m[K/opt/ros/humble/include/rclcpp/rclcpp/executor_options.hpp:20[m[K,
[2.391s]                  from [01m[K/opt/ros/humble/include/rclcpp/rclcpp/executor.hpp:37[m[K,
[2.391s]                  from [01m[K/opt/ros/humble/include/rclcpp/rclcpp/executors/multi_threaded_executor.hpp:25[m[K,
[2.391s]                  from [01m[K/opt/ros/humble/include/rclcpp/rclcpp/executors.hpp:21[m[K,
[2.392s]                  from [01m[K/opt/ros/humble/include/rclcpp/rclcpp/rclcpp.hpp:155[m[K,
[2.392s]                  from [01m[K/home/megsindelar/Final_Project/ros_ws/src/img_transform/src/video_frequency.cpp:2[m[K:
[2.392s] [01m[K/home/megsindelar/Final_Project/ros_ws/src/img_transform/src/video_frequency.cpp:67:85:[m[K [01;36m[Knote: [m[K  mismatched types ‘[01m[Kconst std::chrono::duration<_Rep1, _Period1>[m[K’ and ‘[01m[Kint[m[K’
[2.392s]    67 |                 RCLCPP_INFO(rclcpp::get_logger("message"), "Frequency: %f\n", count/[01;36m[Kelapsed[m[K);
[2.392s]       |                                                                                     [01;36m[K^~~~~~~[m[K
[2.392s] In file included from [01m[K/usr/include/opencv4/opencv2/core.hpp:58[m[K,
[2.392s]                  from [01m[K/usr/include/opencv4/opencv2/core/core.hpp:48[m[K,
[2.392s]                  from [01m[K/opt/ros/humble/include/cv_bridge/cv_bridge/cv_bridge.h:43[m[K,
[2.392s]                  from [01m[K/home/megsindelar/Final_Project/ros_ws/src/img_transform/src/video_frequency.cpp:4[m[K:
[2.392s] [01m[K/usr/include/opencv4/opencv2/core/mat.hpp:3639:20:[m[K [01;36m[Knote: [m[Kcandidate: ‘[01m[Kcv::MatExpr cv::operator/(const cv::Mat&, const cv::Mat&)[m[K’
[2.392s]  3639 | CV_EXPORTS MatExpr [01;36m[Koperator[m[K / (const Mat& a, const Mat& b);
[2.392s]       |                    [01;36m[K^~~~~~~~[m[K
[2.392s] [01m[K/usr/include/opencv4/opencv2/core/mat.hpp:3639:43:[m[K [01;36m[Knote: [m[K  no known conversion for argument 1 from ‘[01m[Kint[m[K’ to ‘[01m[Kconst cv::Mat&[m[K’
[2.392s]  3639 | CV_EXPORTS MatExpr operator / ([01;36m[Kconst Mat& a[m[K, const Mat& b);
[2.392s]       |                                [01;36m[K~~~~~~~~~~~^[m[K
[2.392s] [01m[K/usr/include/opencv4/opencv2/core/mat.hpp:3640:20:[m[K [01;36m[Knote: [m[Kcandidate: ‘[01m[Kcv::MatExpr cv::operator/(const cv::Mat&, double)[m[K’
[2.392s]  3640 | CV_EXPORTS MatExpr [01;36m[Koperator[m[K / (const Mat& a, double s);
[2.392s]       |                    [01;36m[K^~~~~~~~[m[K
[2.392s] [01m[K/usr/include/opencv4/opencv2/core/mat.hpp:3640:43:[m[K [01;36m[Knote: [m[K  no known conversion for argument 1 from ‘[01m[Kint[m[K’ to ‘[01m[Kconst cv::Mat&[m[K’
[2.392s]  3640 | CV_EXPORTS MatExpr operator / ([01;36m[Kconst Mat& a[m[K, double s);
[2.392s]       |                                [01;36m[K~~~~~~~~~~~^[m[K
[2.392s] [01m[K/usr/include/opencv4/opencv2/core/mat.hpp:3641:20:[m[K [01;36m[Knote: [m[Kcandidate: ‘[01m[Kcv::MatExpr cv::operator/(double, const cv::Mat&)[m[K’
[2.392s]  3641 | CV_EXPORTS MatExpr [01;36m[Koperator[m[K / (double s, const Mat& a);
[2.392s]       |                    [01;36m[K^~~~~~~~[m[K
[2.392s] [01m[K/usr/include/opencv4/opencv2/core/mat.hpp:3641:53:[m[K [01;36m[Knote: [m[K  no known conversion for argument 2 from ‘[01m[Kstd::chrono::duration<long int, std::ratio<1, 1000000000> >[m[K’ to ‘[01m[Kconst cv::Mat&[m[K’
[2.392s]  3641 | CV_EXPORTS MatExpr operator / (double s, [01;36m[Kconst Mat& a[m[K);
[2.392s]       |                                          [01;36m[K~~~~~~~~~~~^[m[K
[2.392s] [01m[K/usr/include/opencv4/opencv2/core/mat.hpp:3642:20:[m[K [01;36m[Knote: [m[Kcandidate: ‘[01m[Kcv::MatExpr cv::operator/(const cv::MatExpr&, const cv::Mat&)[m[K’
[2.392s]  3642 | CV_EXPORTS MatExpr [01;36m[Koperator[m[K / (const MatExpr& e, const Mat& m);
[2.392s]       |                    [01;36m[K^~~~~~~~[m[K
[2.392s] [01m[K/usr/include/opencv4/opencv2/core/mat.hpp:3642:47:[m[K [01;36m[Knote: [m[K  no known conversion for argument 1 from ‘[01m[Kint[m[K’ to ‘[01m[Kconst cv::MatExpr&[m[K’
[2.393s]  3642 | CV_EXPORTS MatExpr operator / ([01;36m[Kconst MatExpr& e[m[K, const Mat& m);
[2.393s]       |                                [01;36m[K~~~~~~~~~~~~~~~^[m[K
[2.393s] [01m[K/usr/include/opencv4/opencv2/core/mat.hpp:3643:20:[m[K [01;36m[Knote: [m[Kcandidate: ‘[01m[Kcv::MatExpr cv::operator/(const cv::Mat&, const cv::MatExpr&)[m[K’
[2.393s]  3643 | CV_EXPORTS MatExpr [01;36m[Koperator[m[K / (const Mat& m, const MatExpr& e);
[2.393s]       |                    [01;36m[K^~~~~~~~[m[K
[2.393s] [01m[K/usr/include/opencv4/opencv2/core/mat.hpp:3643:43:[m[K [01;36m[Knote: [m[K  no known conversion for argument 1 from ‘[01m[Kint[m[K’ to ‘[01m[Kconst cv::Mat&[m[K’
[2.393s]  3643 | CV_EXPORTS MatExpr operator / ([01;36m[Kconst Mat& m[m[K, const MatExpr& e);
[2.393s]       |                                [01;36m[K~~~~~~~~~~~^[m[K
[2.393s] [01m[K/usr/include/opencv4/opencv2/core/mat.hpp:3644:20:[m[K [01;36m[Knote: [m[Kcandidate: ‘[01m[Kcv::MatExpr cv::operator/(const cv::MatExpr&, double)[m[K’
[2.393s]  3644 | CV_EXPORTS MatExpr [01;36m[Koperator[m[K / (const MatExpr& e, double s);
[2.393s]       |                    [01;36m[K^~~~~~~~[m[K
[2.393s] [01m[K/usr/include/opencv4/opencv2/core/mat.hpp:3644:47:[m[K [01;36m[Knote: [m[K  no known conversion for argument 1 from ‘[01m[Kint[m[K’ to ‘[01m[Kconst cv::MatExpr&[m[K’
[2.393s]  3644 | CV_EXPORTS MatExpr operator / ([01;36m[Kconst MatExpr& e[m[K, double s);
[2.393s]       |                                [01;36m[K~~~~~~~~~~~~~~~^[m[K
[2.393s] [01m[K/usr/include/opencv4/opencv2/core/mat.hpp:3645:20:[m[K [01;36m[Knote: [m[Kcandidate: ‘[01m[Kcv::MatExpr cv::operator/(double, const cv::MatExpr&)[m[K’
[2.393s]  3645 | CV_EXPORTS MatExpr [01;36m[Koperator[m[K / (double s, const MatExpr& e);
[2.393s]       |                    [01;36m[K^~~~~~~~[m[K
[2.393s] [01m[K/usr/include/opencv4/opencv2/core/mat.hpp:3645:57:[m[K [01;36m[Knote: [m[K  no known conversion for argument 2 from ‘[01m[Kstd::chrono::duration<long int, std::ratio<1, 1000000000> >[m[K’ to ‘[01m[Kconst cv::MatExpr&[m[K’
[2.393s]  3645 | CV_EXPORTS MatExpr operator / (double s, [01;36m[Kconst MatExpr& e[m[K);
[2.393s]       |                                          [01;36m[K~~~~~~~~~~~~~~~^[m[K
[2.393s] [01m[K/usr/include/opencv4/opencv2/core/mat.hpp:3646:20:[m[K [01;36m[Knote: [m[Kcandidate: ‘[01m[Kcv::MatExpr cv::operator/(const cv::MatExpr&, const cv::MatExpr&)[m[K’
[2.393s]  3646 | CV_EXPORTS MatExpr [01;36m[Koperator[m[K / (const MatExpr& e1, const MatExpr& e2);
[2.393s]       |                    [01;36m[K^~~~~~~~[m[K
[2.393s] [01m[K/usr/include/opencv4/opencv2/core/mat.hpp:3646:47:[m[K [01;36m[Knote: [m[K  no known conversion for argument 1 from ‘[01m[Kint[m[K’ to ‘[01m[Kconst cv::MatExpr&[m[K’
[2.393s]  3646 | CV_EXPORTS MatExpr operator / ([01;36m[Kconst MatExpr& e1[m[K, const MatExpr& e2);
[2.393s]       |                                [01;36m[K~~~~~~~~~~~~~~~^~[m[K
[2.956s] gmake[2]: *** [CMakeFiles/video_frequency.dir/build.make:76: CMakeFiles/video_frequency.dir/src/video_frequency.cpp.o] Error 1
[2.956s] gmake[1]: *** [CMakeFiles/Makefile2:165: CMakeFiles/video_frequency.dir/all] Error 2
[2.956s] gmake: *** [Makefile:146: all] Error 2
[2.958s] Invoked command in '/home/megsindelar/Final_Project/ros_ws/build/img_transform' returned '2': CMAKE_PREFIX_PATH=${CMAKE_PREFIX_PATH}:/home/megsindelar/ME_495/Final_Proj/install/attack_of_the_franka:/home/megsindelar/ME_495/Final_Proj/install/moveit_testing:/opt/ros/humble /usr/bin/cmake --build /home/megsindelar/Final_Project/ros_ws/build/img_transform -- -j8 -l8
