[0.009s] Invoking command in '/home/megsindelar/Final_Project/raspberry_pi_ws/build/turtlebot_control': CMAKE_PREFIX_PATH=${CMAKE_PREFIX_PATH}:/home/megsindelar/ME_495/Final_Proj/install/attack_of_the_franka:/home/megsindelar/ME_495/Final_Proj/install/moveit_testing:/opt/ros/humble /usr/bin/cmake --build /home/megsindelar/Final_Project/raspberry_pi_ws/build/turtlebot_control -- -j8 -l8
[0.029s] -- Found ament_cmake: 1.3.3 (/opt/ros/humble/share/ament_cmake/cmake)
[0.129s] -- Found rclcpp: 16.0.3 (/opt/ros/humble/share/rclcpp/cmake)
[0.147s] -- Found rosidl_generator_c: 3.1.4 (/opt/ros/humble/share/rosidl_generator_c/cmake)
[0.148s] -- Found rosidl_adapter: 3.1.4 (/opt/ros/humble/share/rosidl_adapter/cmake)
[0.151s] -- Found rosidl_generator_cpp: 3.1.4 (/opt/ros/humble/share/rosidl_generator_cpp/cmake)
[0.158s] -- Using all available rosidl_typesupport_c: rosidl_typesupport_fastrtps_c;rosidl_typesupport_introspection_c
[0.167s] -- Using all available rosidl_typesupport_cpp: rosidl_typesupport_fastrtps_cpp;rosidl_typesupport_introspection_cpp
[0.200s] -- Found rmw_implementation_cmake: 6.1.1 (/opt/ros/humble/share/rmw_implementation_cmake/cmake)
[0.201s] -- Found rmw_fastrtps_cpp: 6.2.2 (/opt/ros/humble/share/rmw_fastrtps_cpp/cmake)
[0.276s] -- Using RMW implementation 'rmw_fastrtps_cpp' as default
[0.369s] -- Found sensor_msgs: 4.2.3 (/opt/ros/humble/share/sensor_msgs/cmake)
[0.447s] -- Found cv_bridge: 3.2.1 (/opt/ros/humble/share/cv_bridge/cmake)
[0.451s] -- Found image_transport: 3.1.5 (/opt/ros/humble/share/image_transport/cmake)
[0.473s] -- Found rosidl_default_generators: 1.2.0 (/opt/ros/humble/share/rosidl_default_generators/cmake)
[0.649s] -- Found ament_cmake_ros: 0.10.0 (/opt/ros/humble/share/ament_cmake_ros/cmake)
[0.859s] -- Using all available rosidl_typesupport_c: rosidl_typesupport_fastrtps_c;rosidl_typesupport_introspection_c
[0.943s] -- Using all available rosidl_typesupport_cpp: rosidl_typesupport_fastrtps_cpp;rosidl_typesupport_introspection_cpp
[0.961s] -- Found python_cmake_module: 0.10.0 (/opt/ros/humble/share/python_cmake_module/cmake)
[0.979s] -- Using PYTHON_EXECUTABLE: /usr/bin/python3
[0.979s] -- Using PYTHON_INCLUDE_DIRS: /usr/include/python3.10
[0.979s] -- Using PYTHON_LIBRARIES: /usr/lib/x86_64-linux-gnu/libpython3.10.so
[0.988s] -- Found ament_lint_auto: 0.12.5 (/opt/ros/humble/share/ament_lint_auto/cmake)
[0.994s] -- Added test 'cppcheck' to perform static code analysis on C / C++ code
[0.994s] -- Configured cppcheck include dirs: 
[0.994s] -- Configured cppcheck exclude dirs and/or files: 
[0.994s] -- Added test 'lint_cmake' to check CMake code style
[0.995s] -- Added test 'uncrustify' to check C / C++ code style
[0.995s] -- Configured uncrustify additional arguments: 
[0.995s] -- Added test 'xmllint' to check XML markup files
[0.997s] -- Configuring done
[1.028s] -- Generating done
[1.030s] -- Build files have been written to: /home/megsindelar/Final_Project/raspberry_pi_ws/build/turtlebot_control
[1.049s] [35m[1mConsolidate compiler generated dependencies of target turtlebot_control_msg__rosidl_generator_c[0m
[1.056s] [  3%] Built target turtlebot_control_msg__cpp
[1.056s] [ 12%] Built target turtlebot_control_msg__rosidl_generator_c
[1.063s] [ 12%] Built target ament_cmake_python_copy_turtlebot_control
[1.063s] [35m[1mConsolidate compiler generated dependencies of target turtlebot_control_msg__rosidl_typesupport_fastrtps_cpp[0m
[1.064s] [35m[1mConsolidate compiler generated dependencies of target turtlebot_control_msg__rosidl_typesupport_introspection_cpp[0m
[1.064s] [35m[1mConsolidate compiler generated dependencies of target turtlebot_control_msg__rosidl_typesupport_cpp[0m
[1.072s] [35m[1mConsolidate compiler generated dependencies of target turtlebot_control_msg__rosidl_typesupport_fastrtps_c[0m
[1.073s] [35m[1mConsolidate compiler generated dependencies of target turtlebot_control_msg__rosidl_typesupport_c[0m
[1.073s] [35m[1mConsolidate compiler generated dependencies of target turtlebot_control_msg__rosidl_typesupport_introspection_c[0m
[1.074s] [ 21%] Built target turtlebot_control_msg__rosidl_typesupport_cpp
[1.075s] [ 30%] Built target turtlebot_control_msg__rosidl_typesupport_introspection_cpp
[1.075s] [ 39%] Built target turtlebot_control_msg__rosidl_typesupport_fastrtps_cpp
[1.081s] [ 54%] Built target turtlebot_control_msg__rosidl_typesupport_c
[1.081s] [ 57%] Built target turtlebot_control_msg__rosidl_typesupport_introspection_c
[1.082s] [35m[1mConsolidate compiler generated dependencies of target turtlebot_control[0m
[1.083s] [ 66%] Built target turtlebot_control_msg__rosidl_typesupport_fastrtps_c
[1.095s] [ 69%] [32mBuilding CXX object CMakeFiles/turtlebot_control.dir/src/turtlebot_control.cpp.o[0m
[1.097s] [ 69%] Built target turtlebot_control_msg
[1.111s] [ 72%] Built target turtlebot_control_msg__py
[1.118s] [35m[1mConsolidate compiler generated dependencies of target turtlebot_control_msg__rosidl_generator_py[0m
[1.127s] [ 75%] [32mBuilding C object CMakeFiles/turtlebot_control_msg__rosidl_generator_py.dir/rosidl_generator_py/turtlebot_control/msg/_keypoints_s.c.o[0m
[1.199s] [ 78%] [32m[1mLinking C shared library rosidl_generator_py/turtlebot_control/libturtlebot_control_msg__rosidl_generator_py.so[0m
[1.225s] [ 78%] Built target turtlebot_control_msg__rosidl_generator_py
[1.233s] [35m[1mConsolidate compiler generated dependencies of target turtlebot_control__rosidl_typesupport_introspection_c__pyext[0m
[1.233s] [35m[1mConsolidate compiler generated dependencies of target turtlebot_control__rosidl_typesupport_c__pyext[0m
[1.234s] [35m[1mConsolidate compiler generated dependencies of target turtlebot_control__rosidl_typesupport_fastrtps_c__pyext[0m
[1.241s] [ 81%] [32mBuilding C object CMakeFiles/turtlebot_control__rosidl_typesupport_c__pyext.dir/rosidl_generator_py/turtlebot_control/_turtlebot_control_s.ep.rosidl_typesupport_c.c.o[0m
[1.242s] [ 84%] [32mBuilding C object CMakeFiles/turtlebot_control__rosidl_typesupport_introspection_c__pyext.dir/rosidl_generator_py/turtlebot_control/_turtlebot_control_s.ep.rosidl_typesupport_introspection_c.c.o[0m
[1.246s] [ 87%] [32mBuilding C object CMakeFiles/turtlebot_control__rosidl_typesupport_fastrtps_c__pyext.dir/rosidl_generator_py/turtlebot_control/_turtlebot_control_s.ep.rosidl_typesupport_fastrtps_c.c.o[0m
[1.262s] running egg_info
[1.263s] writing turtlebot_control.egg-info/PKG-INFO
[1.263s] writing dependency_links to turtlebot_control.egg-info/dependency_links.txt
[1.263s] writing top-level names to turtlebot_control.egg-info/top_level.txt
[1.265s] reading manifest file 'turtlebot_control.egg-info/SOURCES.txt'
[1.265s] writing manifest file 'turtlebot_control.egg-info/SOURCES.txt'
[1.284s] [ 87%] Built target ament_cmake_python_build_turtlebot_control_egg
[1.301s] [ 90%] [32m[1mLinking C shared library rosidl_generator_py/turtlebot_control/turtlebot_control_s__rosidl_typesupport_c.cpython-310-x86_64-linux-gnu.so[0m
[1.323s] [ 90%] Built target turtlebot_control__rosidl_typesupport_c__pyext
[1.336s] [ 93%] [32m[1mLinking C shared library rosidl_generator_py/turtlebot_control/turtlebot_control_s__rosidl_typesupport_introspection_c.cpython-310-x86_64-linux-gnu.so[0m
[1.340s] [ 96%] [32m[1mLinking C shared library rosidl_generator_py/turtlebot_control/turtlebot_control_s__rosidl_typesupport_fastrtps_c.cpython-310-x86_64-linux-gnu.so[0m
[1.358s] [ 96%] Built target turtlebot_control__rosidl_typesupport_introspection_c__pyext
[1.363s] [ 96%] Built target turtlebot_control__rosidl_typesupport_fastrtps_c__pyext
[2.889s] [01m[K/home/megsindelar/Final_Project/raspberry_pi_ws/src/turtlebot_control/src/turtlebot_control.cpp:[m[K In constructor ‘[01m[KTurtlebotControl::TurtlebotControl()[m[K’:
[2.889s] [01m[K/home/megsindelar/Final_Project/raspberry_pi_ws/src/turtlebot_control/src/turtlebot_control.cpp:43:94:[m[K [01;31m[Kerror: [m[Kno match for ‘[01m[Koperator=[m[K’ (operand types are ‘[01m[Krclcpp::Publisher<turtlebot_control::msg::Keypoints_<std::allocator<void> > >::SharedPtr[m[K’ {aka ‘[01m[Kstd::shared_ptr<rclcpp::Publisher<turtlebot_control::msg::Keypoints_<std::allocator<void> > > >[m[K’} and ‘[01m[Kstd::shared_ptr<turtlebot_control::msg::Keypoints_<std::allocator<void> > >[m[K’)
[2.889s]    43 |  std::make_shared<turtlebot_control::msg::Keypoints>("/keypoints", 10[01;31m[K)[m[K;
[2.889s]       |                                                                      [01;31m[K^[m[K
[2.889s] 
[2.889s] In file included from [01m[K/usr/include/c++/11/memory:77[m[K,
[2.889s]                  from [01m[K/opt/ros/humble/include/rclcpp/rclcpp/rclcpp.hpp:153[m[K,
[2.889s]                  from [01m[K/home/megsindelar/Final_Project/raspberry_pi_ws/src/turtlebot_control/src/turtlebot_control.cpp:2[m[K:
[2.889s] [01m[K/usr/include/c++/11/bits/shared_ptr.h:363:9:[m[K [01;36m[Knote: [m[Kcandidate: ‘[01m[Ktemplate<class _Yp> std::shared_ptr<_Tp>::_Assignable<const std::shared_ptr<_Yp>&> std::shared_ptr<_Tp>::operator=(const std::shared_ptr<_Yp>&) [with _Yp = _Yp; _Tp = rclcpp::Publisher<turtlebot_control::msg::Keypoints_<std::allocator<void> > >][m[K’
[2.889s]   363 |         [01;36m[Koperator[m[K=(const shared_ptr<_Yp>& __r) noexcept
[2.889s]       |         [01;36m[K^~~~~~~~[m[K
[2.889s] [01m[K/usr/include/c++/11/bits/shared_ptr.h:363:9:[m[K [01;36m[Knote: [m[K  template argument deduction/substitution failed:
[2.889s] /usr/include/c++/11/bits/shared_ptr.h: In substitution of ‘[01m[Ktemplate<class _Tp> template<class _Arg> using _Assignable = typename std::enable_if<std::is_assignable<std::__shared_ptr<_Tp>&, _Arg>::value, std::shared_ptr<_Tp>&>::type [with _Arg = const std::shared_ptr<turtlebot_control::msg::Keypoints_<std::allocator<void> > >&; _Tp = rclcpp::Publisher<turtlebot_control::msg::Keypoints_<std::allocator<void> > >][m[K’:
[2.889s] [01m[K/usr/include/c++/11/bits/shared_ptr.h:363:2:[m[K   required by substitution of ‘[01m[Ktemplate<class _Yp> std::shared_ptr<rclcpp::Publisher<turtlebot_control::msg::Keypoints_<std::allocator<void> > > >::_Assignable<const std::shared_ptr<_Tp>&> std::shared_ptr<rclcpp::Publisher<turtlebot_control::msg::Keypoints_<std::allocator<void> > > >::operator=<_Yp>(const std::shared_ptr<_Tp>&) [with _Yp = turtlebot_control::msg::Keypoints_<std::allocator<void> >][m[K’
[2.889s] [01m[K/home/megsindelar/Final_Project/raspberry_pi_ws/src/turtlebot_control/src/turtlebot_control.cpp:43:94:[m[K   required from here
[2.889s] [01m[K/usr/include/c++/11/bits/shared_ptr.h:130:15:[m[K [01;31m[Kerror: [m[Kno type named ‘[01m[Ktype[m[K’ in ‘[01m[Kstruct std::enable_if<false, std::shared_ptr<rclcpp::Publisher<turtlebot_control::msg::Keypoints_<std::allocator<void> > > >&>[m[K’
[2.889s]   130 |         using [01;31m[K_Assignable[m[K = typename enable_if<
[2.889s]       |               [01;31m[K^~~~~~~~~~~[m[K
[2.889s] [01m[K/usr/include/c++/11/bits/shared_ptr.h:374:9:[m[K [01;36m[Knote: [m[Kcandidate: ‘[01m[Ktemplate<class _Yp> std::shared_ptr<_Tp>::_Assignable<std::auto_ptr<_Up> > std::shared_ptr<_Tp>::operator=(std::auto_ptr<_Up>&&) [with _Yp = _Yp; _Tp = rclcpp::Publisher<turtlebot_control::msg::Keypoints_<std::allocator<void> > >][m[K’
[2.889s]   374 |         [01;36m[Koperator[m[K=(auto_ptr<_Yp>&& __r)
[2.890s]       |         [01;36m[K^~~~~~~~[m[K
[2.890s] [01m[K/usr/include/c++/11/bits/shared_ptr.h:374:9:[m[K [01;36m[Knote: [m[K  template argument deduction/substitution failed:
[2.890s] [01m[K/home/megsindelar/Final_Project/raspberry_pi_ws/src/turtlebot_control/src/turtlebot_control.cpp:43:94:[m[K [01;36m[Knote: [m[K  ‘[01m[Kstd::shared_ptr<turtlebot_control::msg::Keypoints_<std::allocator<void> > >[m[K’ is not derived from ‘[01m[Kstd::auto_ptr<_Up>[m[K’
[2.890s]    43 |  std::make_shared<turtlebot_control::msg::Keypoints>("/keypoints", 10[01;36m[K)[m[K;
[2.890s]       |                                                                      [01;36m[K^[m[K
[2.890s] 
[2.890s] In file included from [01m[K/usr/include/c++/11/memory:77[m[K,
[2.890s]                  from [01m[K/opt/ros/humble/include/rclcpp/rclcpp/rclcpp.hpp:153[m[K,
[2.890s]                  from [01m[K/home/megsindelar/Final_Project/raspberry_pi_ws/src/turtlebot_control/src/turtlebot_control.cpp:2[m[K:
[2.890s] [01m[K/usr/include/c++/11/bits/shared_ptr.h:391:9:[m[K [01;36m[Knote: [m[Kcandidate: ‘[01m[Ktemplate<class _Yp> std::shared_ptr<_Tp>::_Assignable<std::shared_ptr<_Yp> > std::shared_ptr<_Tp>::operator=(std::shared_ptr<_Yp>&&) [with _Yp = _Yp; _Tp = rclcpp::Publisher<turtlebot_control::msg::Keypoints_<std::allocator<void> > >][m[K’
[2.890s]   391 |         [01;36m[Koperator[m[K=(shared_ptr<_Yp>&& __r) noexcept
[2.890s]       |         [01;36m[K^~~~~~~~[m[K
[2.890s] [01m[K/usr/include/c++/11/bits/shared_ptr.h:391:9:[m[K [01;36m[Knote: [m[K  template argument deduction/substitution failed:
[2.890s] /usr/include/c++/11/bits/shared_ptr.h: In substitution of ‘[01m[Ktemplate<class _Tp> template<class _Arg> using _Assignable = typename std::enable_if<std::is_assignable<std::__shared_ptr<_Tp>&, _Arg>::value, std::shared_ptr<_Tp>&>::type [with _Arg = std::shared_ptr<turtlebot_control::msg::Keypoints_<std::allocator<void> > >; _Tp = rclcpp::Publisher<turtlebot_control::msg::Keypoints_<std::allocator<void> > >][m[K’:
[2.890s] [01m[K/usr/include/c++/11/bits/shared_ptr.h:391:2:[m[K   required by substitution of ‘[01m[Ktemplate<class _Yp> std::shared_ptr<rclcpp::Publisher<turtlebot_control::msg::Keypoints_<std::allocator<void> > > >::_Assignable<std::shared_ptr<_Tp> > std::shared_ptr<rclcpp::Publisher<turtlebot_control::msg::Keypoints_<std::allocator<void> > > >::operator=<_Yp>(std::shared_ptr<_Tp>&&) [with _Yp = turtlebot_control::msg::Keypoints_<std::allocator<void> >][m[K’
[2.890s] [01m[K/home/megsindelar/Final_Project/raspberry_pi_ws/src/turtlebot_control/src/turtlebot_control.cpp:43:94:[m[K   required from here
[2.890s] [01m[K/usr/include/c++/11/bits/shared_ptr.h:130:15:[m[K [01;31m[Kerror: [m[Kno type named ‘[01m[Ktype[m[K’ in ‘[01m[Kstruct std::enable_if<false, std::shared_ptr<rclcpp::Publisher<turtlebot_control::msg::Keypoints_<std::allocator<void> > > >&>[m[K’
[2.890s]   130 |         using [01;31m[K_Assignable[m[K = typename enable_if<
[2.890s]       |               [01;31m[K^~~~~~~~~~~[m[K
[2.890s] [01m[K/usr/include/c++/11/bits/shared_ptr.h:399:9:[m[K [01;36m[Knote: [m[Kcandidate: ‘[01m[Ktemplate<class _Yp, class _Del> std::shared_ptr<_Tp>::_Assignable<std::unique_ptr<_Up, _Ep> > std::shared_ptr<_Tp>::operator=(std::unique_ptr<_Up, _Ep>&&) [with _Yp = _Yp; _Del = _Del; _Tp = rclcpp::Publisher<turtlebot_control::msg::Keypoints_<std::allocator<void> > >][m[K’
[2.890s]   399 |         [01;36m[Koperator[m[K=(unique_ptr<_Yp, _Del>&& __r)
[2.890s]       |         [01;36m[K^~~~~~~~[m[K
[2.890s] [01m[K/usr/include/c++/11/bits/shared_ptr.h:399:9:[m[K [01;36m[Knote: [m[K  template argument deduction/substitution failed:
[2.890s] [01m[K/home/megsindelar/Final_Project/raspberry_pi_ws/src/turtlebot_control/src/turtlebot_control.cpp:43:94:[m[K [01;36m[Knote: [m[K  ‘[01m[Kstd::shared_ptr<turtlebot_control::msg::Keypoints_<std::allocator<void> > >[m[K’ is not derived from ‘[01m[Kstd::unique_ptr<_Tp, _Dp>[m[K’
[2.890s]    43 |  std::make_shared<turtlebot_control::msg::Keypoints>("/keypoints", 10[01;36m[K)[m[K;
[2.890s]       |                                                                      [01;36m[K^[m[K
[2.890s] 
[2.890s] In file included from [01m[K/usr/include/c++/11/memory:77[m[K,
[2.890s]                  from [01m[K/opt/ros/humble/include/rclcpp/rclcpp/rclcpp.hpp:153[m[K,
[2.891s]                  from [01m[K/home/megsindelar/Final_Project/raspberry_pi_ws/src/turtlebot_control/src/turtlebot_control.cpp:2[m[K:
[2.891s] [01m[K/usr/include/c++/11/bits/shared_ptr.h:359:19:[m[K [01;36m[Knote: [m[Kcandidate: ‘[01m[Kstd::shared_ptr<_Tp>& std::shared_ptr<_Tp>::operator=(const std::shared_ptr<_Tp>&) [with _Tp = rclcpp::Publisher<turtlebot_control::msg::Keypoints_<std::allocator<void> > >][m[K’
[2.891s]   359 |       shared_ptr& [01;36m[Koperator[m[K=(const shared_ptr&) noexcept = default;
[2.891s]       |                   [01;36m[K^~~~~~~~[m[K
[2.891s] [01m[K/usr/include/c++/11/bits/shared_ptr.h:359:29:[m[K [01;36m[Knote: [m[K  no known conversion for argument 1 from ‘[01m[Kstd::shared_ptr<turtlebot_control::msg::Keypoints_<std::allocator<void> > >[m[K’ to ‘[01m[Kconst std::shared_ptr<rclcpp::Publisher<turtlebot_control::msg::Keypoints_<std::allocator<void> > > >&[m[K’
[2.891s]   359 |       shared_ptr& operator=([01;36m[Kconst shared_ptr&[m[K) noexcept = default;
[2.891s]       |                             [01;36m[K^~~~~~~~~~~~~~~~~[m[K
[2.891s] [01m[K/usr/include/c++/11/bits/shared_ptr.h:383:7:[m[K [01;36m[Knote: [m[Kcandidate: ‘[01m[Kstd::shared_ptr<_Tp>& std::shared_ptr<_Tp>::operator=(std::shared_ptr<_Tp>&&) [with _Tp = rclcpp::Publisher<turtlebot_control::msg::Keypoints_<std::allocator<void> > >][m[K’
[2.891s]   383 |       [01;36m[Koperator[m[K=(shared_ptr&& __r) noexcept
[2.891s]       |       [01;36m[K^~~~~~~~[m[K
[2.891s] [01m[K/usr/include/c++/11/bits/shared_ptr.h:383:30:[m[K [01;36m[Knote: [m[K  no known conversion for argument 1 from ‘[01m[Kstd::shared_ptr<turtlebot_control::msg::Keypoints_<std::allocator<void> > >[m[K’ to ‘[01m[Kstd::shared_ptr<rclcpp::Publisher<turtlebot_control::msg::Keypoints_<std::allocator<void> > > >&&[m[K’
[2.891s]   383 |       operator=([01;36m[Kshared_ptr&& __r[m[K) noexcept
[2.891s]       |                 [01;36m[K~~~~~~~~~~~~~^~~[m[K
[2.911s] [01m[K/home/megsindelar/Final_Project/raspberry_pi_ws/src/turtlebot_control/src/turtlebot_control.cpp:[m[K In member function ‘[01m[Kvoid TurtlebotControl::timer_callback()[m[K’:
[2.911s] [01m[K/home/megsindelar/Final_Project/raspberry_pi_ws/src/turtlebot_control/src/turtlebot_control.cpp:84:21:[m[K [01;31m[Kerror: [m[K‘[01m[Kdetector[m[K’ was not declared in this scope
[2.911s]    84 |                     [01;31m[Kdetector[m[K->detect (prev_frame ,keypoints_1 );
[2.912s]       |                     [01;31m[K^~~~~~~~[m[K
[2.912s] [01m[K/home/megsindelar/Final_Project/raspberry_pi_ws/src/turtlebot_control/src/turtlebot_control.cpp:88:40:[m[K [01;31m[Kerror: [m[K‘[01m[KKeypoints[m[K’ is not a member of ‘[01m[Kturtlebot_control[m[K’; did you mean ‘[01m[Kturtlebot_control::msg::Keypoints[m[K’?
[2.912s]    88 |                     turtlebot_control::[01;31m[KKeypoints[m[K keypoints;
[2.912s]       |                                        [01;31m[K^~~~~~~~~[m[K
[2.912s] In file included from [01m[K/home/megsindelar/Final_Project/raspberry_pi_ws/build/turtlebot_control/rosidl_generator_cpp/turtlebot_control/msg/keypoints.hpp:7[m[K,
[2.912s]                  from [01m[K/home/megsindelar/Final_Project/raspberry_pi_ws/src/turtlebot_control/src/turtlebot_control.cpp:15[m[K:
[2.912s] [01m[K/home/megsindelar/Final_Project/raspberry_pi_ws/build/turtlebot_control/rosidl_generator_cpp/turtlebot_control/msg/detail/keypoints__struct.hpp:126:7:[m[K [01;36m[Knote: [m[K‘[01m[Kturtlebot_control::msg::Keypoints[m[K’ declared here
[2.912s]   126 | using [01;36m[KKeypoints[m[K =
[2.912s]       |       [01;36m[K^~~~~~~~~[m[K
[2.918s] [01m[K/home/megsindelar/Final_Project/raspberry_pi_ws/src/turtlebot_control/src/turtlebot_control.cpp:89:21:[m[K [01;31m[Kerror: [m[K‘[01m[Kkeypoints[m[K’ was not declared in this scope; did you mean ‘[01m[Kkeypoints_2[m[K’?
[2.918s]    89 |                     [01;31m[Kkeypoints[m[K.keypoints_1 = keypoints_1;
[2.918s]       |                     [01;31m[K^~~~~~~~~[m[K
[2.918s]       |                     [32m[Kkeypoints_2[m[K
[2.918s] [01m[K/home/megsindelar/Final_Project/raspberry_pi_ws/src/turtlebot_control/src/turtlebot_control.cpp:152:13:[m[K [01;31m[Kerror: [m[Kexpected ‘[01m[K;[m[K’ before ‘[01m[K}[m[K’ token
[2.918s]   152 |             [01;31m[K}[m[K
[2.918s]       |             [01;31m[K^[m[K
[3.217s] In file included from [01m[K/usr/include/x86_64-linux-gnu/c++/11/bits/c++allocator.h:33[m[K,
[3.217s]                  from [01m[K/usr/include/c++/11/bits/allocator.h:46[m[K,
[3.217s]                  from [01m[K/usr/include/c++/11/string:41[m[K,
[3.217s]                  from [01m[K/usr/include/c++/11/bits/locale_classes.h:40[m[K,
[3.217s]                  from [01m[K/usr/include/c++/11/bits/ios_base.h:41[m[K,
[3.217s]                  from [01m[K/usr/include/c++/11/ios:42[m[K,
[3.217s]                  from [01m[K/usr/include/c++/11/ostream:38[m[K,
[3.217s]                  from [01m[K/usr/include/c++/11/iostream:39[m[K,
[3.217s]                  from [01m[K/home/megsindelar/Final_Project/raspberry_pi_ws/src/turtlebot_control/src/turtlebot_control.cpp:1[m[K:
[3.217s] /usr/include/c++/11/ext/new_allocator.h: In instantiation of ‘[01m[Kvoid __gnu_cxx::new_allocator<_Tp>::construct(_Up*, _Args&& ...) [with _Up = turtlebot_control::msg::Keypoints_<std::allocator<void> >; _Args = {const char (&)[11], int}; _Tp = turtlebot_control::msg::Keypoints_<std::allocator<void> >][m[K’:
[3.217s] [01m[K/usr/include/c++/11/bits/alloc_traits.h:516:17:[m[K   required from ‘[01m[Kstatic void std::allocator_traits<std::allocator<_CharT> >::construct(std::allocator_traits<std::allocator<_CharT> >::allocator_type&, _Up*, _Args&& ...) [with _Up = turtlebot_control::msg::Keypoints_<std::allocator<void> >; _Args = {const char (&)[11], int}; _Tp = turtlebot_control::msg::Keypoints_<std::allocator<void> >; std::allocator_traits<std::allocator<_CharT> >::allocator_type = std::allocator<turtlebot_control::msg::Keypoints_<std::allocator<void> > >][m[K’
[3.217s] [01m[K/usr/include/c++/11/bits/shared_ptr_base.h:519:39:[m[K   required from ‘[01m[Kstd::_Sp_counted_ptr_inplace<_Tp, _Alloc, _Lp>::_Sp_counted_ptr_inplace(_Alloc, _Args&& ...) [with _Args = {const char (&)[11], int}; _Tp = turtlebot_control::msg::Keypoints_<std::allocator<void> >; _Alloc = std::allocator<turtlebot_control::msg::Keypoints_<std::allocator<void> > >; __gnu_cxx::_Lock_policy _Lp = __gnu_cxx::_S_atomic][m[K’
[3.217s] [01m[K/usr/include/c++/11/bits/shared_ptr_base.h:650:16:[m[K   required from ‘[01m[Kstd::__shared_count<_Lp>::__shared_count(_Tp*&, std::_Sp_alloc_shared_tag<_Alloc>, _Args&& ...) [with _Tp = turtlebot_control::msg::Keypoints_<std::allocator<void> >; _Alloc = std::allocator<turtlebot_control::msg::Keypoints_<std::allocator<void> > >; _Args = {const char (&)[11], int}; __gnu_cxx::_Lock_policy _Lp = __gnu_cxx::_S_atomic][m[K’
[3.218s] [01m[K/usr/include/c++/11/bits/shared_ptr_base.h:1342:14:[m[K   required from ‘[01m[Kstd::__shared_ptr<_Tp, _Lp>::__shared_ptr(std::_Sp_alloc_shared_tag<_Tp>, _Args&& ...) [with _Alloc = std::allocator<turtlebot_control::msg::Keypoints_<std::allocator<void> > >; _Args = {const char (&)[11], int}; _Tp = turtlebot_control::msg::Keypoints_<std::allocator<void> >; __gnu_cxx::_Lock_policy _Lp = __gnu_cxx::_S_atomic][m[K’
[3.218s] [01m[K/usr/include/c++/11/bits/shared_ptr.h:409:59:[m[K   required from ‘[01m[Kstd::shared_ptr<_Tp>::shared_ptr(std::_Sp_alloc_shared_tag<_Tp>, _Args&& ...) [with _Alloc = std::allocator<turtlebot_control::msg::Keypoints_<std::allocator<void> > >; _Args = {const char (&)[11], int}; _Tp = turtlebot_control::msg::Keypoints_<std::allocator<void> >][m[K’
[3.218s] [01m[K/usr/include/c++/11/bits/shared_ptr.h:862:14:[m[K   required from ‘[01m[Kstd::shared_ptr<_Tp> std::allocate_shared(const _Alloc&, _Args&& ...) [with _Tp = turtlebot_control::msg::Keypoints_<std::allocator<void> >; _Alloc = std::allocator<turtlebot_control::msg::Keypoints_<std::allocator<void> > >; _Args = {const char (&)[11], int}][m[K’
[3.218s] [01m[K/usr/include/c++/11/bits/shared_ptr.h:878:39:[m[K   required from ‘[01m[Kstd::shared_ptr<_Tp> std::make_shared(_Args&& ...) [with _Tp = turtlebot_control::msg::Keypoints_<std::allocator<void> >; _Args = {const char (&)[11], int}][m[K’
[3.218s] [01m[K/home/megsindelar/Final_Project/raspberry_pi_ws/src/turtlebot_control/src/turtlebot_control.cpp:43:77:[m[K   required from here
[3.218s] [01m[K/usr/include/c++/11/ext/new_allocator.h:162:11:[m[K [01;31m[Kerror: [m[Kno matching function for call to ‘[01m[Kturtlebot_control::msg::Keypoints_<std::allocator<void> >::Keypoints_(const char [11], int)[m[K’
[3.218s]   162 |         { [01;31m[K::new((void *)__p) _Up(std::forward<_Args>(__args)...)[m[K; }
[3.218s]       |           [01;31m[K^~~~~~~~~~~~~~~~~~~~~~~~~~~~~~~~~~~~~~~~~~~~~~~~~~~~~~[m[K
[3.218s] In file included from [01m[K/home/megsindelar/Final_Project/raspberry_pi_ws/build/turtlebot_control/rosidl_generator_cpp/turtlebot_control/msg/keypoints.hpp:7[m[K,
[3.218s]                  from [01m[K/home/megsindelar/Final_Project/raspberry_pi_ws/src/turtlebot_control/src/turtlebot_control.cpp:15[m[K:
[3.218s] [01m[K/home/megsindelar/Final_Project/raspberry_pi_ws/build/turtlebot_control/rosidl_generator_cpp/turtlebot_control/msg/detail/keypoints__struct.hpp:41:12:[m[K [01;36m[Knote: [m[Kcandidate: ‘[01m[Kturtlebot_control::msg::Keypoints_<ContainerAllocator>::Keypoints_(const ContainerAllocator&, rosidl_runtime_cpp::MessageInitialization) [with ContainerAllocator = std::allocator<void>][m[K’
[3.218s]    41 |   explicit [01;36m[KKeypoints_[m[K(const ContainerAllocator & _alloc, rosidl_runtime_cpp::MessageInitialization _init = rosidl_runtime_cpp::MessageInitialization::ALL)
[3.218s]       |            [01;36m[K^~~~~~~~~~[m[K
[3.218s] [01m[K/home/megsindelar/Final_Project/raspberry_pi_ws/build/turtlebot_control/rosidl_generator_cpp/turtlebot_control/msg/detail/keypoints__struct.hpp:41:50:[m[K [01;36m[Knote: [m[K  no known conversion for argument 1 from ‘[01m[Kconst char [11][m[K’ to ‘[01m[Kconst std::allocator<void>&[m[K’
[3.218s]    41 |   explicit Keypoints_([01;36m[Kconst ContainerAllocator & _alloc[m[K, rosidl_runtime_cpp::MessageInitialization _init = rosidl_runtime_cpp::MessageInitialization::ALL)
[3.218s]       |                       [01;36m[K~~~~~~~~~~~~~~~~~~~~~~~~~~~^~~~~~[m[K
[3.218s] [01m[K/home/megsindelar/Final_Project/raspberry_pi_ws/build/turtlebot_control/rosidl_generator_cpp/turtlebot_control/msg/detail/keypoints__struct.hpp:36:12:[m[K [01;36m[Knote: [m[Kcandidate: ‘[01m[Kturtlebot_control::msg::Keypoints_<ContainerAllocator>::Keypoints_(rosidl_runtime_cpp::MessageInitialization) [with ContainerAllocator = std::allocator<void>][m[K’
[3.218s]    36 |   explicit [01;36m[KKeypoints_[m[K(rosidl_runtime_cpp::MessageInitialization _init = rosidl_runtime_cpp::MessageInitialization::ALL)
[3.218s]       |            [01;36m[K^~~~~~~~~~[m[K
[3.218s] [01m[K/home/megsindelar/Final_Project/raspberry_pi_ws/build/turtlebot_control/rosidl_generator_cpp/turtlebot_control/msg/detail/keypoints__struct.hpp:36:12:[m[K [01;36m[Knote: [m[K  candidate expects 1 argument, 2 provided
[3.218s] [01m[K/home/megsindelar/Final_Project/raspberry_pi_ws/build/turtlebot_control/rosidl_generator_cpp/turtlebot_control/msg/detail/keypoints__struct.hpp:32:8:[m[K [01;36m[Knote: [m[Kcandidate: ‘[01m[Kturtlebot_control::msg::Keypoints_<std::allocator<void> >::Keypoints_(const turtlebot_control::msg::Keypoints_<std::allocator<void> >&)[m[K’
[3.218s]    32 | struct [01;36m[KKeypoints_[m[K
[3.218s]       |        [01;36m[K^~~~~~~~~~[m[K
[3.218s] [01m[K/home/megsindelar/Final_Project/raspberry_pi_ws/build/turtlebot_control/rosidl_generator_cpp/turtlebot_control/msg/detail/keypoints__struct.hpp:32:8:[m[K [01;36m[Knote: [m[K  candidate expects 1 argument, 2 provided
[3.218s] [01m[K/home/megsindelar/Final_Project/raspberry_pi_ws/build/turtlebot_control/rosidl_generator_cpp/turtlebot_control/msg/detail/keypoints__struct.hpp:32:8:[m[K [01;36m[Knote: [m[Kcandidate: ‘[01m[Kturtlebot_control::msg::Keypoints_<std::allocator<void> >::Keypoints_(turtlebot_control::msg::Keypoints_<std::allocator<void> >&&)[m[K’
[3.218s] [01m[K/home/megsindelar/Final_Project/raspberry_pi_ws/build/turtlebot_control/rosidl_generator_cpp/turtlebot_control/msg/detail/keypoints__struct.hpp:32:8:[m[K [01;36m[Knote: [m[K  candidate expects 1 argument, 2 provided
[3.290s] gmake[2]: *** [CMakeFiles/turtlebot_control.dir/build.make:76: CMakeFiles/turtlebot_control.dir/src/turtlebot_control.cpp.o] Error 1
[3.291s] gmake[1]: *** [CMakeFiles/Makefile2:593: CMakeFiles/turtlebot_control.dir/all] Error 2
[3.291s] gmake: *** [Makefile:146: all] Error 2
[3.293s] Invoked command in '/home/megsindelar/Final_Project/raspberry_pi_ws/build/turtlebot_control' returned '2': CMAKE_PREFIX_PATH=${CMAKE_PREFIX_PATH}:/home/megsindelar/ME_495/Final_Proj/install/attack_of_the_franka:/home/megsindelar/ME_495/Final_Proj/install/moveit_testing:/opt/ros/humble /usr/bin/cmake --build /home/megsindelar/Final_Project/raspberry_pi_ws/build/turtlebot_control -- -j8 -l8
