[0.011s] Invoking command in '/home/megsindelar/Final_Project/ros_ws/build/img_transform': CMAKE_PREFIX_PATH=${CMAKE_PREFIX_PATH}:/home/megsindelar/ME_495/Final_Proj/install/attack_of_the_franka:/home/megsindelar/ME_495/Final_Proj/install/moveit_testing:/opt/ros/humble /usr/bin/cmake --build /home/megsindelar/Final_Project/ros_ws/build/img_transform -- -j8 -l8
[0.028s] -- Found ament_cmake: 1.3.3 (/opt/ros/humble/share/ament_cmake/cmake)
[0.129s] -- Found rclcpp: 16.0.3 (/opt/ros/humble/share/rclcpp/cmake)
[0.146s] -- Found rosidl_generator_c: 3.1.4 (/opt/ros/humble/share/rosidl_generator_c/cmake)
[0.148s] -- Found rosidl_adapter: 3.1.4 (/opt/ros/humble/share/rosidl_adapter/cmake)
[0.151s] -- Found rosidl_generator_cpp: 3.1.4 (/opt/ros/humble/share/rosidl_generator_cpp/cmake)
[0.158s] -- Using all available rosidl_typesupport_c: rosidl_typesupport_fastrtps_c;rosidl_typesupport_introspection_c
[0.166s] -- Using all available rosidl_typesupport_cpp: rosidl_typesupport_fastrtps_cpp;rosidl_typesupport_introspection_cpp
[0.201s] -- Found rmw_implementation_cmake: 6.1.1 (/opt/ros/humble/share/rmw_implementation_cmake/cmake)
[0.202s] -- Found rmw_fastrtps_cpp: 6.2.2 (/opt/ros/humble/share/rmw_fastrtps_cpp/cmake)
[0.278s] -- Using RMW implementation 'rmw_fastrtps_cpp' as default
[0.372s] -- Found sensor_msgs: 4.2.3 (/opt/ros/humble/share/sensor_msgs/cmake)
[0.453s] -- Found cv_bridge: 3.2.1 (/opt/ros/humble/share/cv_bridge/cmake)
[0.457s] -- Found image_transport: 3.1.5 (/opt/ros/humble/share/image_transport/cmake)
[0.481s] -- Found ament_lint_auto: 0.12.5 (/opt/ros/humble/share/ament_lint_auto/cmake)
[0.525s] -- Added test 'cppcheck' to perform static code analysis on C / C++ code
[0.525s] -- Configured cppcheck include dirs: 
[0.525s] -- Configured cppcheck exclude dirs and/or files: 
[0.525s] -- Added test 'lint_cmake' to check CMake code style
[0.525s] -- Added test 'uncrustify' to check C / C++ code style
[0.525s] -- Configured uncrustify additional arguments: 
[0.525s] -- Added test 'xmllint' to check XML markup files
[0.526s] -- Configuring done
[0.534s] -- Generating done
[0.534s] -- Build files have been written to: /home/megsindelar/Final_Project/ros_ws/build/img_transform
[0.552s] [35m[1mConsolidate compiler generated dependencies of target img_transform[0m
[0.568s] [ 50%] [32mBuilding CXX object CMakeFiles/img_transform.dir/src/img_transform.cpp.o[0m
[2.656s] [100%] [32m[1mLinking CXX executable img_transform[0m
[2.936s] [100%] Built target img_transform
[2.943s] Invoked command in '/home/megsindelar/Final_Project/ros_ws/build/img_transform' returned '0': CMAKE_PREFIX_PATH=${CMAKE_PREFIX_PATH}:/home/megsindelar/ME_495/Final_Proj/install/attack_of_the_franka:/home/megsindelar/ME_495/Final_Proj/install/moveit_testing:/opt/ros/humble /usr/bin/cmake --build /home/megsindelar/Final_Project/ros_ws/build/img_transform -- -j8 -l8
[2.967s] Invoking command in '/home/megsindelar/Final_Project/ros_ws/build/img_transform': CMAKE_PREFIX_PATH=${CMAKE_PREFIX_PATH}:/home/megsindelar/ME_495/Final_Proj/install/attack_of_the_franka:/home/megsindelar/ME_495/Final_Proj/install/moveit_testing:/opt/ros/humble /usr/bin/cmake --install /home/megsindelar/Final_Project/ros_ws/build/img_transform
[2.974s] -- Install configuration: ""
[2.974s] -- Installing: /home/megsindelar/Final_Project/ros_ws/install/img_transform/lib/img_transform/img_transform
[2.974s] -- Set runtime path of "/home/megsindelar/Final_Project/ros_ws/install/img_transform/lib/img_transform/img_transform" to ""
[2.974s] -- Installing: /home/megsindelar/Final_Project/ros_ws/install/img_transform/share/ament_index/resource_index/package_run_dependencies/img_transform
[2.974s] -- Installing: /home/megsindelar/Final_Project/ros_ws/install/img_transform/share/ament_index/resource_index/parent_prefix_path/img_transform
[2.974s] -- Installing: /home/megsindelar/Final_Project/ros_ws/install/img_transform/share/img_transform/environment/ament_prefix_path.sh
[2.974s] -- Installing: /home/megsindelar/Final_Project/ros_ws/install/img_transform/share/img_transform/environment/ament_prefix_path.dsv
[2.975s] -- Installing: /home/megsindelar/Final_Project/ros_ws/install/img_transform/share/img_transform/environment/path.sh
[2.975s] -- Installing: /home/megsindelar/Final_Project/ros_ws/install/img_transform/share/img_transform/environment/path.dsv
[2.975s] -- Installing: /home/megsindelar/Final_Project/ros_ws/install/img_transform/share/img_transform/local_setup.bash
[2.975s] -- Installing: /home/megsindelar/Final_Project/ros_ws/install/img_transform/share/img_transform/local_setup.sh
[2.975s] -- Installing: /home/megsindelar/Final_Project/ros_ws/install/img_transform/share/img_transform/local_setup.zsh
[2.975s] -- Installing: /home/megsindelar/Final_Project/ros_ws/install/img_transform/share/img_transform/local_setup.dsv
[2.975s] -- Installing: /home/megsindelar/Final_Project/ros_ws/install/img_transform/share/img_transform/package.dsv
[2.975s] -- Installing: /home/megsindelar/Final_Project/ros_ws/install/img_transform/share/ament_index/resource_index/packages/img_transform
[2.975s] -- Installing: /home/megsindelar/Final_Project/ros_ws/install/img_transform/share/img_transform/cmake/img_transformConfig.cmake
[2.975s] -- Installing: /home/megsindelar/Final_Project/ros_ws/install/img_transform/share/img_transform/cmake/img_transformConfig-version.cmake
[2.975s] -- Installing: /home/megsindelar/Final_Project/ros_ws/install/img_transform/share/img_transform/package.xml
[2.976s] Invoked command in '/home/megsindelar/Final_Project/ros_ws/build/img_transform' returned '0': CMAKE_PREFIX_PATH=${CMAKE_PREFIX_PATH}:/home/megsindelar/ME_495/Final_Proj/install/attack_of_the_franka:/home/megsindelar/ME_495/Final_Proj/install/moveit_testing:/opt/ros/humble /usr/bin/cmake --install /home/megsindelar/Final_Project/ros_ws/build/img_transform
