[35m[1mConsolidate compiler generated dependencies of target img_transform_msg__rosidl_generator_c[0m
[  2%] Built target img_transform_msg__cpp
[ 11%] Built target img_transform_msg__rosidl_generator_c
[ 14%] Built target ament_cmake_python_copy_img_transform
[ 17%] Built target video_frequency
[35m[1mConsolidate compiler generated dependencies of target img_transform_msg__rosidl_typesupport_c[0m
[35m[1mConsolidate compiler generated dependencies of target img_transform_msg__rosidl_typesupport_cpp[0m
[35m[1mConsolidate compiler generated dependencies of target img_transform_msg__rosidl_typesupport_introspection_c[0m
[35m[1mConsolidate compiler generated dependencies of target img_transform_msg__rosidl_typesupport_fastrtps_cpp[0m
[35m[1mConsolidate compiler generated dependencies of target img_transform_msg__rosidl_typesupport_introspection_cpp[0m
[ 25%] Built target img_transform_msg__rosidl_typesupport_c
[35m[1mConsolidate compiler generated dependencies of target img_transform_msg__rosidl_typesupport_fastrtps_c[0m
[ 34%] Built target img_transform_msg__rosidl_typesupport_introspection_c
[ 42%] Built target img_transform_msg__rosidl_typesupport_cpp
[ 51%] Built target img_transform_msg__rosidl_typesupport_introspection_cpp
[ 60%] Built target img_transform_msg__rosidl_typesupport_fastrtps_cpp
[ 68%] Built target img_transform_msg__rosidl_typesupport_fastrtps_c
[35m[1mConsolidate compiler generated dependencies of target img_transform[0m
[ 68%] Built target img_transform_msg
[ 71%] [32mBuilding CXX object CMakeFiles/img_transform.dir/src/img_transform.cpp.o[0m
[ 74%] Built target img_transform_msg__py
[35m[1mConsolidate compiler generated dependencies of target img_transform_msg__rosidl_generator_py[0m
[ 80%] Built target img_transform_msg__rosidl_generator_py
[35m[1mConsolidate compiler generated dependencies of target img_transform__rosidl_typesupport_c__pyext[0m
[35m[1mConsolidate compiler generated dependencies of target img_transform__rosidl_typesupport_introspection_c__pyext[0m
[35m[1mConsolidate compiler generated dependencies of target img_transform__rosidl_typesupport_fastrtps_c__pyext[0m
[ 85%] Built target img_transform__rosidl_typesupport_introspection_c__pyext
[ 91%] Built target img_transform__rosidl_typesupport_c__pyext
[ 97%] Built target img_transform__rosidl_typesupport_fastrtps_c__pyext
running egg_info
writing img_transform.egg-info/PKG-INFO
writing dependency_links to img_transform.egg-info/dependency_links.txt
writing top-level names to img_transform.egg-info/top_level.txt
reading manifest file 'img_transform.egg-info/SOURCES.txt'
writing manifest file 'img_transform.egg-info/SOURCES.txt'
[ 97%] Built target ament_cmake_python_build_img_transform_egg
