-- Found ament_cmake: 1.3.3 (/opt/ros/humble/share/ament_cmake/cmake)
-- Found rclcpp: 16.0.3 (/opt/ros/humble/share/rclcpp/cmake)
-- Found rosidl_generator_c: 3.1.4 (/opt/ros/humble/share/rosidl_generator_c/cmake)
-- Found rosidl_adapter: 3.1.4 (/opt/ros/humble/share/rosidl_adapter/cmake)
-- Found rosidl_generator_cpp: 3.1.4 (/opt/ros/humble/share/rosidl_generator_cpp/cmake)
-- Using all available rosidl_typesupport_c: rosidl_typesupport_fastrtps_c;rosidl_typesupport_introspection_c
-- Using all available rosidl_typesupport_cpp: rosidl_typesupport_fastrtps_cpp;rosidl_typesupport_introspection_cpp
-- Found rmw_implementation_cmake: 6.1.1 (/opt/ros/humble/share/rmw_implementation_cmake/cmake)
-- Found rmw_fastrtps_cpp: 6.2.2 (/opt/ros/humble/share/rmw_fastrtps_cpp/cmake)
-- Using RMW implementation 'rmw_fastrtps_cpp' as default
-- Found sensor_msgs: 4.2.3 (/opt/ros/humble/share/sensor_msgs/cmake)
-- Found cv_bridge: 3.2.1 (/opt/ros/humble/share/cv_bridge/cmake)
-- Found image_transport: 3.1.5 (/opt/ros/humble/share/image_transport/cmake)
-- Found rosidl_default_generators: 1.2.0 (/opt/ros/humble/share/rosidl_default_generators/cmake)
-- Found ament_cmake_ros: 0.10.0 (/opt/ros/humble/share/ament_cmake_ros/cmake)
-- Using all available rosidl_typesupport_c: rosidl_typesupport_fastrtps_c;rosidl_typesupport_introspection_c
-- Using all available rosidl_typesupport_cpp: rosidl_typesupport_fastrtps_cpp;rosidl_typesupport_introspection_cpp
-- Found python_cmake_module: 0.10.0 (/opt/ros/humble/share/python_cmake_module/cmake)
-- Using PYTHON_EXECUTABLE: /usr/bin/python3
-- Using PYTHON_INCLUDE_DIRS: /usr/include/python3.10
-- Using PYTHON_LIBRARIES: /usr/lib/x86_64-linux-gnu/libpython3.10.so
-- Found ament_lint_auto: 0.12.5 (/opt/ros/humble/share/ament_lint_auto/cmake)
-- Added test 'cppcheck' to perform static code analysis on C / C++ code
-- Configured cppcheck include dirs: 
-- Configured cppcheck exclude dirs and/or files: 
-- Added test 'lint_cmake' to check CMake code style
-- Added test 'uncrustify' to check C / C++ code style
-- Configured uncrustify additional arguments: 
-- Added test 'xmllint' to check XML markup files
-- Configuring done
-- Generating done
-- Build files have been written to: /home/megsindelar/Final_Project/raspberry_pi_ws/build/turtlebot_control
[  3%] [34m[1mGenerating C code for ROS interfaces[0m
[  6%] [34m[1mGenerating C++ code for ROS interfaces[0m
[  6%] Built target ament_cmake_python_copy_turtlebot_control
[35m[1mConsolidate compiler generated dependencies of target turtlebot_control_msg__rosidl_generator_c[0m
[  9%] [32mBuilding C object CMakeFiles/turtlebot_control_msg__rosidl_generator_c.dir/rosidl_generator_c/turtlebot_control/msg/detail/keypoints__functions.c.o[0m
[  9%] Built target turtlebot_control_msg__cpp
running egg_info
writing turtlebot_control.egg-info/PKG-INFO
writing dependency_links to turtlebot_control.egg-info/dependency_links.txt
writing top-level names to turtlebot_control.egg-info/top_level.txt
reading manifest file 'turtlebot_control.egg-info/SOURCES.txt'
writing manifest file 'turtlebot_control.egg-info/SOURCES.txt'
[ 12%] [34m[1mGenerating C++ type support for eProsima Fast-RTPS[0m
[ 15%] [34m[1mGenerating C++ introspection for ROS interfaces[0m
[ 18%] [34m[1mGenerating C++ type support dispatch for ROS interfaces[0m
[ 21%] [32m[1mLinking C shared library libturtlebot_control__rosidl_generator_c.so[0m
[ 21%] Built target ament_cmake_python_build_turtlebot_control_egg
[ 21%] Built target turtlebot_control_msg__rosidl_generator_c
[ 30%] [34m[1mGenerating C introspection for ROS interfaces[0m
[ 30%] [34m[1mGenerating C type support dispatch for ROS interfaces[0m
[ 30%] [34m[1mGenerating C type support for eProsima Fast-RTPS[0m
[35m[1mConsolidate compiler generated dependencies of target turtlebot_control_msg__rosidl_typesupport_cpp[0m
[ 33%] [32mBuilding CXX object CMakeFiles/turtlebot_control_msg__rosidl_typesupport_cpp.dir/rosidl_typesupport_cpp/turtlebot_control/msg/keypoints__type_support.cpp.o[0m
[35m[1mConsolidate compiler generated dependencies of target turtlebot_control_msg__rosidl_typesupport_c[0m
[ 36%] [32mBuilding CXX object CMakeFiles/turtlebot_control_msg__rosidl_typesupport_c.dir/rosidl_typesupport_c/turtlebot_control/msg/keypoints__type_support.cpp.o[0m
[ 39%] [32m[1mLinking CXX shared library libturtlebot_control__rosidl_typesupport_c.so[0m
[ 39%] Built target turtlebot_control_msg__rosidl_typesupport_c
[35m[1mConsolidate compiler generated dependencies of target turtlebot_control_msg__rosidl_typesupport_fastrtps_cpp[0m
[35m[1mConsolidate compiler generated dependencies of target turtlebot_control_msg__rosidl_typesupport_introspection_cpp[0m
[ 42%] [32mBuilding CXX object CMakeFiles/turtlebot_control_msg__rosidl_typesupport_fastrtps_cpp.dir/rosidl_typesupport_fastrtps_cpp/turtlebot_control/msg/detail/dds_fastrtps/keypoints__type_support.cpp.o[0m
[ 45%] [32mBuilding CXX object CMakeFiles/turtlebot_control_msg__rosidl_typesupport_introspection_cpp.dir/rosidl_typesupport_introspection_cpp/turtlebot_control/msg/detail/keypoints__type_support.cpp.o[0m
[35m[1mConsolidate compiler generated dependencies of target turtlebot_control_msg__rosidl_typesupport_fastrtps_c[0m
[ 48%] [32m[1mLinking CXX shared library libturtlebot_control__rosidl_typesupport_cpp.so[0m
[ 51%] [32mBuilding CXX object CMakeFiles/turtlebot_control_msg__rosidl_typesupport_fastrtps_c.dir/rosidl_typesupport_fastrtps_c/turtlebot_control/msg/detail/keypoints__type_support_c.cpp.o[0m
[35m[1mConsolidate compiler generated dependencies of target turtlebot_control_msg__rosidl_typesupport_introspection_c[0m
[ 54%] [32mBuilding C object CMakeFiles/turtlebot_control_msg__rosidl_typesupport_introspection_c.dir/rosidl_typesupport_introspection_c/turtlebot_control/msg/detail/keypoints__type_support.c.o[0m
[ 54%] Built target turtlebot_control_msg__rosidl_typesupport_cpp
[35m[1mConsolidate compiler generated dependencies of target turtlebot_control[0m
[ 57%] [32mBuilding CXX object CMakeFiles/turtlebot_control.dir/src/turtlebot_control.cpp.o[0m
[ 60%] [32m[1mLinking C shared library libturtlebot_control__rosidl_typesupport_introspection_c.so[0m
[ 60%] Built target turtlebot_control_msg__rosidl_typesupport_introspection_c
[ 63%] [32m[1mLinking CXX shared library libturtlebot_control__rosidl_typesupport_fastrtps_c.so[0m
[ 63%] Built target turtlebot_control_msg__rosidl_typesupport_fastrtps_c
[ 66%] [32m[1mLinking CXX shared library libturtlebot_control__rosidl_typesupport_fastrtps_cpp.so[0m
[ 69%] [32m[1mLinking CXX shared library libturtlebot_control__rosidl_typesupport_introspection_cpp.so[0m
[ 69%] Built target turtlebot_control_msg__rosidl_typesupport_fastrtps_cpp
[ 69%] Built target turtlebot_control_msg__rosidl_typesupport_introspection_cpp
[ 69%] Built target turtlebot_control_msg
[ 72%] [34m[1mGenerating Python code for ROS interfaces[0m
[ 72%] Built target turtlebot_control_msg__py
[35m[1mConsolidate compiler generated dependencies of target turtlebot_control_msg__rosidl_generator_py[0m
[ 75%] [32mBuilding C object CMakeFiles/turtlebot_control_msg__rosidl_generator_py.dir/rosidl_generator_py/turtlebot_control/msg/_keypoints_s.c.o[0m
[ 78%] [32m[1mLinking C shared library rosidl_generator_py/turtlebot_control/libturtlebot_control_msg__rosidl_generator_py.so[0m
[ 78%] Built target turtlebot_control_msg__rosidl_generator_py
[35m[1mConsolidate compiler generated dependencies of target turtlebot_control__rosidl_typesupport_c__pyext[0m
[35m[1mConsolidate compiler generated dependencies of target turtlebot_control__rosidl_typesupport_introspection_c__pyext[0m
[35m[1mConsolidate compiler generated dependencies of target turtlebot_control__rosidl_typesupport_fastrtps_c__pyext[0m
[ 87%] [32mBuilding C object CMakeFiles/turtlebot_control__rosidl_typesupport_introspection_c__pyext.dir/rosidl_generator_py/turtlebot_control/_turtlebot_control_s.ep.rosidl_typesupport_introspection_c.c.o[0m
[ 87%] [32mBuilding C object CMakeFiles/turtlebot_control__rosidl_typesupport_c__pyext.dir/rosidl_generator_py/turtlebot_control/_turtlebot_control_s.ep.rosidl_typesupport_c.c.o[0m
[ 87%] [32mBuilding C object CMakeFiles/turtlebot_control__rosidl_typesupport_fastrtps_c__pyext.dir/rosidl_generator_py/turtlebot_control/_turtlebot_control_s.ep.rosidl_typesupport_fastrtps_c.c.o[0m
[ 90%] [32m[1mLinking C shared library rosidl_generator_py/turtlebot_control/turtlebot_control_s__rosidl_typesupport_introspection_c.cpython-310-x86_64-linux-gnu.so[0m
[ 93%] [32m[1mLinking C shared library rosidl_generator_py/turtlebot_control/turtlebot_control_s__rosidl_typesupport_c.cpython-310-x86_64-linux-gnu.so[0m
[ 96%] [32m[1mLinking C shared library rosidl_generator_py/turtlebot_control/turtlebot_control_s__rosidl_typesupport_fastrtps_c.cpython-310-x86_64-linux-gnu.so[0m
[ 96%] Built target turtlebot_control__rosidl_typesupport_c__pyext
[ 96%] Built target turtlebot_control__rosidl_typesupport_introspection_c__pyext
[ 96%] Built target turtlebot_control__rosidl_typesupport_fastrtps_c__pyext
[01m[K/home/megsindelar/Final_Project/raspberry_pi_ws/src/turtlebot_control/src/turtlebot_control.cpp:[m[K In member function ‘[01m[Kvoid TurtlebotControl::timer_callback()[m[K’:
[01m[K/home/megsindelar/Final_Project/raspberry_pi_ws/src/turtlebot_control/src/turtlebot_control.cpp:86:51:[m[K [01;31m[Kerror: [m[K‘[01m[Kkeypoints1[m[K’ was not declared in this scope; did you mean ‘[01m[Kkeypoints_1[m[K’?
   86 |                     detector->detect (prev_frame ,[01;31m[Kkeypoints1[m[K );
      |                                                   [01;31m[K^~~~~~~~~~[m[K
      |                                                   [32m[Kkeypoints_1[m[K
[01m[K/home/megsindelar/Final_Project/raspberry_pi_ws/src/turtlebot_control/src/turtlebot_control.cpp:87:54:[m[K [01;31m[Kerror: [m[K‘[01m[Kkeypoints2[m[K’ was not declared in this scope; did you mean ‘[01m[Kkeypoints_2[m[K’?
   87 |                     detector->detect (current_frame ,[01;31m[Kkeypoints2[m[K );
      |                                                      [01;31m[K^~~~~~~~~~[m[K
      |                                                      [32m[Kkeypoints_2[m[K
[01m[K/home/megsindelar/Final_Project/raspberry_pi_ws/src/turtlebot_control/src/turtlebot_control.cpp:91:39:[m[K [01;35m[Kwarning: [m[Kcomparison of integer expressions of different signedness: ‘[01m[Kint[m[K’ and ‘[01m[Klong unsigned int[m[K’ [[01;35m[K]8;;https://gcc.gnu.org/onlinedocs/gcc/Warning-Options.html#index-Wsign-compare-Wsign-compare]8;;[m[K]
   91 |                     for (int i = 0; [01;35m[Ki < sizeof(keypoints_1)[m[K; i++){
      |                                     [01;35m[K~~^~~~~~~~~~~~~~~~~~~~~[m[K
gmake[2]: *** [CMakeFiles/turtlebot_control.dir/build.make:76: CMakeFiles/turtlebot_control.dir/src/turtlebot_control.cpp.o] Error 1
gmake[1]: *** [CMakeFiles/Makefile2:593: CMakeFiles/turtlebot_control.dir/all] Error 2
gmake: *** [Makefile:146: all] Error 2
