[0.000000] (-) TimerEvent: {}
[0.000451] (turtlebot_control) JobQueued: {'identifier': 'turtlebot_control', 'dependencies': OrderedDict()}
[0.000478] (turtlebot_control) JobStarted: {'identifier': 'turtlebot_control'}
[0.007450] (turtlebot_control) JobProgress: {'identifier': 'turtlebot_control', 'progress': 'cmake'}
[0.007696] (turtlebot_control) JobProgress: {'identifier': 'turtlebot_control', 'progress': 'build'}
[0.008240] (turtlebot_control) Command: {'cmd': ['/usr/bin/cmake', '--build', '/ros_ws/aarch64_build/turtlebot_control', '--', '-j8', '-l8'], 'cwd': '/ros_ws/aarch64_build/turtlebot_control', 'env': OrderedDict([('HOSTNAME', 'a8ee8fdf436e'), ('LD_LIBRARY_PATH', '/opt/ros/humble/opt/rviz_ogre_vendor/lib:/opt/ros/humble/lib/aarch64-linux-gnu:/opt/ros/humble/lib'), ('HOME', '/home/msr'), ('ROS_PYTHON_VERSION', '3'), ('LC_CTYPE', 'C.UTF-8'), ('ROS_DISTRO', 'humble'), ('ROS_VERSION', '2'), ('TERM', 'xterm'), ('ROS_LOCALHOST_ONLY', '0'), ('PATH', '/opt/ros/humble/bin:/usr/local/sbin:/usr/local/bin:/usr/sbin:/usr/bin:/sbin:/bin'), ('AMENT_PREFIX_PATH', '/opt/ros/humble'), ('PWD', '/ros_ws/aarch64_build/turtlebot_control'), ('PYTHONPATH', '/opt/ros/humble/lib/python3.10/site-packages:/opt/ros/humble/local/lib/python3.10/dist-packages'), ('COLCON', '1'), ('CMAKE_PREFIX_PATH', '/opt/ros/humble')]), 'shell': False}
[0.045021] (turtlebot_control) StdoutLine: {'line': b'[  3%] Built target turtlebot_control_msg__cpp\n'}
[0.045395] (turtlebot_control) StdoutLine: {'line': b'[ 12%] Built target turtlebot_control_msg__rosidl_generator_c\n'}
[0.053216] (turtlebot_control) StdoutLine: {'line': b'[ 12%] Built target ament_cmake_python_copy_turtlebot_control\n'}
[0.063684] (turtlebot_control) StdoutLine: {'line': b'[ 21%] Built target turtlebot_control_msg__rosidl_typesupport_introspection_c\n'}
[0.065599] (turtlebot_control) StdoutLine: {'line': b'[ 30%] Built target turtlebot_control_msg__rosidl_typesupport_cpp\n'}
[0.065828] (turtlebot_control) StdoutLine: {'line': b'[ 45%] Built target turtlebot_control_msg__rosidl_typesupport_introspection_cpp\n'}
[0.065909] (turtlebot_control) StdoutLine: {'line': b'[ 48%] Built target turtlebot_control_msg__rosidl_typesupport_fastrtps_c\n'}
[0.066057] (turtlebot_control) StdoutLine: {'line': b'[ 57%] Built target turtlebot_control_msg__rosidl_typesupport_fastrtps_cpp\n'}
[0.066854] (turtlebot_control) StdoutLine: {'line': b'[ 66%] Built target turtlebot_control_msg__rosidl_typesupport_c\n'}
[0.075388] (turtlebot_control) StdoutLine: {'line': b'\x1b[35m\x1b[1mConsolidate compiler generated dependencies of target turtlebot_control\x1b[0m\n'}
[0.080310] (turtlebot_control) StdoutLine: {'line': b'[ 66%] Built target turtlebot_control_msg\n'}
[0.091770] (turtlebot_control) StdoutLine: {'line': b'[ 69%] \x1b[32mBuilding CXX object CMakeFiles/turtlebot_control.dir/src/turtlebot_control.cpp.o\x1b[0m\n'}
[0.094684] (turtlebot_control) StdoutLine: {'line': b'[ 72%] Built target turtlebot_control_msg__py\n'}
[0.099542] (-) TimerEvent: {}
[0.110266] (turtlebot_control) StdoutLine: {'line': b'[ 78%] Built target turtlebot_control_msg__rosidl_generator_py\n'}
[0.127660] (turtlebot_control) StdoutLine: {'line': b'[ 84%] Built target turtlebot_control__rosidl_typesupport_fastrtps_c__pyext\n'}
[0.128968] (turtlebot_control) StdoutLine: {'line': b'[ 90%] Built target turtlebot_control__rosidl_typesupport_c__pyext\n'}
[0.129584] (turtlebot_control) StdoutLine: {'line': b'[ 96%] Built target turtlebot_control__rosidl_typesupport_introspection_c__pyext\n'}
[0.199655] (-) TimerEvent: {}
[0.219424] (turtlebot_control) StdoutLine: {'line': b'running egg_info\n'}
[0.220190] (turtlebot_control) StdoutLine: {'line': b'writing turtlebot_control.egg-info/PKG-INFO\n'}
[0.220306] (turtlebot_control) StdoutLine: {'line': b'writing dependency_links to turtlebot_control.egg-info/dependency_links.txt\n'}
[0.220414] (turtlebot_control) StdoutLine: {'line': b'writing top-level names to turtlebot_control.egg-info/top_level.txt\n'}
[0.222098] (turtlebot_control) StdoutLine: {'line': b"reading manifest file 'turtlebot_control.egg-info/SOURCES.txt'\n"}
[0.222385] (turtlebot_control) StdoutLine: {'line': b"writing manifest file 'turtlebot_control.egg-info/SOURCES.txt'\n"}
[0.241831] (turtlebot_control) StdoutLine: {'line': b'[ 96%] Built target ament_cmake_python_build_turtlebot_control_egg\n'}
[0.299784] (-) TimerEvent: {}
[0.400150] (-) TimerEvent: {}
[0.500469] (-) TimerEvent: {}
[0.600767] (-) TimerEvent: {}
[0.701007] (-) TimerEvent: {}
[0.801296] (-) TimerEvent: {}
[0.901646] (-) TimerEvent: {}
[1.002011] (-) TimerEvent: {}
[1.102476] (-) TimerEvent: {}
[1.202890] (-) TimerEvent: {}
[1.303196] (-) TimerEvent: {}
[1.403540] (-) TimerEvent: {}
[1.503951] (-) TimerEvent: {}
[1.604292] (-) TimerEvent: {}
[1.704529] (-) TimerEvent: {}
[1.804759] (-) TimerEvent: {}
[1.905052] (-) TimerEvent: {}
[2.005380] (-) TimerEvent: {}
[2.105641] (-) TimerEvent: {}
[2.205984] (-) TimerEvent: {}
[2.306326] (-) TimerEvent: {}
[2.406650] (-) TimerEvent: {}
[2.506968] (-) TimerEvent: {}
[2.607274] (-) TimerEvent: {}
[2.707599] (-) TimerEvent: {}
[2.807952] (-) TimerEvent: {}
[2.886063] (turtlebot_control) StderrLine: {'line': b'\x1b[01m\x1b[K/ros_ws/src/turtlebot_control/src/turtlebot_control.cpp:\x1b[m\x1b[K In member function \xe2\x80\x98\x1b[01m\x1b[Kvoid TurtlebotControl::timer_callback()\x1b[m\x1b[K\xe2\x80\x99:\n'}
[2.886207] (turtlebot_control) StderrLine: {'line': b'\x1b[01m\x1b[K/ros_ws/src/turtlebot_control/src/turtlebot_control.cpp:154:109:\x1b[m\x1b[K \x1b[01;31m\x1b[Kerror: \x1b[m\x1b[Kconversion from \xe2\x80\x98\x1b[01m\x1b[Ksensor_msgs::msg::Image_<std::allocator<void> >::SharedPtr\x1b[m\x1b[K\xe2\x80\x99 {aka \xe2\x80\x98\x1b[01m\x1b[Kstd::shared_ptr<sensor_msgs::msg::Image_<std::allocator<void> > >\x1b[m\x1b[K\xe2\x80\x99} to non-scalar type \xe2\x80\x98\x1b[01m\x1b[Kcv_bridge::CvImage\x1b[m\x1b[K\xe2\x80\x99 requested\n'}
[2.886261] (turtlebot_control) StderrLine: {'line': b'  154 | ridge::CvImage img_bridge = \x1b[01;31m\x1b[Kcv_bridge::CvImage(header, "bgr8", current_frame).toImageMsg()\x1b[m\x1b[K;\n'}
[2.886298] (turtlebot_control) StderrLine: {'line': b'      |                             \x1b[01;31m\x1b[K~~~~~~~~~~~~~~~~~~~~~~~~~~~~~~~~~~~~~~~~~~~~~~~~~~~~~~~~~~~~^~\x1b[m\x1b[K\n'}
[2.886335] (turtlebot_control) StderrLine: {'line': b'\n'}
[2.886370] (turtlebot_control) StderrLine: {'line': b'\x1b[01m\x1b[K/ros_ws/src/turtlebot_control/src/turtlebot_control.cpp:156:17:\x1b[m\x1b[K \x1b[01;31m\x1b[Kerror: \x1b[m\x1b[Kexpected \xe2\x80\x98\x1b[01m\x1b[K;\x1b[m\x1b[K\xe2\x80\x99 before \xe2\x80\x98\x1b[01m\x1b[Kpub_current_img_\x1b[m\x1b[K\xe2\x80\x99\n'}
[2.886409] (turtlebot_control) StderrLine: {'line': b'  156 |                 \x1b[01;31m\x1b[Kpub_current_img_\x1b[m\x1b[K->publish(*img_msg);\n'}
[2.886445] (turtlebot_control) StderrLine: {'line': b'      |                 \x1b[01;31m\x1b[K^~~~~~~~~~~~~~~~\x1b[m\x1b[K\n'}
[2.908160] (-) TimerEvent: {}
[3.008647] (-) TimerEvent: {}
[3.108944] (-) TimerEvent: {}
[3.209255] (-) TimerEvent: {}
[3.309586] (-) TimerEvent: {}
[3.409914] (-) TimerEvent: {}
[3.510258] (-) TimerEvent: {}
[3.610614] (-) TimerEvent: {}
[3.627082] (turtlebot_control) StderrLine: {'line': b'gmake[2]: *** [CMakeFiles/turtlebot_control.dir/build.make:76: CMakeFiles/turtlebot_control.dir/src/turtlebot_control.cpp.o] Error 1\n'}
[3.627307] (turtlebot_control) StderrLine: {'line': b'gmake[1]: *** [CMakeFiles/Makefile2:593: CMakeFiles/turtlebot_control.dir/all] Error 2\n'}
[3.627381] (turtlebot_control) StderrLine: {'line': b'gmake: *** [Makefile:146: all] Error 2\n'}
[3.628696] (turtlebot_control) CommandEnded: {'returncode': 2}
[3.691636] (turtlebot_control) JobEnded: {'identifier': 'turtlebot_control', 'rc': 2}
[3.702278] (-) EventReactorShutdown: {}
