[35m[1mConsolidate compiler generated dependencies of target img_transform_srv__rosidl_generator_c[0m
[  2%] Built target img_transform_srv__cpp
[ 11%] Built target img_transform_srv__rosidl_generator_c
[35m[1mConsolidate compiler generated dependencies of target img_transform_srv__rosidl_typesupport_cpp[0m
[ 11%] Built target ament_cmake_python_copy_img_transform
[35m[1mConsolidate compiler generated dependencies of target img_transform_srv__rosidl_typesupport_introspection_cpp[0m
[35m[1mConsolidate compiler generated dependencies of target img_transform_srv__rosidl_typesupport_fastrtps_cpp[0m
[ 17%] Built target video_frequency
[ 20%] [32mBuilding CXX object CMakeFiles/img_transform.dir/src/img_transform.cpp.o[0m
[ 22%] [34m[1mGenerating C type support dispatch for ROS interfaces[0m
[ 25%] [34m[1mGenerating C type support for eProsima Fast-RTPS[0m
[ 28%] [34m[1mGenerating C introspection for ROS interfaces[0m
[ 37%] Built target img_transform_srv__rosidl_typesupport_introspection_cpp
[ 45%] Built target img_transform_srv__rosidl_typesupport_fastrtps_cpp
[ 54%] Built target img_transform_srv__rosidl_typesupport_cpp
[ 57%] [32mBuilding CXX object CMakeFiles/img_transform_srv__rosidl_typesupport_fastrtps_c.dir/rosidl_typesupport_fastrtps_c/img_transform/srv/detail/test__type_support_c.cpp.o[0m
running egg_info
writing img_transform.egg-info/PKG-INFO
writing dependency_links to img_transform.egg-info/dependency_links.txt
writing top-level names to img_transform.egg-info/top_level.txt
reading manifest file 'img_transform.egg-info/SOURCES.txt'
writing manifest file 'img_transform.egg-info/SOURCES.txt'
[ 60%] [32mBuilding C object CMakeFiles/img_transform_srv__rosidl_typesupport_introspection_c.dir/rosidl_typesupport_introspection_c/img_transform/srv/detail/test__type_support.c.o[0m
[ 60%] Built target ament_cmake_python_build_img_transform_egg
[ 62%] [32m[1mLinking C shared library libimg_transform__rosidl_typesupport_introspection_c.so[0m
[ 65%] [32mBuilding CXX object CMakeFiles/img_transform_srv__rosidl_typesupport_c.dir/rosidl_typesupport_c/img_transform/srv/test__type_support.cpp.o[0m
[ 65%] Built target img_transform_srv__rosidl_typesupport_introspection_c
[ 68%] [32m[1mLinking CXX shared library libimg_transform__rosidl_typesupport_c.so[0m
[ 68%] Built target img_transform_srv__rosidl_typesupport_c
[01m[K/home/megsindelar/Final_Project/ros_ws/src/img_transform/src/img_transform.cpp:26:10:[m[K [01;31m[Kfatal error: [m[Kimg_transform/srv/test.hpp: No such file or directory
   26 | #include [01;31m[K"img_transform/srv/test.hpp"[m[K
      |          [01;31m[K^~~~~~~~~~~~~~~~~~~~~~~~~~~~[m[K
compilation terminated.
gmake[2]: *** [CMakeFiles/img_transform.dir/build.make:76: CMakeFiles/img_transform.dir/src/img_transform.cpp.o] Error 1
gmake[1]: *** [CMakeFiles/Makefile2:594: CMakeFiles/img_transform.dir/all] Error 2
gmake[1]: *** Waiting for unfinished jobs....
[ 71%] [32m[1mLinking CXX shared library libimg_transform__rosidl_typesupport_fastrtps_c.so[0m
[ 71%] Built target img_transform_srv__rosidl_typesupport_fastrtps_c
gmake: *** [Makefile:146: all] Error 2
