[0.016s] Invoking command in '/home/megsindelar/Final_Project/ros_ws/build/img_transform': CMAKE_PREFIX_PATH=${CMAKE_PREFIX_PATH}:/home/megsindelar/ME_495/Final_Proj/install/attack_of_the_franka:/home/megsindelar/ME_495/Final_Proj/install/moveit_testing:/opt/ros/humble /usr/bin/cmake --build /home/megsindelar/Final_Project/ros_ws/build/img_transform -- -j8 -l8
[0.060s] [35m[1mConsolidate compiler generated dependencies of target img_transform_srv__rosidl_generator_c[0m
[0.073s] [  2%] Built target img_transform_srv__cpp
[0.074s] [ 11%] Built target img_transform_srv__rosidl_generator_c
[0.085s] [35m[1mConsolidate compiler generated dependencies of target img_transform_srv__rosidl_typesupport_cpp[0m
[0.085s] [ 11%] Built target ament_cmake_python_copy_img_transform
[0.090s] [35m[1mConsolidate compiler generated dependencies of target img_transform_srv__rosidl_typesupport_introspection_cpp[0m
[0.091s] [35m[1mConsolidate compiler generated dependencies of target img_transform_srv__rosidl_typesupport_fastrtps_cpp[0m
[0.092s] [ 17%] Built target video_frequency
[0.093s] [ 20%] [32mBuilding CXX object CMakeFiles/img_transform.dir/src/img_transform.cpp.o[0m
[0.103s] [ 22%] [34m[1mGenerating C type support dispatch for ROS interfaces[0m
[0.104s] [ 25%] [34m[1mGenerating C type support for eProsima Fast-RTPS[0m
[0.105s] [ 28%] [34m[1mGenerating C introspection for ROS interfaces[0m
[0.112s] [ 37%] Built target img_transform_srv__rosidl_typesupport_introspection_cpp
[0.113s] [ 45%] Built target img_transform_srv__rosidl_typesupport_fastrtps_cpp
[0.113s] [ 54%] Built target img_transform_srv__rosidl_typesupport_cpp
[0.445s] [ 57%] [32mBuilding CXX object CMakeFiles/img_transform_srv__rosidl_typesupport_fastrtps_c.dir/rosidl_typesupport_fastrtps_c/img_transform/srv/detail/test__type_support_c.cpp.o[0m
[0.461s] running egg_info
[0.462s] writing img_transform.egg-info/PKG-INFO
[0.462s] writing dependency_links to img_transform.egg-info/dependency_links.txt
[0.462s] writing top-level names to img_transform.egg-info/top_level.txt
[0.465s] reading manifest file 'img_transform.egg-info/SOURCES.txt'
[0.466s] writing manifest file 'img_transform.egg-info/SOURCES.txt'
[0.471s] [ 60%] [32mBuilding C object CMakeFiles/img_transform_srv__rosidl_typesupport_introspection_c.dir/rosidl_typesupport_introspection_c/img_transform/srv/detail/test__type_support.c.o[0m
[0.493s] [ 60%] Built target ament_cmake_python_build_img_transform_egg
[0.508s] [ 62%] [32m[1mLinking C shared library libimg_transform__rosidl_typesupport_introspection_c.so[0m
[0.525s] [ 65%] [32mBuilding CXX object CMakeFiles/img_transform_srv__rosidl_typesupport_c.dir/rosidl_typesupport_c/img_transform/srv/test__type_support.cpp.o[0m
[0.541s] [ 65%] Built target img_transform_srv__rosidl_typesupport_introspection_c
[0.558s] [ 68%] [32m[1mLinking CXX shared library libimg_transform__rosidl_typesupport_c.so[0m
[0.600s] [ 68%] Built target img_transform_srv__rosidl_typesupport_c
[0.707s] [01m[K/home/megsindelar/Final_Project/ros_ws/src/img_transform/src/img_transform.cpp:26:10:[m[K [01;31m[Kfatal error: [m[Kimg_transform/srv/test.hpp: No such file or directory
[0.707s]    26 | #include [01;31m[K"img_transform/srv/test.hpp"[m[K
[0.707s]       |          [01;31m[K^~~~~~~~~~~~~~~~~~~~~~~~~~~~[m[K
[0.707s] compilation terminated.
[0.717s] gmake[2]: *** [CMakeFiles/img_transform.dir/build.make:76: CMakeFiles/img_transform.dir/src/img_transform.cpp.o] Error 1
[0.718s] gmake[1]: *** [CMakeFiles/Makefile2:594: CMakeFiles/img_transform.dir/all] Error 2
[0.718s] gmake[1]: *** Waiting for unfinished jobs....
[0.755s] [ 71%] [32m[1mLinking CXX shared library libimg_transform__rosidl_typesupport_fastrtps_c.so[0m
[0.812s] [ 71%] Built target img_transform_srv__rosidl_typesupport_fastrtps_c
[0.813s] gmake: *** [Makefile:146: all] Error 2
[0.815s] Invoked command in '/home/megsindelar/Final_Project/ros_ws/build/img_transform' returned '2': CMAKE_PREFIX_PATH=${CMAKE_PREFIX_PATH}:/home/megsindelar/ME_495/Final_Proj/install/attack_of_the_franka:/home/megsindelar/ME_495/Final_Proj/install/moveit_testing:/opt/ros/humble /usr/bin/cmake --build /home/megsindelar/Final_Project/ros_ws/build/img_transform -- -j8 -l8
