[  3%] Built target turtlebot_control_msg__cpp
[ 12%] Built target turtlebot_control_msg__rosidl_generator_c
[ 15%] [32mBuilding CXX object CMakeFiles/turtlebot_control.dir/src/turtlebot_control.cpp.o[0m
[ 15%] Built target ament_cmake_python_copy_turtlebot_control
[35m[1mConsolidate compiler generated dependencies of target turtlebot_control_msg__rosidl_typesupport_c[0m
[35m[1mConsolidate compiler generated dependencies of target turtlebot_control_msg__rosidl_typesupport_introspection_c[0m
[35m[1mConsolidate compiler generated dependencies of target turtlebot_control_msg__rosidl_typesupport_fastrtps_c[0m
[ 24%] Built target turtlebot_control_msg__rosidl_typesupport_cpp
[ 36%] Built target turtlebot_control_msg__rosidl_typesupport_fastrtps_cpp
[ 45%] Built target turtlebot_control_msg__rosidl_typesupport_introspection_c
[ 51%] Built target turtlebot_control_msg__rosidl_typesupport_introspection_cpp
[ 60%] Built target turtlebot_control_msg__rosidl_typesupport_c
[ 69%] Built target turtlebot_control_msg__rosidl_typesupport_fastrtps_c
[ 69%] Built target turtlebot_control_msg
[ 72%] [34m[1mGenerating Python code for ROS interfaces[0m
running egg_info
writing turtlebot_control.egg-info/PKG-INFO
writing dependency_links to turtlebot_control.egg-info/dependency_links.txt
writing top-level names to turtlebot_control.egg-info/top_level.txt
reading manifest file 'turtlebot_control.egg-info/SOURCES.txt'
writing manifest file 'turtlebot_control.egg-info/SOURCES.txt'
[ 72%] Built target ament_cmake_python_build_turtlebot_control_egg
[ 72%] Built target turtlebot_control_msg__py
