[ 50%] [32mBuilding CXX object CMakeFiles/img_transform.dir/src/img_transform.cpp.o[0m
[100%] [32m[1mLinking CXX executable img_transform[0m
[100%] Built target img_transform
-- Install configuration: ""
-- Installing: /home/megsindelar/Final_Project/ros_ws/install/img_transform/lib/img_transform/img_transform
-- Set runtime path of "/home/megsindelar/Final_Project/ros_ws/install/img_transform/lib/img_transform/img_transform" to ""
-- Up-to-date: /home/megsindelar/Final_Project/ros_ws/install/img_transform/share/img_transform/images
-- Up-to-date: /home/megsindelar/Final_Project/ros_ws/install/img_transform/share/img_transform/images/image2.jpg
-- Up-to-date: /home/megsindelar/Final_Project/ros_ws/install/img_transform/share/img_transform/images/image.jpg
-- Up-to-date: /home/megsindelar/Final_Project/ros_ws/install/img_transform/share/img_transform/launch
-- Installing: /home/megsindelar/Final_Project/ros_ws/install/img_transform/share/img_transform/launch/transform.launch.xml
-- Up-to-date: /home/megsindelar/Final_Project/ros_ws/install/img_transform/share/img_transform/config
-- Up-to-date: /home/megsindelar/Final_Project/ros_ws/install/img_transform/share/img_transform/config/transform.rviz
-- Up-to-date: /home/megsindelar/Final_Project/ros_ws/install/img_transform/share/ament_index/resource_index/package_run_dependencies/img_transform
-- Up-to-date: /home/megsindelar/Final_Project/ros_ws/install/img_transform/share/ament_index/resource_index/parent_prefix_path/img_transform
-- Up-to-date: /home/megsindelar/Final_Project/ros_ws/install/img_transform/share/img_transform/environment/ament_prefix_path.sh
-- Up-to-date: /home/megsindelar/Final_Project/ros_ws/install/img_transform/share/img_transform/environment/ament_prefix_path.dsv
-- Up-to-date: /home/megsindelar/Final_Project/ros_ws/install/img_transform/share/img_transform/environment/path.sh
-- Up-to-date: /home/megsindelar/Final_Project/ros_ws/install/img_transform/share/img_transform/environment/path.dsv
-- Up-to-date: /home/megsindelar/Final_Project/ros_ws/install/img_transform/share/img_transform/local_setup.bash
-- Up-to-date: /home/megsindelar/Final_Project/ros_ws/install/img_transform/share/img_transform/local_setup.sh
-- Up-to-date: /home/megsindelar/Final_Project/ros_ws/install/img_transform/share/img_transform/local_setup.zsh
-- Up-to-date: /home/megsindelar/Final_Project/ros_ws/install/img_transform/share/img_transform/local_setup.dsv
-- Installing: /home/megsindelar/Final_Project/ros_ws/install/img_transform/share/img_transform/package.dsv
-- Up-to-date: /home/megsindelar/Final_Project/ros_ws/install/img_transform/share/ament_index/resource_index/packages/img_transform
-- Up-to-date: /home/megsindelar/Final_Project/ros_ws/install/img_transform/share/img_transform/cmake/img_transformConfig.cmake
-- Up-to-date: /home/megsindelar/Final_Project/ros_ws/install/img_transform/share/img_transform/cmake/img_transformConfig-version.cmake
-- Up-to-date: /home/megsindelar/Final_Project/ros_ws/install/img_transform/share/img_transform/package.xml
