[31mCMake Error at CMakeLists.txt:27 (add_executable):
  add_executable cannot create target "turtlebot_control" because another
  target with the same name already exists.  The existing target is a custom
  target created in source directory
  "/home/megsindelar/Final_Project/raspberry_pi_ws/src/turtlebot_control".
  See documentation for policy CMP0002 for more details.

[0m
[31mCMake Error at /opt/ros/humble/share/ament_cmake_target_dependencies/cmake/ament_target_dependencies.cmake:128 (target_compile_definitions):
  target_compile_definitions called with non-compilable target type
Call Stack (most recent call first):
  CMakeLists.txt:29 (ament_target_dependencies)

[0m
[31mCMake Error at /opt/ros/humble/share/ament_cmake_target_dependencies/cmake/ament_target_dependencies.cmake:141 (target_include_directories):
  target_include_directories called with non-compilable target type
Call Stack (most recent call first):
  CMakeLists.txt:29 (ament_target_dependencies)

[0m
[31mCMake Error at /opt/ros/humble/share/ament_cmake_target_dependencies/cmake/ament_target_dependencies.cmake:145 (target_link_libraries):
  Utility target "turtlebot_control" must not be used as the target of a
  target_link_libraries call.
Call Stack (most recent call first):
  CMakeLists.txt:29 (ament_target_dependencies)

[0m
[31mCMake Error at /opt/ros/humble/share/ament_cmake_target_dependencies/cmake/ament_target_dependencies.cmake:147 (target_include_directories):
  target_include_directories called with non-compilable target type
Call Stack (most recent call first):
  CMakeLists.txt:29 (ament_target_dependencies)

[0m
[31mCMake Error at /opt/ros/humble/share/ament_cmake_target_dependencies/cmake/ament_target_dependencies.cmake:151 (target_link_libraries):
  Utility target "turtlebot_control" must not be used as the target of a
  target_link_libraries call.
Call Stack (most recent call first):
  CMakeLists.txt:29 (ament_target_dependencies)

[0m
[31mCMake Error at CMakeLists.txt:47 (target_link_libraries):
  Utility target "turtlebot_control" must not be used as the target of a
  target_link_libraries call.

[0m
[31mCMake Error at CMakeLists.txt:49 (install):
  install TARGETS given target "turtlebot_control" which is not an
  executable, library, or module.

[0m
gmake: *** [Makefile:267: cmake_check_build_system] Error 1
