[0.016s] Invoking command in '/home/megsindelar/Final_Project/raspberry_pi_ws/build/turtlebot_control': CMAKE_PREFIX_PATH=${CMAKE_PREFIX_PATH}:/home/megsindelar/ME_495/Final_Proj/install/attack_of_the_franka:/home/megsindelar/ME_495/Final_Proj/install/moveit_testing:/opt/ros/humble /usr/bin/cmake --build /home/megsindelar/Final_Project/raspberry_pi_ws/build/turtlebot_control -- -j8 -l8
[0.054s] -- Found ament_cmake: 1.3.3 (/opt/ros/humble/share/ament_cmake/cmake)
[0.198s] -- Found rclcpp: 16.0.3 (/opt/ros/humble/share/rclcpp/cmake)
[0.229s] -- Found rosidl_generator_c: 3.1.4 (/opt/ros/humble/share/rosidl_generator_c/cmake)
[0.232s] -- Found rosidl_adapter: 3.1.4 (/opt/ros/humble/share/rosidl_adapter/cmake)
[0.239s] -- Found rosidl_generator_cpp: 3.1.4 (/opt/ros/humble/share/rosidl_generator_cpp/cmake)
[0.250s] -- Using all available rosidl_typesupport_c: rosidl_typesupport_fastrtps_c;rosidl_typesupport_introspection_c
[0.265s] -- Using all available rosidl_typesupport_cpp: rosidl_typesupport_fastrtps_cpp;rosidl_typesupport_introspection_cpp
[0.313s] -- Found rmw_implementation_cmake: 6.1.1 (/opt/ros/humble/share/rmw_implementation_cmake/cmake)
[0.315s] -- Found rmw_fastrtps_cpp: 6.2.2 (/opt/ros/humble/share/rmw_fastrtps_cpp/cmake)
[0.421s] -- Using RMW implementation 'rmw_fastrtps_cpp' as default
[0.547s] -- Found sensor_msgs: 4.2.3 (/opt/ros/humble/share/sensor_msgs/cmake)
[0.649s] -- Found cv_bridge: 3.2.1 (/opt/ros/humble/share/cv_bridge/cmake)
[0.655s] -- Found image_transport: 3.1.5 (/opt/ros/humble/share/image_transport/cmake)
[0.692s] -- Found rosidl_default_generators: 1.2.0 (/opt/ros/humble/share/rosidl_default_generators/cmake)
[0.916s] -- Found ament_cmake_ros: 0.10.0 (/opt/ros/humble/share/ament_cmake_ros/cmake)
[1.200s] -- Using all available rosidl_typesupport_c: rosidl_typesupport_fastrtps_c;rosidl_typesupport_introspection_c
[1.316s] -- Using all available rosidl_typesupport_cpp: rosidl_typesupport_fastrtps_cpp;rosidl_typesupport_introspection_cpp
[1.341s] -- Found PythonInterp: /usr/bin/python3 (found suitable version "3.10.6", minimum required is "3.6") 
[1.344s] -- Found python_cmake_module: 0.10.0 (/opt/ros/humble/share/python_cmake_module/cmake)
[1.370s] -- Found PythonLibs: /usr/lib/x86_64-linux-gnu/libpython3.10.so (found suitable version "3.10.6", minimum required is "3.5") 
[1.370s] -- Using PYTHON_EXECUTABLE: /usr/bin/python3
[1.370s] -- Using PYTHON_INCLUDE_DIRS: /usr/include/python3.10
[1.371s] -- Using PYTHON_LIBRARIES: /usr/lib/x86_64-linux-gnu/libpython3.10.so
[1.392s] -- Found PythonExtra: .so  
[1.423s] [31mCMake Error at CMakeLists.txt:27 (add_executable):
[1.423s]   add_executable cannot create target "turtlebot_control" because another
[1.423s]   target with the same name already exists.  The existing target is a custom
[1.423s]   target created in source directory
[1.423s]   "/home/megsindelar/Final_Project/raspberry_pi_ws/src/turtlebot_control".
[1.423s]   See documentation for policy CMP0002 for more details.
[1.423s] 
[1.423s] [0m
[1.423s] [31mCMake Error at /opt/ros/humble/share/ament_cmake_target_dependencies/cmake/ament_target_dependencies.cmake:128 (target_compile_definitions):
[1.423s]   target_compile_definitions called with non-compilable target type
[1.424s] Call Stack (most recent call first):
[1.424s]   CMakeLists.txt:29 (ament_target_dependencies)
[1.424s] 
[1.424s] [0m
[1.424s] [31mCMake Error at /opt/ros/humble/share/ament_cmake_target_dependencies/cmake/ament_target_dependencies.cmake:141 (target_include_directories):
[1.424s]   target_include_directories called with non-compilable target type
[1.424s] Call Stack (most recent call first):
[1.424s]   CMakeLists.txt:29 (ament_target_dependencies)
[1.424s] 
[1.424s] [0m
[1.424s] [31mCMake Error at /opt/ros/humble/share/ament_cmake_target_dependencies/cmake/ament_target_dependencies.cmake:145 (target_link_libraries):
[1.424s]   Utility target "turtlebot_control" must not be used as the target of a
[1.424s]   target_link_libraries call.
[1.425s] Call Stack (most recent call first):
[1.425s]   CMakeLists.txt:29 (ament_target_dependencies)
[1.425s] 
[1.425s] [0m
[1.425s] [31mCMake Error at /opt/ros/humble/share/ament_cmake_target_dependencies/cmake/ament_target_dependencies.cmake:147 (target_include_directories):
[1.425s]   target_include_directories called with non-compilable target type
[1.425s] Call Stack (most recent call first):
[1.425s]   CMakeLists.txt:29 (ament_target_dependencies)
[1.425s] 
[1.425s] [0m
[1.425s] [31mCMake Error at /opt/ros/humble/share/ament_cmake_target_dependencies/cmake/ament_target_dependencies.cmake:151 (target_link_libraries):
[1.425s]   Utility target "turtlebot_control" must not be used as the target of a
[1.425s]   target_link_libraries call.
[1.425s] Call Stack (most recent call first):
[1.425s]   CMakeLists.txt:29 (ament_target_dependencies)
[1.425s] 
[1.425s] [0m
[1.425s] [31mCMake Error at CMakeLists.txt:47 (target_link_libraries):
[1.425s]   Utility target "turtlebot_control" must not be used as the target of a
[1.425s]   target_link_libraries call.
[1.425s] 
[1.426s] [0m
[1.426s] [31mCMake Error at CMakeLists.txt:49 (install):
[1.426s]   install TARGETS given target "turtlebot_control" which is not an
[1.426s]   executable, library, or module.
[1.426s] 
[1.426s] [0m
[1.426s] -- Found ament_lint_auto: 0.12.5 (/opt/ros/humble/share/ament_lint_auto/cmake)
[1.437s] -- Added test 'cppcheck' to perform static code analysis on C / C++ code
[1.438s] -- Configured cppcheck include dirs: 
[1.438s] -- Configured cppcheck exclude dirs and/or files: 
[1.438s] -- Added test 'lint_cmake' to check CMake code style
[1.439s] -- Added test 'uncrustify' to check C / C++ code style
[1.439s] -- Configured uncrustify additional arguments: 
[1.440s] -- Added test 'xmllint' to check XML markup files
[1.442s] -- Configuring incomplete, errors occurred!
[1.442s] See also "/home/megsindelar/Final_Project/raspberry_pi_ws/build/turtlebot_control/CMakeFiles/CMakeOutput.log".
[1.450s] gmake: *** [Makefile:267: cmake_check_build_system] Error 1
[1.452s] Invoked command in '/home/megsindelar/Final_Project/raspberry_pi_ws/build/turtlebot_control' returned '2': CMAKE_PREFIX_PATH=${CMAKE_PREFIX_PATH}:/home/megsindelar/ME_495/Final_Proj/install/attack_of_the_franka:/home/megsindelar/ME_495/Final_Proj/install/moveit_testing:/opt/ros/humble /usr/bin/cmake --build /home/megsindelar/Final_Project/raspberry_pi_ws/build/turtlebot_control -- -j8 -l8
