[0.000000] (-) TimerEvent: {}
[0.000202] (turtlebot_control) JobQueued: {'identifier': 'turtlebot_control', 'dependencies': OrderedDict()}
[0.000239] (turtlebot_control) JobStarted: {'identifier': 'turtlebot_control'}
[0.006929] (turtlebot_control) JobProgress: {'identifier': 'turtlebot_control', 'progress': 'cmake'}
[0.007325] (turtlebot_control) JobProgress: {'identifier': 'turtlebot_control', 'progress': 'build'}
[0.007851] (turtlebot_control) Command: {'cmd': ['/usr/bin/cmake', '--build', '/ros_ws/aarch64_build/turtlebot_control', '--', '-j8', '-l8'], 'cwd': '/ros_ws/aarch64_build/turtlebot_control', 'env': OrderedDict([('HOSTNAME', 'c97044054735'), ('LD_LIBRARY_PATH', '/opt/ros/humble/opt/rviz_ogre_vendor/lib:/opt/ros/humble/lib/aarch64-linux-gnu:/opt/ros/humble/lib'), ('HOME', '/home/msr'), ('ROS_PYTHON_VERSION', '3'), ('LC_CTYPE', 'C.UTF-8'), ('ROS_DISTRO', 'humble'), ('ROS_VERSION', '2'), ('TERM', 'xterm'), ('ROS_LOCALHOST_ONLY', '0'), ('PATH', '/opt/ros/humble/bin:/usr/local/sbin:/usr/local/bin:/usr/sbin:/usr/bin:/sbin:/bin'), ('AMENT_PREFIX_PATH', '/opt/ros/humble'), ('PWD', '/ros_ws/aarch64_build/turtlebot_control'), ('PYTHONPATH', '/opt/ros/humble/lib/python3.10/site-packages:/opt/ros/humble/local/lib/python3.10/dist-packages'), ('COLCON', '1'), ('CMAKE_PREFIX_PATH', '/opt/ros/humble')]), 'shell': False}
[0.044807] (turtlebot_control) StdoutLine: {'line': b'\x1b[35m\x1b[1mConsolidate compiler generated dependencies of target turtlebot_control\x1b[0m\n'}
[0.059891] (turtlebot_control) StdoutLine: {'line': b'[ 50%] \x1b[32mBuilding CXX object CMakeFiles/turtlebot_control.dir/src/turtlebot_control.cpp.o\x1b[0m\n'}
[0.099364] (-) TimerEvent: {}
[0.199700] (-) TimerEvent: {}
[0.299981] (-) TimerEvent: {}
[0.400272] (-) TimerEvent: {}
[0.500536] (-) TimerEvent: {}
[0.600800] (-) TimerEvent: {}
[0.701072] (-) TimerEvent: {}
[0.801392] (-) TimerEvent: {}
[0.901655] (-) TimerEvent: {}
[1.001919] (-) TimerEvent: {}
[1.102170] (-) TimerEvent: {}
[1.202491] (-) TimerEvent: {}
[1.302799] (-) TimerEvent: {}
[1.403121] (-) TimerEvent: {}
[1.503434] (-) TimerEvent: {}
[1.603677] (-) TimerEvent: {}
[1.704004] (-) TimerEvent: {}
[1.804284] (-) TimerEvent: {}
[1.904529] (-) TimerEvent: {}
[2.004988] (-) TimerEvent: {}
[2.105260] (-) TimerEvent: {}
[2.205623] (-) TimerEvent: {}
[2.253512] (turtlebot_control) StderrLine: {'line': b'\x1b[01m\x1b[K/ros_ws/src/turtlebot_control/src/turtlebot_control.cpp:\x1b[m\x1b[K In member function \xe2\x80\x98\x1b[01m\x1b[Kvoid TurtlebotControl::timer_callback()\x1b[m\x1b[K\xe2\x80\x99:\n'}
[2.253665] (turtlebot_control) StderrLine: {'line': b'\x1b[01m\x1b[K/ros_ws/src/turtlebot_control/src/turtlebot_control.cpp:60:24:\x1b[m\x1b[K \x1b[01;35m\x1b[Kwarning: \x1b[m\x1b[Kunused variable \xe2\x80\x98\x1b[01m\x1b[Kfps\x1b[m\x1b[K\xe2\x80\x99 [\x1b[01;35m\x1b[K-Wunused-variable\x1b[m\x1b[K]\n'}
[2.253717] (turtlebot_control) StderrLine: {'line': b'   60 |                 double \x1b[01;35m\x1b[Kfps\x1b[m\x1b[K = cap.get(cv::CAP_PROP_FPS);\n'}
[2.253762] (turtlebot_control) StderrLine: {'line': b'      |                        \x1b[01;35m\x1b[K^~~\x1b[m\x1b[K\n'}
[2.305796] (-) TimerEvent: {}
[2.406107] (-) TimerEvent: {}
[2.506430] (-) TimerEvent: {}
[2.606767] (-) TimerEvent: {}
[2.707107] (-) TimerEvent: {}
[2.807451] (-) TimerEvent: {}
[2.861363] (turtlebot_control) StdoutLine: {'line': b'[100%] \x1b[32m\x1b[1mLinking CXX executable turtlebot_control\x1b[0m\n'}
[2.907634] (-) TimerEvent: {}
[3.007943] (-) TimerEvent: {}
[3.108286] (-) TimerEvent: {}
[3.142534] (turtlebot_control) StdoutLine: {'line': b'[100%] Built target turtlebot_control\n'}
[3.152296] (turtlebot_control) CommandEnded: {'returncode': 0}
[3.170814] (turtlebot_control) JobProgress: {'identifier': 'turtlebot_control', 'progress': 'install'}
[3.178617] (turtlebot_control) Command: {'cmd': ['/usr/bin/cmake', '--install', '/ros_ws/aarch64_build/turtlebot_control'], 'cwd': '/ros_ws/aarch64_build/turtlebot_control', 'env': OrderedDict([('HOSTNAME', 'c97044054735'), ('LD_LIBRARY_PATH', '/opt/ros/humble/opt/rviz_ogre_vendor/lib:/opt/ros/humble/lib/aarch64-linux-gnu:/opt/ros/humble/lib'), ('HOME', '/home/msr'), ('ROS_PYTHON_VERSION', '3'), ('LC_CTYPE', 'C.UTF-8'), ('ROS_DISTRO', 'humble'), ('ROS_VERSION', '2'), ('TERM', 'xterm'), ('ROS_LOCALHOST_ONLY', '0'), ('PATH', '/opt/ros/humble/bin:/usr/local/sbin:/usr/local/bin:/usr/sbin:/usr/bin:/sbin:/bin'), ('AMENT_PREFIX_PATH', '/opt/ros/humble'), ('PWD', '/ros_ws/aarch64_build/turtlebot_control'), ('PYTHONPATH', '/opt/ros/humble/lib/python3.10/site-packages:/opt/ros/humble/local/lib/python3.10/dist-packages'), ('COLCON', '1'), ('CMAKE_PREFIX_PATH', '/opt/ros/humble')]), 'shell': False}
[3.185787] (turtlebot_control) StdoutLine: {'line': b'-- Install configuration: ""\n'}
[3.186049] (turtlebot_control) StdoutLine: {'line': b'-- Installing: /ros_ws/aarch64_install/turtlebot_control/lib/turtlebot_control/turtlebot_control\n'}
[3.186794] (turtlebot_control) StdoutLine: {'line': b'-- Set runtime path of "/ros_ws/aarch64_install/turtlebot_control/lib/turtlebot_control/turtlebot_control" to ""\n'}
[3.186972] (turtlebot_control) StdoutLine: {'line': b'-- Up-to-date: /ros_ws/aarch64_install/turtlebot_control/share/turtlebot_control/images\n'}
[3.187057] (turtlebot_control) StdoutLine: {'line': b'-- Up-to-date: /ros_ws/aarch64_install/turtlebot_control/share/turtlebot_control/images/test_pic.png\n'}
[3.187132] (turtlebot_control) StdoutLine: {'line': b'-- Up-to-date: /ros_ws/aarch64_install/turtlebot_control/share/turtlebot_control/images/image.jpg\n'}
[3.187204] (turtlebot_control) StdoutLine: {'line': b'-- Up-to-date: /ros_ws/aarch64_install/turtlebot_control/share/ament_index/resource_index/package_run_dependencies/turtlebot_control\n'}
[3.187276] (turtlebot_control) StdoutLine: {'line': b'-- Up-to-date: /ros_ws/aarch64_install/turtlebot_control/share/ament_index/resource_index/parent_prefix_path/turtlebot_control\n'}
[3.187347] (turtlebot_control) StdoutLine: {'line': b'-- Up-to-date: /ros_ws/aarch64_install/turtlebot_control/share/turtlebot_control/environment/ament_prefix_path.sh\n'}
[3.187417] (turtlebot_control) StdoutLine: {'line': b'-- Up-to-date: /ros_ws/aarch64_install/turtlebot_control/share/turtlebot_control/environment/ament_prefix_path.dsv\n'}
[3.187487] (turtlebot_control) StdoutLine: {'line': b'-- Up-to-date: /ros_ws/aarch64_install/turtlebot_control/share/turtlebot_control/environment/path.sh\n'}
[3.187585] (turtlebot_control) StdoutLine: {'line': b'-- Up-to-date: /ros_ws/aarch64_install/turtlebot_control/share/turtlebot_control/environment/path.dsv\n'}
[3.187709] (turtlebot_control) StdoutLine: {'line': b'-- Up-to-date: /ros_ws/aarch64_install/turtlebot_control/share/turtlebot_control/local_setup.bash\n'}
[3.187780] (turtlebot_control) StdoutLine: {'line': b'-- Up-to-date: /ros_ws/aarch64_install/turtlebot_control/share/turtlebot_control/local_setup.sh\n'}
[3.187846] (turtlebot_control) StdoutLine: {'line': b'-- Up-to-date: /ros_ws/aarch64_install/turtlebot_control/share/turtlebot_control/local_setup.zsh\n'}
[3.187911] (turtlebot_control) StdoutLine: {'line': b'-- Up-to-date: /ros_ws/aarch64_install/turtlebot_control/share/turtlebot_control/local_setup.dsv\n'}
[3.187976] (turtlebot_control) StdoutLine: {'line': b'-- Installing: /ros_ws/aarch64_install/turtlebot_control/share/turtlebot_control/package.dsv\n'}
[3.188055] (turtlebot_control) StdoutLine: {'line': b'-- Up-to-date: /ros_ws/aarch64_install/turtlebot_control/share/ament_index/resource_index/packages/turtlebot_control\n'}
[3.188171] (turtlebot_control) StdoutLine: {'line': b'-- Up-to-date: /ros_ws/aarch64_install/turtlebot_control/share/turtlebot_control/cmake/turtlebot_controlConfig.cmake\n'}
[3.188297] (turtlebot_control) StdoutLine: {'line': b'-- Up-to-date: /ros_ws/aarch64_install/turtlebot_control/share/turtlebot_control/cmake/turtlebot_controlConfig-version.cmake\n'}
[3.188419] (turtlebot_control) StdoutLine: {'line': b'-- Up-to-date: /ros_ws/aarch64_install/turtlebot_control/share/turtlebot_control/package.xml\n'}
[3.189782] (turtlebot_control) CommandEnded: {'returncode': 0}
[3.208359] (-) TimerEvent: {}
[3.230909] (turtlebot_control) JobEnded: {'identifier': 'turtlebot_control', 'rc': 0}
[3.231665] (-) EventReactorShutdown: {}
