-- Found ament_cmake: 1.3.3 (/opt/ros/humble/share/ament_cmake/cmake)
-- Found rclcpp: 16.0.3 (/opt/ros/humble/share/rclcpp/cmake)
-- Found rosidl_generator_c: 3.1.4 (/opt/ros/humble/share/rosidl_generator_c/cmake)
-- Found rosidl_adapter: 3.1.4 (/opt/ros/humble/share/rosidl_adapter/cmake)
-- Found rosidl_generator_cpp: 3.1.4 (/opt/ros/humble/share/rosidl_generator_cpp/cmake)
-- Using all available rosidl_typesupport_c: rosidl_typesupport_fastrtps_c;rosidl_typesupport_introspection_c
-- Using all available rosidl_typesupport_cpp: rosidl_typesupport_fastrtps_cpp;rosidl_typesupport_introspection_cpp
-- Found rmw_implementation_cmake: 6.1.1 (/opt/ros/humble/share/rmw_implementation_cmake/cmake)
-- Found rmw_fastrtps_cpp: 6.2.2 (/opt/ros/humble/share/rmw_fastrtps_cpp/cmake)
-- Using RMW implementation 'rmw_fastrtps_cpp' as default
-- Found sensor_msgs: 4.2.3 (/opt/ros/humble/share/sensor_msgs/cmake)
-- Found cv_bridge: 3.2.1 (/opt/ros/humble/share/cv_bridge/cmake)
-- Found image_transport: 3.1.5 (/opt/ros/humble/share/image_transport/cmake)
-- Found PythonLibs: /usr/lib/x86_64-linux-gnu/libpython3.10.so (found version "3.10.6") 
-- Found Python3: /usr/bin/python3.10 (found version "3.10.6") found components: Interpreter Development NumPy Development.Module Development.Embed 
-- Found PythonLibs: /usr/lib/x86_64-linux-gnu/libpython3.10.so (found suitable version "3.10.6", minimum required is "3.0") 
-- Found tf2: 0.25.2 (/opt/ros/humble/share/tf2/cmake)
-- Found tf2_ros: 0.25.2 (/opt/ros/humble/share/tf2_ros/cmake)
-- Found rosidl_default_generators: 1.2.0 (/opt/ros/humble/share/rosidl_default_generators/cmake)
-- Found Python3: /usr/bin/python3.10 (found version "3.10.6") found components: Interpreter 
-- Found ament_cmake_ros: 0.10.0 (/opt/ros/humble/share/ament_cmake_ros/cmake)
-- Using all available rosidl_typesupport_c: rosidl_typesupport_fastrtps_c;rosidl_typesupport_introspection_c
-- Using all available rosidl_typesupport_cpp: rosidl_typesupport_fastrtps_cpp;rosidl_typesupport_introspection_cpp
-- Found python_cmake_module: 0.10.0 (/opt/ros/humble/share/python_cmake_module/cmake)
-- Found PythonLibs: /usr/lib/x86_64-linux-gnu/libpython3.10.so (found suitable version "3.10.6", minimum required is "3.5") 
-- Using PYTHON_EXECUTABLE: /usr/bin/python3
-- Using PYTHON_INCLUDE_DIRS: /usr/include/python3.10
-- Using PYTHON_LIBRARIES: /usr/lib/x86_64-linux-gnu/libpython3.10.so
-- Found ament_lint_auto: 0.12.5 (/opt/ros/humble/share/ament_lint_auto/cmake)
-- Added test 'cppcheck' to perform static code analysis on C / C++ code
-- Configured cppcheck include dirs: 
-- Configured cppcheck exclude dirs and/or files: 
-- Added test 'lint_cmake' to check CMake code style
-- Added test 'uncrustify' to check C / C++ code style
-- Configured uncrustify additional arguments: 
-- Added test 'xmllint' to check XML markup files
-- Configuring done
-- Generating done
-- Build files have been written to: /home/megsindelar/Final_Project/ros_ws/build/img_transform
[35m[1mConsolidate compiler generated dependencies of target img_transform_srv__rosidl_generator_c[0m
[35m[1mConsolidate compiler generated dependencies of target video_frequency[0m
[  2%] Built target img_transform_srv__cpp
[ 11%] Built target img_transform_srv__rosidl_generator_c
[ 11%] Built target ament_cmake_python_copy_img_transform
[35m[1mConsolidate compiler generated dependencies of target img_transform_srv__rosidl_typesupport_introspection_cpp[0m
[35m[1mConsolidate compiler generated dependencies of target img_transform_srv__rosidl_typesupport_cpp[0m
[35m[1mConsolidate compiler generated dependencies of target img_transform_srv__rosidl_typesupport_fastrtps_cpp[0m
[35m[1mConsolidate compiler generated dependencies of target img_transform_srv__rosidl_typesupport_fastrtps_c[0m
[35m[1mConsolidate compiler generated dependencies of target img_transform_srv__rosidl_typesupport_c[0m
[35m[1mConsolidate compiler generated dependencies of target img_transform_srv__rosidl_typesupport_introspection_c[0m
[ 17%] Built target video_frequency
[ 34%] Built target img_transform_srv__rosidl_typesupport_introspection_cpp
[ 34%] Built target img_transform_srv__rosidl_typesupport_c
[ 42%] Built target img_transform_srv__rosidl_typesupport_cpp
[ 51%] Built target img_transform_srv__rosidl_typesupport_fastrtps_cpp
[ 60%] Built target img_transform_srv__rosidl_typesupport_fastrtps_c
[ 68%] Built target img_transform_srv__rosidl_typesupport_introspection_c
[35m[1mConsolidate compiler generated dependencies of target img_transform[0m
[ 68%] Built target img_transform_srv
[ 71%] [32mBuilding CXX object CMakeFiles/img_transform.dir/src/img_transform.cpp.o[0m
[ 74%] [34m[1mGenerating Python code for ROS interfaces[0m
running egg_info
writing img_transform.egg-info/PKG-INFO
writing dependency_links to img_transform.egg-info/dependency_links.txt
writing top-level names to img_transform.egg-info/top_level.txt
reading manifest file 'img_transform.egg-info/SOURCES.txt'
writing manifest file 'img_transform.egg-info/SOURCES.txt'
[ 74%] Built target ament_cmake_python_build_img_transform_egg
[ 74%] Built target img_transform_srv__py
[ 77%] [32mBuilding C object CMakeFiles/img_transform_srv__rosidl_generator_py.dir/rosidl_generator_py/img_transform/srv/_teleport_s.c.o[0m
[ 80%] [32m[1mLinking C shared library rosidl_generator_py/img_transform/libimg_transform_srv__rosidl_generator_py.so[0m
[ 80%] Built target img_transform_srv__rosidl_generator_py
[ 82%] [32mBuilding C object CMakeFiles/img_transform__rosidl_typesupport_fastrtps_c__pyext.dir/rosidl_generator_py/img_transform/_img_transform_s.ep.rosidl_typesupport_fastrtps_c.c.o[0m
[ 88%] [32mBuilding C object CMakeFiles/img_transform__rosidl_typesupport_introspection_c__pyext.dir/rosidl_generator_py/img_transform/_img_transform_s.ep.rosidl_typesupport_introspection_c.c.o[0m
[ 88%] [32mBuilding C object CMakeFiles/img_transform__rosidl_typesupport_c__pyext.dir/rosidl_generator_py/img_transform/_img_transform_s.ep.rosidl_typesupport_c.c.o[0m
[ 91%] [32m[1mLinking C shared library rosidl_generator_py/img_transform/img_transform_s__rosidl_typesupport_c.cpython-310-x86_64-linux-gnu.so[0m
[ 94%] [32m[1mLinking C shared library rosidl_generator_py/img_transform/img_transform_s__rosidl_typesupport_introspection_c.cpython-310-x86_64-linux-gnu.so[0m
[ 97%] [32m[1mLinking C shared library rosidl_generator_py/img_transform/img_transform_s__rosidl_typesupport_fastrtps_c.cpython-310-x86_64-linux-gnu.so[0m
[ 97%] Built target img_transform__rosidl_typesupport_c__pyext
[ 97%] Built target img_transform__rosidl_typesupport_introspection_c__pyext
[ 97%] Built target img_transform__rosidl_typesupport_fastrtps_c__pyext
[100%] [32m[1mLinking CXX executable img_transform[0m
[100%] Built target img_transform
-- Install configuration: ""
-- Installing: /home/megsindelar/Final_Project/ros_ws/install/img_transform/share/ament_index/resource_index/rosidl_interfaces/img_transform
-- Installing: /home/megsindelar/Final_Project/ros_ws/install/img_transform/include/img_transform/img_transform
-- Installing: /home/megsindelar/Final_Project/ros_ws/install/img_transform/include/img_transform/img_transform/srv
-- Installing: /home/megsindelar/Final_Project/ros_ws/install/img_transform/include/img_transform/img_transform/srv/teleport.h
-- Installing: /home/megsindelar/Final_Project/ros_ws/install/img_transform/include/img_transform/img_transform/srv/detail
-- Installing: /home/megsindelar/Final_Project/ros_ws/install/img_transform/include/img_transform/img_transform/srv/detail/test__functions.h
-- Installing: /home/megsindelar/Final_Project/ros_ws/install/img_transform/include/img_transform/img_transform/srv/detail/teleport__functions.h
-- Installing: /home/megsindelar/Final_Project/ros_ws/install/img_transform/include/img_transform/img_transform/srv/detail/teleport__struct.h
-- Installing: /home/megsindelar/Final_Project/ros_ws/install/img_transform/include/img_transform/img_transform/srv/detail/teleport__functions.c
-- Installing: /home/megsindelar/Final_Project/ros_ws/install/img_transform/include/img_transform/img_transform/srv/detail/test__struct.h
-- Installing: /home/megsindelar/Final_Project/ros_ws/install/img_transform/include/img_transform/img_transform/srv/detail/teleport__type_support.h
-- Installing: /home/megsindelar/Final_Project/ros_ws/install/img_transform/include/img_transform/img_transform/srv/detail/test__functions.c
-- Installing: /home/megsindelar/Final_Project/ros_ws/install/img_transform/include/img_transform/img_transform/srv/detail/test__type_support.h
-- Installing: /home/megsindelar/Final_Project/ros_ws/install/img_transform/include/img_transform/img_transform/srv/test.h
-- Installing: /home/megsindelar/Final_Project/ros_ws/install/img_transform/include/img_transform/img_transform/msg
-- Installing: /home/megsindelar/Final_Project/ros_ws/install/img_transform/include/img_transform/img_transform/msg/detail
-- Installing: /home/megsindelar/Final_Project/ros_ws/install/img_transform/include/img_transform/img_transform/msg/detail/keypoints__functions.h
-- Installing: /home/megsindelar/Final_Project/ros_ws/install/img_transform/include/img_transform/img_transform/msg/detail/keypoints__functions.c
-- Installing: /home/megsindelar/Final_Project/ros_ws/install/img_transform/include/img_transform/img_transform/msg/detail/keypoints__type_support.h
-- Installing: /home/megsindelar/Final_Project/ros_ws/install/img_transform/include/img_transform/img_transform/msg/detail/keypoints__struct.h
-- Installing: /home/megsindelar/Final_Project/ros_ws/install/img_transform/include/img_transform/img_transform/msg/keypoints.h
-- Installing: /home/megsindelar/Final_Project/ros_ws/install/img_transform/include/img_transform/img_transform/msg/rosidl_generator_c__visibility_control.h
-- Installing: /home/megsindelar/Final_Project/ros_ws/install/img_transform/share/img_transform/environment/library_path.sh
-- Installing: /home/megsindelar/Final_Project/ros_ws/install/img_transform/share/img_transform/environment/library_path.dsv
-- Installing: /home/megsindelar/Final_Project/ros_ws/install/img_transform/lib/libimg_transform__rosidl_generator_c.so
-- Set runtime path of "/home/megsindelar/Final_Project/ros_ws/install/img_transform/lib/libimg_transform__rosidl_generator_c.so" to ""
-- Up-to-date: /home/megsindelar/Final_Project/ros_ws/install/img_transform/include/img_transform/img_transform
-- Up-to-date: /home/megsindelar/Final_Project/ros_ws/install/img_transform/include/img_transform/img_transform/srv
-- Up-to-date: /home/megsindelar/Final_Project/ros_ws/install/img_transform/include/img_transform/img_transform/srv/detail
-- Installing: /home/megsindelar/Final_Project/ros_ws/install/img_transform/include/img_transform/img_transform/srv/detail/test__rosidl_typesupport_fastrtps_c.h
-- Installing: /home/megsindelar/Final_Project/ros_ws/install/img_transform/include/img_transform/img_transform/srv/detail/teleport__rosidl_typesupport_fastrtps_c.h
-- Up-to-date: /home/megsindelar/Final_Project/ros_ws/install/img_transform/include/img_transform/img_transform/msg
-- Up-to-date: /home/megsindelar/Final_Project/ros_ws/install/img_transform/include/img_transform/img_transform/msg/detail
-- Installing: /home/megsindelar/Final_Project/ros_ws/install/img_transform/include/img_transform/img_transform/msg/detail/keypoints__rosidl_typesupport_fastrtps_c.h
-- Installing: /home/megsindelar/Final_Project/ros_ws/install/img_transform/include/img_transform/img_transform/msg/rosidl_typesupport_fastrtps_c__visibility_control.h
-- Installing: /home/megsindelar/Final_Project/ros_ws/install/img_transform/lib/libimg_transform__rosidl_typesupport_fastrtps_c.so
-- Set runtime path of "/home/megsindelar/Final_Project/ros_ws/install/img_transform/lib/libimg_transform__rosidl_typesupport_fastrtps_c.so" to ""
-- Up-to-date: /home/megsindelar/Final_Project/ros_ws/install/img_transform/include/img_transform/img_transform
-- Up-to-date: /home/megsindelar/Final_Project/ros_ws/install/img_transform/include/img_transform/img_transform/srv
-- Installing: /home/megsindelar/Final_Project/ros_ws/install/img_transform/include/img_transform/img_transform/srv/test.hpp
-- Up-to-date: /home/megsindelar/Final_Project/ros_ws/install/img_transform/include/img_transform/img_transform/srv/detail
-- Installing: /home/megsindelar/Final_Project/ros_ws/install/img_transform/include/img_transform/img_transform/srv/detail/teleport__struct.hpp
-- Installing: /home/megsindelar/Final_Project/ros_ws/install/img_transform/include/img_transform/img_transform/srv/detail/test__builder.hpp
-- Installing: /home/megsindelar/Final_Project/ros_ws/install/img_transform/include/img_transform/img_transform/srv/detail/teleport__builder.hpp
-- Installing: /home/megsindelar/Final_Project/ros_ws/install/img_transform/include/img_transform/img_transform/srv/detail/test__traits.hpp
-- Installing: /home/megsindelar/Final_Project/ros_ws/install/img_transform/include/img_transform/img_transform/srv/detail/test__struct.hpp
-- Installing: /home/megsindelar/Final_Project/ros_ws/install/img_transform/include/img_transform/img_transform/srv/detail/teleport__traits.hpp
-- Installing: /home/megsindelar/Final_Project/ros_ws/install/img_transform/include/img_transform/img_transform/srv/teleport.hpp
-- Up-to-date: /home/megsindelar/Final_Project/ros_ws/install/img_transform/include/img_transform/img_transform/msg
-- Up-to-date: /home/megsindelar/Final_Project/ros_ws/install/img_transform/include/img_transform/img_transform/msg/detail
-- Installing: /home/megsindelar/Final_Project/ros_ws/install/img_transform/include/img_transform/img_transform/msg/detail/keypoints__struct.hpp
-- Installing: /home/megsindelar/Final_Project/ros_ws/install/img_transform/include/img_transform/img_transform/msg/detail/keypoints__traits.hpp
-- Installing: /home/megsindelar/Final_Project/ros_ws/install/img_transform/include/img_transform/img_transform/msg/detail/keypoints__builder.hpp
-- Installing: /home/megsindelar/Final_Project/ros_ws/install/img_transform/include/img_transform/img_transform/msg/keypoints.hpp
-- Up-to-date: /home/megsindelar/Final_Project/ros_ws/install/img_transform/include/img_transform/img_transform
-- Up-to-date: /home/megsindelar/Final_Project/ros_ws/install/img_transform/include/img_transform/img_transform/srv
-- Up-to-date: /home/megsindelar/Final_Project/ros_ws/install/img_transform/include/img_transform/img_transform/srv/detail
-- Installing: /home/megsindelar/Final_Project/ros_ws/install/img_transform/include/img_transform/img_transform/srv/detail/dds_fastrtps
-- Installing: /home/megsindelar/Final_Project/ros_ws/install/img_transform/include/img_transform/img_transform/srv/detail/teleport__rosidl_typesupport_fastrtps_cpp.hpp
-- Installing: /home/megsindelar/Final_Project/ros_ws/install/img_transform/include/img_transform/img_transform/srv/detail/test__rosidl_typesupport_fastrtps_cpp.hpp
-- Up-to-date: /home/megsindelar/Final_Project/ros_ws/install/img_transform/include/img_transform/img_transform/msg
-- Up-to-date: /home/megsindelar/Final_Project/ros_ws/install/img_transform/include/img_transform/img_transform/msg/detail
-- Installing: /home/megsindelar/Final_Project/ros_ws/install/img_transform/include/img_transform/img_transform/msg/detail/dds_fastrtps
-- Installing: /home/megsindelar/Final_Project/ros_ws/install/img_transform/include/img_transform/img_transform/msg/detail/keypoints__rosidl_typesupport_fastrtps_cpp.hpp
-- Installing: /home/megsindelar/Final_Project/ros_ws/install/img_transform/include/img_transform/img_transform/msg/rosidl_typesupport_fastrtps_cpp__visibility_control.h
-- Installing: /home/megsindelar/Final_Project/ros_ws/install/img_transform/lib/libimg_transform__rosidl_typesupport_fastrtps_cpp.so
-- Set runtime path of "/home/megsindelar/Final_Project/ros_ws/install/img_transform/lib/libimg_transform__rosidl_typesupport_fastrtps_cpp.so" to ""
-- Up-to-date: /home/megsindelar/Final_Project/ros_ws/install/img_transform/include/img_transform/img_transform
-- Up-to-date: /home/megsindelar/Final_Project/ros_ws/install/img_transform/include/img_transform/img_transform/srv
-- Up-to-date: /home/megsindelar/Final_Project/ros_ws/install/img_transform/include/img_transform/img_transform/srv/detail
-- Installing: /home/megsindelar/Final_Project/ros_ws/install/img_transform/include/img_transform/img_transform/srv/detail/test__type_support.c
-- Installing: /home/megsindelar/Final_Project/ros_ws/install/img_transform/include/img_transform/img_transform/srv/detail/teleport__rosidl_typesupport_introspection_c.h
-- Installing: /home/megsindelar/Final_Project/ros_ws/install/img_transform/include/img_transform/img_transform/srv/detail/teleport__type_support.c
-- Installing: /home/megsindelar/Final_Project/ros_ws/install/img_transform/include/img_transform/img_transform/srv/detail/test__rosidl_typesupport_introspection_c.h
-- Up-to-date: /home/megsindelar/Final_Project/ros_ws/install/img_transform/include/img_transform/img_transform/msg
-- Up-to-date: /home/megsindelar/Final_Project/ros_ws/install/img_transform/include/img_transform/img_transform/msg/detail
-- Installing: /home/megsindelar/Final_Project/ros_ws/install/img_transform/include/img_transform/img_transform/msg/detail/keypoints__type_support.c
-- Installing: /home/megsindelar/Final_Project/ros_ws/install/img_transform/include/img_transform/img_transform/msg/detail/keypoints__rosidl_typesupport_introspection_c.h
-- Installing: /home/megsindelar/Final_Project/ros_ws/install/img_transform/include/img_transform/img_transform/msg/rosidl_typesupport_introspection_c__visibility_control.h
-- Installing: /home/megsindelar/Final_Project/ros_ws/install/img_transform/lib/libimg_transform__rosidl_typesupport_introspection_c.so
-- Set runtime path of "/home/megsindelar/Final_Project/ros_ws/install/img_transform/lib/libimg_transform__rosidl_typesupport_introspection_c.so" to ""
-- Installing: /home/megsindelar/Final_Project/ros_ws/install/img_transform/lib/libimg_transform__rosidl_typesupport_c.so
-- Set runtime path of "/home/megsindelar/Final_Project/ros_ws/install/img_transform/lib/libimg_transform__rosidl_typesupport_c.so" to ""
-- Up-to-date: /home/megsindelar/Final_Project/ros_ws/install/img_transform/include/img_transform/img_transform
-- Up-to-date: /home/megsindelar/Final_Project/ros_ws/install/img_transform/include/img_transform/img_transform/srv
-- Up-to-date: /home/megsindelar/Final_Project/ros_ws/install/img_transform/include/img_transform/img_transform/srv/detail
-- Installing: /home/megsindelar/Final_Project/ros_ws/install/img_transform/include/img_transform/img_transform/srv/detail/test__type_support.cpp
-- Installing: /home/megsindelar/Final_Project/ros_ws/install/img_transform/include/img_transform/img_transform/srv/detail/teleport__rosidl_typesupport_introspection_cpp.hpp
-- Installing: /home/megsindelar/Final_Project/ros_ws/install/img_transform/include/img_transform/img_transform/srv/detail/teleport__type_support.cpp
-- Installing: /home/megsindelar/Final_Project/ros_ws/install/img_transform/include/img_transform/img_transform/srv/detail/test__rosidl_typesupport_introspection_cpp.hpp
-- Up-to-date: /home/megsindelar/Final_Project/ros_ws/install/img_transform/include/img_transform/img_transform/msg
-- Up-to-date: /home/megsindelar/Final_Project/ros_ws/install/img_transform/include/img_transform/img_transform/msg/detail
-- Installing: /home/megsindelar/Final_Project/ros_ws/install/img_transform/include/img_transform/img_transform/msg/detail/keypoints__rosidl_typesupport_introspection_cpp.hpp
-- Installing: /home/megsindelar/Final_Project/ros_ws/install/img_transform/include/img_transform/img_transform/msg/detail/keypoints__type_support.cpp
-- Installing: /home/megsindelar/Final_Project/ros_ws/install/img_transform/lib/libimg_transform__rosidl_typesupport_introspection_cpp.so
-- Set runtime path of "/home/megsindelar/Final_Project/ros_ws/install/img_transform/lib/libimg_transform__rosidl_typesupport_introspection_cpp.so" to ""
-- Installing: /home/megsindelar/Final_Project/ros_ws/install/img_transform/lib/libimg_transform__rosidl_typesupport_cpp.so
-- Set runtime path of "/home/megsindelar/Final_Project/ros_ws/install/img_transform/lib/libimg_transform__rosidl_typesupport_cpp.so" to ""
-- Installing: /home/megsindelar/Final_Project/ros_ws/install/img_transform/share/img_transform/environment/pythonpath.sh
-- Installing: /home/megsindelar/Final_Project/ros_ws/install/img_transform/share/img_transform/environment/pythonpath.dsv
-- Installing: /home/megsindelar/Final_Project/ros_ws/install/img_transform/local/lib/python3.10/dist-packages/img_transform-0.0.0-py3.10.egg-info
-- Installing: /home/megsindelar/Final_Project/ros_ws/install/img_transform/local/lib/python3.10/dist-packages/img_transform-0.0.0-py3.10.egg-info/PKG-INFO
-- Installing: /home/megsindelar/Final_Project/ros_ws/install/img_transform/local/lib/python3.10/dist-packages/img_transform-0.0.0-py3.10.egg-info/top_level.txt
-- Installing: /home/megsindelar/Final_Project/ros_ws/install/img_transform/local/lib/python3.10/dist-packages/img_transform-0.0.0-py3.10.egg-info/dependency_links.txt
-- Installing: /home/megsindelar/Final_Project/ros_ws/install/img_transform/local/lib/python3.10/dist-packages/img_transform-0.0.0-py3.10.egg-info/SOURCES.txt
-- Installing: /home/megsindelar/Final_Project/ros_ws/install/img_transform/local/lib/python3.10/dist-packages/img_transform
-- Installing: /home/megsindelar/Final_Project/ros_ws/install/img_transform/local/lib/python3.10/dist-packages/img_transform/_img_transform_s.ep.rosidl_typesupport_c.c
-- Installing: /home/megsindelar/Final_Project/ros_ws/install/img_transform/local/lib/python3.10/dist-packages/img_transform/libimg_transform_srv__rosidl_generator_py.so
-- Installing: /home/megsindelar/Final_Project/ros_ws/install/img_transform/local/lib/python3.10/dist-packages/img_transform/srv
-- Installing: /home/megsindelar/Final_Project/ros_ws/install/img_transform/local/lib/python3.10/dist-packages/img_transform/srv/_teleport_s.c
-- Installing: /home/megsindelar/Final_Project/ros_ws/install/img_transform/local/lib/python3.10/dist-packages/img_transform/srv/__init__.py
-- Installing: /home/megsindelar/Final_Project/ros_ws/install/img_transform/local/lib/python3.10/dist-packages/img_transform/srv/_teleport.py
-- Installing: /home/megsindelar/Final_Project/ros_ws/install/img_transform/local/lib/python3.10/dist-packages/img_transform/img_transform_s__rosidl_typesupport_fastrtps_c.cpython-310-x86_64-linux-gnu.so
-- Installing: /home/megsindelar/Final_Project/ros_ws/install/img_transform/local/lib/python3.10/dist-packages/img_transform/__init__.py
-- Installing: /home/megsindelar/Final_Project/ros_ws/install/img_transform/local/lib/python3.10/dist-packages/img_transform/_img_transform_s.ep.rosidl_typesupport_introspection_c.c
-- Installing: /home/megsindelar/Final_Project/ros_ws/install/img_transform/local/lib/python3.10/dist-packages/img_transform/_img_transform_s.ep.rosidl_typesupport_fastrtps_c.c
-- Installing: /home/megsindelar/Final_Project/ros_ws/install/img_transform/local/lib/python3.10/dist-packages/img_transform/img_transform_s__rosidl_typesupport_c.cpython-310-x86_64-linux-gnu.so
-- Installing: /home/megsindelar/Final_Project/ros_ws/install/img_transform/local/lib/python3.10/dist-packages/img_transform/img_transform_s__rosidl_typesupport_introspection_c.cpython-310-x86_64-linux-gnu.so
Listing '/home/megsindelar/Final_Project/ros_ws/install/img_transform/local/lib/python3.10/dist-packages/img_transform'...
Compiling '/home/megsindelar/Final_Project/ros_ws/install/img_transform/local/lib/python3.10/dist-packages/img_transform/__init__.py'...
Listing '/home/megsindelar/Final_Project/ros_ws/install/img_transform/local/lib/python3.10/dist-packages/img_transform/srv'...
Compiling '/home/megsindelar/Final_Project/ros_ws/install/img_transform/local/lib/python3.10/dist-packages/img_transform/srv/__init__.py'...
Compiling '/home/megsindelar/Final_Project/ros_ws/install/img_transform/local/lib/python3.10/dist-packages/img_transform/srv/_teleport.py'...
-- Installing: /home/megsindelar/Final_Project/ros_ws/install/img_transform/local/lib/python3.10/dist-packages/img_transform/img_transform_s__rosidl_typesupport_fastrtps_c.cpython-310-x86_64-linux-gnu.so
-- Set runtime path of "/home/megsindelar/Final_Project/ros_ws/install/img_transform/local/lib/python3.10/dist-packages/img_transform/img_transform_s__rosidl_typesupport_fastrtps_c.cpython-310-x86_64-linux-gnu.so" to ""
-- Installing: /home/megsindelar/Final_Project/ros_ws/install/img_transform/local/lib/python3.10/dist-packages/img_transform/img_transform_s__rosidl_typesupport_introspection_c.cpython-310-x86_64-linux-gnu.so
-- Set runtime path of "/home/megsindelar/Final_Project/ros_ws/install/img_transform/local/lib/python3.10/dist-packages/img_transform/img_transform_s__rosidl_typesupport_introspection_c.cpython-310-x86_64-linux-gnu.so" to ""
-- Installing: /home/megsindelar/Final_Project/ros_ws/install/img_transform/local/lib/python3.10/dist-packages/img_transform/img_transform_s__rosidl_typesupport_c.cpython-310-x86_64-linux-gnu.so
-- Set runtime path of "/home/megsindelar/Final_Project/ros_ws/install/img_transform/local/lib/python3.10/dist-packages/img_transform/img_transform_s__rosidl_typesupport_c.cpython-310-x86_64-linux-gnu.so" to ""
-- Installing: /home/megsindelar/Final_Project/ros_ws/install/img_transform/lib/libimg_transform_srv__rosidl_generator_py.so
-- Set runtime path of "/home/megsindelar/Final_Project/ros_ws/install/img_transform/lib/libimg_transform_srv__rosidl_generator_py.so" to ""
-- Installing: /home/megsindelar/Final_Project/ros_ws/install/img_transform/share/img_transform/srv/Teleport.idl
-- Installing: /home/megsindelar/Final_Project/ros_ws/install/img_transform/share/img_transform/srv/Teleport.srv
-- Installing: /home/megsindelar/Final_Project/ros_ws/install/img_transform/share/img_transform/srv/Teleport_Request.msg
-- Installing: /home/megsindelar/Final_Project/ros_ws/install/img_transform/share/img_transform/srv/Teleport_Response.msg
-- Installing: /home/megsindelar/Final_Project/ros_ws/install/img_transform/lib/img_transform/img_transform
-- Set runtime path of "/home/megsindelar/Final_Project/ros_ws/install/img_transform/lib/img_transform/img_transform" to ""
-- Installing: /home/megsindelar/Final_Project/ros_ws/install/img_transform/lib/img_transform/video_frequency
-- Set runtime path of "/home/megsindelar/Final_Project/ros_ws/install/img_transform/lib/img_transform/video_frequency" to ""
-- Up-to-date: /home/megsindelar/Final_Project/ros_ws/install/img_transform/share/img_transform/images
-- Up-to-date: /home/megsindelar/Final_Project/ros_ws/install/img_transform/share/img_transform/images/image2.jpg
-- Up-to-date: /home/megsindelar/Final_Project/ros_ws/install/img_transform/share/img_transform/images/image.jpg
-- Up-to-date: /home/megsindelar/Final_Project/ros_ws/install/img_transform/share/img_transform/launch
-- Up-to-date: /home/megsindelar/Final_Project/ros_ws/install/img_transform/share/img_transform/launch/transform.launch.xml
-- Up-to-date: /home/megsindelar/Final_Project/ros_ws/install/img_transform/share/img_transform/config
-- Up-to-date: /home/megsindelar/Final_Project/ros_ws/install/img_transform/share/img_transform/config/transform.rviz
-- Installing: /home/megsindelar/Final_Project/ros_ws/install/img_transform/share/ament_index/resource_index/package_run_dependencies/img_transform
-- Up-to-date: /home/megsindelar/Final_Project/ros_ws/install/img_transform/share/ament_index/resource_index/parent_prefix_path/img_transform
-- Up-to-date: /home/megsindelar/Final_Project/ros_ws/install/img_transform/share/img_transform/environment/ament_prefix_path.sh
-- Installing: /home/megsindelar/Final_Project/ros_ws/install/img_transform/share/img_transform/environment/ament_prefix_path.dsv
-- Up-to-date: /home/megsindelar/Final_Project/ros_ws/install/img_transform/share/img_transform/environment/path.sh
-- Installing: /home/megsindelar/Final_Project/ros_ws/install/img_transform/share/img_transform/environment/path.dsv
-- Up-to-date: /home/megsindelar/Final_Project/ros_ws/install/img_transform/share/img_transform/local_setup.bash
-- Installing: /home/megsindelar/Final_Project/ros_ws/install/img_transform/share/img_transform/local_setup.sh
-- Up-to-date: /home/megsindelar/Final_Project/ros_ws/install/img_transform/share/img_transform/local_setup.zsh
-- Installing: /home/megsindelar/Final_Project/ros_ws/install/img_transform/share/img_transform/local_setup.dsv
-- Installing: /home/megsindelar/Final_Project/ros_ws/install/img_transform/share/img_transform/package.dsv
-- Up-to-date: /home/megsindelar/Final_Project/ros_ws/install/img_transform/share/ament_index/resource_index/packages/img_transform
-- Installing: /home/megsindelar/Final_Project/ros_ws/install/img_transform/share/img_transform/cmake/export_img_transform_srv__rosidl_generator_cExport.cmake
-- Installing: /home/megsindelar/Final_Project/ros_ws/install/img_transform/share/img_transform/cmake/export_img_transform_srv__rosidl_generator_cExport-noconfig.cmake
-- Installing: /home/megsindelar/Final_Project/ros_ws/install/img_transform/share/img_transform/cmake/export_img_transform_srv__rosidl_typesupport_fastrtps_cExport.cmake
-- Installing: /home/megsindelar/Final_Project/ros_ws/install/img_transform/share/img_transform/cmake/export_img_transform_srv__rosidl_typesupport_fastrtps_cExport-noconfig.cmake
-- Installing: /home/megsindelar/Final_Project/ros_ws/install/img_transform/share/img_transform/cmake/export_img_transform_srv__rosidl_generator_cppExport.cmake
-- Installing: /home/megsindelar/Final_Project/ros_ws/install/img_transform/share/img_transform/cmake/export_img_transform_srv__rosidl_typesupport_fastrtps_cppExport.cmake
-- Installing: /home/megsindelar/Final_Project/ros_ws/install/img_transform/share/img_transform/cmake/export_img_transform_srv__rosidl_typesupport_fastrtps_cppExport-noconfig.cmake
-- Installing: /home/megsindelar/Final_Project/ros_ws/install/img_transform/share/img_transform/cmake/img_transform_srv__rosidl_typesupport_introspection_cExport.cmake
-- Installing: /home/megsindelar/Final_Project/ros_ws/install/img_transform/share/img_transform/cmake/img_transform_srv__rosidl_typesupport_introspection_cExport-noconfig.cmake
-- Installing: /home/megsindelar/Final_Project/ros_ws/install/img_transform/share/img_transform/cmake/img_transform_srv__rosidl_typesupport_cExport.cmake
-- Installing: /home/megsindelar/Final_Project/ros_ws/install/img_transform/share/img_transform/cmake/img_transform_srv__rosidl_typesupport_cExport-noconfig.cmake
-- Installing: /home/megsindelar/Final_Project/ros_ws/install/img_transform/share/img_transform/cmake/img_transform_srv__rosidl_typesupport_introspection_cppExport.cmake
-- Installing: /home/megsindelar/Final_Project/ros_ws/install/img_transform/share/img_transform/cmake/img_transform_srv__rosidl_typesupport_introspection_cppExport-noconfig.cmake
-- Installing: /home/megsindelar/Final_Project/ros_ws/install/img_transform/share/img_transform/cmake/img_transform_srv__rosidl_typesupport_cppExport.cmake
-- Installing: /home/megsindelar/Final_Project/ros_ws/install/img_transform/share/img_transform/cmake/img_transform_srv__rosidl_typesupport_cppExport-noconfig.cmake
-- Installing: /home/megsindelar/Final_Project/ros_ws/install/img_transform/share/img_transform/cmake/export_img_transform_srv__rosidl_generator_pyExport.cmake
-- Installing: /home/megsindelar/Final_Project/ros_ws/install/img_transform/share/img_transform/cmake/export_img_transform_srv__rosidl_generator_pyExport-noconfig.cmake
-- Installing: /home/megsindelar/Final_Project/ros_ws/install/img_transform/share/img_transform/cmake/rosidl_cmake-extras.cmake
-- Installing: /home/megsindelar/Final_Project/ros_ws/install/img_transform/share/img_transform/cmake/ament_cmake_export_include_directories-extras.cmake
-- Installing: /home/megsindelar/Final_Project/ros_ws/install/img_transform/share/img_transform/cmake/ament_cmake_export_libraries-extras.cmake
-- Installing: /home/megsindelar/Final_Project/ros_ws/install/img_transform/share/img_transform/cmake/ament_cmake_export_targets-extras.cmake
-- Installing: /home/megsindelar/Final_Project/ros_ws/install/img_transform/share/img_transform/cmake/rosidl_cmake_export_typesupport_targets-extras.cmake
-- Installing: /home/megsindelar/Final_Project/ros_ws/install/img_transform/share/img_transform/cmake/ament_cmake_export_dependencies-extras.cmake
-- Installing: /home/megsindelar/Final_Project/ros_ws/install/img_transform/share/img_transform/cmake/rosidl_cmake_export_typesupport_libraries-extras.cmake
-- Installing: /home/megsindelar/Final_Project/ros_ws/install/img_transform/share/img_transform/cmake/img_transformConfig.cmake
-- Up-to-date: /home/megsindelar/Final_Project/ros_ws/install/img_transform/share/img_transform/cmake/img_transformConfig-version.cmake
-- Installing: /home/megsindelar/Final_Project/ros_ws/install/img_transform/share/img_transform/package.xml
