-- Found ament_cmake: 1.3.3 (/opt/ros/humble/share/ament_cmake/cmake)
-- Found rclcpp: 16.0.3 (/opt/ros/humble/share/rclcpp/cmake)
-- Found rosidl_generator_c: 3.1.4 (/opt/ros/humble/share/rosidl_generator_c/cmake)
-- Found rosidl_adapter: 3.1.4 (/opt/ros/humble/share/rosidl_adapter/cmake)
-- Found rosidl_generator_cpp: 3.1.4 (/opt/ros/humble/share/rosidl_generator_cpp/cmake)
-- Using all available rosidl_typesupport_c: rosidl_typesupport_fastrtps_c;rosidl_typesupport_introspection_c
-- Using all available rosidl_typesupport_cpp: rosidl_typesupport_fastrtps_cpp;rosidl_typesupport_introspection_cpp
-- Found rmw_implementation_cmake: 6.1.1 (/opt/ros/humble/share/rmw_implementation_cmake/cmake)
-- Found rmw_fastrtps_cpp: 6.2.2 (/opt/ros/humble/share/rmw_fastrtps_cpp/cmake)
-- Using RMW implementation 'rmw_fastrtps_cpp' as default
-- Found sensor_msgs: 4.2.3 (/opt/ros/humble/share/sensor_msgs/cmake)
-- Found cv_bridge: 3.2.1 (/opt/ros/humble/share/cv_bridge/cmake)
-- Found image_transport: 3.1.5 (/opt/ros/humble/share/image_transport/cmake)
-- Found ament_lint_auto: 0.12.5 (/opt/ros/humble/share/ament_lint_auto/cmake)
-- Added test 'cppcheck' to perform static code analysis on C / C++ code
-- Configured cppcheck include dirs: 
-- Configured cppcheck exclude dirs and/or files: 
-- Added test 'lint_cmake' to check CMake code style
-- Added test 'uncrustify' to check C / C++ code style
-- Configured uncrustify additional arguments: 
-- Added test 'xmllint' to check XML markup files
-- Configuring done
-- Generating done
-- Build files have been written to: /home/megsindelar/Final_Project/ros_ws/build/img_transform
[35m[1mConsolidate compiler generated dependencies of target img_transform[0m
[100%] Built target img_transform
-- Install configuration: ""
-- Up-to-date: /home/megsindelar/Final_Project/ros_ws/install/img_transform/lib/img_transform/img_transform
-- Installing: /home/megsindelar/Final_Project/ros_ws/install/img_transform/share/img_transform/image
-- Installing: /home/megsindelar/Final_Project/ros_ws/install/img_transform/share/img_transform/image/image2.jpg
-- Installing: /home/megsindelar/Final_Project/ros_ws/install/img_transform/share/img_transform/image/image.jpg
-- Up-to-date: /home/megsindelar/Final_Project/ros_ws/install/img_transform/share/ament_index/resource_index/package_run_dependencies/img_transform
-- Up-to-date: /home/megsindelar/Final_Project/ros_ws/install/img_transform/share/ament_index/resource_index/parent_prefix_path/img_transform
-- Up-to-date: /home/megsindelar/Final_Project/ros_ws/install/img_transform/share/img_transform/environment/ament_prefix_path.sh
-- Installing: /home/megsindelar/Final_Project/ros_ws/install/img_transform/share/img_transform/environment/ament_prefix_path.dsv
-- Up-to-date: /home/megsindelar/Final_Project/ros_ws/install/img_transform/share/img_transform/environment/path.sh
-- Installing: /home/megsindelar/Final_Project/ros_ws/install/img_transform/share/img_transform/environment/path.dsv
-- Up-to-date: /home/megsindelar/Final_Project/ros_ws/install/img_transform/share/img_transform/local_setup.bash
-- Up-to-date: /home/megsindelar/Final_Project/ros_ws/install/img_transform/share/img_transform/local_setup.sh
-- Up-to-date: /home/megsindelar/Final_Project/ros_ws/install/img_transform/share/img_transform/local_setup.zsh
-- Installing: /home/megsindelar/Final_Project/ros_ws/install/img_transform/share/img_transform/local_setup.dsv
-- Installing: /home/megsindelar/Final_Project/ros_ws/install/img_transform/share/img_transform/package.dsv
-- Up-to-date: /home/megsindelar/Final_Project/ros_ws/install/img_transform/share/ament_index/resource_index/packages/img_transform
-- Up-to-date: /home/megsindelar/Final_Project/ros_ws/install/img_transform/share/img_transform/cmake/img_transformConfig.cmake
-- Up-to-date: /home/megsindelar/Final_Project/ros_ws/install/img_transform/share/img_transform/cmake/img_transformConfig-version.cmake
-- Up-to-date: /home/megsindelar/Final_Project/ros_ws/install/img_transform/share/img_transform/package.xml
