[35m[1mConsolidate compiler generated dependencies of target img_transform[0m
[ 50%] [32mBuilding CXX object CMakeFiles/img_transform.dir/src/img_transform.cpp.o[0m
[01m[K/home/megsindelar/Final_Project/ros_ws/src/img_transform/src/img_transform.cpp:[m[K In member function ‘[01m[Kvoid ImgTransform::timer_callback()[m[K’:
[01m[K/home/megsindelar/Final_Project/ros_ws/src/img_transform/src/img_transform.cpp:49:25:[m[K [01;31m[Kerror: [m[K‘[01m[KKeyPoint[m[K’ was not declared in this scope; did you mean ‘[01m[Kcv::KeyPoint[m[K’?
   49 |             std::vector<[01;31m[KKeyPoint[m[K> keypoints_1, keypoints_2;
      |                         [01;31m[K^~~~~~~~[m[K
      |                         [32m[Kcv::KeyPoint[m[K
In file included from [01m[K/usr/include/opencv4/opencv2/core.hpp:57[m[K,
                 from [01m[K/usr/include/opencv4/opencv2/core/core.hpp:48[m[K,
                 from [01m[K/opt/ros/humble/include/cv_bridge/cv_bridge/cv_bridge.h:43[m[K,
                 from [01m[K/home/megsindelar/Final_Project/ros_ws/src/img_transform/src/img_transform.cpp:4[m[K:
[01m[K/usr/include/opencv4/opencv2/core/types.hpp:727:27:[m[K [01;36m[Knote: [m[K‘[01m[Kcv::KeyPoint[m[K’ declared here
  727 | class CV_EXPORTS_W_SIMPLE [01;36m[KKeyPoint[m[K
      |                           [01;36m[K^~~~~~~~[m[K
[01m[K/home/megsindelar/Final_Project/ros_ws/src/img_transform/src/img_transform.cpp:49:33:[m[K [01;31m[Kerror: [m[Ktemplate argument 1 is invalid
   49 |             std::vector<KeyPoint[01;31m[K>[m[K keypoints_1, keypoints_2;
      |                                 [01;31m[K^[m[K
[01m[K/home/megsindelar/Final_Project/ros_ws/src/img_transform/src/img_transform.cpp:49:33:[m[K [01;31m[Kerror: [m[Ktemplate argument 2 is invalid
[01m[K/home/megsindelar/Final_Project/ros_ws/src/img_transform/src/img_transform.cpp:50:13:[m[K [01;31m[Kerror: [m[K‘[01m[KMat[m[K’ was not declared in this scope; did you mean ‘[01m[Kcv::Mat[m[K’?
   50 |             [01;31m[KMat[m[K descriptors_1, descriptors_2;
      |             [01;31m[K^~~[m[K
      |             [32m[Kcv::Mat[m[K
In file included from [01m[K/usr/include/opencv4/opencv2/core.hpp:58[m[K,
                 from [01m[K/usr/include/opencv4/opencv2/core/core.hpp:48[m[K,
                 from [01m[K/opt/ros/humble/include/cv_bridge/cv_bridge/cv_bridge.h:43[m[K,
                 from [01m[K/home/megsindelar/Final_Project/ros_ws/src/img_transform/src/img_transform.cpp:4[m[K:
[01m[K/usr/include/opencv4/opencv2/core/mat.hpp:801:18:[m[K [01;36m[Knote: [m[K‘[01m[Kcv::Mat[m[K’ declared here
  801 | class CV_EXPORTS [01;36m[KMat[m[K
      |                  [01;36m[K^~~[m[K
[01m[K/home/megsindelar/Final_Project/ros_ws/src/img_transform/src/img_transform.cpp:51:13:[m[K [01;31m[Kerror: [m[K‘[01m[KPtr[m[K’ was not declared in this scope; did you mean ‘[01m[Kcv::Ptr[m[K’?
   51 |             [01;31m[KPtr[m[K<FeatureDetector> detector = ORB::create();
      |             [01;31m[K^~~[m[K
      |             [32m[Kcv::Ptr[m[K
In file included from [01m[K/usr/include/opencv4/opencv2/core/cvstd.hpp:81[m[K,
                 from [01m[K/usr/include/opencv4/opencv2/core/base.hpp:58[m[K,
                 from [01m[K/usr/include/opencv4/opencv2/core.hpp:53[m[K,
                 from [01m[K/usr/include/opencv4/opencv2/core/core.hpp:48[m[K,
                 from [01m[K/opt/ros/humble/include/cv_bridge/cv_bridge/cv_bridge.h:43[m[K,
                 from [01m[K/home/megsindelar/Final_Project/ros_ws/src/img_transform/src/img_transform.cpp:4[m[K:
[01m[K/usr/include/opencv4/opencv2/core/cvstd_wrapper.hpp:73:8:[m[K [01;36m[Knote: [m[K‘[01m[Kcv::Ptr[m[K’ declared here
   73 | struct [01;36m[KPtr[m[K : public std::shared_ptr<T>
      |        [01;36m[K^~~[m[K
[01m[K/home/megsindelar/Final_Project/ros_ws/src/img_transform/src/img_transform.cpp:51:17:[m[K [01;31m[Kerror: [m[K‘[01m[KFeatureDetector[m[K’ was not declared in this scope
   51 |             Ptr<[01;31m[KFeatureDetector[m[K> detector = ORB::create();
      |                 [01;31m[K^~~~~~~~~~~~~~~[m[K
[01m[K/home/megsindelar/Final_Project/ros_ws/src/img_transform/src/img_transform.cpp:51:34:[m[K [01;31m[Kerror: [m[K‘[01m[Kdetector[m[K’ was not declared in this scope
   51 |             Ptr<FeatureDetector> [01;31m[Kdetector[m[K = ORB::create();
      |                                  [01;31m[K^~~~~~~~[m[K
[01m[K/home/megsindelar/Final_Project/ros_ws/src/img_transform/src/img_transform.cpp:51:45:[m[K [01;31m[Kerror: [m[K‘[01m[KORB[m[K’ has not been declared
   51 |             Ptr<FeatureDetector> detector = [01;31m[KORB[m[K::create();
      |                                             [01;31m[K^~~[m[K
[01m[K/home/megsindelar/Final_Project/ros_ws/src/img_transform/src/img_transform.cpp:52:17:[m[K [01;31m[Kerror: [m[K‘[01m[KDescriptorExtractor[m[K’ was not declared in this scope
   52 |             Ptr<[01;31m[KDescriptorExtractor[m[K> descriptor = ORB::create();
      |                 [01;31m[K^~~~~~~~~~~~~~~~~~~[m[K
[01m[K/home/megsindelar/Final_Project/ros_ws/src/img_transform/src/img_transform.cpp:52:38:[m[K [01;31m[Kerror: [m[K‘[01m[Kdescriptor[m[K’ was not declared in this scope
   52 |             Ptr<DescriptorExtractor> [01;31m[Kdescriptor[m[K = ORB::create();
      |                                      [01;31m[K^~~~~~~~~~[m[K
[01m[K/home/megsindelar/Final_Project/ros_ws/src/img_transform/src/img_transform.cpp:52:51:[m[K [01;31m[Kerror: [m[K‘[01m[KORB[m[K’ has not been declared
   52 |             Ptr<DescriptorExtractor> descriptor = [01;31m[KORB[m[K::create();
      |                                                   [01;31m[K^~~[m[K
[01m[K/home/megsindelar/Final_Project/ros_ws/src/img_transform/src/img_transform.cpp:54:17:[m[K [01;31m[Kerror: [m[K‘[01m[KDescriptorMatcher[m[K’ was not declared in this scope
   54 |             Ptr<[01;31m[KDescriptorMatcher[m[K> matcher  = DescriptorMatcher::create ( "BruteForce-Hamming" );
      |                 [01;31m[K^~~~~~~~~~~~~~~~~[m[K
[01m[K/home/megsindelar/Final_Project/ros_ws/src/img_transform/src/img_transform.cpp:54:36:[m[K [01;31m[Kerror: [m[K‘[01m[Kmatcher[m[K’ was not declared in this scope
   54 |             Ptr<DescriptorMatcher> [01;31m[Kmatcher[m[K  = DescriptorMatcher::create ( "BruteForce-Hamming" );
      |                                    [01;31m[K^~~~~~~[m[K
[01m[K/home/megsindelar/Final_Project/ros_ws/src/img_transform/src/img_transform.cpp:54:47:[m[K [01;31m[Kerror: [m[K‘[01m[KDescriptorMatcher[m[K’ is not a class, namespace, or enumeration
   54 |             Ptr<DescriptorMatcher> matcher  = [01;31m[KDescriptorMatcher[m[K::create ( "BruteForce-Hamming" );
      |                                               [01;31m[K^~~~~~~~~~~~~~~~~[m[K
[01m[K/home/megsindelar/Final_Project/ros_ws/src/img_transform/src/img_transform.cpp:59:58:[m[K [01;31m[Kerror: [m[K‘[01m[Kdescriptors_1[m[K’ was not declared in this scope
   59 |             descriptor->compute ( prev_img, keypoints_1, [01;31m[Kdescriptors_1[m[K );
      |                                                          [01;31m[K^~~~~~~~~~~~~[m[K
[01m[K/home/megsindelar/Final_Project/ros_ws/src/img_transform/src/img_transform.cpp:60:61:[m[K [01;31m[Kerror: [m[K‘[01m[Kdescriptors_2[m[K’ was not declared in this scope
   60 |             descriptor->compute ( current_img, keypoints_2, [01;31m[Kdescriptors_2[m[K );
      |                                                             [01;31m[K^~~~~~~~~~~~~[m[K
[01m[K/home/megsindelar/Final_Project/ros_ws/src/img_transform/src/img_transform.cpp:62:17:[m[K [01;31m[Kerror: [m[Kexpected ‘[01m[K;[m[K’ before ‘[01m[Koutimg1[m[K’
   62 |             Mat [01;31m[Koutimg1[m[K;
      |                 [01;31m[K^~~~~~~[m[K
[01m[K/home/megsindelar/Final_Project/ros_ws/src/img_transform/src/img_transform.cpp:63:51:[m[K [01;31m[Kerror: [m[K‘[01m[Koutimg1[m[K’ was not declared in this scope
   63 |             drawKeypoints( prev_img, keypoints_1, [01;31m[Koutimg1[m[K, Scalar::all(-1), DrawMatchesFlags::DEFAULT );
      |                                                   [01;31m[K^~~~~~~[m[K
[01m[K/home/megsindelar/Final_Project/ros_ws/src/img_transform/src/img_transform.cpp:63:60:[m[K [01;31m[Kerror: [m[K‘[01m[KScalar[m[K’ has not been declared
   63 |             drawKeypoints( prev_img, keypoints_1, outimg1, [01;31m[KScalar[m[K::all(-1), DrawMatchesFlags::DEFAULT );
      |                                                            [01;31m[K^~~~~~[m[K
[01m[K/home/megsindelar/Final_Project/ros_ws/src/img_transform/src/img_transform.cpp:63:77:[m[K [01;31m[Kerror: [m[K‘[01m[KDrawMatchesFlags[m[K’ has not been declared
   63 | rawKeypoints( prev_img, keypoints_1, outimg1, Scalar::all(-1), [01;31m[KDrawMatchesFlags[m[K::DEFAULT );
      |                                                                [01;31m[K^~~~~~~~~~~~~~~~[m[K

[01m[K/home/megsindelar/Final_Project/ros_ws/src/img_transform/src/img_transform.cpp:63:13:[m[K [01;31m[Kerror: [m[K‘[01m[KdrawKeypoints[m[K’ was not declared in this scope
   63 |             [01;31m[KdrawKeypoints[m[K( prev_img, keypoints_1, outimg1, Scalar::all(-1), DrawMatchesFlags::DEFAULT );
      |             [01;31m[K^~~~~~~~~~~~~[m[K
[01m[K/home/megsindelar/Final_Project/ros_ws/src/img_transform/src/img_transform.cpp:64:17:[m[K [01;31m[Kerror: [m[Kexpected ‘[01m[K;[m[K’ before ‘[01m[Koutimg2[m[K’
   64 |             Mat [01;31m[Koutimg2[m[K;
      |                 [01;31m[K^~~~~~~[m[K
[01m[K/home/megsindelar/Final_Project/ros_ws/src/img_transform/src/img_transform.cpp:65:54:[m[K [01;31m[Kerror: [m[K‘[01m[Koutimg2[m[K’ was not declared in this scope
   65 |             drawKeypoints( current_img, keypoints_2, [01;31m[Koutimg2[m[K, Scalar::all(-1), DrawMatchesFlags::DEFAULT );
      |                                                      [01;31m[K^~~~~~~[m[K
[01m[K/home/megsindelar/Final_Project/ros_ws/src/img_transform/src/img_transform.cpp:65:63:[m[K [01;31m[Kerror: [m[K‘[01m[KScalar[m[K’ has not been declared
   65 |             drawKeypoints( current_img, keypoints_2, outimg2, [01;31m[KScalar[m[K::all(-1), DrawMatchesFlags::DEFAULT );
      |                                                               [01;31m[K^~~~~~[m[K
[01m[K/home/megsindelar/Final_Project/ros_ws/src/img_transform/src/img_transform.cpp:65:80:[m[K [01;31m[Kerror: [m[K‘[01m[KDrawMatchesFlags[m[K’ has not been declared
   65 | Keypoints( current_img, keypoints_2, outimg2, Scalar::all(-1), [01;31m[KDrawMatchesFlags[m[K::DEFAULT );
      |                                                                [01;31m[K^~~~~~~~~~~~~~~~[m[K

[01m[K/home/megsindelar/Final_Project/ros_ws/src/img_transform/src/img_transform.cpp:66:17:[m[K [01;31m[Kerror: [m[Kexpected ‘[01m[K;[m[K’ before ‘[01m[Koutimg3[m[K’
   66 |             Mat [01;31m[Koutimg3[m[K;
      |                 [01;31m[K^~~~~~~[m[K
[01m[K/home/megsindelar/Final_Project/ros_ws/src/img_transform/src/img_transform.cpp:67:51:[m[K [01;31m[Kerror: [m[K‘[01m[Koutimg3[m[K’ was not declared in this scope
   67 |             drawKeypoints( prev_img, keypoints_2, [01;31m[Koutimg3[m[K, Scalar::all(-1), DrawMatchesFlags::DEFAULT );
      |                                                   [01;31m[K^~~~~~~[m[K
[01m[K/home/megsindelar/Final_Project/ros_ws/src/img_transform/src/img_transform.cpp:67:60:[m[K [01;31m[Kerror: [m[K‘[01m[KScalar[m[K’ has not been declared
   67 |             drawKeypoints( prev_img, keypoints_2, outimg3, [01;31m[KScalar[m[K::all(-1), DrawMatchesFlags::DEFAULT );
      |                                                            [01;31m[K^~~~~~[m[K
[01m[K/home/megsindelar/Final_Project/ros_ws/src/img_transform/src/img_transform.cpp:67:77:[m[K [01;31m[Kerror: [m[K‘[01m[KDrawMatchesFlags[m[K’ has not been declared
   67 | rawKeypoints( prev_img, keypoints_2, outimg3, Scalar::all(-1), [01;31m[KDrawMatchesFlags[m[K::DEFAULT );
      |                                                                [01;31m[K^~~~~~~~~~~~~~~~[m[K

[01m[K/home/megsindelar/Final_Project/ros_ws/src/img_transform/src/img_transform.cpp:69:13:[m[K [01;31m[Kerror: [m[K‘[01m[Kvector[m[K’ was not declared in this scope
   69 |             [01;31m[Kvector[m[K<DMatch> matches;
      |             [01;31m[K^~~~~~[m[K
[01m[K/home/megsindelar/Final_Project/ros_ws/src/img_transform/src/img_transform.cpp:69:13:[m[K [01;36m[Knote: [m[Ksuggested alternatives:
In file included from [01m[K/usr/include/c++/11/vector:67[m[K,
                 from [01m[K/usr/include/c++/11/functional:62[m[K,
                 from [01m[K/usr/include/c++/11/pstl/glue_algorithm_defs.h:13[m[K,
                 from [01m[K/usr/include/c++/11/algorithm:74[m[K,
                 from [01m[K/opt/ros/humble/include/rclcpp/rclcpp/executor.hpp:18[m[K,
                 from [01m[K/opt/ros/humble/include/rclcpp/rclcpp/executors/multi_threaded_executor.hpp:25[m[K,
                 from [01m[K/opt/ros/humble/include/rclcpp/rclcpp/executors.hpp:21[m[K,
                 from [01m[K/opt/ros/humble/include/rclcpp/rclcpp/rclcpp.hpp:155[m[K,
                 from [01m[K/home/megsindelar/Final_Project/ros_ws/src/img_transform/src/img_transform.cpp:2[m[K:
[01m[K/usr/include/c++/11/bits/stl_vector.h:389:11:[m[K [01;36m[Knote: [m[K  ‘[01m[Kstd::vector[m[K’
  389 |     class [01;36m[Kvector[m[K : protected _Vector_base<_Tp, _Alloc>
      |           [01;36m[K^~~~~~[m[K
In file included from [01m[K/usr/include/c++/11/functional:62[m[K,
                 from [01m[K/usr/include/c++/11/pstl/glue_algorithm_defs.h:13[m[K,
                 from [01m[K/usr/include/c++/11/algorithm:74[m[K,
                 from [01m[K/opt/ros/humble/include/rclcpp/rclcpp/executor.hpp:18[m[K,
                 from [01m[K/opt/ros/humble/include/rclcpp/rclcpp/executors/multi_threaded_executor.hpp:25[m[K,
                 from [01m[K/opt/ros/humble/include/rclcpp/rclcpp/executors.hpp:21[m[K,
                 from [01m[K/opt/ros/humble/include/rclcpp/rclcpp/rclcpp.hpp:155[m[K,
                 from [01m[K/home/megsindelar/Final_Project/ros_ws/src/img_transform/src/img_transform.cpp:2[m[K:
[01m[K/usr/include/c++/11/vector:86:13:[m[K [01;36m[Knote: [m[K  ‘[01m[Kstd::pmr::vector[m[K’
   86 |       using [01;36m[Kvector[m[K = std::vector<_Tp, polymorphic_allocator<_Tp>>;
      |             [01;36m[K^~~~~~[m[K
[01m[K/home/megsindelar/Final_Project/ros_ws/src/img_transform/src/img_transform.cpp:69:20:[m[K [01;31m[Kerror: [m[K‘[01m[KDMatch[m[K’ was not declared in this scope; did you mean ‘[01m[Kcv::DMatch[m[K’?
   69 |             vector<[01;31m[KDMatch[m[K> matches;
      |                    [01;31m[K^~~~~~[m[K
      |                    [32m[Kcv::DMatch[m[K
In file included from [01m[K/usr/include/opencv4/opencv2/core.hpp:57[m[K,
                 from [01m[K/usr/include/opencv4/opencv2/core/core.hpp:48[m[K,
                 from [01m[K/opt/ros/humble/include/cv_bridge/cv_bridge/cv_bridge.h:43[m[K,
                 from [01m[K/home/megsindelar/Final_Project/ros_ws/src/img_transform/src/img_transform.cpp:4[m[K:
[01m[K/usr/include/opencv4/opencv2/core/types.hpp:824:27:[m[K [01;36m[Knote: [m[K‘[01m[Kcv::DMatch[m[K’ declared here
  824 | class CV_EXPORTS_W_SIMPLE [01;36m[KDMatch[m[K
      |                           [01;36m[K^~~~~~[m[K
[01m[K/home/megsindelar/Final_Project/ros_ws/src/img_transform/src/img_transform.cpp:69:28:[m[K [01;31m[Kerror: [m[K‘[01m[Kmatches[m[K’ was not declared in this scope
   69 |             vector<DMatch> [01;31m[Kmatches[m[K;
      |                            [01;31m[K^~~~~~~[m[K
[01m[K/home/megsindelar/Final_Project/ros_ws/src/img_transform/src/img_transform.cpp:76:33:[m[K [01;31m[Kerror: [m[Ktemplate argument 2 is invalid
   76 |             std::vector< DMatch [01;31m[K>[m[K good_matches;
      |                                 [01;31m[K^[m[K
[01m[K/home/megsindelar/Final_Project/ros_ws/src/img_transform/src/img_transform.cpp:79:45:[m[K [01;31m[Kerror: [m[K‘[01m[Kmin[m[K’ was not declared in this scope
   79 |                 if ( matches[i].distance <= [01;31m[Kmin[m[K ( 2*min_dist, 30.0 ) )
      |                                             [01;31m[K^~~[m[K
[01m[K/home/megsindelar/Final_Project/ros_ws/src/img_transform/src/img_transform.cpp:79:45:[m[K [01;36m[Knote: [m[Ksuggested alternatives:
In file included from [01m[K/usr/include/c++/11/algorithm:62[m[K,
                 from [01m[K/opt/ros/humble/include/rclcpp/rclcpp/executor.hpp:18[m[K,
                 from [01m[K/opt/ros/humble/include/rclcpp/rclcpp/executors/multi_threaded_executor.hpp:25[m[K,
                 from [01m[K/opt/ros/humble/include/rclcpp/rclcpp/executors.hpp:21[m[K,
                 from [01m[K/opt/ros/humble/include/rclcpp/rclcpp/rclcpp.hpp:155[m[K,
                 from [01m[K/home/megsindelar/Final_Project/ros_ws/src/img_transform/src/img_transform.cpp:2[m[K:
[01m[K/usr/include/c++/11/bits/stl_algo.h:3455:5:[m[K [01;36m[Knote: [m[K  ‘[01m[Kstd::min[m[K’
 3455 |     [01;36m[Kmin[m[K(initializer_list<_Tp> __l, _Compare __comp)
      |     [01;36m[K^~~[m[K
In file included from [01m[K/usr/include/opencv4/opencv2/core/core.hpp:48[m[K,
                 from [01m[K/opt/ros/humble/include/cv_bridge/cv_bridge/cv_bridge.h:43[m[K,
                 from [01m[K/home/megsindelar/Final_Project/ros_ws/src/img_transform/src/img_transform.cpp:4[m[K:
[01m[K/usr/include/opencv4/opencv2/core.hpp:1446:17:[m[K [01;36m[Knote: [m[K  ‘[01m[Kcv::min[m[K’
 1446 | CV_EXPORTS void [01;36m[Kmin[m[K(const UMat& src1, const UMat& src2, UMat& dst);
      |                 [01;36m[K^~~[m[K
[01m[K/home/megsindelar/Final_Project/ros_ws/src/img_transform/src/img_transform.cpp:81:34:[m[K [01;31m[Kerror: [m[Krequest for member ‘[01m[Kpush_back[m[K’ in ‘[01m[Kgood_matches[m[K’, which is of non-class type ‘[01m[Kint[m[K’
   81 |                     good_matches.[01;31m[Kpush_back[m[K ( matches[i] );
      |                                  [01;31m[K^~~~~~~~~[m[K
[01m[K/home/megsindelar/Final_Project/ros_ws/src/img_transform/src/img_transform.cpp:85:61:[m[K [01;31m[Kerror: [m[Krequest for member ‘[01m[Ksize[m[K’ in ‘[01m[Kgood_matches[m[K’, which is of non-class type ‘[01m[Kint[m[K’
   85 |             std::cout << "num of matches: " << good_matches.[01;31m[Ksize[m[K() << std::endl;
      |                                                             [01;31m[K^~~~[m[K
[01m[K/home/megsindelar/Final_Project/ros_ws/src/img_transform/src/img_transform.cpp:104:42:[m[K [01;31m[Kerror: [m[Krequest for member ‘[01m[Ksize[m[K’ in ‘[01m[Kgood_matches[m[K’, which is of non-class type ‘[01m[Kint[m[K’
  104 |             for (int i=0; i<good_matches.[01;31m[Ksize[m[K(); i++){
      |                                          [01;31m[K^~~~[m[K
[01m[K/home/megsindelar/Final_Project/ros_ws/src/img_transform/src/img_transform.cpp:105:52:[m[K [01;31m[Kerror: [m[Krequest for member ‘[01m[Kat[m[K’ in ‘[01m[Kkeypoints_1[m[K’, which is of non-class type ‘[01m[Kint[m[K’
  105 |                 float k1_xw = (1/f_1)*(keypoints_1.[01;31m[Kat[m[K(good_matches[i].queryIdx).pt.x - p_1*z);
      |                                                    [01;31m[K^~[m[K
[01m[K/home/megsindelar/Final_Project/ros_ws/src/img_transform/src/img_transform.cpp:105:67:[m[K [01;31m[Kerror: [m[Kinvalid types ‘[01m[Kint[int][m[K’ for array subscript
  105 |              float k1_xw = (1/f_1)*(keypoints_1.at(good_matches[01;31m[K[[m[Ki].queryIdx).pt.x - p_1*z);
      |                                                                [01;31m[K^[m[K

[01m[K/home/megsindelar/Final_Project/ros_ws/src/img_transform/src/img_transform.cpp:106:52:[m[K [01;31m[Kerror: [m[Krequest for member ‘[01m[Kat[m[K’ in ‘[01m[Kkeypoints_1[m[K’, which is of non-class type ‘[01m[Kint[m[K’
  106 |                 float k1_yw = (1/f_2)*(keypoints_1.[01;31m[Kat[m[K(good_matches[i].queryIdx).pt.y - p_2*z);
      |                                                    [01;31m[K^~[m[K
[01m[K/home/megsindelar/Final_Project/ros_ws/src/img_transform/src/img_transform.cpp:106:67:[m[K [01;31m[Kerror: [m[Kinvalid types ‘[01m[Kint[int][m[K’ for array subscript
  106 |              float k1_yw = (1/f_2)*(keypoints_1.at(good_matches[01;31m[K[[m[Ki].queryIdx).pt.y - p_2*z);
      |                                                                [01;31m[K^[m[K

[01m[K/home/megsindelar/Final_Project/ros_ws/src/img_transform/src/img_transform.cpp:107:52:[m[K [01;31m[Kerror: [m[Krequest for member ‘[01m[Kat[m[K’ in ‘[01m[Kkeypoints_2[m[K’, which is of non-class type ‘[01m[Kint[m[K’
  107 |                 float k2_xw = (1/f_1)*(keypoints_2.[01;31m[Kat[m[K(good_matches[i].trainIdx).pt.x - p_1*z);
      |                                                    [01;31m[K^~[m[K
[01m[K/home/megsindelar/Final_Project/ros_ws/src/img_transform/src/img_transform.cpp:107:67:[m[K [01;31m[Kerror: [m[Kinvalid types ‘[01m[Kint[int][m[K’ for array subscript
  107 |              float k2_xw = (1/f_1)*(keypoints_2.at(good_matches[01;31m[K[[m[Ki].trainIdx).pt.x - p_1*z);
      |                                                                [01;31m[K^[m[K

[01m[K/home/megsindelar/Final_Project/ros_ws/src/img_transform/src/img_transform.cpp:108:52:[m[K [01;31m[Kerror: [m[Krequest for member ‘[01m[Kat[m[K’ in ‘[01m[Kkeypoints_2[m[K’, which is of non-class type ‘[01m[Kint[m[K’
  108 |                 float k2_yw = (1/f_2)*(keypoints_2.[01;31m[Kat[m[K(good_matches[i].trainIdx).pt.y - p_2*z);
      |                                                    [01;31m[K^~[m[K
[01m[K/home/megsindelar/Final_Project/ros_ws/src/img_transform/src/img_transform.cpp:108:67:[m[K [01;31m[Kerror: [m[Kinvalid types ‘[01m[Kint[int][m[K’ for array subscript
  108 |              float k2_yw = (1/f_2)*(keypoints_2.at(good_matches[01;31m[K[[m[Ki].trainIdx).pt.y - p_2*z);
      |                                                                [01;31m[K^[m[K

[01m[K/home/megsindelar/Final_Project/ros_ws/src/img_transform/src/img_transform.cpp:113:47:[m[K [01;31m[Kerror: [m[Krequest for member ‘[01m[Kat[m[K’ in ‘[01m[Kkeypoints_1[m[K’, which is of non-class type ‘[01m[Kint[m[K’
  113 |                 key1_xp.push_back(keypoints_1.[01;31m[Kat[m[K(good_matches[i].queryIdx).pt.x);
      |                                               [01;31m[K^~[m[K
[01m[K/home/megsindelar/Final_Project/ros_ws/src/img_transform/src/img_transform.cpp:113:62:[m[K [01;31m[Kerror: [m[Kinvalid types ‘[01m[Kint[int][m[K’ for array subscript
  113 |                 key1_xp.push_back(keypoints_1.at(good_matches[01;31m[K[[m[Ki].queryIdx).pt.x);
      |                                                              [01;31m[K^[m[K
[01m[K/home/megsindelar/Final_Project/ros_ws/src/img_transform/src/img_transform.cpp:114:47:[m[K [01;31m[Kerror: [m[Krequest for member ‘[01m[Kat[m[K’ in ‘[01m[Kkeypoints_1[m[K’, which is of non-class type ‘[01m[Kint[m[K’
  114 |                 key1_yp.push_back(keypoints_1.[01;31m[Kat[m[K(good_matches[i].queryIdx).pt.y);
      |                                               [01;31m[K^~[m[K
[01m[K/home/megsindelar/Final_Project/ros_ws/src/img_transform/src/img_transform.cpp:114:62:[m[K [01;31m[Kerror: [m[Kinvalid types ‘[01m[Kint[int][m[K’ for array subscript
  114 |                 key1_yp.push_back(keypoints_1.at(good_matches[01;31m[K[[m[Ki].queryIdx).pt.y);
      |                                                              [01;31m[K^[m[K
[01m[K/home/megsindelar/Final_Project/ros_ws/src/img_transform/src/img_transform.cpp:118:47:[m[K [01;31m[Kerror: [m[Krequest for member ‘[01m[Kat[m[K’ in ‘[01m[Kkeypoints_2[m[K’, which is of non-class type ‘[01m[Kint[m[K’
  118 |                 key2_xp.push_back(keypoints_2.[01;31m[Kat[m[K(good_matches[i].trainIdx).pt.x);
      |                                               [01;31m[K^~[m[K
[01m[K/home/megsindelar/Final_Project/ros_ws/src/img_transform/src/img_transform.cpp:118:62:[m[K [01;31m[Kerror: [m[Kinvalid types ‘[01m[Kint[int][m[K’ for array subscript
  118 |                 key2_xp.push_back(keypoints_2.at(good_matches[01;31m[K[[m[Ki].trainIdx).pt.x);
      |                                                              [01;31m[K^[m[K
[01m[K/home/megsindelar/Final_Project/ros_ws/src/img_transform/src/img_transform.cpp:119:47:[m[K [01;31m[Kerror: [m[Krequest for member ‘[01m[Kat[m[K’ in ‘[01m[Kkeypoints_2[m[K’, which is of non-class type ‘[01m[Kint[m[K’
  119 |                 key2_yp.push_back(keypoints_2.[01;31m[Kat[m[K(good_matches[i].trainIdx).pt.y);
      |                                               [01;31m[K^~[m[K
[01m[K/home/megsindelar/Final_Project/ros_ws/src/img_transform/src/img_transform.cpp:119:62:[m[K [01;31m[Kerror: [m[Kinvalid types ‘[01m[Kint[int][m[K’ for array subscript
  119 |                 key2_yp.push_back(keypoints_2.at(good_matches[01;31m[K[[m[Ki].trainIdx).pt.y);
      |                                                              [01;31m[K^[m[K
[01m[K/home/megsindelar/Final_Project/ros_ws/src/img_transform/src/img_transform.cpp:123:34:[m[K [01;31m[Kerror: [m[Krequest for member ‘[01m[Ksize[m[K’ in ‘[01m[Kgood_matches[m[K’, which is of non-class type ‘[01m[Kint[m[K’
  123 |             int N = good_matches.[01;31m[Ksize[m[K();
      |                                  [01;31m[K^~~~[m[K
[01m[K/home/megsindelar/Final_Project/ros_ws/src/img_transform/src/img_transform.cpp:126:13:[m[K [01;31m[Kerror: [m[K‘[01m[KEigen[m[K’ has not been declared
  126 |             [01;31m[KEigen[m[K::Matrix<double, 3, Eigen::Dynamic> src(3, N);
      |             [01;31m[K^~~~~[m[K
[01m[K/home/megsindelar/Final_Project/ros_ws/src/img_transform/src/img_transform.cpp:126:27:[m[K [01;31m[Kerror: [m[Kexpected primary-expression before ‘[01m[Kdouble[m[K’
  126 |             Eigen::Matrix<[01;31m[Kdouble[m[K, 3, Eigen::Dynamic> src(3, N);
      |                           [01;31m[K^~~~~~[m[K
[01m[K/home/megsindelar/Final_Project/ros_ws/src/img_transform/src/img_transform.cpp:127:34:[m[K [01;35m[Kwarning: [m[Kcomparison of integer expressions of different signedness: ‘[01m[Ksize_t[m[K’ {aka ‘[01m[Klong unsigned int[m[K’} and ‘[01m[Kint[m[K’ [[01;35m[K]8;;https://gcc.gnu.org/onlinedocs/gcc/Warning-Options.html#index-Wsign-compare-Wsign-compare]8;;[m[K]
  127 |             for (size_t i = 0; [01;35m[Ki < N[m[K; ++i) {
      |                                [01;35m[K~~^~~[m[K
[01m[K/home/megsindelar/Final_Project/ros_ws/src/img_transform/src/img_transform.cpp:129:17:[m[K [01;31m[Kerror: [m[K‘[01m[Ksrc[m[K’ was not declared in this scope
  129 |                 [01;31m[Ksrc[m[K.col(i) << key1_xw.at(i), key1_yw.at(i), key1_zw.at(i);
      |                 [01;31m[K^~~[m[K
[01m[K/home/megsindelar/Final_Project/ros_ws/src/img_transform/src/img_transform.cpp:134:13:[m[K [01;31m[Kerror: [m[K‘[01m[KEigen[m[K’ has not been declared
  134 |             [01;31m[KEigen[m[K::Matrix<double, 4, Eigen::Dynamic> src_h;
      |             [01;31m[K^~~~~[m[K
[01m[K/home/megsindelar/Final_Project/ros_ws/src/img_transform/src/img_transform.cpp:134:27:[m[K [01;31m[Kerror: [m[Kexpected primary-expression before ‘[01m[Kdouble[m[K’
  134 |             Eigen::Matrix<[01;31m[Kdouble[m[K, 4, Eigen::Dynamic> src_h;
      |                           [01;31m[K^~~~~~[m[K
[01m[K/home/megsindelar/Final_Project/ros_ws/src/img_transform/src/img_transform.cpp:135:13:[m[K [01;31m[Kerror: [m[K‘[01m[Ksrc_h[m[K’ was not declared in this scope
  135 |             [01;31m[Ksrc_h[m[K.resize(4, src.cols());
      |             [01;31m[K^~~~~[m[K
[01m[K/home/megsindelar/Final_Project/ros_ws/src/img_transform/src/img_transform.cpp:135:29:[m[K [01;31m[Kerror: [m[K‘[01m[Ksrc[m[K’ was not declared in this scope
  135 |             src_h.resize(4, [01;31m[Ksrc[m[K.cols());
      |                             [01;31m[K^~~[m[K
[01m[K/home/megsindelar/Final_Project/ros_ws/src/img_transform/src/img_transform.cpp:137:35:[m[K [01;31m[Kerror: [m[K‘[01m[KEigen[m[K’ has not been declared
  137 |             src_h.bottomRows(1) = [01;31m[KEigen[m[K::Matrix<double, 1, Eigen::Dynamic>::Ones(N);
      |                                   [01;31m[K^~~~~[m[K
[01m[K/home/megsindelar/Final_Project/ros_ws/src/img_transform/src/img_transform.cpp:137:49:[m[K [01;31m[Kerror: [m[Kexpected primary-expression before ‘[01m[Kdouble[m[K’
  137 |             src_h.bottomRows(1) = Eigen::Matrix<[01;31m[Kdouble[m[K, 1, Eigen::Dynamic>::Ones(N);
      |                                                 [01;31m[K^~~~~~[m[K
[01m[K/home/megsindelar/Final_Project/ros_ws/src/img_transform/src/img_transform.cpp:140:13:[m[K [01;31m[Kerror: [m[K‘[01m[KEigen[m[K’ has not been declared
  140 |             [01;31m[KEigen[m[K::Matrix4d T;
      |             [01;31m[K^~~~~[m[K
[01m[K/home/megsindelar/Final_Project/ros_ws/src/img_transform/src/img_transform.cpp:142:13:[m[K [01;31m[Kerror: [m[K‘[01m[KEigen[m[K’ has not been declared
  142 |             [01;31m[KEigen[m[K::Matrix<double, 3, Eigen::Dynamic> tgt(3, N);
      |             [01;31m[K^~~~~[m[K
[01m[K/home/megsindelar/Final_Project/ros_ws/src/img_transform/src/img_transform.cpp:142:27:[m[K [01;31m[Kerror: [m[Kexpected primary-expression before ‘[01m[Kdouble[m[K’
  142 |             Eigen::Matrix<[01;31m[Kdouble[m[K, 3, Eigen::Dynamic> tgt(3, N);
      |                           [01;31m[K^~~~~~[m[K
[01m[K/home/megsindelar/Final_Project/ros_ws/src/img_transform/src/img_transform.cpp:143:34:[m[K [01;35m[Kwarning: [m[Kcomparison of integer expressions of different signedness: ‘[01m[Ksize_t[m[K’ {aka ‘[01m[Klong unsigned int[m[K’} and ‘[01m[Kint[m[K’ [[01;35m[K]8;;https://gcc.gnu.org/onlinedocs/gcc/Warning-Options.html#index-Wsign-compare-Wsign-compare]8;;[m[K]
  143 |             for (size_t i = 0; [01;35m[Ki < N[m[K; ++i) {
      |                                [01;35m[K~~^~~[m[K
[01m[K/home/megsindelar/Final_Project/ros_ws/src/img_transform/src/img_transform.cpp:145:17:[m[K [01;31m[Kerror: [m[K‘[01m[Ktgt[m[K’ was not declared in this scope
  145 |                 [01;31m[Ktgt[m[K.col(i) << key2_xw.at(i), key2_yw.at(i), key2_zw.at(i);
      |                 [01;31m[K^~~[m[K
[01m[K/home/megsindelar/Final_Project/ros_ws/src/img_transform/src/img_transform.cpp:151:13:[m[K [01;31m[Kerror: [m[K‘[01m[Kteaser[m[K’ has not been declared
  151 |             [01;31m[Kteaser[m[K::RobustRegistrationSolver::Params params;
      |             [01;31m[K^~~~~~[m[K
[01m[K/home/megsindelar/Final_Project/ros_ws/src/img_transform/src/img_transform.cpp:152:13:[m[K [01;31m[Kerror: [m[K‘[01m[Kparams[m[K’ was not declared in this scope
  152 |             [01;31m[Kparams[m[K.noise_bound = NOISE_BOUND;
      |             [01;31m[K^~~~~~[m[K
[01m[K/home/megsindelar/Final_Project/ros_ws/src/img_transform/src/img_transform.cpp:152:34:[m[K [01;31m[Kerror: [m[K‘[01m[KNOISE_BOUND[m[K’ was not declared in this scope
  152 |             params.noise_bound = [01;31m[KNOISE_BOUND[m[K;
      |                                  [01;31m[K^~~~~~~~~~~[m[K
[01m[K/home/megsindelar/Final_Project/ros_ws/src/img_transform/src/img_transform.cpp:158:17:[m[K [01;31m[Kerror: [m[K‘[01m[Kteaser[m[K’ has not been declared
  158 |                 [01;31m[Kteaser[m[K::RobustRegistrationSolver::ROTATION_ESTIMATION_ALGORITHM::GNC_TLS;
      |                 [01;31m[K^~~~~~[m[K
[01m[K/home/megsindelar/Final_Project/ros_ws/src/img_transform/src/img_transform.cpp:162:13:[m[K [01;31m[Kerror: [m[K‘[01m[Kteaser[m[K’ has not been declared
  162 |             [01;31m[Kteaser[m[K::RobustRegistrationSolver solver(params);
      |             [01;31m[K^~~~~~[m[K
[01m[K/home/megsindelar/Final_Project/ros_ws/src/img_transform/src/img_transform.cpp:164:13:[m[K [01;31m[Kerror: [m[K‘[01m[Ksolver[m[K’ was not declared in this scope
  164 |             [01;31m[Ksolver[m[K.solve(src, tgt);
      |             [01;31m[K^~~~~~[m[K
[01m[K/home/megsindelar/Final_Project/ros_ws/src/img_transform/src/img_transform.cpp:164:31:[m[K [01;31m[Kerror: [m[K‘[01m[Ktgt[m[K’ was not declared in this scope
  164 |             solver.solve(src, [01;31m[Ktgt[m[K);
      |                               [01;31m[K^~~[m[K
[01m[K/home/megsindelar/Final_Project/ros_ws/src/img_transform/src/img_transform.cpp:174:26:[m[K [01;31m[Kerror: [m[K‘[01m[KT[m[K’ was not declared in this scope
  174 |             std::cout << [01;31m[KT[m[K.topLeftCorner(3, 3) << std::endl;
      |                          [01;31m[K^[m[K
[01m[K/home/megsindelar/Final_Project/ros_ws/src/img_transform/src/img_transform.cpp:177:45:[m[K [01;31m[Kerror: [m[K‘[01m[KgetAngularError[m[K’ was not declared in this scope
  177 |             std::cout << "Error (deg): " << [01;31m[KgetAngularError[m[K(T.topLeftCorner(3, 3), solution.rotation)
      |                                             [01;31m[K^~~~~~~~~~~~~~~[m[K
[01m[K/home/megsindelar/Final_Project/ros_ws/src/img_transform/src/img_transform.cpp:187:52:[m[K [01;31m[Kerror: [m[K‘[01m[KN_OUTLIERS[m[K’ was not declared in this scope
  187 |             std::cout << "Number of outliers: " << [01;31m[KN_OUTLIERS[m[K << std::endl;
      |                                                    [01;31m[K^~~~~~~~~~[m[K
[01m[K/home/megsindelar/Final_Project/ros_ws/src/img_transform/src/img_transform.cpp:196:13:[m[K [01;31m[Kerror: [m[K‘[01m[KEigen[m[K’ has not been declared
  196 |             [01;31m[KEigen[m[K::Matrix<double, 3, Eigen::Dynamic> keypnts(3, N);
      |             [01;31m[K^~~~~[m[K
[01m[K/home/megsindelar/Final_Project/ros_ws/src/img_transform/src/img_transform.cpp:196:27:[m[K [01;31m[Kerror: [m[Kexpected primary-expression before ‘[01m[Kdouble[m[K’
  196 |             Eigen::Matrix<[01;31m[Kdouble[m[K, 3, Eigen::Dynamic> keypnts(3, N);
      |                           [01;31m[K^~~~~~[m[K
[01m[K/home/megsindelar/Final_Project/ros_ws/src/img_transform/src/img_transform.cpp:197:13:[m[K [01;31m[Kerror: [m[K‘[01m[KEigen[m[K’ has not been declared
  197 |             [01;31m[KEigen[m[K::Matrix<double, 3, Eigen::Dynamic> keypnts2(3, N);
      |             [01;31m[K^~~~~[m[K
[01m[K/home/megsindelar/Final_Project/ros_ws/src/img_transform/src/img_transform.cpp:197:27:[m[K [01;31m[Kerror: [m[Kexpected primary-expression before ‘[01m[Kdouble[m[K’
  197 |             Eigen::Matrix<[01;31m[Kdouble[m[K, 3, Eigen::Dynamic> keypnts2(3, N);
      |                           [01;31m[K^~~~~~[m[K
[01m[K/home/megsindelar/Final_Project/ros_ws/src/img_transform/src/img_transform.cpp:200:17:[m[K [01;31m[Kerror: [m[K‘[01m[Kkeypnts[m[K’ was not declared in this scope; did you mean ‘[01m[Kkey_t[m[K’?
  200 |                 [01;31m[Kkeypnts[m[K.col(i) << key1_xw.at(i), key1_yw.at(i), key1_zw.at(i);
      |                 [01;31m[K^~~~~~~[m[K
      |                 [32m[Kkey_t[m[K
[01m[K/home/megsindelar/Final_Project/ros_ws/src/img_transform/src/img_transform.cpp:201:17:[m[K [01;31m[Kerror: [m[K‘[01m[Kkeypnts2[m[K’ was not declared in this scope; did you mean ‘[01m[Kkeypoints_2[m[K’?
  201 |                 [01;31m[Kkeypnts2[m[K.col(i) << key2_xw.at(i), key2_yw.at(i), key2_zw.at(i);
      |                 [01;31m[K^~~~~~~~[m[K
      |                 [32m[Kkeypoints_2[m[K
[01m[K/home/megsindelar/Final_Project/ros_ws/src/img_transform/src/img_transform.cpp:203:13:[m[K [01;31m[Kerror: [m[K‘[01m[KEigen[m[K’ has not been declared
  203 |             [01;31m[KEigen[m[K::Matrix<double, 3, 3> transformation;
      |             [01;31m[K^~~~~[m[K
[01m[K/home/megsindelar/Final_Project/ros_ws/src/img_transform/src/img_transform.cpp:203:27:[m[K [01;31m[Kerror: [m[Kexpected primary-expression before ‘[01m[Kdouble[m[K’
  203 |             Eigen::Matrix<[01;31m[Kdouble[m[K, 3, 3> transformation;
      |                           [01;31m[K^~~~~~[m[K
[01m[K/home/megsindelar/Final_Project/ros_ws/src/img_transform/src/img_transform.cpp:205:17:[m[K [01;31m[Kerror: [m[K‘[01m[Ktransformation[m[K’ was not declared in this scope
  205 |                 [01;31m[Ktransformation[m[K.row(i) << solution.rotation(i,0), solution.rotation(i,1), solution.translation(i);
      |                 [01;31m[K^~~~~~~~~~~~~~[m[K
[01m[K/home/megsindelar/Final_Project/ros_ws/src/img_transform/src/img_transform.cpp:207:13:[m[K [01;31m[Kerror: [m[K‘[01m[Ktransformation[m[K’ was not declared in this scope
  207 |             [01;31m[Ktransformation[m[K.row(2) << solution.rotation(2,0), solution.rotation(2,1), solution.rotation(2,2);
      |             [01;31m[K^~~~~~~~~~~~~~[m[K
[01m[K/home/megsindelar/Final_Project/ros_ws/src/img_transform/src/img_transform.cpp:210:33:[m[K [01;31m[Kerror: [m[Ktemplate argument 2 is invalid
  210 |             std::vector<KeyPoint[01;31m[K>[m[K key_trans_2 = keypoints_2;
      |                                 [01;31m[K^[m[K
[01m[K/home/megsindelar/Final_Project/ros_ws/src/img_transform/src/img_transform.cpp:211:33:[m[K [01;31m[Kerror: [m[Ktemplate argument 2 is invalid
  211 |             std::vector<KeyPoint[01;31m[K>[m[K key_trans_1 = keypoints_1;
      |                                 [01;31m[K^[m[K
[01m[K/home/megsindelar/Final_Project/ros_ws/src/img_transform/src/img_transform.cpp:213:17:[m[K [01;31m[Kerror: [m[K‘[01m[KEigen[m[K’ has not been declared
  213 |                 [01;31m[KEigen[m[K::Matrix<double, 3, 1> new_2 = transformation.inverse()*keypnts.col(i);
      |                 [01;31m[K^~~~~[m[K
[01m[K/home/megsindelar/Final_Project/ros_ws/src/img_transform/src/img_transform.cpp:213:31:[m[K [01;31m[Kerror: [m[Kexpected primary-expression before ‘[01m[Kdouble[m[K’
  213 |                 Eigen::Matrix<[01;31m[Kdouble[m[K, 3, 1> new_2 = transformation.inverse()*keypnts.col(i);
      |                               [01;31m[K^~~~~~[m[K
[01m[K/home/megsindelar/Final_Project/ros_ws/src/img_transform/src/img_transform.cpp:214:17:[m[K [01;31m[Kerror: [m[K‘[01m[KEigen[m[K’ has not been declared
  214 |                 [01;31m[KEigen[m[K::Matrix<double, 3, 1> new_1 = transformation*keypnts2.col(i);
      |                 [01;31m[K^~~~~[m[K
[01m[K/home/megsindelar/Final_Project/ros_ws/src/img_transform/src/img_transform.cpp:214:31:[m[K [01;31m[Kerror: [m[Kexpected primary-expression before ‘[01m[Kdouble[m[K’
  214 |                 Eigen::Matrix<[01;31m[Kdouble[m[K, 3, 1> new_1 = transformation*keypnts2.col(i);
      |                               [01;31m[K^~~~~~[m[K
[01m[K/home/megsindelar/Final_Project/ros_ws/src/img_transform/src/img_transform.cpp:215:29:[m[K [01;31m[Kerror: [m[Krequest for member ‘[01m[Kat[m[K’ in ‘[01m[Kkey_trans_2[m[K’, which is of non-class type ‘[01m[Kint[m[K’
  215 |                 key_trans_2.[01;31m[Kat[m[K(i).pt.x = new_2(0);
      |                             [01;31m[K^~[m[K
[01m[K/home/megsindelar/Final_Project/ros_ws/src/img_transform/src/img_transform.cpp:215:42:[m[K [01;31m[Kerror: [m[K‘[01m[Knew_2[m[K’ was not declared in this scope
  215 |                 key_trans_2.at(i).pt.x = [01;31m[Knew_2[m[K(0);
      |                                          [01;31m[K^~~~~[m[K
[01m[K/home/megsindelar/Final_Project/ros_ws/src/img_transform/src/img_transform.cpp:216:29:[m[K [01;31m[Kerror: [m[Krequest for member ‘[01m[Kat[m[K’ in ‘[01m[Kkey_trans_2[m[K’, which is of non-class type ‘[01m[Kint[m[K’
  216 |                 key_trans_2.[01;31m[Kat[m[K(i).pt.y = new_2(1);
      |                             [01;31m[K^~[m[K
[01m[K/home/megsindelar/Final_Project/ros_ws/src/img_transform/src/img_transform.cpp:217:29:[m[K [01;31m[Kerror: [m[Krequest for member ‘[01m[Kat[m[K’ in ‘[01m[Kkey_trans_1[m[K’, which is of non-class type ‘[01m[Kint[m[K’
  217 |                 key_trans_1.[01;31m[Kat[m[K(i).pt.x = new_1(0);
      |                             [01;31m[K^~[m[K
[01m[K/home/megsindelar/Final_Project/ros_ws/src/img_transform/src/img_transform.cpp:217:42:[m[K [01;31m[Kerror: [m[K‘[01m[Knew_1[m[K’ was not declared in this scope
  217 |                 key_trans_1.at(i).pt.x = [01;31m[Knew_1[m[K(0);
      |                                          [01;31m[K^~~~~[m[K
[01m[K/home/megsindelar/Final_Project/ros_ws/src/img_transform/src/img_transform.cpp:218:29:[m[K [01;31m[Kerror: [m[Krequest for member ‘[01m[Kat[m[K’ in ‘[01m[Kkey_trans_1[m[K’, which is of non-class type ‘[01m[Kint[m[K’
  218 |                 key_trans_1.[01;31m[Kat[m[K(i).pt.y = new_1(1);
      |                             [01;31m[K^~[m[K
[01m[K/home/megsindelar/Final_Project/ros_ws/src/img_transform/src/img_transform.cpp:221:17:[m[K [01;31m[Kerror: [m[Kexpected ‘[01m[K;[m[K’ before ‘[01m[Koutimg_test_2[m[K’
  221 |             Mat [01;31m[Koutimg_test_2[m[K;
      |                 [01;31m[K^~~~~~~~~~~~~[m[K
[01m[K/home/megsindelar/Final_Project/ros_ws/src/img_transform/src/img_transform.cpp:222:55:[m[K [01;31m[Kerror: [m[K‘[01m[Koutimg_test_2[m[K’ was not declared in this scope
  222 |             drawKeypoints ( current_img, key_trans_2, [01;31m[Koutimg_test_2[m[K);
      |                                                       [01;31m[K^~~~~~~~~~~~~[m[K
[01m[K/home/megsindelar/Final_Project/ros_ws/src/img_transform/src/img_transform.cpp:223:17:[m[K [01;31m[Kerror: [m[Kexpected ‘[01m[K;[m[K’ before ‘[01m[Koutimg_test_1[m[K’
  223 |             Mat [01;31m[Koutimg_test_1[m[K;
      |                 [01;31m[K^~~~~~~~~~~~~[m[K
[01m[K/home/megsindelar/Final_Project/ros_ws/src/img_transform/src/img_transform.cpp:224:55:[m[K [01;31m[Kerror: [m[K‘[01m[Koutimg_test_1[m[K’ was not declared in this scope
  224 |             drawKeypoints ( current_img, key_trans_2, [01;31m[Koutimg_test_1[m[K);
      |                                                       [01;31m[K^~~~~~~~~~~~~[m[K
[01m[K/home/megsindelar/Final_Project/ros_ws/src/img_transform/src/img_transform.cpp:227:93:[m[K [01;31m[Kerror: [m[K‘[01m[Kbegin_total[m[K’ was not declared in this scope; did you mean ‘[01m[Kend_total[m[K’?
  227 | d::chrono::duration_cast<std::chrono::nanoseconds>(end_total - [01;31m[Kbegin_total[m[K);
      |                                                                [01;31m[K^~~~~~~~~~~[m[K
      |                                                                [32m[Kend_total[m[K
[01m[K/home/megsindelar/Final_Project/ros_ws/src/img_transform/src/img_transform.cpp:72:36:[m[K [01;35m[Kwarning: [m[Kunused variable ‘[01m[Kmax_dist[m[K’ [[01;35m[K]8;;https://gcc.gnu.org/onlinedocs/gcc/Warning-Options.html#index-Wunused-variable-Wunused-variable]8;;[m[K]
   72 |             double min_dist=10000, [01;35m[Kmax_dist[m[K=0;
      |                                    [01;35m[K^~~~~~~~[m[K
gmake[2]: *** [CMakeFiles/img_transform.dir/build.make:76: CMakeFiles/img_transform.dir/src/img_transform.cpp.o] Error 1
gmake[1]: *** [CMakeFiles/Makefile2:137: CMakeFiles/img_transform.dir/all] Error 2
gmake: *** [Makefile:146: all] Error 2
