-- Found ament_cmake: 1.3.3 (/opt/ros/humble/share/ament_cmake/cmake)
-- Found rclcpp: 16.0.3 (/opt/ros/humble/share/rclcpp/cmake)
-- Found rosidl_generator_c: 3.1.4 (/opt/ros/humble/share/rosidl_generator_c/cmake)
-- Found rosidl_adapter: 3.1.4 (/opt/ros/humble/share/rosidl_adapter/cmake)
-- Found rosidl_generator_cpp: 3.1.4 (/opt/ros/humble/share/rosidl_generator_cpp/cmake)
-- Using all available rosidl_typesupport_c: rosidl_typesupport_fastrtps_c;rosidl_typesupport_introspection_c
-- Using all available rosidl_typesupport_cpp: rosidl_typesupport_fastrtps_cpp;rosidl_typesupport_introspection_cpp
-- Found rmw_implementation_cmake: 6.1.1 (/opt/ros/humble/share/rmw_implementation_cmake/cmake)
-- Found rmw_fastrtps_cpp: 6.2.2 (/opt/ros/humble/share/rmw_fastrtps_cpp/cmake)
-- Using RMW implementation 'rmw_fastrtps_cpp' as default
-- Found sensor_msgs: 4.2.3 (/opt/ros/humble/share/sensor_msgs/cmake)
-- Found cv_bridge: 3.2.1 (/opt/ros/humble/share/cv_bridge/cmake)
-- Found image_transport: 3.1.5 (/opt/ros/humble/share/image_transport/cmake)
-- Found rosidl_default_generators: 1.2.0 (/opt/ros/humble/share/rosidl_default_generators/cmake)
-- Found ament_cmake_ros: 0.10.0 (/opt/ros/humble/share/ament_cmake_ros/cmake)
-- Using all available rosidl_typesupport_c: rosidl_typesupport_fastrtps_c;rosidl_typesupport_introspection_c
-- Using all available rosidl_typesupport_cpp: rosidl_typesupport_fastrtps_cpp;rosidl_typesupport_introspection_cpp
-- Found PythonInterp: /usr/bin/python3 (found suitable version "3.10.6", minimum required is "3.6") 
-- Found python_cmake_module: 0.10.0 (/opt/ros/humble/share/python_cmake_module/cmake)
-- Found PythonLibs: /usr/lib/aarch64-linux-gnu/libpython3.10.so (found suitable version "3.10.6", minimum required is "3.5") 
-- Using PYTHON_EXECUTABLE: /usr/bin/python3
-- Using PYTHON_INCLUDE_DIRS: /usr/include/python3.10
-- Using PYTHON_LIBRARIES: /usr/lib/aarch64-linux-gnu/libpython3.10.so
-- Found PythonExtra: .so  
-- Found ament_lint_auto: 0.12.5 (/opt/ros/humble/share/ament_lint_auto/cmake)
-- Added test 'cppcheck' to perform static code analysis on C / C++ code
-- Configured cppcheck include dirs: 
-- Configured cppcheck exclude dirs and/or files: 
-- Added test 'lint_cmake' to check CMake code style
-- Added test 'uncrustify' to check C / C++ code style
-- Configured uncrustify additional arguments: 
-- Added test 'xmllint' to check XML markup files
-- Configuring done
-- Generating done
-- Build files have been written to: /ros_ws/aarch64_build/turtlebot_control
[  3%] [34m[1mGenerating C code for ROS interfaces[0m
[  6%] [34m[1mGenerating C++ code for ROS interfaces[0m
[  6%] Built target ament_cmake_python_copy_turtlebot_control
running egg_info
creating turtlebot_control.egg-info
writing turtlebot_control.egg-info/PKG-INFO
writing dependency_links to turtlebot_control.egg-info/dependency_links.txt
writing top-level names to turtlebot_control.egg-info/top_level.txt
writing manifest file 'turtlebot_control.egg-info/SOURCES.txt'
reading manifest file 'turtlebot_control.egg-info/SOURCES.txt'
writing manifest file 'turtlebot_control.egg-info/SOURCES.txt'
[  6%] Built target ament_cmake_python_build_turtlebot_control_egg
[  6%] Built target turtlebot_control_msg__cpp
[  9%] [32mBuilding C object CMakeFiles/turtlebot_control_msg__rosidl_generator_c.dir/rosidl_generator_c/turtlebot_control/msg/detail/keypoints__functions.c.o[0m
[ 18%] [34m[1mGenerating C++ type support for eProsima Fast-RTPS[0m
[ 18%] [34m[1mGenerating C++ type support dispatch for ROS interfaces[0m
[ 18%] [34m[1mGenerating C++ introspection for ROS interfaces[0m
[ 21%] [32m[1mLinking C shared library libturtlebot_control__rosidl_generator_c.so[0m
[ 21%] Built target turtlebot_control_msg__rosidl_generator_c
[ 24%] [34m[1mGenerating C type support for eProsima Fast-RTPS[0m
[ 30%] [34m[1mGenerating C introspection for ROS interfaces[0m
[ 30%] [34m[1mGenerating C type support dispatch for ROS interfaces[0m
[ 33%] [32mBuilding CXX object CMakeFiles/turtlebot_control_msg__rosidl_typesupport_cpp.dir/rosidl_typesupport_cpp/turtlebot_control/msg/keypoints__type_support.cpp.o[0m
[ 36%] [32mBuilding CXX object CMakeFiles/turtlebot_control_msg__rosidl_typesupport_introspection_cpp.dir/rosidl_typesupport_introspection_cpp/turtlebot_control/msg/detail/keypoints__type_support.cpp.o[0m
[ 39%] [32mBuilding CXX object CMakeFiles/turtlebot_control_msg__rosidl_typesupport_fastrtps_cpp.dir/rosidl_typesupport_fastrtps_cpp/turtlebot_control/msg/detail/dds_fastrtps/keypoints__type_support.cpp.o[0m
[ 42%] [32mBuilding CXX object CMakeFiles/turtlebot_control_msg__rosidl_typesupport_c.dir/rosidl_typesupport_c/turtlebot_control/msg/keypoints__type_support.cpp.o[0m
[ 45%] [32m[1mLinking CXX shared library libturtlebot_control__rosidl_typesupport_c.so[0m
[ 45%] Built target turtlebot_control_msg__rosidl_typesupport_c
[ 48%] [32mBuilding C object CMakeFiles/turtlebot_control_msg__rosidl_typesupport_introspection_c.dir/rosidl_typesupport_introspection_c/turtlebot_control/msg/detail/keypoints__type_support.c.o[0m
[ 51%] [32mBuilding CXX object CMakeFiles/turtlebot_control_msg__rosidl_typesupport_fastrtps_c.dir/rosidl_typesupport_fastrtps_c/turtlebot_control/msg/detail/keypoints__type_support_c.cpp.o[0m
[ 54%] [32m[1mLinking C shared library libturtlebot_control__rosidl_typesupport_introspection_c.so[0m
[ 54%] Built target turtlebot_control_msg__rosidl_typesupport_introspection_c
[ 57%] [32m[1mLinking CXX shared library libturtlebot_control__rosidl_typesupport_cpp.so[0m
[ 57%] Built target turtlebot_control_msg__rosidl_typesupport_cpp
[35m[1mConsolidate compiler generated dependencies of target turtlebot_control[0m
[ 60%] [32mBuilding CXX object CMakeFiles/turtlebot_control.dir/src/turtlebot_control.cpp.o[0m
[ 63%] [32m[1mLinking CXX shared library libturtlebot_control__rosidl_typesupport_introspection_cpp.so[0m
[ 63%] Built target turtlebot_control_msg__rosidl_typesupport_introspection_cpp
[ 66%] [32m[1mLinking CXX shared library libturtlebot_control__rosidl_typesupport_fastrtps_c.so[0m
[ 69%] [32m[1mLinking CXX shared library libturtlebot_control__rosidl_typesupport_fastrtps_cpp.so[0m
[ 69%] Built target turtlebot_control_msg__rosidl_typesupport_fastrtps_c
[ 69%] Built target turtlebot_control_msg__rosidl_typesupport_fastrtps_cpp
[ 69%] Built target turtlebot_control_msg
[ 72%] [34m[1mGenerating Python code for ROS interfaces[0m
[ 72%] Built target turtlebot_control_msg__py
[ 75%] [32mBuilding C object CMakeFiles/turtlebot_control_msg__rosidl_generator_py.dir/rosidl_generator_py/turtlebot_control/msg/_keypoints_s.c.o[0m
[ 78%] [32m[1mLinking C shared library rosidl_generator_py/turtlebot_control/libturtlebot_control_msg__rosidl_generator_py.so[0m
[ 78%] Built target turtlebot_control_msg__rosidl_generator_py
[ 87%] [32mBuilding C object CMakeFiles/turtlebot_control__rosidl_typesupport_c__pyext.dir/rosidl_generator_py/turtlebot_control/_turtlebot_control_s.ep.rosidl_typesupport_c.c.o[0m
[ 87%] [32mBuilding C object CMakeFiles/turtlebot_control__rosidl_typesupport_fastrtps_c__pyext.dir/rosidl_generator_py/turtlebot_control/_turtlebot_control_s.ep.rosidl_typesupport_fastrtps_c.c.o[0m
[ 87%] [32mBuilding C object CMakeFiles/turtlebot_control__rosidl_typesupport_introspection_c__pyext.dir/rosidl_generator_py/turtlebot_control/_turtlebot_control_s.ep.rosidl_typesupport_introspection_c.c.o[0m
[ 93%] [32m[1mLinking C shared library rosidl_generator_py/turtlebot_control/turtlebot_control_s__rosidl_typesupport_c.cpython-310-x86_64-linux-gnu.so[0m
[ 93%] [32m[1mLinking C shared library rosidl_generator_py/turtlebot_control/turtlebot_control_s__rosidl_typesupport_introspection_c.cpython-310-x86_64-linux-gnu.so[0m
[ 96%] [32m[1mLinking C shared library rosidl_generator_py/turtlebot_control/turtlebot_control_s__rosidl_typesupport_fastrtps_c.cpython-310-x86_64-linux-gnu.so[0m
[ 96%] Built target turtlebot_control__rosidl_typesupport_introspection_c__pyext
[ 96%] Built target turtlebot_control__rosidl_typesupport_c__pyext
[ 96%] Built target turtlebot_control__rosidl_typesupport_fastrtps_c__pyext
[100%] [32m[1mLinking CXX executable turtlebot_control[0m
[100%] Built target turtlebot_control
-- Install configuration: ""
-- Installing: /ros_ws/aarch64_install/turtlebot_control/share/ament_index/resource_index/rosidl_interfaces/turtlebot_control
-- Installing: /ros_ws/aarch64_install/turtlebot_control/include/turtlebot_control/turtlebot_control
-- Installing: /ros_ws/aarch64_install/turtlebot_control/include/turtlebot_control/turtlebot_control/msg
-- Installing: /ros_ws/aarch64_install/turtlebot_control/include/turtlebot_control/turtlebot_control/msg/detail
-- Installing: /ros_ws/aarch64_install/turtlebot_control/include/turtlebot_control/turtlebot_control/msg/detail/keypoints__functions.h
-- Installing: /ros_ws/aarch64_install/turtlebot_control/include/turtlebot_control/turtlebot_control/msg/detail/keypoints__functions.c
-- Installing: /ros_ws/aarch64_install/turtlebot_control/include/turtlebot_control/turtlebot_control/msg/detail/keypoints__type_support.h
-- Installing: /ros_ws/aarch64_install/turtlebot_control/include/turtlebot_control/turtlebot_control/msg/detail/keypoints__struct.h
-- Installing: /ros_ws/aarch64_install/turtlebot_control/include/turtlebot_control/turtlebot_control/msg/keypoints.h
-- Installing: /ros_ws/aarch64_install/turtlebot_control/include/turtlebot_control/turtlebot_control/msg/rosidl_generator_c__visibility_control.h
-- Installing: /ros_ws/aarch64_install/turtlebot_control/share/turtlebot_control/environment/library_path.sh
-- Installing: /ros_ws/aarch64_install/turtlebot_control/share/turtlebot_control/environment/library_path.dsv
-- Installing: /ros_ws/aarch64_install/turtlebot_control/lib/libturtlebot_control__rosidl_generator_c.so
-- Set runtime path of "/ros_ws/aarch64_install/turtlebot_control/lib/libturtlebot_control__rosidl_generator_c.so" to ""
-- Up-to-date: /ros_ws/aarch64_install/turtlebot_control/include/turtlebot_control/turtlebot_control
-- Up-to-date: /ros_ws/aarch64_install/turtlebot_control/include/turtlebot_control/turtlebot_control/msg
-- Up-to-date: /ros_ws/aarch64_install/turtlebot_control/include/turtlebot_control/turtlebot_control/msg/detail
-- Installing: /ros_ws/aarch64_install/turtlebot_control/include/turtlebot_control/turtlebot_control/msg/detail/keypoints__rosidl_typesupport_fastrtps_c.h
-- Installing: /ros_ws/aarch64_install/turtlebot_control/include/turtlebot_control/turtlebot_control/msg/rosidl_typesupport_fastrtps_c__visibility_control.h
-- Installing: /ros_ws/aarch64_install/turtlebot_control/lib/libturtlebot_control__rosidl_typesupport_fastrtps_c.so
-- Set runtime path of "/ros_ws/aarch64_install/turtlebot_control/lib/libturtlebot_control__rosidl_typesupport_fastrtps_c.so" to ""
-- Up-to-date: /ros_ws/aarch64_install/turtlebot_control/include/turtlebot_control/turtlebot_control
-- Up-to-date: /ros_ws/aarch64_install/turtlebot_control/include/turtlebot_control/turtlebot_control/msg
-- Up-to-date: /ros_ws/aarch64_install/turtlebot_control/include/turtlebot_control/turtlebot_control/msg/detail
-- Installing: /ros_ws/aarch64_install/turtlebot_control/include/turtlebot_control/turtlebot_control/msg/detail/keypoints__struct.hpp
-- Installing: /ros_ws/aarch64_install/turtlebot_control/include/turtlebot_control/turtlebot_control/msg/detail/keypoints__traits.hpp
-- Installing: /ros_ws/aarch64_install/turtlebot_control/include/turtlebot_control/turtlebot_control/msg/detail/keypoints__builder.hpp
-- Installing: /ros_ws/aarch64_install/turtlebot_control/include/turtlebot_control/turtlebot_control/msg/keypoints.hpp
-- Up-to-date: /ros_ws/aarch64_install/turtlebot_control/include/turtlebot_control/turtlebot_control
-- Up-to-date: /ros_ws/aarch64_install/turtlebot_control/include/turtlebot_control/turtlebot_control/msg
-- Up-to-date: /ros_ws/aarch64_install/turtlebot_control/include/turtlebot_control/turtlebot_control/msg/detail
-- Installing: /ros_ws/aarch64_install/turtlebot_control/include/turtlebot_control/turtlebot_control/msg/detail/dds_fastrtps
-- Installing: /ros_ws/aarch64_install/turtlebot_control/include/turtlebot_control/turtlebot_control/msg/detail/keypoints__rosidl_typesupport_fastrtps_cpp.hpp
-- Installing: /ros_ws/aarch64_install/turtlebot_control/include/turtlebot_control/turtlebot_control/msg/rosidl_typesupport_fastrtps_cpp__visibility_control.h
-- Installing: /ros_ws/aarch64_install/turtlebot_control/lib/libturtlebot_control__rosidl_typesupport_fastrtps_cpp.so
-- Set runtime path of "/ros_ws/aarch64_install/turtlebot_control/lib/libturtlebot_control__rosidl_typesupport_fastrtps_cpp.so" to ""
-- Up-to-date: /ros_ws/aarch64_install/turtlebot_control/include/turtlebot_control/turtlebot_control
-- Up-to-date: /ros_ws/aarch64_install/turtlebot_control/include/turtlebot_control/turtlebot_control/msg
-- Up-to-date: /ros_ws/aarch64_install/turtlebot_control/include/turtlebot_control/turtlebot_control/msg/detail
-- Installing: /ros_ws/aarch64_install/turtlebot_control/include/turtlebot_control/turtlebot_control/msg/detail/keypoints__type_support.c
-- Installing: /ros_ws/aarch64_install/turtlebot_control/include/turtlebot_control/turtlebot_control/msg/detail/keypoints__rosidl_typesupport_introspection_c.h
-- Installing: /ros_ws/aarch64_install/turtlebot_control/include/turtlebot_control/turtlebot_control/msg/rosidl_typesupport_introspection_c__visibility_control.h
-- Installing: /ros_ws/aarch64_install/turtlebot_control/lib/libturtlebot_control__rosidl_typesupport_introspection_c.so
-- Set runtime path of "/ros_ws/aarch64_install/turtlebot_control/lib/libturtlebot_control__rosidl_typesupport_introspection_c.so" to ""
-- Installing: /ros_ws/aarch64_install/turtlebot_control/lib/libturtlebot_control__rosidl_typesupport_c.so
-- Set runtime path of "/ros_ws/aarch64_install/turtlebot_control/lib/libturtlebot_control__rosidl_typesupport_c.so" to ""
-- Up-to-date: /ros_ws/aarch64_install/turtlebot_control/include/turtlebot_control/turtlebot_control
-- Up-to-date: /ros_ws/aarch64_install/turtlebot_control/include/turtlebot_control/turtlebot_control/msg
-- Up-to-date: /ros_ws/aarch64_install/turtlebot_control/include/turtlebot_control/turtlebot_control/msg/detail
-- Installing: /ros_ws/aarch64_install/turtlebot_control/include/turtlebot_control/turtlebot_control/msg/detail/keypoints__rosidl_typesupport_introspection_cpp.hpp
-- Installing: /ros_ws/aarch64_install/turtlebot_control/include/turtlebot_control/turtlebot_control/msg/detail/keypoints__type_support.cpp
-- Installing: /ros_ws/aarch64_install/turtlebot_control/lib/libturtlebot_control__rosidl_typesupport_introspection_cpp.so
-- Set runtime path of "/ros_ws/aarch64_install/turtlebot_control/lib/libturtlebot_control__rosidl_typesupport_introspection_cpp.so" to ""
-- Installing: /ros_ws/aarch64_install/turtlebot_control/lib/libturtlebot_control__rosidl_typesupport_cpp.so
-- Set runtime path of "/ros_ws/aarch64_install/turtlebot_control/lib/libturtlebot_control__rosidl_typesupport_cpp.so" to ""
-- Installing: /ros_ws/aarch64_install/turtlebot_control/share/turtlebot_control/environment/pythonpath.sh
-- Installing: /ros_ws/aarch64_install/turtlebot_control/share/turtlebot_control/environment/pythonpath.dsv
-- Installing: /ros_ws/aarch64_install/turtlebot_control/local/lib/python3.10/dist-packages/turtlebot_control-0.0.0-py3.10.egg-info
-- Installing: /ros_ws/aarch64_install/turtlebot_control/local/lib/python3.10/dist-packages/turtlebot_control-0.0.0-py3.10.egg-info/PKG-INFO
-- Installing: /ros_ws/aarch64_install/turtlebot_control/local/lib/python3.10/dist-packages/turtlebot_control-0.0.0-py3.10.egg-info/top_level.txt
-- Installing: /ros_ws/aarch64_install/turtlebot_control/local/lib/python3.10/dist-packages/turtlebot_control-0.0.0-py3.10.egg-info/dependency_links.txt
-- Installing: /ros_ws/aarch64_install/turtlebot_control/local/lib/python3.10/dist-packages/turtlebot_control-0.0.0-py3.10.egg-info/SOURCES.txt
-- Installing: /ros_ws/aarch64_install/turtlebot_control/local/lib/python3.10/dist-packages/turtlebot_control
-- Installing: /ros_ws/aarch64_install/turtlebot_control/local/lib/python3.10/dist-packages/turtlebot_control/libturtlebot_control_msg__rosidl_generator_py.so
-- Installing: /ros_ws/aarch64_install/turtlebot_control/local/lib/python3.10/dist-packages/turtlebot_control/__init__.py
-- Installing: /ros_ws/aarch64_install/turtlebot_control/local/lib/python3.10/dist-packages/turtlebot_control/_turtlebot_control_s.ep.rosidl_typesupport_c.c
-- Installing: /ros_ws/aarch64_install/turtlebot_control/local/lib/python3.10/dist-packages/turtlebot_control/turtlebot_control_s__rosidl_typesupport_introspection_c.cpython-310-x86_64-linux-gnu.so
-- Installing: /ros_ws/aarch64_install/turtlebot_control/local/lib/python3.10/dist-packages/turtlebot_control/msg
-- Installing: /ros_ws/aarch64_install/turtlebot_control/local/lib/python3.10/dist-packages/turtlebot_control/msg/__init__.py
-- Installing: /ros_ws/aarch64_install/turtlebot_control/local/lib/python3.10/dist-packages/turtlebot_control/msg/_keypoints.py
-- Installing: /ros_ws/aarch64_install/turtlebot_control/local/lib/python3.10/dist-packages/turtlebot_control/msg/_keypoints_s.c
-- Installing: /ros_ws/aarch64_install/turtlebot_control/local/lib/python3.10/dist-packages/turtlebot_control/_turtlebot_control_s.ep.rosidl_typesupport_introspection_c.c
-- Installing: /ros_ws/aarch64_install/turtlebot_control/local/lib/python3.10/dist-packages/turtlebot_control/_turtlebot_control_s.ep.rosidl_typesupport_fastrtps_c.c
-- Installing: /ros_ws/aarch64_install/turtlebot_control/local/lib/python3.10/dist-packages/turtlebot_control/turtlebot_control_s__rosidl_typesupport_fastrtps_c.cpython-310-x86_64-linux-gnu.so
-- Installing: /ros_ws/aarch64_install/turtlebot_control/local/lib/python3.10/dist-packages/turtlebot_control/turtlebot_control_s__rosidl_typesupport_c.cpython-310-x86_64-linux-gnu.so
Listing '/ros_ws/aarch64_install/turtlebot_control/local/lib/python3.10/dist-packages/turtlebot_control'...
Compiling '/ros_ws/aarch64_install/turtlebot_control/local/lib/python3.10/dist-packages/turtlebot_control/__init__.py'...
Listing '/ros_ws/aarch64_install/turtlebot_control/local/lib/python3.10/dist-packages/turtlebot_control/msg'...
Compiling '/ros_ws/aarch64_install/turtlebot_control/local/lib/python3.10/dist-packages/turtlebot_control/msg/__init__.py'...
Compiling '/ros_ws/aarch64_install/turtlebot_control/local/lib/python3.10/dist-packages/turtlebot_control/msg/_keypoints.py'...
-- Installing: /ros_ws/aarch64_install/turtlebot_control/local/lib/python3.10/dist-packages/turtlebot_control/turtlebot_control_s__rosidl_typesupport_fastrtps_c.cpython-310-x86_64-linux-gnu.so
-- Set runtime path of "/ros_ws/aarch64_install/turtlebot_control/local/lib/python3.10/dist-packages/turtlebot_control/turtlebot_control_s__rosidl_typesupport_fastrtps_c.cpython-310-x86_64-linux-gnu.so" to ""
-- Installing: /ros_ws/aarch64_install/turtlebot_control/local/lib/python3.10/dist-packages/turtlebot_control/turtlebot_control_s__rosidl_typesupport_introspection_c.cpython-310-x86_64-linux-gnu.so
-- Set runtime path of "/ros_ws/aarch64_install/turtlebot_control/local/lib/python3.10/dist-packages/turtlebot_control/turtlebot_control_s__rosidl_typesupport_introspection_c.cpython-310-x86_64-linux-gnu.so" to ""
-- Installing: /ros_ws/aarch64_install/turtlebot_control/local/lib/python3.10/dist-packages/turtlebot_control/turtlebot_control_s__rosidl_typesupport_c.cpython-310-x86_64-linux-gnu.so
-- Set runtime path of "/ros_ws/aarch64_install/turtlebot_control/local/lib/python3.10/dist-packages/turtlebot_control/turtlebot_control_s__rosidl_typesupport_c.cpython-310-x86_64-linux-gnu.so" to ""
-- Installing: /ros_ws/aarch64_install/turtlebot_control/lib/libturtlebot_control_msg__rosidl_generator_py.so
-- Set runtime path of "/ros_ws/aarch64_install/turtlebot_control/lib/libturtlebot_control_msg__rosidl_generator_py.so" to ""
-- Installing: /ros_ws/aarch64_install/turtlebot_control/share/turtlebot_control/msg/Keypoints.idl
-- Installing: /ros_ws/aarch64_install/turtlebot_control/share/turtlebot_control/msg/Keypoints.msg
-- Installing: /ros_ws/aarch64_install/turtlebot_control/lib/turtlebot_control/turtlebot_control
-- Set runtime path of "/ros_ws/aarch64_install/turtlebot_control/lib/turtlebot_control/turtlebot_control" to ""
-- Up-to-date: /ros_ws/aarch64_install/turtlebot_control/share/turtlebot_control/images
-- Up-to-date: /ros_ws/aarch64_install/turtlebot_control/share/turtlebot_control/images/test_pic.png
-- Up-to-date: /ros_ws/aarch64_install/turtlebot_control/share/turtlebot_control/images/image.jpg
-- Installing: /ros_ws/aarch64_install/turtlebot_control/share/ament_index/resource_index/package_run_dependencies/turtlebot_control
-- Up-to-date: /ros_ws/aarch64_install/turtlebot_control/share/ament_index/resource_index/parent_prefix_path/turtlebot_control
-- Up-to-date: /ros_ws/aarch64_install/turtlebot_control/share/turtlebot_control/environment/ament_prefix_path.sh
-- Installing: /ros_ws/aarch64_install/turtlebot_control/share/turtlebot_control/environment/ament_prefix_path.dsv
-- Up-to-date: /ros_ws/aarch64_install/turtlebot_control/share/turtlebot_control/environment/path.sh
-- Installing: /ros_ws/aarch64_install/turtlebot_control/share/turtlebot_control/environment/path.dsv
-- Up-to-date: /ros_ws/aarch64_install/turtlebot_control/share/turtlebot_control/local_setup.bash
-- Installing: /ros_ws/aarch64_install/turtlebot_control/share/turtlebot_control/local_setup.sh
-- Up-to-date: /ros_ws/aarch64_install/turtlebot_control/share/turtlebot_control/local_setup.zsh
-- Installing: /ros_ws/aarch64_install/turtlebot_control/share/turtlebot_control/local_setup.dsv
-- Installing: /ros_ws/aarch64_install/turtlebot_control/share/turtlebot_control/package.dsv
-- Up-to-date: /ros_ws/aarch64_install/turtlebot_control/share/ament_index/resource_index/packages/turtlebot_control
-- Installing: /ros_ws/aarch64_install/turtlebot_control/share/turtlebot_control/cmake/export_turtlebot_control_msg__rosidl_generator_cExport.cmake
-- Installing: /ros_ws/aarch64_install/turtlebot_control/share/turtlebot_control/cmake/export_turtlebot_control_msg__rosidl_generator_cExport-noconfig.cmake
-- Installing: /ros_ws/aarch64_install/turtlebot_control/share/turtlebot_control/cmake/export_turtlebot_control_msg__rosidl_typesupport_fastrtps_cExport.cmake
-- Installing: /ros_ws/aarch64_install/turtlebot_control/share/turtlebot_control/cmake/export_turtlebot_control_msg__rosidl_typesupport_fastrtps_cExport-noconfig.cmake
-- Installing: /ros_ws/aarch64_install/turtlebot_control/share/turtlebot_control/cmake/export_turtlebot_control_msg__rosidl_generator_cppExport.cmake
-- Installing: /ros_ws/aarch64_install/turtlebot_control/share/turtlebot_control/cmake/export_turtlebot_control_msg__rosidl_typesupport_fastrtps_cppExport.cmake
-- Installing: /ros_ws/aarch64_install/turtlebot_control/share/turtlebot_control/cmake/export_turtlebot_control_msg__rosidl_typesupport_fastrtps_cppExport-noconfig.cmake
-- Installing: /ros_ws/aarch64_install/turtlebot_control/share/turtlebot_control/cmake/turtlebot_control_msg__rosidl_typesupport_introspection_cExport.cmake
-- Installing: /ros_ws/aarch64_install/turtlebot_control/share/turtlebot_control/cmake/turtlebot_control_msg__rosidl_typesupport_introspection_cExport-noconfig.cmake
-- Installing: /ros_ws/aarch64_install/turtlebot_control/share/turtlebot_control/cmake/turtlebot_control_msg__rosidl_typesupport_cExport.cmake
-- Installing: /ros_ws/aarch64_install/turtlebot_control/share/turtlebot_control/cmake/turtlebot_control_msg__rosidl_typesupport_cExport-noconfig.cmake
-- Installing: /ros_ws/aarch64_install/turtlebot_control/share/turtlebot_control/cmake/turtlebot_control_msg__rosidl_typesupport_introspection_cppExport.cmake
-- Installing: /ros_ws/aarch64_install/turtlebot_control/share/turtlebot_control/cmake/turtlebot_control_msg__rosidl_typesupport_introspection_cppExport-noconfig.cmake
-- Installing: /ros_ws/aarch64_install/turtlebot_control/share/turtlebot_control/cmake/turtlebot_control_msg__rosidl_typesupport_cppExport.cmake
-- Installing: /ros_ws/aarch64_install/turtlebot_control/share/turtlebot_control/cmake/turtlebot_control_msg__rosidl_typesupport_cppExport-noconfig.cmake
-- Installing: /ros_ws/aarch64_install/turtlebot_control/share/turtlebot_control/cmake/export_turtlebot_control_msg__rosidl_generator_pyExport.cmake
-- Installing: /ros_ws/aarch64_install/turtlebot_control/share/turtlebot_control/cmake/export_turtlebot_control_msg__rosidl_generator_pyExport-noconfig.cmake
-- Installing: /ros_ws/aarch64_install/turtlebot_control/share/turtlebot_control/cmake/rosidl_cmake-extras.cmake
-- Installing: /ros_ws/aarch64_install/turtlebot_control/share/turtlebot_control/cmake/ament_cmake_export_include_directories-extras.cmake
-- Installing: /ros_ws/aarch64_install/turtlebot_control/share/turtlebot_control/cmake/ament_cmake_export_libraries-extras.cmake
-- Installing: /ros_ws/aarch64_install/turtlebot_control/share/turtlebot_control/cmake/ament_cmake_export_targets-extras.cmake
-- Installing: /ros_ws/aarch64_install/turtlebot_control/share/turtlebot_control/cmake/rosidl_cmake_export_typesupport_targets-extras.cmake
-- Installing: /ros_ws/aarch64_install/turtlebot_control/share/turtlebot_control/cmake/ament_cmake_export_dependencies-extras.cmake
-- Installing: /ros_ws/aarch64_install/turtlebot_control/share/turtlebot_control/cmake/rosidl_cmake_export_typesupport_libraries-extras.cmake
-- Installing: /ros_ws/aarch64_install/turtlebot_control/share/turtlebot_control/cmake/turtlebot_controlConfig.cmake
-- Up-to-date: /ros_ws/aarch64_install/turtlebot_control/share/turtlebot_control/cmake/turtlebot_controlConfig-version.cmake
-- Installing: /ros_ws/aarch64_install/turtlebot_control/share/turtlebot_control/package.xml
