[0.009s] Invoking command in '/ros_ws/aarch64_build/turtlebot_control': CMAKE_PREFIX_PATH=/opt/ros/humble /usr/bin/cmake --build /ros_ws/aarch64_build/turtlebot_control -- -j8 -l8
[0.066s] -- Found ament_cmake: 1.3.3 (/opt/ros/humble/share/ament_cmake/cmake)
[0.178s] -- Found rclcpp: 16.0.3 (/opt/ros/humble/share/rclcpp/cmake)
[0.213s] -- Found rosidl_generator_c: 3.1.4 (/opt/ros/humble/share/rosidl_generator_c/cmake)
[0.216s] -- Found rosidl_adapter: 3.1.4 (/opt/ros/humble/share/rosidl_adapter/cmake)
[0.221s] -- Found rosidl_generator_cpp: 3.1.4 (/opt/ros/humble/share/rosidl_generator_cpp/cmake)
[0.232s] -- Using all available rosidl_typesupport_c: rosidl_typesupport_fastrtps_c;rosidl_typesupport_introspection_c
[0.244s] -- Using all available rosidl_typesupport_cpp: rosidl_typesupport_fastrtps_cpp;rosidl_typesupport_introspection_cpp
[0.288s] -- Found rmw_implementation_cmake: 6.1.1 (/opt/ros/humble/share/rmw_implementation_cmake/cmake)
[0.289s] -- Found rmw_fastrtps_cpp: 6.2.2 (/opt/ros/humble/share/rmw_fastrtps_cpp/cmake)
[0.372s] -- Using RMW implementation 'rmw_fastrtps_cpp' as default
[0.480s] -- Found sensor_msgs: 4.2.3 (/opt/ros/humble/share/sensor_msgs/cmake)
[0.572s] -- Found cv_bridge: 3.2.1 (/opt/ros/humble/share/cv_bridge/cmake)
[0.578s] -- Found image_transport: 3.1.5 (/opt/ros/humble/share/image_transport/cmake)
[0.611s] -- Found rosidl_default_generators: 1.2.0 (/opt/ros/humble/share/rosidl_default_generators/cmake)
[0.777s] -- Found ament_cmake_ros: 0.10.0 (/opt/ros/humble/share/ament_cmake_ros/cmake)
[0.984s] -- Using all available rosidl_typesupport_c: rosidl_typesupport_fastrtps_c;rosidl_typesupport_introspection_c
[1.060s] -- Using all available rosidl_typesupport_cpp: rosidl_typesupport_fastrtps_cpp;rosidl_typesupport_introspection_cpp
[1.076s] -- Found PythonInterp: /usr/bin/python3 (found suitable version "3.10.6", minimum required is "3.6") 
[1.077s] -- Found python_cmake_module: 0.10.0 (/opt/ros/humble/share/python_cmake_module/cmake)
[1.096s] -- Found PythonLibs: /usr/lib/aarch64-linux-gnu/libpython3.10.so (found suitable version "3.10.6", minimum required is "3.5") 
[1.096s] -- Using PYTHON_EXECUTABLE: /usr/bin/python3
[1.096s] -- Using PYTHON_INCLUDE_DIRS: /usr/include/python3.10
[1.096s] -- Using PYTHON_LIBRARIES: /usr/lib/aarch64-linux-gnu/libpython3.10.so
[1.111s] -- Found PythonExtra: .so  
[1.132s] -- Found ament_lint_auto: 0.12.5 (/opt/ros/humble/share/ament_lint_auto/cmake)
[1.142s] -- Added test 'cppcheck' to perform static code analysis on C / C++ code
[1.142s] -- Configured cppcheck include dirs: 
[1.142s] -- Configured cppcheck exclude dirs and/or files: 
[1.143s] -- Added test 'lint_cmake' to check CMake code style
[1.144s] -- Added test 'uncrustify' to check C / C++ code style
[1.144s] -- Configured uncrustify additional arguments: 
[1.144s] -- Added test 'xmllint' to check XML markup files
[1.146s] -- Configuring done
[1.170s] -- Generating done
[1.172s] -- Build files have been written to: /ros_ws/aarch64_build/turtlebot_control
[1.190s] [  3%] [34m[1mGenerating C code for ROS interfaces[0m
[1.197s] [  6%] [34m[1mGenerating C++ code for ROS interfaces[0m
[1.202s] [  6%] Built target ament_cmake_python_copy_turtlebot_control
[1.362s] running egg_info
[1.363s] creating turtlebot_control.egg-info
[1.363s] writing turtlebot_control.egg-info/PKG-INFO
[1.363s] writing dependency_links to turtlebot_control.egg-info/dependency_links.txt
[1.363s] writing top-level names to turtlebot_control.egg-info/top_level.txt
[1.363s] writing manifest file 'turtlebot_control.egg-info/SOURCES.txt'
[1.365s] reading manifest file 'turtlebot_control.egg-info/SOURCES.txt'
[1.365s] writing manifest file 'turtlebot_control.egg-info/SOURCES.txt'
[1.387s] [  6%] Built target ament_cmake_python_build_turtlebot_control_egg
[1.397s] [  6%] Built target turtlebot_control_msg__cpp
[1.400s] [  9%] [32mBuilding C object CMakeFiles/turtlebot_control_msg__rosidl_generator_c.dir/rosidl_generator_c/turtlebot_control/msg/detail/keypoints__functions.c.o[0m
[1.404s] [ 18%] [34m[1mGenerating C++ type support for eProsima Fast-RTPS[0m
[1.404s] [ 18%] [34m[1mGenerating C++ type support dispatch for ROS interfaces[0m
[1.404s] [ 18%] [34m[1mGenerating C++ introspection for ROS interfaces[0m
[1.494s] [ 21%] [32m[1mLinking C shared library libturtlebot_control__rosidl_generator_c.so[0m
[1.526s] [ 21%] Built target turtlebot_control_msg__rosidl_generator_c
[1.533s] [ 24%] [34m[1mGenerating C type support for eProsima Fast-RTPS[0m
[1.536s] [ 30%] [34m[1mGenerating C introspection for ROS interfaces[0m
[1.537s] [ 30%] [34m[1mGenerating C type support dispatch for ROS interfaces[0m
[1.606s] [ 33%] [32mBuilding CXX object CMakeFiles/turtlebot_control_msg__rosidl_typesupport_cpp.dir/rosidl_typesupport_cpp/turtlebot_control/msg/keypoints__type_support.cpp.o[0m
[1.729s] [ 36%] [32mBuilding CXX object CMakeFiles/turtlebot_control_msg__rosidl_typesupport_introspection_cpp.dir/rosidl_typesupport_introspection_cpp/turtlebot_control/msg/detail/keypoints__type_support.cpp.o[0m
[1.731s] [ 39%] [32mBuilding CXX object CMakeFiles/turtlebot_control_msg__rosidl_typesupport_fastrtps_cpp.dir/rosidl_typesupport_fastrtps_cpp/turtlebot_control/msg/detail/dds_fastrtps/keypoints__type_support.cpp.o[0m
[1.756s] [ 42%] [32mBuilding CXX object CMakeFiles/turtlebot_control_msg__rosidl_typesupport_c.dir/rosidl_typesupport_c/turtlebot_control/msg/keypoints__type_support.cpp.o[0m
[1.791s] [ 45%] [32m[1mLinking CXX shared library libturtlebot_control__rosidl_typesupport_c.so[0m
[1.825s] [ 45%] Built target turtlebot_control_msg__rosidl_typesupport_c
[1.889s] [ 48%] [32mBuilding C object CMakeFiles/turtlebot_control_msg__rosidl_typesupport_introspection_c.dir/rosidl_typesupport_introspection_c/turtlebot_control/msg/detail/keypoints__type_support.c.o[0m
[1.894s] [ 51%] [32mBuilding CXX object CMakeFiles/turtlebot_control_msg__rosidl_typesupport_fastrtps_c.dir/rosidl_typesupport_fastrtps_c/turtlebot_control/msg/detail/keypoints__type_support_c.cpp.o[0m
[1.941s] [ 54%] [32m[1mLinking C shared library libturtlebot_control__rosidl_typesupport_introspection_c.so[0m
[1.960s] [ 54%] Built target turtlebot_control_msg__rosidl_typesupport_introspection_c
[1.971s] [ 57%] [32m[1mLinking CXX shared library libturtlebot_control__rosidl_typesupport_cpp.so[0m
[1.997s] [ 57%] Built target turtlebot_control_msg__rosidl_typesupport_cpp
[2.005s] [35m[1mConsolidate compiler generated dependencies of target turtlebot_control[0m
[2.026s] [ 60%] [32mBuilding CXX object CMakeFiles/turtlebot_control.dir/src/turtlebot_control.cpp.o[0m
[2.138s] [ 63%] [32m[1mLinking CXX shared library libturtlebot_control__rosidl_typesupport_introspection_cpp.so[0m
[2.186s] [ 63%] Built target turtlebot_control_msg__rosidl_typesupport_introspection_cpp
[2.197s] [ 66%] [32m[1mLinking CXX shared library libturtlebot_control__rosidl_typesupport_fastrtps_c.so[0m
[2.244s] [ 69%] [32m[1mLinking CXX shared library libturtlebot_control__rosidl_typesupport_fastrtps_cpp.so[0m
[2.245s] [ 69%] Built target turtlebot_control_msg__rosidl_typesupport_fastrtps_c
[2.289s] [ 69%] Built target turtlebot_control_msg__rosidl_typesupport_fastrtps_cpp
[2.302s] [ 69%] Built target turtlebot_control_msg
[2.318s] [ 72%] [34m[1mGenerating Python code for ROS interfaces[0m
[2.585s] [ 72%] Built target turtlebot_control_msg__py
[2.597s] [ 75%] [32mBuilding C object CMakeFiles/turtlebot_control_msg__rosidl_generator_py.dir/rosidl_generator_py/turtlebot_control/msg/_keypoints_s.c.o[0m
[2.737s] [ 78%] [32m[1mLinking C shared library rosidl_generator_py/turtlebot_control/libturtlebot_control_msg__rosidl_generator_py.so[0m
[2.760s] [ 78%] Built target turtlebot_control_msg__rosidl_generator_py
[2.774s] [ 87%] [32mBuilding C object CMakeFiles/turtlebot_control__rosidl_typesupport_c__pyext.dir/rosidl_generator_py/turtlebot_control/_turtlebot_control_s.ep.rosidl_typesupport_c.c.o[0m
[2.774s] [ 87%] [32mBuilding C object CMakeFiles/turtlebot_control__rosidl_typesupport_fastrtps_c__pyext.dir/rosidl_generator_py/turtlebot_control/_turtlebot_control_s.ep.rosidl_typesupport_fastrtps_c.c.o[0m
[2.774s] [ 87%] [32mBuilding C object CMakeFiles/turtlebot_control__rosidl_typesupport_introspection_c__pyext.dir/rosidl_generator_py/turtlebot_control/_turtlebot_control_s.ep.rosidl_typesupport_introspection_c.c.o[0m
[2.842s] [ 93%] [32m[1mLinking C shared library rosidl_generator_py/turtlebot_control/turtlebot_control_s__rosidl_typesupport_c.cpython-310-x86_64-linux-gnu.so[0m
[2.842s] [ 93%] [32m[1mLinking C shared library rosidl_generator_py/turtlebot_control/turtlebot_control_s__rosidl_typesupport_introspection_c.cpython-310-x86_64-linux-gnu.so[0m
[2.849s] [ 96%] [32m[1mLinking C shared library rosidl_generator_py/turtlebot_control/turtlebot_control_s__rosidl_typesupport_fastrtps_c.cpython-310-x86_64-linux-gnu.so[0m
[2.863s] [ 96%] Built target turtlebot_control__rosidl_typesupport_introspection_c__pyext
[2.863s] [ 96%] Built target turtlebot_control__rosidl_typesupport_c__pyext
[2.869s] [ 96%] Built target turtlebot_control__rosidl_typesupport_fastrtps_c__pyext
[6.423s] [100%] [32m[1mLinking CXX executable turtlebot_control[0m
[6.896s] [100%] Built target turtlebot_control
[6.903s] Invoked command in '/ros_ws/aarch64_build/turtlebot_control' returned '0': CMAKE_PREFIX_PATH=/opt/ros/humble /usr/bin/cmake --build /ros_ws/aarch64_build/turtlebot_control -- -j8 -l8
[6.961s] Invoking command in '/ros_ws/aarch64_build/turtlebot_control': CMAKE_PREFIX_PATH=/opt/ros/humble /usr/bin/cmake --install /ros_ws/aarch64_build/turtlebot_control
[6.967s] -- Install configuration: ""
[6.967s] -- Installing: /ros_ws/aarch64_install/turtlebot_control/share/ament_index/resource_index/rosidl_interfaces/turtlebot_control
[6.967s] -- Installing: /ros_ws/aarch64_install/turtlebot_control/include/turtlebot_control/turtlebot_control
[6.967s] -- Installing: /ros_ws/aarch64_install/turtlebot_control/include/turtlebot_control/turtlebot_control/msg
[6.967s] -- Installing: /ros_ws/aarch64_install/turtlebot_control/include/turtlebot_control/turtlebot_control/msg/detail
[6.967s] -- Installing: /ros_ws/aarch64_install/turtlebot_control/include/turtlebot_control/turtlebot_control/msg/detail/keypoints__functions.h
[6.967s] -- Installing: /ros_ws/aarch64_install/turtlebot_control/include/turtlebot_control/turtlebot_control/msg/detail/keypoints__functions.c
[6.967s] -- Installing: /ros_ws/aarch64_install/turtlebot_control/include/turtlebot_control/turtlebot_control/msg/detail/keypoints__type_support.h
[6.967s] -- Installing: /ros_ws/aarch64_install/turtlebot_control/include/turtlebot_control/turtlebot_control/msg/detail/keypoints__struct.h
[6.967s] -- Installing: /ros_ws/aarch64_install/turtlebot_control/include/turtlebot_control/turtlebot_control/msg/keypoints.h
[6.967s] -- Installing: /ros_ws/aarch64_install/turtlebot_control/include/turtlebot_control/turtlebot_control/msg/rosidl_generator_c__visibility_control.h
[6.967s] -- Installing: /ros_ws/aarch64_install/turtlebot_control/share/turtlebot_control/environment/library_path.sh
[6.967s] -- Installing: /ros_ws/aarch64_install/turtlebot_control/share/turtlebot_control/environment/library_path.dsv
[6.968s] -- Installing: /ros_ws/aarch64_install/turtlebot_control/lib/libturtlebot_control__rosidl_generator_c.so
[6.968s] -- Set runtime path of "/ros_ws/aarch64_install/turtlebot_control/lib/libturtlebot_control__rosidl_generator_c.so" to ""
[6.968s] -- Up-to-date: /ros_ws/aarch64_install/turtlebot_control/include/turtlebot_control/turtlebot_control
[6.968s] -- Up-to-date: /ros_ws/aarch64_install/turtlebot_control/include/turtlebot_control/turtlebot_control/msg
[6.968s] -- Up-to-date: /ros_ws/aarch64_install/turtlebot_control/include/turtlebot_control/turtlebot_control/msg/detail
[6.968s] -- Installing: /ros_ws/aarch64_install/turtlebot_control/include/turtlebot_control/turtlebot_control/msg/detail/keypoints__rosidl_typesupport_fastrtps_c.h
[6.968s] -- Installing: /ros_ws/aarch64_install/turtlebot_control/include/turtlebot_control/turtlebot_control/msg/rosidl_typesupport_fastrtps_c__visibility_control.h
[6.968s] -- Installing: /ros_ws/aarch64_install/turtlebot_control/lib/libturtlebot_control__rosidl_typesupport_fastrtps_c.so
[6.968s] -- Set runtime path of "/ros_ws/aarch64_install/turtlebot_control/lib/libturtlebot_control__rosidl_typesupport_fastrtps_c.so" to ""
[6.968s] -- Up-to-date: /ros_ws/aarch64_install/turtlebot_control/include/turtlebot_control/turtlebot_control
[6.968s] -- Up-to-date: /ros_ws/aarch64_install/turtlebot_control/include/turtlebot_control/turtlebot_control/msg
[6.968s] -- Up-to-date: /ros_ws/aarch64_install/turtlebot_control/include/turtlebot_control/turtlebot_control/msg/detail
[6.968s] -- Installing: /ros_ws/aarch64_install/turtlebot_control/include/turtlebot_control/turtlebot_control/msg/detail/keypoints__struct.hpp
[6.968s] -- Installing: /ros_ws/aarch64_install/turtlebot_control/include/turtlebot_control/turtlebot_control/msg/detail/keypoints__traits.hpp
[6.968s] -- Installing: /ros_ws/aarch64_install/turtlebot_control/include/turtlebot_control/turtlebot_control/msg/detail/keypoints__builder.hpp
[6.968s] -- Installing: /ros_ws/aarch64_install/turtlebot_control/include/turtlebot_control/turtlebot_control/msg/keypoints.hpp
[6.969s] -- Up-to-date: /ros_ws/aarch64_install/turtlebot_control/include/turtlebot_control/turtlebot_control
[6.969s] -- Up-to-date: /ros_ws/aarch64_install/turtlebot_control/include/turtlebot_control/turtlebot_control/msg
[6.969s] -- Up-to-date: /ros_ws/aarch64_install/turtlebot_control/include/turtlebot_control/turtlebot_control/msg/detail
[6.969s] -- Installing: /ros_ws/aarch64_install/turtlebot_control/include/turtlebot_control/turtlebot_control/msg/detail/dds_fastrtps
[6.969s] -- Installing: /ros_ws/aarch64_install/turtlebot_control/include/turtlebot_control/turtlebot_control/msg/detail/keypoints__rosidl_typesupport_fastrtps_cpp.hpp
[6.969s] -- Installing: /ros_ws/aarch64_install/turtlebot_control/include/turtlebot_control/turtlebot_control/msg/rosidl_typesupport_fastrtps_cpp__visibility_control.h
[6.969s] -- Installing: /ros_ws/aarch64_install/turtlebot_control/lib/libturtlebot_control__rosidl_typesupport_fastrtps_cpp.so
[6.969s] -- Set runtime path of "/ros_ws/aarch64_install/turtlebot_control/lib/libturtlebot_control__rosidl_typesupport_fastrtps_cpp.so" to ""
[6.969s] -- Up-to-date: /ros_ws/aarch64_install/turtlebot_control/include/turtlebot_control/turtlebot_control
[6.969s] -- Up-to-date: /ros_ws/aarch64_install/turtlebot_control/include/turtlebot_control/turtlebot_control/msg
[6.969s] -- Up-to-date: /ros_ws/aarch64_install/turtlebot_control/include/turtlebot_control/turtlebot_control/msg/detail
[6.969s] -- Installing: /ros_ws/aarch64_install/turtlebot_control/include/turtlebot_control/turtlebot_control/msg/detail/keypoints__type_support.c
[6.969s] -- Installing: /ros_ws/aarch64_install/turtlebot_control/include/turtlebot_control/turtlebot_control/msg/detail/keypoints__rosidl_typesupport_introspection_c.h
[6.969s] -- Installing: /ros_ws/aarch64_install/turtlebot_control/include/turtlebot_control/turtlebot_control/msg/rosidl_typesupport_introspection_c__visibility_control.h
[6.969s] -- Installing: /ros_ws/aarch64_install/turtlebot_control/lib/libturtlebot_control__rosidl_typesupport_introspection_c.so
[6.969s] -- Set runtime path of "/ros_ws/aarch64_install/turtlebot_control/lib/libturtlebot_control__rosidl_typesupport_introspection_c.so" to ""
[6.969s] -- Installing: /ros_ws/aarch64_install/turtlebot_control/lib/libturtlebot_control__rosidl_typesupport_c.so
[6.970s] -- Set runtime path of "/ros_ws/aarch64_install/turtlebot_control/lib/libturtlebot_control__rosidl_typesupport_c.so" to ""
[6.970s] -- Up-to-date: /ros_ws/aarch64_install/turtlebot_control/include/turtlebot_control/turtlebot_control
[6.970s] -- Up-to-date: /ros_ws/aarch64_install/turtlebot_control/include/turtlebot_control/turtlebot_control/msg
[6.970s] -- Up-to-date: /ros_ws/aarch64_install/turtlebot_control/include/turtlebot_control/turtlebot_control/msg/detail
[6.970s] -- Installing: /ros_ws/aarch64_install/turtlebot_control/include/turtlebot_control/turtlebot_control/msg/detail/keypoints__rosidl_typesupport_introspection_cpp.hpp
[6.970s] -- Installing: /ros_ws/aarch64_install/turtlebot_control/include/turtlebot_control/turtlebot_control/msg/detail/keypoints__type_support.cpp
[6.970s] -- Installing: /ros_ws/aarch64_install/turtlebot_control/lib/libturtlebot_control__rosidl_typesupport_introspection_cpp.so
[6.970s] -- Set runtime path of "/ros_ws/aarch64_install/turtlebot_control/lib/libturtlebot_control__rosidl_typesupport_introspection_cpp.so" to ""
[6.970s] -- Installing: /ros_ws/aarch64_install/turtlebot_control/lib/libturtlebot_control__rosidl_typesupport_cpp.so
[6.970s] -- Set runtime path of "/ros_ws/aarch64_install/turtlebot_control/lib/libturtlebot_control__rosidl_typesupport_cpp.so" to ""
[6.970s] -- Installing: /ros_ws/aarch64_install/turtlebot_control/share/turtlebot_control/environment/pythonpath.sh
[6.970s] -- Installing: /ros_ws/aarch64_install/turtlebot_control/share/turtlebot_control/environment/pythonpath.dsv
[6.970s] -- Installing: /ros_ws/aarch64_install/turtlebot_control/local/lib/python3.10/dist-packages/turtlebot_control-0.0.0-py3.10.egg-info
[6.971s] -- Installing: /ros_ws/aarch64_install/turtlebot_control/local/lib/python3.10/dist-packages/turtlebot_control-0.0.0-py3.10.egg-info/PKG-INFO
[6.971s] -- Installing: /ros_ws/aarch64_install/turtlebot_control/local/lib/python3.10/dist-packages/turtlebot_control-0.0.0-py3.10.egg-info/top_level.txt
[6.971s] -- Installing: /ros_ws/aarch64_install/turtlebot_control/local/lib/python3.10/dist-packages/turtlebot_control-0.0.0-py3.10.egg-info/dependency_links.txt
[6.971s] -- Installing: /ros_ws/aarch64_install/turtlebot_control/local/lib/python3.10/dist-packages/turtlebot_control-0.0.0-py3.10.egg-info/SOURCES.txt
[6.971s] -- Installing: /ros_ws/aarch64_install/turtlebot_control/local/lib/python3.10/dist-packages/turtlebot_control
[6.971s] -- Installing: /ros_ws/aarch64_install/turtlebot_control/local/lib/python3.10/dist-packages/turtlebot_control/libturtlebot_control_msg__rosidl_generator_py.so
[6.971s] -- Installing: /ros_ws/aarch64_install/turtlebot_control/local/lib/python3.10/dist-packages/turtlebot_control/__init__.py
[6.971s] -- Installing: /ros_ws/aarch64_install/turtlebot_control/local/lib/python3.10/dist-packages/turtlebot_control/_turtlebot_control_s.ep.rosidl_typesupport_c.c
[6.971s] -- Installing: /ros_ws/aarch64_install/turtlebot_control/local/lib/python3.10/dist-packages/turtlebot_control/turtlebot_control_s__rosidl_typesupport_introspection_c.cpython-310-x86_64-linux-gnu.so
[6.971s] -- Installing: /ros_ws/aarch64_install/turtlebot_control/local/lib/python3.10/dist-packages/turtlebot_control/msg
[6.971s] -- Installing: /ros_ws/aarch64_install/turtlebot_control/local/lib/python3.10/dist-packages/turtlebot_control/msg/__init__.py
[6.971s] -- Installing: /ros_ws/aarch64_install/turtlebot_control/local/lib/python3.10/dist-packages/turtlebot_control/msg/_keypoints.py
[6.971s] -- Installing: /ros_ws/aarch64_install/turtlebot_control/local/lib/python3.10/dist-packages/turtlebot_control/msg/_keypoints_s.c
[6.971s] -- Installing: /ros_ws/aarch64_install/turtlebot_control/local/lib/python3.10/dist-packages/turtlebot_control/_turtlebot_control_s.ep.rosidl_typesupport_introspection_c.c
[6.971s] -- Installing: /ros_ws/aarch64_install/turtlebot_control/local/lib/python3.10/dist-packages/turtlebot_control/_turtlebot_control_s.ep.rosidl_typesupport_fastrtps_c.c
[6.971s] -- Installing: /ros_ws/aarch64_install/turtlebot_control/local/lib/python3.10/dist-packages/turtlebot_control/turtlebot_control_s__rosidl_typesupport_fastrtps_c.cpython-310-x86_64-linux-gnu.so
[6.972s] -- Installing: /ros_ws/aarch64_install/turtlebot_control/local/lib/python3.10/dist-packages/turtlebot_control/turtlebot_control_s__rosidl_typesupport_c.cpython-310-x86_64-linux-gnu.so
[6.994s] Listing '/ros_ws/aarch64_install/turtlebot_control/local/lib/python3.10/dist-packages/turtlebot_control'...
[6.994s] Compiling '/ros_ws/aarch64_install/turtlebot_control/local/lib/python3.10/dist-packages/turtlebot_control/__init__.py'...
[6.994s] Listing '/ros_ws/aarch64_install/turtlebot_control/local/lib/python3.10/dist-packages/turtlebot_control/msg'...
[6.994s] Compiling '/ros_ws/aarch64_install/turtlebot_control/local/lib/python3.10/dist-packages/turtlebot_control/msg/__init__.py'...
[6.995s] Compiling '/ros_ws/aarch64_install/turtlebot_control/local/lib/python3.10/dist-packages/turtlebot_control/msg/_keypoints.py'...
[6.997s] -- Installing: /ros_ws/aarch64_install/turtlebot_control/local/lib/python3.10/dist-packages/turtlebot_control/turtlebot_control_s__rosidl_typesupport_fastrtps_c.cpython-310-x86_64-linux-gnu.so
[6.997s] -- Set runtime path of "/ros_ws/aarch64_install/turtlebot_control/local/lib/python3.10/dist-packages/turtlebot_control/turtlebot_control_s__rosidl_typesupport_fastrtps_c.cpython-310-x86_64-linux-gnu.so" to ""
[6.997s] -- Installing: /ros_ws/aarch64_install/turtlebot_control/local/lib/python3.10/dist-packages/turtlebot_control/turtlebot_control_s__rosidl_typesupport_introspection_c.cpython-310-x86_64-linux-gnu.so
[6.998s] -- Set runtime path of "/ros_ws/aarch64_install/turtlebot_control/local/lib/python3.10/dist-packages/turtlebot_control/turtlebot_control_s__rosidl_typesupport_introspection_c.cpython-310-x86_64-linux-gnu.so" to ""
[6.998s] -- Installing: /ros_ws/aarch64_install/turtlebot_control/local/lib/python3.10/dist-packages/turtlebot_control/turtlebot_control_s__rosidl_typesupport_c.cpython-310-x86_64-linux-gnu.so
[6.998s] -- Set runtime path of "/ros_ws/aarch64_install/turtlebot_control/local/lib/python3.10/dist-packages/turtlebot_control/turtlebot_control_s__rosidl_typesupport_c.cpython-310-x86_64-linux-gnu.so" to ""
[6.998s] -- Installing: /ros_ws/aarch64_install/turtlebot_control/lib/libturtlebot_control_msg__rosidl_generator_py.so
[6.998s] -- Set runtime path of "/ros_ws/aarch64_install/turtlebot_control/lib/libturtlebot_control_msg__rosidl_generator_py.so" to ""
[6.998s] -- Installing: /ros_ws/aarch64_install/turtlebot_control/share/turtlebot_control/msg/Keypoints.idl
[6.998s] -- Installing: /ros_ws/aarch64_install/turtlebot_control/share/turtlebot_control/msg/Keypoints.msg
[6.999s] -- Installing: /ros_ws/aarch64_install/turtlebot_control/lib/turtlebot_control/turtlebot_control
[7.000s] -- Set runtime path of "/ros_ws/aarch64_install/turtlebot_control/lib/turtlebot_control/turtlebot_control" to ""
[7.000s] -- Up-to-date: /ros_ws/aarch64_install/turtlebot_control/share/turtlebot_control/images
[7.000s] -- Up-to-date: /ros_ws/aarch64_install/turtlebot_control/share/turtlebot_control/images/test_pic.png
[7.000s] -- Up-to-date: /ros_ws/aarch64_install/turtlebot_control/share/turtlebot_control/images/image.jpg
[7.000s] -- Installing: /ros_ws/aarch64_install/turtlebot_control/share/ament_index/resource_index/package_run_dependencies/turtlebot_control
[7.000s] -- Up-to-date: /ros_ws/aarch64_install/turtlebot_control/share/ament_index/resource_index/parent_prefix_path/turtlebot_control
[7.000s] -- Up-to-date: /ros_ws/aarch64_install/turtlebot_control/share/turtlebot_control/environment/ament_prefix_path.sh
[7.000s] -- Installing: /ros_ws/aarch64_install/turtlebot_control/share/turtlebot_control/environment/ament_prefix_path.dsv
[7.000s] -- Up-to-date: /ros_ws/aarch64_install/turtlebot_control/share/turtlebot_control/environment/path.sh
[7.000s] -- Installing: /ros_ws/aarch64_install/turtlebot_control/share/turtlebot_control/environment/path.dsv
[7.000s] -- Up-to-date: /ros_ws/aarch64_install/turtlebot_control/share/turtlebot_control/local_setup.bash
[7.000s] -- Installing: /ros_ws/aarch64_install/turtlebot_control/share/turtlebot_control/local_setup.sh
[7.000s] -- Up-to-date: /ros_ws/aarch64_install/turtlebot_control/share/turtlebot_control/local_setup.zsh
[7.000s] -- Installing: /ros_ws/aarch64_install/turtlebot_control/share/turtlebot_control/local_setup.dsv
[7.000s] -- Installing: /ros_ws/aarch64_install/turtlebot_control/share/turtlebot_control/package.dsv
[7.000s] -- Up-to-date: /ros_ws/aarch64_install/turtlebot_control/share/ament_index/resource_index/packages/turtlebot_control
[7.000s] -- Installing: /ros_ws/aarch64_install/turtlebot_control/share/turtlebot_control/cmake/export_turtlebot_control_msg__rosidl_generator_cExport.cmake
[7.001s] -- Installing: /ros_ws/aarch64_install/turtlebot_control/share/turtlebot_control/cmake/export_turtlebot_control_msg__rosidl_generator_cExport-noconfig.cmake
[7.001s] -- Installing: /ros_ws/aarch64_install/turtlebot_control/share/turtlebot_control/cmake/export_turtlebot_control_msg__rosidl_typesupport_fastrtps_cExport.cmake
[7.001s] -- Installing: /ros_ws/aarch64_install/turtlebot_control/share/turtlebot_control/cmake/export_turtlebot_control_msg__rosidl_typesupport_fastrtps_cExport-noconfig.cmake
[7.001s] -- Installing: /ros_ws/aarch64_install/turtlebot_control/share/turtlebot_control/cmake/export_turtlebot_control_msg__rosidl_generator_cppExport.cmake
[7.001s] -- Installing: /ros_ws/aarch64_install/turtlebot_control/share/turtlebot_control/cmake/export_turtlebot_control_msg__rosidl_typesupport_fastrtps_cppExport.cmake
[7.001s] -- Installing: /ros_ws/aarch64_install/turtlebot_control/share/turtlebot_control/cmake/export_turtlebot_control_msg__rosidl_typesupport_fastrtps_cppExport-noconfig.cmake
[7.001s] -- Installing: /ros_ws/aarch64_install/turtlebot_control/share/turtlebot_control/cmake/turtlebot_control_msg__rosidl_typesupport_introspection_cExport.cmake
[7.001s] -- Installing: /ros_ws/aarch64_install/turtlebot_control/share/turtlebot_control/cmake/turtlebot_control_msg__rosidl_typesupport_introspection_cExport-noconfig.cmake
[7.001s] -- Installing: /ros_ws/aarch64_install/turtlebot_control/share/turtlebot_control/cmake/turtlebot_control_msg__rosidl_typesupport_cExport.cmake
[7.001s] -- Installing: /ros_ws/aarch64_install/turtlebot_control/share/turtlebot_control/cmake/turtlebot_control_msg__rosidl_typesupport_cExport-noconfig.cmake
[7.001s] -- Installing: /ros_ws/aarch64_install/turtlebot_control/share/turtlebot_control/cmake/turtlebot_control_msg__rosidl_typesupport_introspection_cppExport.cmake
[7.001s] -- Installing: /ros_ws/aarch64_install/turtlebot_control/share/turtlebot_control/cmake/turtlebot_control_msg__rosidl_typesupport_introspection_cppExport-noconfig.cmake
[7.002s] -- Installing: /ros_ws/aarch64_install/turtlebot_control/share/turtlebot_control/cmake/turtlebot_control_msg__rosidl_typesupport_cppExport.cmake
[7.002s] -- Installing: /ros_ws/aarch64_install/turtlebot_control/share/turtlebot_control/cmake/turtlebot_control_msg__rosidl_typesupport_cppExport-noconfig.cmake
[7.002s] -- Installing: /ros_ws/aarch64_install/turtlebot_control/share/turtlebot_control/cmake/export_turtlebot_control_msg__rosidl_generator_pyExport.cmake
[7.002s] -- Installing: /ros_ws/aarch64_install/turtlebot_control/share/turtlebot_control/cmake/export_turtlebot_control_msg__rosidl_generator_pyExport-noconfig.cmake
[7.002s] -- Installing: /ros_ws/aarch64_install/turtlebot_control/share/turtlebot_control/cmake/rosidl_cmake-extras.cmake
[7.002s] -- Installing: /ros_ws/aarch64_install/turtlebot_control/share/turtlebot_control/cmake/ament_cmake_export_include_directories-extras.cmake
[7.002s] -- Installing: /ros_ws/aarch64_install/turtlebot_control/share/turtlebot_control/cmake/ament_cmake_export_libraries-extras.cmake
[7.002s] -- Installing: /ros_ws/aarch64_install/turtlebot_control/share/turtlebot_control/cmake/ament_cmake_export_targets-extras.cmake
[7.002s] -- Installing: /ros_ws/aarch64_install/turtlebot_control/share/turtlebot_control/cmake/rosidl_cmake_export_typesupport_targets-extras.cmake
[7.002s] -- Installing: /ros_ws/aarch64_install/turtlebot_control/share/turtlebot_control/cmake/ament_cmake_export_dependencies-extras.cmake
[7.002s] -- Installing: /ros_ws/aarch64_install/turtlebot_control/share/turtlebot_control/cmake/rosidl_cmake_export_typesupport_libraries-extras.cmake
[7.002s] -- Installing: /ros_ws/aarch64_install/turtlebot_control/share/turtlebot_control/cmake/turtlebot_controlConfig.cmake
[7.002s] -- Up-to-date: /ros_ws/aarch64_install/turtlebot_control/share/turtlebot_control/cmake/turtlebot_controlConfig-version.cmake
[7.003s] -- Installing: /ros_ws/aarch64_install/turtlebot_control/share/turtlebot_control/package.xml
[7.004s] Invoked command in '/ros_ws/aarch64_build/turtlebot_control' returned '0': CMAKE_PREFIX_PATH=/opt/ros/humble /usr/bin/cmake --install /ros_ws/aarch64_build/turtlebot_control
