[0.000000] (-) TimerEvent: {}
[0.000297] (turtlebot_control) JobQueued: {'identifier': 'turtlebot_control', 'dependencies': OrderedDict()}
[0.001672] (turtlebot_control) JobStarted: {'identifier': 'turtlebot_control'}
[0.008085] (turtlebot_control) JobProgress: {'identifier': 'turtlebot_control', 'progress': 'cmake'}
[0.008264] (turtlebot_control) JobProgress: {'identifier': 'turtlebot_control', 'progress': 'build'}
[0.008956] (turtlebot_control) Command: {'cmd': ['/usr/bin/cmake', '--build', '/ros_ws/aarch64_build/turtlebot_control', '--', '-j8', '-l8'], 'cwd': '/ros_ws/aarch64_build/turtlebot_control', 'env': OrderedDict([('HOSTNAME', '7dc966988be1'), ('LD_LIBRARY_PATH', '/opt/ros/humble/opt/rviz_ogre_vendor/lib:/opt/ros/humble/lib/aarch64-linux-gnu:/opt/ros/humble/lib'), ('HOME', '/home/msr'), ('ROS_PYTHON_VERSION', '3'), ('LC_CTYPE', 'C.UTF-8'), ('ROS_DISTRO', 'humble'), ('ROS_VERSION', '2'), ('TERM', 'xterm'), ('ROS_LOCALHOST_ONLY', '0'), ('PATH', '/opt/ros/humble/bin:/usr/local/sbin:/usr/local/bin:/usr/sbin:/usr/bin:/sbin:/bin'), ('AMENT_PREFIX_PATH', '/opt/ros/humble'), ('PWD', '/ros_ws/aarch64_build/turtlebot_control'), ('PYTHONPATH', '/opt/ros/humble/lib/python3.10/site-packages:/opt/ros/humble/local/lib/python3.10/dist-packages'), ('COLCON', '1'), ('CMAKE_PREFIX_PATH', '/opt/ros/humble')]), 'shell': False}
[0.044818] (turtlebot_control) StdoutLine: {'line': b'[  3%] Built target turtlebot_control_msg__cpp\n'}
[0.045131] (turtlebot_control) StdoutLine: {'line': b'[ 12%] Built target turtlebot_control_msg__rosidl_generator_c\n'}
[0.053203] (turtlebot_control) StdoutLine: {'line': b'[ 12%] Built target ament_cmake_python_copy_turtlebot_control\n'}
[0.062408] (turtlebot_control) StdoutLine: {'line': b'[ 27%] Built target turtlebot_control_msg__rosidl_typesupport_fastrtps_cpp\n'}
[0.062583] (turtlebot_control) StdoutLine: {'line': b'[ 30%] Built target turtlebot_control_msg__rosidl_typesupport_introspection_cpp\n'}
[0.062705] (turtlebot_control) StdoutLine: {'line': b'[ 39%] Built target turtlebot_control_msg__rosidl_typesupport_c\n'}
[0.063462] (turtlebot_control) StdoutLine: {'line': b'[ 48%] Built target turtlebot_control_msg__rosidl_typesupport_introspection_c\n'}
[0.063803] (turtlebot_control) StdoutLine: {'line': b'[ 57%] Built target turtlebot_control_msg__rosidl_typesupport_cpp\n'}
[0.064182] (turtlebot_control) StdoutLine: {'line': b'[ 66%] Built target turtlebot_control_msg__rosidl_typesupport_fastrtps_c\n'}
[0.073054] (turtlebot_control) StdoutLine: {'line': b'\x1b[35m\x1b[1mConsolidate compiler generated dependencies of target turtlebot_control\x1b[0m\n'}
[0.076795] (turtlebot_control) StdoutLine: {'line': b'[ 66%] Built target turtlebot_control_msg\n'}
[0.087678] (turtlebot_control) StdoutLine: {'line': b'[ 69%] \x1b[32mBuilding CXX object CMakeFiles/turtlebot_control.dir/src/turtlebot_control.cpp.o\x1b[0m\n'}
[0.089809] (turtlebot_control) StdoutLine: {'line': b'[ 72%] Built target turtlebot_control_msg__py\n'}
[0.099887] (-) TimerEvent: {}
[0.104472] (turtlebot_control) StdoutLine: {'line': b'[ 78%] Built target turtlebot_control_msg__rosidl_generator_py\n'}
[0.121161] (turtlebot_control) StdoutLine: {'line': b'[ 90%] Built target turtlebot_control__rosidl_typesupport_introspection_c__pyext\n'}
[0.121344] (turtlebot_control) StdoutLine: {'line': b'[ 90%] Built target turtlebot_control__rosidl_typesupport_fastrtps_c__pyext\n'}
[0.122061] (turtlebot_control) StdoutLine: {'line': b'[ 96%] Built target turtlebot_control__rosidl_typesupport_c__pyext\n'}
[0.200191] (-) TimerEvent: {}
[0.202393] (turtlebot_control) StdoutLine: {'line': b'running egg_info\n'}
[0.202863] (turtlebot_control) StdoutLine: {'line': b'writing turtlebot_control.egg-info/PKG-INFO\n'}
[0.203006] (turtlebot_control) StdoutLine: {'line': b'writing dependency_links to turtlebot_control.egg-info/dependency_links.txt\n'}
[0.203108] (turtlebot_control) StdoutLine: {'line': b'writing top-level names to turtlebot_control.egg-info/top_level.txt\n'}
[0.204465] (turtlebot_control) StdoutLine: {'line': b"reading manifest file 'turtlebot_control.egg-info/SOURCES.txt'\n"}
[0.204861] (turtlebot_control) StdoutLine: {'line': b"writing manifest file 'turtlebot_control.egg-info/SOURCES.txt'\n"}
[0.221664] (turtlebot_control) StdoutLine: {'line': b'[ 96%] Built target ament_cmake_python_build_turtlebot_control_egg\n'}
[0.300321] (-) TimerEvent: {}
[0.400654] (-) TimerEvent: {}
[0.500909] (-) TimerEvent: {}
[0.601168] (-) TimerEvent: {}
[0.701483] (-) TimerEvent: {}
[0.801791] (-) TimerEvent: {}
[0.902104] (-) TimerEvent: {}
[1.002354] (-) TimerEvent: {}
[1.102601] (-) TimerEvent: {}
[1.202838] (-) TimerEvent: {}
[1.303153] (-) TimerEvent: {}
[1.403399] (-) TimerEvent: {}
[1.503682] (-) TimerEvent: {}
[1.603992] (-) TimerEvent: {}
[1.704309] (-) TimerEvent: {}
[1.804721] (-) TimerEvent: {}
[1.905188] (-) TimerEvent: {}
[2.005517] (-) TimerEvent: {}
[2.105863] (-) TimerEvent: {}
[2.206189] (-) TimerEvent: {}
[2.306455] (-) TimerEvent: {}
[2.406721] (-) TimerEvent: {}
[2.506958] (-) TimerEvent: {}
[2.607209] (-) TimerEvent: {}
[2.621734] (turtlebot_control) StderrLine: {'line': b'\x1b[01m\x1b[K/ros_ws/src/turtlebot_control/src/turtlebot_control.cpp:\x1b[m\x1b[K In constructor \xe2\x80\x98\x1b[01m\x1b[KTurtlebotControl::TurtlebotControl()\x1b[m\x1b[K\xe2\x80\x99:\n'}
[2.621979] (turtlebot_control) StderrLine: {'line': b'\x1b[01m\x1b[K/ros_ws/src/turtlebot_control/src/turtlebot_control.cpp:42:9:\x1b[m\x1b[K \x1b[01;31m\x1b[Kerror: \x1b[m\x1b[Kno match for \xe2\x80\x98\x1b[01m\x1b[Koperator=\x1b[m\x1b[K\xe2\x80\x99 (operand types are \xe2\x80\x98\x1b[01m\x1b[Kstd::shared_ptr<image_transport::CameraPublisher>\x1b[m\x1b[K\xe2\x80\x99 and \xe2\x80\x98\x1b[01m\x1b[Kstd::shared_ptr<image_transport::Publisher>\x1b[m\x1b[K\xe2\x80\x99)\n'}
[2.622038] (turtlebot_control) StderrLine: {'line': b'   42 |         \x1b[01;31m\x1b[K)\x1b[m\x1b[K;\n'}
[2.622086] (turtlebot_control) StderrLine: {'line': b'      |         \x1b[01;31m\x1b[K^\x1b[m\x1b[K\n'}
[2.622132] (turtlebot_control) StderrLine: {'line': b'In file included from \x1b[01m\x1b[K/usr/aarch64-linux-gnu/include/c++/11/memory:77\x1b[m\x1b[K,\n'}
[2.622180] (turtlebot_control) StderrLine: {'line': b'                 from \x1b[01m\x1b[K/opt/ros/humble/include/rclcpp/rclcpp/rclcpp.hpp:153\x1b[m\x1b[K,\n'}
[2.622242] (turtlebot_control) StderrLine: {'line': b'                 from \x1b[01m\x1b[K/ros_ws/src/turtlebot_control/src/turtlebot_control.cpp:2\x1b[m\x1b[K:\n'}
[2.622290] (turtlebot_control) StderrLine: {'line': b'\x1b[01m\x1b[K/usr/aarch64-linux-gnu/include/c++/11/bits/shared_ptr.h:363:9:\x1b[m\x1b[K \x1b[01;36m\x1b[Knote: \x1b[m\x1b[Kcandidate: \xe2\x80\x98\x1b[01m\x1b[Ktemplate<class _Yp> std::shared_ptr<_Tp>::_Assignable<const std::shared_ptr<_Yp>&> std::shared_ptr<_Tp>::operator=(const std::shared_ptr<_Yp>&) [with _Yp = _Yp; _Tp = image_transport::CameraPublisher]\x1b[m\x1b[K\xe2\x80\x99\n'}
[2.622341] (turtlebot_control) StderrLine: {'line': b'  363 |         \x1b[01;36m\x1b[Koperator\x1b[m\x1b[K=(const shared_ptr<_Yp>& __r) noexcept\n'}
[2.622387] (turtlebot_control) StderrLine: {'line': b'      |         \x1b[01;36m\x1b[K^~~~~~~~\x1b[m\x1b[K\n'}
[2.622434] (turtlebot_control) StderrLine: {'line': b'\x1b[01m\x1b[K/usr/aarch64-linux-gnu/include/c++/11/bits/shared_ptr.h:363:9:\x1b[m\x1b[K \x1b[01;36m\x1b[Knote: \x1b[m\x1b[K  template argument deduction/substitution failed:\n'}
[2.622481] (turtlebot_control) StderrLine: {'line': b'/usr/aarch64-linux-gnu/include/c++/11/bits/shared_ptr.h: In substitution of \xe2\x80\x98\x1b[01m\x1b[Ktemplate<class _Tp> template<class _Arg> using _Assignable = typename std::enable_if<std::is_assignable<std::__shared_ptr<_Tp>&, _Arg>::value, std::shared_ptr<_Tp>&>::type [with _Arg = const std::shared_ptr<image_transport::Publisher>&; _Tp = image_transport::CameraPublisher]\x1b[m\x1b[K\xe2\x80\x99:\n'}
[2.622529] (turtlebot_control) StderrLine: {'line': b'\x1b[01m\x1b[K/usr/aarch64-linux-gnu/include/c++/11/bits/shared_ptr.h:363:2:\x1b[m\x1b[K   required by substitution of \xe2\x80\x98\x1b[01m\x1b[Ktemplate<class _Yp> std::shared_ptr<image_transport::CameraPublisher>::_Assignable<const std::shared_ptr<_Tp>&> std::shared_ptr<image_transport::CameraPublisher>::operator=<_Yp>(const std::shared_ptr<_Tp>&) [with _Yp = image_transport::Publisher]\x1b[m\x1b[K\xe2\x80\x99\n'}
[2.622584] (turtlebot_control) StderrLine: {'line': b'\x1b[01m\x1b[K/ros_ws/src/turtlebot_control/src/turtlebot_control.cpp:42:9:\x1b[m\x1b[K   required from here\n'}
[2.622626] (turtlebot_control) StderrLine: {'line': b'\x1b[01m\x1b[K/usr/aarch64-linux-gnu/include/c++/11/bits/shared_ptr.h:130:15:\x1b[m\x1b[K \x1b[01;31m\x1b[Kerror: \x1b[m\x1b[Kno type named \xe2\x80\x98\x1b[01m\x1b[Ktype\x1b[m\x1b[K\xe2\x80\x99 in \xe2\x80\x98\x1b[01m\x1b[Kstruct std::enable_if<false, std::shared_ptr<image_transport::CameraPublisher>&>\x1b[m\x1b[K\xe2\x80\x99\n'}
[2.622658] (turtlebot_control) StderrLine: {'line': b'  130 |         using \x1b[01;31m\x1b[K_Assignable\x1b[m\x1b[K = typename enable_if<\n'}
[2.622692] (turtlebot_control) StderrLine: {'line': b'      |               \x1b[01;31m\x1b[K^~~~~~~~~~~\x1b[m\x1b[K\n'}
[2.622725] (turtlebot_control) StderrLine: {'line': b'\x1b[01m\x1b[K/usr/aarch64-linux-gnu/include/c++/11/bits/shared_ptr.h:374:9:\x1b[m\x1b[K \x1b[01;36m\x1b[Knote: \x1b[m\x1b[Kcandidate: \xe2\x80\x98\x1b[01m\x1b[Ktemplate<class _Yp> std::shared_ptr<_Tp>::_Assignable<std::auto_ptr<_Up> > std::shared_ptr<_Tp>::operator=(std::auto_ptr<_Up>&&) [with _Yp = _Yp; _Tp = image_transport::CameraPublisher]\x1b[m\x1b[K\xe2\x80\x99\n'}
[2.622758] (turtlebot_control) StderrLine: {'line': b'  374 |         \x1b[01;36m\x1b[Koperator\x1b[m\x1b[K=(auto_ptr<_Yp>&& __r)\n'}
[2.622791] (turtlebot_control) StderrLine: {'line': b'      |         \x1b[01;36m\x1b[K^~~~~~~~\x1b[m\x1b[K\n'}
[2.622822] (turtlebot_control) StderrLine: {'line': b'\x1b[01m\x1b[K/usr/aarch64-linux-gnu/include/c++/11/bits/shared_ptr.h:374:9:\x1b[m\x1b[K \x1b[01;36m\x1b[Knote: \x1b[m\x1b[K  template argument deduction/substitution failed:\n'}
[2.622854] (turtlebot_control) StderrLine: {'line': b'\x1b[01m\x1b[K/ros_ws/src/turtlebot_control/src/turtlebot_control.cpp:42:9:\x1b[m\x1b[K \x1b[01;36m\x1b[Knote: \x1b[m\x1b[K  \xe2\x80\x98\x1b[01m\x1b[Kstd::shared_ptr<image_transport::Publisher>\x1b[m\x1b[K\xe2\x80\x99 is not derived from \xe2\x80\x98\x1b[01m\x1b[Kstd::auto_ptr<_Up>\x1b[m\x1b[K\xe2\x80\x99\n'}
[2.622889] (turtlebot_control) StderrLine: {'line': b'   42 |         \x1b[01;36m\x1b[K)\x1b[m\x1b[K;\n'}
[2.622920] (turtlebot_control) StderrLine: {'line': b'      |         \x1b[01;36m\x1b[K^\x1b[m\x1b[K\n'}
[2.622952] (turtlebot_control) StderrLine: {'line': b'In file included from \x1b[01m\x1b[K/usr/aarch64-linux-gnu/include/c++/11/memory:77\x1b[m\x1b[K,\n'}
[2.622984] (turtlebot_control) StderrLine: {'line': b'                 from \x1b[01m\x1b[K/opt/ros/humble/include/rclcpp/rclcpp/rclcpp.hpp:153\x1b[m\x1b[K,\n'}
[2.623016] (turtlebot_control) StderrLine: {'line': b'                 from \x1b[01m\x1b[K/ros_ws/src/turtlebot_control/src/turtlebot_control.cpp:2\x1b[m\x1b[K:\n'}
[2.623048] (turtlebot_control) StderrLine: {'line': b'\x1b[01m\x1b[K/usr/aarch64-linux-gnu/include/c++/11/bits/shared_ptr.h:391:9:\x1b[m\x1b[K \x1b[01;36m\x1b[Knote: \x1b[m\x1b[Kcandidate: \xe2\x80\x98\x1b[01m\x1b[Ktemplate<class _Yp> std::shared_ptr<_Tp>::_Assignable<std::shared_ptr<_Yp> > std::shared_ptr<_Tp>::operator=(std::shared_ptr<_Yp>&&) [with _Yp = _Yp; _Tp = image_transport::CameraPublisher]\x1b[m\x1b[K\xe2\x80\x99\n'}
[2.623083] (turtlebot_control) StderrLine: {'line': b'  391 |         \x1b[01;36m\x1b[Koperator\x1b[m\x1b[K=(shared_ptr<_Yp>&& __r) noexcept\n'}
[2.623116] (turtlebot_control) StderrLine: {'line': b'      |         \x1b[01;36m\x1b[K^~~~~~~~\x1b[m\x1b[K\n'}
[2.623148] (turtlebot_control) StderrLine: {'line': b'\x1b[01m\x1b[K/usr/aarch64-linux-gnu/include/c++/11/bits/shared_ptr.h:391:9:\x1b[m\x1b[K \x1b[01;36m\x1b[Knote: \x1b[m\x1b[K  template argument deduction/substitution failed:\n'}
[2.623180] (turtlebot_control) StderrLine: {'line': b'/usr/aarch64-linux-gnu/include/c++/11/bits/shared_ptr.h: In substitution of \xe2\x80\x98\x1b[01m\x1b[Ktemplate<class _Tp> template<class _Arg> using _Assignable = typename std::enable_if<std::is_assignable<std::__shared_ptr<_Tp>&, _Arg>::value, std::shared_ptr<_Tp>&>::type [with _Arg = std::shared_ptr<image_transport::Publisher>; _Tp = image_transport::CameraPublisher]\x1b[m\x1b[K\xe2\x80\x99:\n'}
[2.623215] (turtlebot_control) StderrLine: {'line': b'\x1b[01m\x1b[K/usr/aarch64-linux-gnu/include/c++/11/bits/shared_ptr.h:391:2:\x1b[m\x1b[K   required by substitution of \xe2\x80\x98\x1b[01m\x1b[Ktemplate<class _Yp> std::shared_ptr<image_transport::CameraPublisher>::_Assignable<std::shared_ptr<_Tp> > std::shared_ptr<image_transport::CameraPublisher>::operator=<_Yp>(std::shared_ptr<_Tp>&&) [with _Yp = image_transport::Publisher]\x1b[m\x1b[K\xe2\x80\x99\n'}
[2.623248] (turtlebot_control) StderrLine: {'line': b'\x1b[01m\x1b[K/ros_ws/src/turtlebot_control/src/turtlebot_control.cpp:42:9:\x1b[m\x1b[K   required from here\n'}
[2.623279] (turtlebot_control) StderrLine: {'line': b'\x1b[01m\x1b[K/usr/aarch64-linux-gnu/include/c++/11/bits/shared_ptr.h:130:15:\x1b[m\x1b[K \x1b[01;31m\x1b[Kerror: \x1b[m\x1b[Kno type named \xe2\x80\x98\x1b[01m\x1b[Ktype\x1b[m\x1b[K\xe2\x80\x99 in \xe2\x80\x98\x1b[01m\x1b[Kstruct std::enable_if<false, std::shared_ptr<image_transport::CameraPublisher>&>\x1b[m\x1b[K\xe2\x80\x99\n'}
[2.623311] (turtlebot_control) StderrLine: {'line': b'  130 |         using \x1b[01;31m\x1b[K_Assignable\x1b[m\x1b[K = typename enable_if<\n'}
[2.623342] (turtlebot_control) StderrLine: {'line': b'      |               \x1b[01;31m\x1b[K^~~~~~~~~~~\x1b[m\x1b[K\n'}
[2.623373] (turtlebot_control) StderrLine: {'line': b'\x1b[01m\x1b[K/usr/aarch64-linux-gnu/include/c++/11/bits/shared_ptr.h:399:9:\x1b[m\x1b[K \x1b[01;36m\x1b[Knote: \x1b[m\x1b[Kcandidate: \xe2\x80\x98\x1b[01m\x1b[Ktemplate<class _Yp, class _Del> std::shared_ptr<_Tp>::_Assignable<std::unique_ptr<_Up, _Ep> > std::shared_ptr<_Tp>::operator=(std::unique_ptr<_Up, _Ep>&&) [with _Yp = _Yp; _Del = _Del; _Tp = image_transport::CameraPublisher]\x1b[m\x1b[K\xe2\x80\x99\n'}
[2.623408] (turtlebot_control) StderrLine: {'line': b'  399 |         \x1b[01;36m\x1b[Koperator\x1b[m\x1b[K=(unique_ptr<_Yp, _Del>&& __r)\n'}
[2.623443] (turtlebot_control) StderrLine: {'line': b'      |         \x1b[01;36m\x1b[K^~~~~~~~\x1b[m\x1b[K\n'}
[2.623475] (turtlebot_control) StderrLine: {'line': b'\x1b[01m\x1b[K/usr/aarch64-linux-gnu/include/c++/11/bits/shared_ptr.h:399:9:\x1b[m\x1b[K \x1b[01;36m\x1b[Knote: \x1b[m\x1b[K  template argument deduction/substitution failed:\n'}
[2.623507] (turtlebot_control) StderrLine: {'line': b'\x1b[01m\x1b[K/ros_ws/src/turtlebot_control/src/turtlebot_control.cpp:42:9:\x1b[m\x1b[K \x1b[01;36m\x1b[Knote: \x1b[m\x1b[K  \xe2\x80\x98\x1b[01m\x1b[Kstd::shared_ptr<image_transport::Publisher>\x1b[m\x1b[K\xe2\x80\x99 is not derived from \xe2\x80\x98\x1b[01m\x1b[Kstd::unique_ptr<_Tp, _Dp>\x1b[m\x1b[K\xe2\x80\x99\n'}
[2.623540] (turtlebot_control) StderrLine: {'line': b'   42 |         \x1b[01;36m\x1b[K)\x1b[m\x1b[K;\n'}
[2.623572] (turtlebot_control) StderrLine: {'line': b'      |         \x1b[01;36m\x1b[K^\x1b[m\x1b[K\n'}
[2.623602] (turtlebot_control) StderrLine: {'line': b'In file included from \x1b[01m\x1b[K/usr/aarch64-linux-gnu/include/c++/11/memory:77\x1b[m\x1b[K,\n'}
[2.623631] (turtlebot_control) StderrLine: {'line': b'                 from \x1b[01m\x1b[K/opt/ros/humble/include/rclcpp/rclcpp/rclcpp.hpp:153\x1b[m\x1b[K,\n'}
[2.623661] (turtlebot_control) StderrLine: {'line': b'                 from \x1b[01m\x1b[K/ros_ws/src/turtlebot_control/src/turtlebot_control.cpp:2\x1b[m\x1b[K:\n'}
[2.623692] (turtlebot_control) StderrLine: {'line': b'\x1b[01m\x1b[K/usr/aarch64-linux-gnu/include/c++/11/bits/shared_ptr.h:359:19:\x1b[m\x1b[K \x1b[01;36m\x1b[Knote: \x1b[m\x1b[Kcandidate: \xe2\x80\x98\x1b[01m\x1b[Kstd::shared_ptr<_Tp>& std::shared_ptr<_Tp>::operator=(const std::shared_ptr<_Tp>&) [with _Tp = image_transport::CameraPublisher]\x1b[m\x1b[K\xe2\x80\x99\n'}
[2.623723] (turtlebot_control) StderrLine: {'line': b'  359 |       shared_ptr& \x1b[01;36m\x1b[Koperator\x1b[m\x1b[K=(const shared_ptr&) noexcept = default;\n'}
[2.623753] (turtlebot_control) StderrLine: {'line': b'      |                   \x1b[01;36m\x1b[K^~~~~~~~\x1b[m\x1b[K\n'}
[2.623783] (turtlebot_control) StderrLine: {'line': b'\x1b[01m\x1b[K/usr/aarch64-linux-gnu/include/c++/11/bits/shared_ptr.h:359:29:\x1b[m\x1b[K \x1b[01;36m\x1b[Knote: \x1b[m\x1b[K  no known conversion for argument 1 from \xe2\x80\x98\x1b[01m\x1b[Kstd::shared_ptr<image_transport::Publisher>\x1b[m\x1b[K\xe2\x80\x99 to \xe2\x80\x98\x1b[01m\x1b[Kconst std::shared_ptr<image_transport::CameraPublisher>&\x1b[m\x1b[K\xe2\x80\x99\n'}
[2.623814] (turtlebot_control) StderrLine: {'line': b'  359 |       shared_ptr& operator=(\x1b[01;36m\x1b[Kconst shared_ptr&\x1b[m\x1b[K) noexcept = default;\n'}
[2.623844] (turtlebot_control) StderrLine: {'line': b'      |                             \x1b[01;36m\x1b[K^~~~~~~~~~~~~~~~~\x1b[m\x1b[K\n'}
[2.623874] (turtlebot_control) StderrLine: {'line': b'\x1b[01m\x1b[K/usr/aarch64-linux-gnu/include/c++/11/bits/shared_ptr.h:383:7:\x1b[m\x1b[K \x1b[01;36m\x1b[Knote: \x1b[m\x1b[Kcandidate: \xe2\x80\x98\x1b[01m\x1b[Kstd::shared_ptr<_Tp>& std::shared_ptr<_Tp>::operator=(std::shared_ptr<_Tp>&&) [with _Tp = image_transport::CameraPublisher]\x1b[m\x1b[K\xe2\x80\x99\n'}
[2.623905] (turtlebot_control) StderrLine: {'line': b'  383 |       \x1b[01;36m\x1b[Koperator\x1b[m\x1b[K=(shared_ptr&& __r) noexcept\n'}
[2.623935] (turtlebot_control) StderrLine: {'line': b'      |       \x1b[01;36m\x1b[K^~~~~~~~\x1b[m\x1b[K\n'}
[2.623964] (turtlebot_control) StderrLine: {'line': b'\x1b[01m\x1b[K/usr/aarch64-linux-gnu/include/c++/11/bits/shared_ptr.h:383:30:\x1b[m\x1b[K \x1b[01;36m\x1b[Knote: \x1b[m\x1b[K  no known conversion for argument 1 from \xe2\x80\x98\x1b[01m\x1b[Kstd::shared_ptr<image_transport::Publisher>\x1b[m\x1b[K\xe2\x80\x99 to \xe2\x80\x98\x1b[01m\x1b[Kstd::shared_ptr<image_transport::CameraPublisher>&&\x1b[m\x1b[K\xe2\x80\x99\n'}
[2.623996] (turtlebot_control) StderrLine: {'line': b'  383 |       operator=(\x1b[01;36m\x1b[Kshared_ptr&& __r\x1b[m\x1b[K) noexcept\n'}
[2.624026] (turtlebot_control) StderrLine: {'line': b'      |                 \x1b[01;36m\x1b[K~~~~~~~~~~~~~^~~\x1b[m\x1b[K\n'}
[2.707327] (-) TimerEvent: {}
[2.807660] (-) TimerEvent: {}
[2.907975] (-) TimerEvent: {}
[3.008281] (-) TimerEvent: {}
[3.108621] (-) TimerEvent: {}
[3.208961] (-) TimerEvent: {}
[3.272119] (turtlebot_control) StderrLine: {'line': b'gmake[2]: *** [CMakeFiles/turtlebot_control.dir/build.make:76: CMakeFiles/turtlebot_control.dir/src/turtlebot_control.cpp.o] Error 1\n'}
[3.272278] (turtlebot_control) StderrLine: {'line': b'gmake[1]: *** [CMakeFiles/Makefile2:593: CMakeFiles/turtlebot_control.dir/all] Error 2\n'}
[3.272587] (turtlebot_control) StderrLine: {'line': b'gmake: *** [Makefile:146: all] Error 2\n'}
[3.273943] (turtlebot_control) CommandEnded: {'returncode': 2}
[3.309055] (-) TimerEvent: {}
[3.320509] (turtlebot_control) JobEnded: {'identifier': 'turtlebot_control', 'rc': 2}
[3.330903] (-) EventReactorShutdown: {}
