[0.009s] Invoking command in '/ros_ws/aarch64_build/turtlebot_control': CMAKE_PREFIX_PATH=/opt/ros/humble /usr/bin/cmake --build /ros_ws/aarch64_build/turtlebot_control -- -j8 -l8
[0.046s] [  9%] Built target turtlebot_control_msg__cpp
[0.047s] [ 12%] Built target turtlebot_control_msg__rosidl_generator_c
[0.055s] [ 12%] Built target ament_cmake_python_copy_turtlebot_control
[0.064s] [ 21%] Built target turtlebot_control_msg__rosidl_typesupport_introspection_c
[0.065s] [ 30%] Built target turtlebot_control_msg__rosidl_typesupport_c
[0.067s] [ 39%] Built target turtlebot_control_msg__rosidl_typesupport_cpp
[0.068s] [ 48%] Built target turtlebot_control_msg__rosidl_typesupport_fastrtps_cpp
[0.068s] [ 57%] Built target turtlebot_control_msg__rosidl_typesupport_introspection_cpp
[0.074s] [ 66%] Built target turtlebot_control_msg__rosidl_typesupport_fastrtps_c
[0.077s] [35m[1mConsolidate compiler generated dependencies of target turtlebot_control[0m
[0.087s] [ 66%] Built target turtlebot_control_msg
[0.092s] [ 69%] [32mBuilding CXX object CMakeFiles/turtlebot_control.dir/src/turtlebot_control.cpp.o[0m
[0.100s] [ 72%] Built target turtlebot_control_msg__py
[0.116s] [ 78%] Built target turtlebot_control_msg__rosidl_generator_py
[0.133s] [ 90%] Built target turtlebot_control__rosidl_typesupport_introspection_c__pyext
[0.133s] [ 90%] Built target turtlebot_control__rosidl_typesupport_fastrtps_c__pyext
[0.134s] [ 96%] Built target turtlebot_control__rosidl_typesupport_c__pyext
[0.215s] running egg_info
[0.215s] writing turtlebot_control.egg-info/PKG-INFO
[0.215s] writing dependency_links to turtlebot_control.egg-info/dependency_links.txt
[0.215s] writing top-level names to turtlebot_control.egg-info/top_level.txt
[0.217s] reading manifest file 'turtlebot_control.egg-info/SOURCES.txt'
[0.217s] writing manifest file 'turtlebot_control.egg-info/SOURCES.txt'
[0.234s] [ 96%] Built target ament_cmake_python_build_turtlebot_control_egg
[4.255s] [100%] [32m[1mLinking CXX executable turtlebot_control[0m
[4.586s] [100%] Built target turtlebot_control
[4.593s] Invoked command in '/ros_ws/aarch64_build/turtlebot_control' returned '0': CMAKE_PREFIX_PATH=/opt/ros/humble /usr/bin/cmake --build /ros_ws/aarch64_build/turtlebot_control -- -j8 -l8
[4.656s] Invoking command in '/ros_ws/aarch64_build/turtlebot_control': CMAKE_PREFIX_PATH=/opt/ros/humble /usr/bin/cmake --install /ros_ws/aarch64_build/turtlebot_control
[4.662s] -- Install configuration: ""
[4.662s] -- Up-to-date: /ros_ws/aarch64_install/turtlebot_control/share/ament_index/resource_index/rosidl_interfaces/turtlebot_control
[4.662s] -- Up-to-date: /ros_ws/aarch64_install/turtlebot_control/include/turtlebot_control/turtlebot_control
[4.662s] -- Up-to-date: /ros_ws/aarch64_install/turtlebot_control/include/turtlebot_control/turtlebot_control/msg
[4.662s] -- Up-to-date: /ros_ws/aarch64_install/turtlebot_control/include/turtlebot_control/turtlebot_control/msg/detail
[4.662s] -- Up-to-date: /ros_ws/aarch64_install/turtlebot_control/include/turtlebot_control/turtlebot_control/msg/detail/keypoints__functions.h
[4.662s] -- Up-to-date: /ros_ws/aarch64_install/turtlebot_control/include/turtlebot_control/turtlebot_control/msg/detail/keypoints__functions.c
[4.662s] -- Up-to-date: /ros_ws/aarch64_install/turtlebot_control/include/turtlebot_control/turtlebot_control/msg/detail/keypoints__type_support.h
[4.662s] -- Up-to-date: /ros_ws/aarch64_install/turtlebot_control/include/turtlebot_control/turtlebot_control/msg/detail/keypoints__struct.h
[4.662s] -- Up-to-date: /ros_ws/aarch64_install/turtlebot_control/include/turtlebot_control/turtlebot_control/msg/keypoints.h
[4.662s] -- Up-to-date: /ros_ws/aarch64_install/turtlebot_control/include/turtlebot_control/turtlebot_control/msg/rosidl_generator_c__visibility_control.h
[4.662s] -- Up-to-date: /ros_ws/aarch64_install/turtlebot_control/share/turtlebot_control/environment/library_path.sh
[4.662s] -- Up-to-date: /ros_ws/aarch64_install/turtlebot_control/share/turtlebot_control/environment/library_path.dsv
[4.662s] -- Up-to-date: /ros_ws/aarch64_install/turtlebot_control/lib/libturtlebot_control__rosidl_generator_c.so
[4.662s] -- Up-to-date: /ros_ws/aarch64_install/turtlebot_control/include/turtlebot_control/turtlebot_control
[4.662s] -- Up-to-date: /ros_ws/aarch64_install/turtlebot_control/include/turtlebot_control/turtlebot_control/msg
[4.663s] -- Up-to-date: /ros_ws/aarch64_install/turtlebot_control/include/turtlebot_control/turtlebot_control/msg/detail
[4.663s] -- Up-to-date: /ros_ws/aarch64_install/turtlebot_control/include/turtlebot_control/turtlebot_control/msg/detail/keypoints__rosidl_typesupport_fastrtps_c.h
[4.663s] -- Up-to-date: /ros_ws/aarch64_install/turtlebot_control/include/turtlebot_control/turtlebot_control/msg/rosidl_typesupport_fastrtps_c__visibility_control.h
[4.663s] -- Up-to-date: /ros_ws/aarch64_install/turtlebot_control/lib/libturtlebot_control__rosidl_typesupport_fastrtps_c.so
[4.663s] -- Up-to-date: /ros_ws/aarch64_install/turtlebot_control/include/turtlebot_control/turtlebot_control
[4.663s] -- Up-to-date: /ros_ws/aarch64_install/turtlebot_control/include/turtlebot_control/turtlebot_control/msg
[4.663s] -- Up-to-date: /ros_ws/aarch64_install/turtlebot_control/include/turtlebot_control/turtlebot_control/msg/detail
[4.663s] -- Up-to-date: /ros_ws/aarch64_install/turtlebot_control/include/turtlebot_control/turtlebot_control/msg/detail/keypoints__struct.hpp
[4.663s] -- Up-to-date: /ros_ws/aarch64_install/turtlebot_control/include/turtlebot_control/turtlebot_control/msg/detail/keypoints__traits.hpp
[4.663s] -- Up-to-date: /ros_ws/aarch64_install/turtlebot_control/include/turtlebot_control/turtlebot_control/msg/detail/keypoints__builder.hpp
[4.663s] -- Up-to-date: /ros_ws/aarch64_install/turtlebot_control/include/turtlebot_control/turtlebot_control/msg/keypoints.hpp
[4.663s] -- Up-to-date: /ros_ws/aarch64_install/turtlebot_control/include/turtlebot_control/turtlebot_control
[4.663s] -- Up-to-date: /ros_ws/aarch64_install/turtlebot_control/include/turtlebot_control/turtlebot_control/msg
[4.663s] -- Up-to-date: /ros_ws/aarch64_install/turtlebot_control/include/turtlebot_control/turtlebot_control/msg/detail
[4.663s] -- Up-to-date: /ros_ws/aarch64_install/turtlebot_control/include/turtlebot_control/turtlebot_control/msg/detail/dds_fastrtps
[4.663s] -- Up-to-date: /ros_ws/aarch64_install/turtlebot_control/include/turtlebot_control/turtlebot_control/msg/detail/keypoints__rosidl_typesupport_fastrtps_cpp.hpp
[4.663s] -- Up-to-date: /ros_ws/aarch64_install/turtlebot_control/include/turtlebot_control/turtlebot_control/msg/rosidl_typesupport_fastrtps_cpp__visibility_control.h
[4.663s] -- Up-to-date: /ros_ws/aarch64_install/turtlebot_control/lib/libturtlebot_control__rosidl_typesupport_fastrtps_cpp.so
[4.663s] -- Up-to-date: /ros_ws/aarch64_install/turtlebot_control/include/turtlebot_control/turtlebot_control
[4.663s] -- Up-to-date: /ros_ws/aarch64_install/turtlebot_control/include/turtlebot_control/turtlebot_control/msg
[4.663s] -- Up-to-date: /ros_ws/aarch64_install/turtlebot_control/include/turtlebot_control/turtlebot_control/msg/detail
[4.663s] -- Up-to-date: /ros_ws/aarch64_install/turtlebot_control/include/turtlebot_control/turtlebot_control/msg/detail/keypoints__type_support.c
[4.663s] -- Up-to-date: /ros_ws/aarch64_install/turtlebot_control/include/turtlebot_control/turtlebot_control/msg/detail/keypoints__rosidl_typesupport_introspection_c.h
[4.664s] -- Up-to-date: /ros_ws/aarch64_install/turtlebot_control/include/turtlebot_control/turtlebot_control/msg/rosidl_typesupport_introspection_c__visibility_control.h
[4.664s] -- Up-to-date: /ros_ws/aarch64_install/turtlebot_control/lib/libturtlebot_control__rosidl_typesupport_introspection_c.so
[4.664s] -- Up-to-date: /ros_ws/aarch64_install/turtlebot_control/lib/libturtlebot_control__rosidl_typesupport_c.so
[4.664s] -- Up-to-date: /ros_ws/aarch64_install/turtlebot_control/include/turtlebot_control/turtlebot_control
[4.664s] -- Up-to-date: /ros_ws/aarch64_install/turtlebot_control/include/turtlebot_control/turtlebot_control/msg
[4.664s] -- Up-to-date: /ros_ws/aarch64_install/turtlebot_control/include/turtlebot_control/turtlebot_control/msg/detail
[4.664s] -- Up-to-date: /ros_ws/aarch64_install/turtlebot_control/include/turtlebot_control/turtlebot_control/msg/detail/keypoints__rosidl_typesupport_introspection_cpp.hpp
[4.664s] -- Up-to-date: /ros_ws/aarch64_install/turtlebot_control/include/turtlebot_control/turtlebot_control/msg/detail/keypoints__type_support.cpp
[4.664s] -- Up-to-date: /ros_ws/aarch64_install/turtlebot_control/lib/libturtlebot_control__rosidl_typesupport_introspection_cpp.so
[4.664s] -- Up-to-date: /ros_ws/aarch64_install/turtlebot_control/lib/libturtlebot_control__rosidl_typesupport_cpp.so
[4.664s] -- Up-to-date: /ros_ws/aarch64_install/turtlebot_control/share/turtlebot_control/environment/pythonpath.sh
[4.664s] -- Up-to-date: /ros_ws/aarch64_install/turtlebot_control/share/turtlebot_control/environment/pythonpath.dsv
[4.664s] -- Up-to-date: /ros_ws/aarch64_install/turtlebot_control/local/lib/python3.10/dist-packages/turtlebot_control-0.0.0-py3.10.egg-info
[4.665s] -- Installing: /ros_ws/aarch64_install/turtlebot_control/local/lib/python3.10/dist-packages/turtlebot_control-0.0.0-py3.10.egg-info/PKG-INFO
[4.665s] -- Installing: /ros_ws/aarch64_install/turtlebot_control/local/lib/python3.10/dist-packages/turtlebot_control-0.0.0-py3.10.egg-info/top_level.txt
[4.665s] -- Installing: /ros_ws/aarch64_install/turtlebot_control/local/lib/python3.10/dist-packages/turtlebot_control-0.0.0-py3.10.egg-info/dependency_links.txt
[4.665s] -- Installing: /ros_ws/aarch64_install/turtlebot_control/local/lib/python3.10/dist-packages/turtlebot_control-0.0.0-py3.10.egg-info/SOURCES.txt
[4.665s] -- Up-to-date: /ros_ws/aarch64_install/turtlebot_control/local/lib/python3.10/dist-packages/turtlebot_control
[4.665s] -- Up-to-date: /ros_ws/aarch64_install/turtlebot_control/local/lib/python3.10/dist-packages/turtlebot_control/libturtlebot_control_msg__rosidl_generator_py.so
[4.665s] -- Up-to-date: /ros_ws/aarch64_install/turtlebot_control/local/lib/python3.10/dist-packages/turtlebot_control/__init__.py
[4.665s] -- Up-to-date: /ros_ws/aarch64_install/turtlebot_control/local/lib/python3.10/dist-packages/turtlebot_control/_turtlebot_control_s.ep.rosidl_typesupport_c.c
[4.665s] -- Up-to-date: /ros_ws/aarch64_install/turtlebot_control/local/lib/python3.10/dist-packages/turtlebot_control/turtlebot_control_s__rosidl_typesupport_introspection_c.cpython-310-x86_64-linux-gnu.so
[4.665s] -- Up-to-date: /ros_ws/aarch64_install/turtlebot_control/local/lib/python3.10/dist-packages/turtlebot_control/msg
[4.665s] -- Up-to-date: /ros_ws/aarch64_install/turtlebot_control/local/lib/python3.10/dist-packages/turtlebot_control/msg/__init__.py
[4.665s] -- Up-to-date: /ros_ws/aarch64_install/turtlebot_control/local/lib/python3.10/dist-packages/turtlebot_control/msg/_keypoints.py
[4.665s] -- Up-to-date: /ros_ws/aarch64_install/turtlebot_control/local/lib/python3.10/dist-packages/turtlebot_control/msg/_keypoints_s.c
[4.665s] -- Up-to-date: /ros_ws/aarch64_install/turtlebot_control/local/lib/python3.10/dist-packages/turtlebot_control/_turtlebot_control_s.ep.rosidl_typesupport_introspection_c.c
[4.666s] -- Up-to-date: /ros_ws/aarch64_install/turtlebot_control/local/lib/python3.10/dist-packages/turtlebot_control/_turtlebot_control_s.ep.rosidl_typesupport_fastrtps_c.c
[4.666s] -- Up-to-date: /ros_ws/aarch64_install/turtlebot_control/local/lib/python3.10/dist-packages/turtlebot_control/turtlebot_control_s__rosidl_typesupport_fastrtps_c.cpython-310-x86_64-linux-gnu.so
[4.666s] -- Up-to-date: /ros_ws/aarch64_install/turtlebot_control/local/lib/python3.10/dist-packages/turtlebot_control/turtlebot_control_s__rosidl_typesupport_c.cpython-310-x86_64-linux-gnu.so
[4.688s] Listing '/ros_ws/aarch64_install/turtlebot_control/local/lib/python3.10/dist-packages/turtlebot_control'...
[4.688s] Listing '/ros_ws/aarch64_install/turtlebot_control/local/lib/python3.10/dist-packages/turtlebot_control/msg'...
[4.691s] -- Up-to-date: /ros_ws/aarch64_install/turtlebot_control/local/lib/python3.10/dist-packages/turtlebot_control/turtlebot_control_s__rosidl_typesupport_fastrtps_c.cpython-310-x86_64-linux-gnu.so
[4.691s] -- Up-to-date: /ros_ws/aarch64_install/turtlebot_control/local/lib/python3.10/dist-packages/turtlebot_control/turtlebot_control_s__rosidl_typesupport_introspection_c.cpython-310-x86_64-linux-gnu.so
[4.691s] -- Up-to-date: /ros_ws/aarch64_install/turtlebot_control/local/lib/python3.10/dist-packages/turtlebot_control/turtlebot_control_s__rosidl_typesupport_c.cpython-310-x86_64-linux-gnu.so
[4.692s] -- Up-to-date: /ros_ws/aarch64_install/turtlebot_control/lib/libturtlebot_control_msg__rosidl_generator_py.so
[4.692s] -- Up-to-date: /ros_ws/aarch64_install/turtlebot_control/share/turtlebot_control/msg/Keypoints.idl
[4.692s] -- Up-to-date: /ros_ws/aarch64_install/turtlebot_control/share/turtlebot_control/msg/Keypoints.msg
[4.692s] -- Installing: /ros_ws/aarch64_install/turtlebot_control/lib/turtlebot_control/turtlebot_control
[4.693s] -- Set runtime path of "/ros_ws/aarch64_install/turtlebot_control/lib/turtlebot_control/turtlebot_control" to ""
[4.693s] -- Up-to-date: /ros_ws/aarch64_install/turtlebot_control/share/turtlebot_control/images
[4.693s] -- Up-to-date: /ros_ws/aarch64_install/turtlebot_control/share/turtlebot_control/images/test_pic.png
[4.693s] -- Up-to-date: /ros_ws/aarch64_install/turtlebot_control/share/turtlebot_control/images/image.jpg
[4.693s] -- Up-to-date: /ros_ws/aarch64_install/turtlebot_control/share/ament_index/resource_index/package_run_dependencies/turtlebot_control
[4.693s] -- Up-to-date: /ros_ws/aarch64_install/turtlebot_control/share/ament_index/resource_index/parent_prefix_path/turtlebot_control
[4.693s] -- Up-to-date: /ros_ws/aarch64_install/turtlebot_control/share/turtlebot_control/environment/ament_prefix_path.sh
[4.693s] -- Up-to-date: /ros_ws/aarch64_install/turtlebot_control/share/turtlebot_control/environment/ament_prefix_path.dsv
[4.693s] -- Up-to-date: /ros_ws/aarch64_install/turtlebot_control/share/turtlebot_control/environment/path.sh
[4.693s] -- Up-to-date: /ros_ws/aarch64_install/turtlebot_control/share/turtlebot_control/environment/path.dsv
[4.693s] -- Up-to-date: /ros_ws/aarch64_install/turtlebot_control/share/turtlebot_control/local_setup.bash
[4.693s] -- Up-to-date: /ros_ws/aarch64_install/turtlebot_control/share/turtlebot_control/local_setup.sh
[4.693s] -- Up-to-date: /ros_ws/aarch64_install/turtlebot_control/share/turtlebot_control/local_setup.zsh
[4.693s] -- Up-to-date: /ros_ws/aarch64_install/turtlebot_control/share/turtlebot_control/local_setup.dsv
[4.693s] -- Installing: /ros_ws/aarch64_install/turtlebot_control/share/turtlebot_control/package.dsv
[4.693s] -- Up-to-date: /ros_ws/aarch64_install/turtlebot_control/share/ament_index/resource_index/packages/turtlebot_control
[4.693s] -- Up-to-date: /ros_ws/aarch64_install/turtlebot_control/share/turtlebot_control/cmake/export_turtlebot_control_msg__rosidl_generator_cExport.cmake
[4.693s] -- Up-to-date: /ros_ws/aarch64_install/turtlebot_control/share/turtlebot_control/cmake/export_turtlebot_control_msg__rosidl_generator_cExport-noconfig.cmake
[4.693s] -- Up-to-date: /ros_ws/aarch64_install/turtlebot_control/share/turtlebot_control/cmake/export_turtlebot_control_msg__rosidl_typesupport_fastrtps_cExport.cmake
[4.693s] -- Up-to-date: /ros_ws/aarch64_install/turtlebot_control/share/turtlebot_control/cmake/export_turtlebot_control_msg__rosidl_typesupport_fastrtps_cExport-noconfig.cmake
[4.693s] -- Up-to-date: /ros_ws/aarch64_install/turtlebot_control/share/turtlebot_control/cmake/export_turtlebot_control_msg__rosidl_generator_cppExport.cmake
[4.693s] -- Up-to-date: /ros_ws/aarch64_install/turtlebot_control/share/turtlebot_control/cmake/export_turtlebot_control_msg__rosidl_typesupport_fastrtps_cppExport.cmake
[4.693s] -- Up-to-date: /ros_ws/aarch64_install/turtlebot_control/share/turtlebot_control/cmake/export_turtlebot_control_msg__rosidl_typesupport_fastrtps_cppExport-noconfig.cmake
[4.694s] -- Up-to-date: /ros_ws/aarch64_install/turtlebot_control/share/turtlebot_control/cmake/turtlebot_control_msg__rosidl_typesupport_introspection_cExport.cmake
[4.694s] -- Up-to-date: /ros_ws/aarch64_install/turtlebot_control/share/turtlebot_control/cmake/turtlebot_control_msg__rosidl_typesupport_introspection_cExport-noconfig.cmake
[4.694s] -- Up-to-date: /ros_ws/aarch64_install/turtlebot_control/share/turtlebot_control/cmake/turtlebot_control_msg__rosidl_typesupport_cExport.cmake
[4.694s] -- Up-to-date: /ros_ws/aarch64_install/turtlebot_control/share/turtlebot_control/cmake/turtlebot_control_msg__rosidl_typesupport_cExport-noconfig.cmake
[4.694s] -- Up-to-date: /ros_ws/aarch64_install/turtlebot_control/share/turtlebot_control/cmake/turtlebot_control_msg__rosidl_typesupport_introspection_cppExport.cmake
[4.694s] -- Up-to-date: /ros_ws/aarch64_install/turtlebot_control/share/turtlebot_control/cmake/turtlebot_control_msg__rosidl_typesupport_introspection_cppExport-noconfig.cmake
[4.694s] -- Up-to-date: /ros_ws/aarch64_install/turtlebot_control/share/turtlebot_control/cmake/turtlebot_control_msg__rosidl_typesupport_cppExport.cmake
[4.694s] -- Up-to-date: /ros_ws/aarch64_install/turtlebot_control/share/turtlebot_control/cmake/turtlebot_control_msg__rosidl_typesupport_cppExport-noconfig.cmake
[4.694s] -- Up-to-date: /ros_ws/aarch64_install/turtlebot_control/share/turtlebot_control/cmake/export_turtlebot_control_msg__rosidl_generator_pyExport.cmake
[4.694s] -- Up-to-date: /ros_ws/aarch64_install/turtlebot_control/share/turtlebot_control/cmake/export_turtlebot_control_msg__rosidl_generator_pyExport-noconfig.cmake
[4.694s] -- Up-to-date: /ros_ws/aarch64_install/turtlebot_control/share/turtlebot_control/cmake/rosidl_cmake-extras.cmake
[4.694s] -- Up-to-date: /ros_ws/aarch64_install/turtlebot_control/share/turtlebot_control/cmake/ament_cmake_export_include_directories-extras.cmake
[4.694s] -- Up-to-date: /ros_ws/aarch64_install/turtlebot_control/share/turtlebot_control/cmake/ament_cmake_export_libraries-extras.cmake
[4.694s] -- Up-to-date: /ros_ws/aarch64_install/turtlebot_control/share/turtlebot_control/cmake/ament_cmake_export_targets-extras.cmake
[4.694s] -- Up-to-date: /ros_ws/aarch64_install/turtlebot_control/share/turtlebot_control/cmake/rosidl_cmake_export_typesupport_targets-extras.cmake
[4.694s] -- Up-to-date: /ros_ws/aarch64_install/turtlebot_control/share/turtlebot_control/cmake/ament_cmake_export_dependencies-extras.cmake
[4.694s] -- Up-to-date: /ros_ws/aarch64_install/turtlebot_control/share/turtlebot_control/cmake/rosidl_cmake_export_typesupport_libraries-extras.cmake
[4.694s] -- Up-to-date: /ros_ws/aarch64_install/turtlebot_control/share/turtlebot_control/cmake/turtlebot_controlConfig.cmake
[4.694s] -- Up-to-date: /ros_ws/aarch64_install/turtlebot_control/share/turtlebot_control/cmake/turtlebot_controlConfig-version.cmake
[4.694s] -- Up-to-date: /ros_ws/aarch64_install/turtlebot_control/share/turtlebot_control/package.xml
[4.695s] Invoked command in '/ros_ws/aarch64_build/turtlebot_control' returned '0': CMAKE_PREFIX_PATH=/opt/ros/humble /usr/bin/cmake --install /ros_ws/aarch64_build/turtlebot_control
