[0.000000] (-) TimerEvent: {}
[0.000337] (turtlebot_control) JobQueued: {'identifier': 'turtlebot_control', 'dependencies': OrderedDict()}
[0.000374] (turtlebot_control) JobStarted: {'identifier': 'turtlebot_control'}
[0.006432] (turtlebot_control) JobProgress: {'identifier': 'turtlebot_control', 'progress': 'cmake'}
[0.006539] (turtlebot_control) JobProgress: {'identifier': 'turtlebot_control', 'progress': 'build'}
[0.007128] (turtlebot_control) Command: {'cmd': ['/usr/bin/cmake', '--build', '/ros_ws/aarch64_build/turtlebot_control', '--', '-j8', '-l8'], 'cwd': '/ros_ws/aarch64_build/turtlebot_control', 'env': OrderedDict([('HOSTNAME', '449c0ac7b875'), ('LD_LIBRARY_PATH', '/opt/ros/humble/opt/rviz_ogre_vendor/lib:/opt/ros/humble/lib/aarch64-linux-gnu:/opt/ros/humble/lib'), ('HOME', '/home/msr'), ('ROS_PYTHON_VERSION', '3'), ('LC_CTYPE', 'C.UTF-8'), ('ROS_DISTRO', 'humble'), ('ROS_VERSION', '2'), ('TERM', 'xterm'), ('ROS_LOCALHOST_ONLY', '0'), ('PATH', '/opt/ros/humble/bin:/usr/local/sbin:/usr/local/bin:/usr/sbin:/usr/bin:/sbin:/bin'), ('AMENT_PREFIX_PATH', '/opt/ros/humble'), ('PWD', '/ros_ws/aarch64_build/turtlebot_control'), ('PYTHONPATH', '/opt/ros/humble/lib/python3.10/site-packages:/opt/ros/humble/local/lib/python3.10/dist-packages'), ('COLCON', '1'), ('CMAKE_PREFIX_PATH', '/opt/ros/humble')]), 'shell': False}
[0.039509] (turtlebot_control) StdoutLine: {'line': b'\x1b[35m\x1b[1mConsolidate compiler generated dependencies of target turtlebot_control\x1b[0m\n'}
[0.053301] (turtlebot_control) StdoutLine: {'line': b'[ 50%] \x1b[32mBuilding CXX object CMakeFiles/turtlebot_control.dir/src/turtlebot_control.cpp.o\x1b[0m\n'}
[0.099477] (-) TimerEvent: {}
[0.199824] (-) TimerEvent: {}
[0.300161] (-) TimerEvent: {}
[0.400566] (-) TimerEvent: {}
[0.500917] (-) TimerEvent: {}
[0.601240] (-) TimerEvent: {}
[0.701562] (-) TimerEvent: {}
[0.801913] (-) TimerEvent: {}
[0.902232] (-) TimerEvent: {}
[1.002457] (-) TimerEvent: {}
[1.102782] (-) TimerEvent: {}
[1.203103] (-) TimerEvent: {}
[1.303414] (-) TimerEvent: {}
[1.403725] (-) TimerEvent: {}
[1.504020] (-) TimerEvent: {}
[1.604362] (-) TimerEvent: {}
[1.704629] (-) TimerEvent: {}
[1.804922] (-) TimerEvent: {}
[1.905261] (-) TimerEvent: {}
[2.005617] (-) TimerEvent: {}
[2.059004] (turtlebot_control) StderrLine: {'line': b'\x1b[01m\x1b[K/ros_ws/src/turtlebot_control/src/turtlebot_control.cpp:\x1b[m\x1b[K In member function \xe2\x80\x98\x1b[01m\x1b[Kvoid TurtlebotControl::timer_callback()\x1b[m\x1b[K\xe2\x80\x99:\n'}
[2.059149] (turtlebot_control) StderrLine: {'line': b'\x1b[01m\x1b[K/ros_ws/src/turtlebot_control/src/turtlebot_control.cpp:60:24:\x1b[m\x1b[K \x1b[01;35m\x1b[Kwarning: \x1b[m\x1b[Kunused variable \xe2\x80\x98\x1b[01m\x1b[Kfps\x1b[m\x1b[K\xe2\x80\x99 [\x1b[01;35m\x1b[K-Wunused-variable\x1b[m\x1b[K]\n'}
[2.059199] (turtlebot_control) StderrLine: {'line': b'   60 |                 double \x1b[01;35m\x1b[Kfps\x1b[m\x1b[K = cap.get(cv::CAP_PROP_FPS);\n'}
[2.059240] (turtlebot_control) StderrLine: {'line': b'      |                        \x1b[01;35m\x1b[K^~~\x1b[m\x1b[K\n'}
[2.105793] (-) TimerEvent: {}
[2.206111] (-) TimerEvent: {}
[2.306430] (-) TimerEvent: {}
[2.406769] (-) TimerEvent: {}
[2.507020] (-) TimerEvent: {}
[2.607431] (-) TimerEvent: {}
[2.653106] (turtlebot_control) StdoutLine: {'line': b'[100%] \x1b[32m\x1b[1mLinking CXX executable turtlebot_control\x1b[0m\n'}
[2.707625] (-) TimerEvent: {}
[2.807959] (-) TimerEvent: {}
[2.908388] (-) TimerEvent: {}
[2.931740] (turtlebot_control) StdoutLine: {'line': b'[100%] Built target turtlebot_control\n'}
[2.940291] (turtlebot_control) CommandEnded: {'returncode': 0}
[2.959073] (turtlebot_control) JobProgress: {'identifier': 'turtlebot_control', 'progress': 'install'}
[2.965321] (turtlebot_control) Command: {'cmd': ['/usr/bin/cmake', '--install', '/ros_ws/aarch64_build/turtlebot_control'], 'cwd': '/ros_ws/aarch64_build/turtlebot_control', 'env': OrderedDict([('HOSTNAME', '449c0ac7b875'), ('LD_LIBRARY_PATH', '/opt/ros/humble/opt/rviz_ogre_vendor/lib:/opt/ros/humble/lib/aarch64-linux-gnu:/opt/ros/humble/lib'), ('HOME', '/home/msr'), ('ROS_PYTHON_VERSION', '3'), ('LC_CTYPE', 'C.UTF-8'), ('ROS_DISTRO', 'humble'), ('ROS_VERSION', '2'), ('TERM', 'xterm'), ('ROS_LOCALHOST_ONLY', '0'), ('PATH', '/opt/ros/humble/bin:/usr/local/sbin:/usr/local/bin:/usr/sbin:/usr/bin:/sbin:/bin'), ('AMENT_PREFIX_PATH', '/opt/ros/humble'), ('PWD', '/ros_ws/aarch64_build/turtlebot_control'), ('PYTHONPATH', '/opt/ros/humble/lib/python3.10/site-packages:/opt/ros/humble/local/lib/python3.10/dist-packages'), ('COLCON', '1'), ('CMAKE_PREFIX_PATH', '/opt/ros/humble')]), 'shell': False}
[2.971781] (turtlebot_control) StdoutLine: {'line': b'-- Install configuration: ""\n'}
[2.971892] (turtlebot_control) StdoutLine: {'line': b'-- Installing: /ros_ws/aarch64_install/turtlebot_control/lib/turtlebot_control/turtlebot_control\n'}
[2.972190] (turtlebot_control) StdoutLine: {'line': b'-- Set runtime path of "/ros_ws/aarch64_install/turtlebot_control/lib/turtlebot_control/turtlebot_control" to ""\n'}
[2.972244] (turtlebot_control) StdoutLine: {'line': b'-- Up-to-date: /ros_ws/aarch64_install/turtlebot_control/share/turtlebot_control/images\n'}
[2.972333] (turtlebot_control) StdoutLine: {'line': b'-- Up-to-date: /ros_ws/aarch64_install/turtlebot_control/share/turtlebot_control/images/test_pic.png\n'}
[2.972467] (turtlebot_control) StdoutLine: {'line': b'-- Up-to-date: /ros_ws/aarch64_install/turtlebot_control/share/turtlebot_control/images/image.jpg\n'}
[2.972545] (turtlebot_control) StdoutLine: {'line': b'-- Up-to-date: /ros_ws/aarch64_install/turtlebot_control/share/ament_index/resource_index/package_run_dependencies/turtlebot_control\n'}
[2.972589] (turtlebot_control) StdoutLine: {'line': b'-- Up-to-date: /ros_ws/aarch64_install/turtlebot_control/share/ament_index/resource_index/parent_prefix_path/turtlebot_control\n'}
[2.972626] (turtlebot_control) StdoutLine: {'line': b'-- Up-to-date: /ros_ws/aarch64_install/turtlebot_control/share/turtlebot_control/environment/ament_prefix_path.sh\n'}
[2.972663] (turtlebot_control) StdoutLine: {'line': b'-- Up-to-date: /ros_ws/aarch64_install/turtlebot_control/share/turtlebot_control/environment/ament_prefix_path.dsv\n'}
[2.972700] (turtlebot_control) StdoutLine: {'line': b'-- Up-to-date: /ros_ws/aarch64_install/turtlebot_control/share/turtlebot_control/environment/path.sh\n'}
[2.972736] (turtlebot_control) StdoutLine: {'line': b'-- Up-to-date: /ros_ws/aarch64_install/turtlebot_control/share/turtlebot_control/environment/path.dsv\n'}
[2.972773] (turtlebot_control) StdoutLine: {'line': b'-- Up-to-date: /ros_ws/aarch64_install/turtlebot_control/share/turtlebot_control/local_setup.bash\n'}
[2.972809] (turtlebot_control) StdoutLine: {'line': b'-- Up-to-date: /ros_ws/aarch64_install/turtlebot_control/share/turtlebot_control/local_setup.sh\n'}
[2.972844] (turtlebot_control) StdoutLine: {'line': b'-- Up-to-date: /ros_ws/aarch64_install/turtlebot_control/share/turtlebot_control/local_setup.zsh\n'}
[2.972895] (turtlebot_control) StdoutLine: {'line': b'-- Up-to-date: /ros_ws/aarch64_install/turtlebot_control/share/turtlebot_control/local_setup.dsv\n'}
[2.972957] (turtlebot_control) StdoutLine: {'line': b'-- Installing: /ros_ws/aarch64_install/turtlebot_control/share/turtlebot_control/package.dsv\n'}
[2.972994] (turtlebot_control) StdoutLine: {'line': b'-- Up-to-date: /ros_ws/aarch64_install/turtlebot_control/share/ament_index/resource_index/packages/turtlebot_control\n'}
[2.973028] (turtlebot_control) StdoutLine: {'line': b'-- Up-to-date: /ros_ws/aarch64_install/turtlebot_control/share/turtlebot_control/cmake/turtlebot_controlConfig.cmake\n'}
[2.973063] (turtlebot_control) StdoutLine: {'line': b'-- Up-to-date: /ros_ws/aarch64_install/turtlebot_control/share/turtlebot_control/cmake/turtlebot_controlConfig-version.cmake\n'}
[2.973097] (turtlebot_control) StdoutLine: {'line': b'-- Up-to-date: /ros_ws/aarch64_install/turtlebot_control/share/turtlebot_control/package.xml\n'}
[2.973758] (turtlebot_control) CommandEnded: {'returncode': 0}
[3.012874] (-) TimerEvent: {}
[3.021254] (turtlebot_control) JobEnded: {'identifier': 'turtlebot_control', 'rc': 0}
[3.021853] (-) EventReactorShutdown: {}
