[0.376s] DEBUG:colcon:Command line arguments: ['/usr/bin/colcon', 'build']
[0.376s] DEBUG:colcon:Parsed command line arguments: Namespace(log_base=None, log_level=None, verb_name='build', build_base='build', install_base='install', merge_install=False, symlink_install=False, test_result_base=None, continue_on_error=False, executor='parallel', parallel_workers=8, event_handlers=None, ignore_user_meta=False, metas=['./colcon.meta'], base_paths=['.'], packages_ignore=None, packages_ignore_regex=None, paths=None, packages_up_to=None, packages_up_to_regex=None, packages_above=None, packages_above_and_dependencies=None, packages_above_depth=None, packages_select_by_dep=None, packages_skip_by_dep=None, packages_skip_up_to=None, packages_select_build_failed=False, packages_skip_build_finished=False, packages_select_test_failures=False, packages_skip_test_passed=False, packages_select=None, packages_skip=None, packages_select_regex=None, packages_skip_regex=None, packages_start=None, packages_end=None, allow_overriding=[], cmake_args=None, cmake_target=None, cmake_target_skip_unavailable=False, cmake_clean_cache=False, cmake_clean_first=False, cmake_force_configure=False, ament_cmake_args=None, catkin_cmake_args=None, catkin_skip_building_tests=False, mixin_files=None, mixin=None, verb_parser=<colcon_mixin.mixin.mixin_argument.MixinArgumentDecorator object at 0x7f5939143a90>, verb_extension=<colcon_core.verb.build.BuildVerb object at 0x7f5939b79570>, main=<bound method BuildVerb.main of <colcon_core.verb.build.BuildVerb object at 0x7f5939b79570>>, mixin_verb=('build',))
[0.402s] Level 1:colcon.colcon_core.package_discovery:discover_packages(colcon_meta) check parameters
[0.402s] Level 1:colcon.colcon_core.package_discovery:discover_packages(recursive) check parameters
[0.402s] Level 1:colcon.colcon_core.package_discovery:discover_packages(ignore) check parameters
[0.402s] Level 1:colcon.colcon_core.package_discovery:discover_packages(path) check parameters
[0.402s] Level 1:colcon.colcon_core.package_discovery:discover_packages(colcon_meta) discover
[0.402s] Level 1:colcon.colcon_core.package_discovery:discover_packages(recursive) discover
[0.402s] INFO:colcon.colcon_core.package_discovery:Crawling recursively for packages in '/home/megsindelar/Final_Project/ros_ws'
[0.402s] Level 1:colcon.colcon_core.package_identification:_identify(.) by extensions ['ignore', 'ignore_ament_install']
[0.402s] Level 1:colcon.colcon_core.package_identification:_identify(.) by extension 'ignore'
[0.402s] Level 1:colcon.colcon_core.package_identification:_identify(.) by extension 'ignore_ament_install'
[0.402s] Level 1:colcon.colcon_core.package_identification:_identify(.) by extensions ['colcon_pkg']
[0.402s] Level 1:colcon.colcon_core.package_identification:_identify(.) by extension 'colcon_pkg'
[0.402s] Level 1:colcon.colcon_core.package_identification:_identify(.) by extensions ['colcon_meta']
[0.402s] Level 1:colcon.colcon_core.package_identification:_identify(.) by extension 'colcon_meta'
[0.402s] Level 1:colcon.colcon_core.package_identification:_identify(.) by extensions ['ros']
[0.402s] Level 1:colcon.colcon_core.package_identification:_identify(.) by extension 'ros'
[0.412s] Level 1:colcon.colcon_core.package_identification:_identify(.) by extensions ['cmake', 'python']
[0.412s] Level 1:colcon.colcon_core.package_identification:_identify(.) by extension 'cmake'
[0.412s] Level 1:colcon.colcon_core.package_identification:_identify(.) by extension 'python'
[0.412s] Level 1:colcon.colcon_core.package_identification:_identify(.) by extensions ['python_setup_py']
[0.412s] Level 1:colcon.colcon_core.package_identification:_identify(.) by extension 'python_setup_py'
[0.412s] Level 1:colcon.colcon_core.package_identification:_identify(build) by extensions ['ignore', 'ignore_ament_install']
[0.412s] Level 1:colcon.colcon_core.package_identification:_identify(build) by extension 'ignore'
[0.412s] Level 1:colcon.colcon_core.package_identification:_identify(build) ignored
[0.412s] Level 1:colcon.colcon_core.package_identification:_identify(install) by extensions ['ignore', 'ignore_ament_install']
[0.413s] Level 1:colcon.colcon_core.package_identification:_identify(install) by extension 'ignore'
[0.413s] Level 1:colcon.colcon_core.package_identification:_identify(install) ignored
[0.413s] Level 1:colcon.colcon_core.package_identification:_identify(log) by extensions ['ignore', 'ignore_ament_install']
[0.413s] Level 1:colcon.colcon_core.package_identification:_identify(log) by extension 'ignore'
[0.413s] Level 1:colcon.colcon_core.package_identification:_identify(log) ignored
[0.413s] Level 1:colcon.colcon_core.package_identification:_identify(src) by extensions ['ignore', 'ignore_ament_install']
[0.413s] Level 1:colcon.colcon_core.package_identification:_identify(src) by extension 'ignore'
[0.413s] Level 1:colcon.colcon_core.package_identification:_identify(src) by extension 'ignore_ament_install'
[0.413s] Level 1:colcon.colcon_core.package_identification:_identify(src) by extensions ['colcon_pkg']
[0.413s] Level 1:colcon.colcon_core.package_identification:_identify(src) by extension 'colcon_pkg'
[0.413s] Level 1:colcon.colcon_core.package_identification:_identify(src) by extensions ['colcon_meta']
[0.413s] Level 1:colcon.colcon_core.package_identification:_identify(src) by extension 'colcon_meta'
[0.413s] Level 1:colcon.colcon_core.package_identification:_identify(src) by extensions ['ros']
[0.413s] Level 1:colcon.colcon_core.package_identification:_identify(src) by extension 'ros'
[0.413s] Level 1:colcon.colcon_core.package_identification:_identify(src) by extensions ['cmake', 'python']
[0.413s] Level 1:colcon.colcon_core.package_identification:_identify(src) by extension 'cmake'
[0.413s] Level 1:colcon.colcon_core.package_identification:_identify(src) by extension 'python'
[0.413s] Level 1:colcon.colcon_core.package_identification:_identify(src) by extensions ['python_setup_py']
[0.413s] Level 1:colcon.colcon_core.package_identification:_identify(src) by extension 'python_setup_py'
[0.413s] Level 1:colcon.colcon_core.package_identification:_identify(src/img_transform) by extensions ['ignore', 'ignore_ament_install']
[0.414s] Level 1:colcon.colcon_core.package_identification:_identify(src/img_transform) by extension 'ignore'
[0.414s] Level 1:colcon.colcon_core.package_identification:_identify(src/img_transform) by extension 'ignore_ament_install'
[0.414s] Level 1:colcon.colcon_core.package_identification:_identify(src/img_transform) by extensions ['colcon_pkg']
[0.414s] Level 1:colcon.colcon_core.package_identification:_identify(src/img_transform) by extension 'colcon_pkg'
[0.414s] Level 1:colcon.colcon_core.package_identification:_identify(src/img_transform) by extensions ['colcon_meta']
[0.414s] Level 1:colcon.colcon_core.package_identification:_identify(src/img_transform) by extension 'colcon_meta'
[0.414s] Level 1:colcon.colcon_core.package_identification:_identify(src/img_transform) by extensions ['ros']
[0.414s] Level 1:colcon.colcon_core.package_identification:_identify(src/img_transform) by extension 'ros'
[0.417s] DEBUG:colcon.colcon_core.package_identification:Package 'src/img_transform' with type 'ros.ament_cmake' and name 'img_transform'
[0.417s] Level 1:colcon.colcon_core.package_discovery:discover_packages(recursive) using defaults
[0.417s] Level 1:colcon.colcon_core.package_discovery:discover_packages(ignore) discover
[0.417s] Level 1:colcon.colcon_core.package_discovery:discover_packages(ignore) using defaults
[0.417s] Level 1:colcon.colcon_core.package_discovery:discover_packages(path) discover
[0.417s] Level 1:colcon.colcon_core.package_discovery:discover_packages(path) using defaults
[0.441s] Level 1:colcon.colcon_core.package_discovery:discover_packages(prefix_path) check parameters
[0.441s] Level 1:colcon.colcon_core.package_discovery:discover_packages(prefix_path) discover
[0.444s] DEBUG:colcon.colcon_installed_package_information.package_discovery:Found 40 installed packages in /home/megsindelar/nuws/install
[0.445s] DEBUG:colcon.colcon_installed_package_information.package_discovery:Found 7 installed packages in /home/megsindelar/ME_495/Final_Proj/install
[0.447s] DEBUG:colcon.colcon_installed_package_information.package_discovery:Found 393 installed packages in /opt/ros/humble
[0.450s] Level 1:colcon.colcon_core.package_discovery:discover_packages(prefix_path) using defaults
[0.519s] Level 5:colcon.colcon_core.verb:set package 'img_transform' build argument 'cmake_args' from command line to 'None'
[0.519s] Level 5:colcon.colcon_core.verb:set package 'img_transform' build argument 'cmake_target' from command line to 'None'
[0.519s] Level 5:colcon.colcon_core.verb:set package 'img_transform' build argument 'cmake_target_skip_unavailable' from command line to 'False'
[0.519s] Level 5:colcon.colcon_core.verb:set package 'img_transform' build argument 'cmake_clean_cache' from command line to 'False'
[0.519s] Level 5:colcon.colcon_core.verb:set package 'img_transform' build argument 'cmake_clean_first' from command line to 'False'
[0.519s] Level 5:colcon.colcon_core.verb:set package 'img_transform' build argument 'cmake_force_configure' from command line to 'False'
[0.519s] Level 5:colcon.colcon_core.verb:set package 'img_transform' build argument 'ament_cmake_args' from command line to 'None'
[0.519s] Level 5:colcon.colcon_core.verb:set package 'img_transform' build argument 'catkin_cmake_args' from command line to 'None'
[0.519s] Level 5:colcon.colcon_core.verb:set package 'img_transform' build argument 'catkin_skip_building_tests' from command line to 'False'
[0.519s] DEBUG:colcon.colcon_core.verb:Building package 'img_transform' with the following arguments: {'ament_cmake_args': None, 'build_base': '/home/megsindelar/Final_Project/ros_ws/build/img_transform', 'catkin_cmake_args': None, 'catkin_skip_building_tests': False, 'cmake_args': None, 'cmake_clean_cache': False, 'cmake_clean_first': False, 'cmake_force_configure': False, 'cmake_target': None, 'cmake_target_skip_unavailable': False, 'install_base': '/home/megsindelar/Final_Project/ros_ws/install/img_transform', 'merge_install': False, 'path': '/home/megsindelar/Final_Project/ros_ws/src/img_transform', 'symlink_install': False, 'test_result_base': None}
[0.520s] INFO:colcon.colcon_core.executor:Executing jobs using 'parallel' executor
[0.524s] DEBUG:colcon.colcon_parallel_executor.executor.parallel:run_until_complete
[0.524s] INFO:colcon.colcon_ros.task.ament_cmake.build:Building ROS package in '/home/megsindelar/Final_Project/ros_ws/src/img_transform' with build type 'ament_cmake'
[0.524s] INFO:colcon.colcon_cmake.task.cmake.build:Building CMake package in '/home/megsindelar/Final_Project/ros_ws/src/img_transform'
[0.529s] INFO:colcon.colcon_core.plugin_system:Skipping extension 'colcon_core.shell.bat': Not used on non-Windows systems
[0.529s] INFO:colcon.colcon_core.shell:Skip shell extension 'powershell' for command environment: Not usable outside of PowerShell
[0.529s] DEBUG:colcon.colcon_core.shell:Skip shell extension 'dsv' for command environment
[0.545s] DEBUG:colcon.colcon_core.event_handler.log_command:Invoking command in '/home/megsindelar/Final_Project/ros_ws/build/img_transform': CMAKE_PREFIX_PATH=${CMAKE_PREFIX_PATH}:/home/megsindelar/ME_495/Final_Proj/install/attack_of_the_franka:/home/megsindelar/ME_495/Final_Proj/install/moveit_testing:/opt/ros/humble /usr/bin/cmake --build /home/megsindelar/Final_Project/ros_ws/build/img_transform -- -j8 -l8
[6.975s] DEBUG:colcon.colcon_core.event_handler.log_command:Invoked command in '/home/megsindelar/Final_Project/ros_ws/build/img_transform' returned '0': CMAKE_PREFIX_PATH=${CMAKE_PREFIX_PATH}:/home/megsindelar/ME_495/Final_Proj/install/attack_of_the_franka:/home/megsindelar/ME_495/Final_Proj/install/moveit_testing:/opt/ros/humble /usr/bin/cmake --build /home/megsindelar/Final_Project/ros_ws/build/img_transform -- -j8 -l8
[7.012s] DEBUG:colcon.colcon_core.event_handler.log_command:Invoking command in '/home/megsindelar/Final_Project/ros_ws/build/img_transform': CMAKE_PREFIX_PATH=${CMAKE_PREFIX_PATH}:/home/megsindelar/ME_495/Final_Proj/install/attack_of_the_franka:/home/megsindelar/ME_495/Final_Proj/install/moveit_testing:/opt/ros/humble /usr/bin/cmake --install /home/megsindelar/Final_Project/ros_ws/build/img_transform
[7.021s] Level 1:colcon.colcon_core.environment:create_environment_scripts_only(img_transform)
[7.022s] DEBUG:colcon.colcon_core.event_handler.log_command:Invoked command in '/home/megsindelar/Final_Project/ros_ws/build/img_transform' returned '0': CMAKE_PREFIX_PATH=${CMAKE_PREFIX_PATH}:/home/megsindelar/ME_495/Final_Proj/install/attack_of_the_franka:/home/megsindelar/ME_495/Final_Proj/install/moveit_testing:/opt/ros/humble /usr/bin/cmake --install /home/megsindelar/Final_Project/ros_ws/build/img_transform
[7.026s] Level 1:colcon.colcon_core.environment:checking '/home/megsindelar/Final_Project/ros_ws/install/img_transform' for CMake module files
[7.026s] Level 1:colcon.colcon_core.environment:checking '/home/megsindelar/Final_Project/ros_ws/install/img_transform' for CMake config files
[7.026s] Level 1:colcon.colcon_core.shell:create_environment_hook('img_transform', 'cmake_prefix_path')
[7.028s] INFO:colcon.colcon_core.shell:Creating environment hook '/home/megsindelar/Final_Project/ros_ws/install/img_transform/share/img_transform/hook/cmake_prefix_path.ps1'
[7.029s] INFO:colcon.colcon_core.shell:Creating environment descriptor '/home/megsindelar/Final_Project/ros_ws/install/img_transform/share/img_transform/hook/cmake_prefix_path.dsv'
[7.029s] INFO:colcon.colcon_core.shell:Creating environment hook '/home/megsindelar/Final_Project/ros_ws/install/img_transform/share/img_transform/hook/cmake_prefix_path.sh'
[7.030s] Level 1:colcon.colcon_core.environment:checking '/home/megsindelar/Final_Project/ros_ws/install/img_transform/lib'
[7.030s] Level 1:colcon.colcon_core.environment:checking '/home/megsindelar/Final_Project/ros_ws/install/img_transform/bin'
[7.030s] Level 1:colcon.colcon_core.environment:checking '/home/megsindelar/Final_Project/ros_ws/install/img_transform/lib/pkgconfig/img_transform.pc'
[7.031s] Level 1:colcon.colcon_core.environment:checking '/home/megsindelar/Final_Project/ros_ws/install/img_transform/lib/python3.10/site-packages'
[7.031s] Level 1:colcon.colcon_core.environment:checking '/home/megsindelar/Final_Project/ros_ws/install/img_transform/bin'
[7.032s] INFO:colcon.colcon_core.shell:Creating package script '/home/megsindelar/Final_Project/ros_ws/install/img_transform/share/img_transform/package.ps1'
[7.033s] INFO:colcon.colcon_core.shell:Creating package descriptor '/home/megsindelar/Final_Project/ros_ws/install/img_transform/share/img_transform/package.dsv'
[7.034s] INFO:colcon.colcon_core.shell:Creating package script '/home/megsindelar/Final_Project/ros_ws/install/img_transform/share/img_transform/package.sh'
[7.034s] INFO:colcon.colcon_core.shell:Creating package script '/home/megsindelar/Final_Project/ros_ws/install/img_transform/share/img_transform/package.bash'
[7.035s] INFO:colcon.colcon_core.shell:Creating package script '/home/megsindelar/Final_Project/ros_ws/install/img_transform/share/img_transform/package.zsh'
[7.035s] Level 1:colcon.colcon_core.environment:create_file_with_runtime_dependencies(/home/megsindelar/Final_Project/ros_ws/install/img_transform/share/colcon-core/packages/img_transform)
[7.062s] Level 1:colcon.colcon_core.environment:create_environment_scripts_only(img_transform)
[7.063s] Level 1:colcon.colcon_core.environment:checking '/home/megsindelar/Final_Project/ros_ws/install/img_transform' for CMake module files
[7.063s] Level 1:colcon.colcon_core.environment:checking '/home/megsindelar/Final_Project/ros_ws/install/img_transform' for CMake config files
[7.064s] Level 1:colcon.colcon_core.shell:create_environment_hook('img_transform', 'cmake_prefix_path')
[7.065s] INFO:colcon.colcon_core.shell:Creating environment hook '/home/megsindelar/Final_Project/ros_ws/install/img_transform/share/img_transform/hook/cmake_prefix_path.ps1'
[7.065s] INFO:colcon.colcon_core.shell:Creating environment descriptor '/home/megsindelar/Final_Project/ros_ws/install/img_transform/share/img_transform/hook/cmake_prefix_path.dsv'
[7.065s] INFO:colcon.colcon_core.shell:Creating environment hook '/home/megsindelar/Final_Project/ros_ws/install/img_transform/share/img_transform/hook/cmake_prefix_path.sh'
[7.066s] Level 1:colcon.colcon_core.environment:checking '/home/megsindelar/Final_Project/ros_ws/install/img_transform/lib'
[7.066s] Level 1:colcon.colcon_core.environment:checking '/home/megsindelar/Final_Project/ros_ws/install/img_transform/bin'
[7.066s] Level 1:colcon.colcon_core.environment:checking '/home/megsindelar/Final_Project/ros_ws/install/img_transform/lib/pkgconfig/img_transform.pc'
[7.066s] Level 1:colcon.colcon_core.environment:checking '/home/megsindelar/Final_Project/ros_ws/install/img_transform/lib/python3.10/site-packages'
[7.066s] Level 1:colcon.colcon_core.environment:checking '/home/megsindelar/Final_Project/ros_ws/install/img_transform/bin'
[7.067s] INFO:colcon.colcon_core.shell:Creating package script '/home/megsindelar/Final_Project/ros_ws/install/img_transform/share/img_transform/package.ps1'
[7.067s] INFO:colcon.colcon_core.shell:Creating package descriptor '/home/megsindelar/Final_Project/ros_ws/install/img_transform/share/img_transform/package.dsv'
[7.068s] INFO:colcon.colcon_core.shell:Creating package script '/home/megsindelar/Final_Project/ros_ws/install/img_transform/share/img_transform/package.sh'
[7.068s] INFO:colcon.colcon_core.shell:Creating package script '/home/megsindelar/Final_Project/ros_ws/install/img_transform/share/img_transform/package.bash'
[7.068s] INFO:colcon.colcon_core.shell:Creating package script '/home/megsindelar/Final_Project/ros_ws/install/img_transform/share/img_transform/package.zsh'
[7.068s] Level 1:colcon.colcon_core.environment:create_file_with_runtime_dependencies(/home/megsindelar/Final_Project/ros_ws/install/img_transform/share/colcon-core/packages/img_transform)
[7.068s] DEBUG:colcon.colcon_parallel_executor.executor.parallel:closing loop
[7.069s] DEBUG:colcon.colcon_parallel_executor.executor.parallel:loop closed
[7.069s] DEBUG:colcon.colcon_parallel_executor.executor.parallel:run_until_complete finished with '0'
[7.069s] DEBUG:colcon.colcon_core.event_reactor:joining thread
[7.074s] INFO:colcon.colcon_core.plugin_system:Skipping extension 'colcon_notification.desktop_notification.terminal_notifier': Not used on non-Darwin systems
[7.074s] INFO:colcon.colcon_core.plugin_system:Skipping extension 'colcon_notification.desktop_notification.win32': Not used on non-Windows systems
[7.074s] INFO:colcon.colcon_notification.desktop_notification:Sending desktop notification using 'notify2'
[7.085s] DEBUG:colcon.colcon_core.event_reactor:joined thread
[7.087s] INFO:colcon.colcon_core.shell:Creating prefix script '/home/megsindelar/Final_Project/ros_ws/install/local_setup.ps1'
[7.088s] INFO:colcon.colcon_core.shell:Creating prefix util module '/home/megsindelar/Final_Project/ros_ws/install/_local_setup_util_ps1.py'
[7.089s] INFO:colcon.colcon_core.shell:Creating prefix chain script '/home/megsindelar/Final_Project/ros_ws/install/setup.ps1'
[7.090s] INFO:colcon.colcon_core.shell:Creating prefix script '/home/megsindelar/Final_Project/ros_ws/install/local_setup.sh'
[7.090s] INFO:colcon.colcon_core.shell:Creating prefix util module '/home/megsindelar/Final_Project/ros_ws/install/_local_setup_util_sh.py'
[7.091s] INFO:colcon.colcon_core.shell:Creating prefix chain script '/home/megsindelar/Final_Project/ros_ws/install/setup.sh'
[7.092s] INFO:colcon.colcon_core.shell:Creating prefix script '/home/megsindelar/Final_Project/ros_ws/install/local_setup.bash'
[7.092s] INFO:colcon.colcon_core.shell:Creating prefix chain script '/home/megsindelar/Final_Project/ros_ws/install/setup.bash'
[7.093s] INFO:colcon.colcon_core.shell:Creating prefix script '/home/megsindelar/Final_Project/ros_ws/install/local_setup.zsh'
[7.094s] INFO:colcon.colcon_core.shell:Creating prefix chain script '/home/megsindelar/Final_Project/ros_ws/install/setup.zsh'
