[0.000000] (-) TimerEvent: {}
[0.000454] (turtlebot_control) JobQueued: {'identifier': 'turtlebot_control', 'dependencies': OrderedDict()}
[0.000525] (turtlebot_control) JobStarted: {'identifier': 'turtlebot_control'}
[0.007485] (turtlebot_control) JobProgress: {'identifier': 'turtlebot_control', 'progress': 'cmake'}
[0.007885] (turtlebot_control) JobProgress: {'identifier': 'turtlebot_control', 'progress': 'build'}
[0.008404] (turtlebot_control) Command: {'cmd': ['/usr/bin/cmake', '--build', '/ros_ws/aarch64_build/turtlebot_control', '--', '-j8', '-l8'], 'cwd': '/ros_ws/aarch64_build/turtlebot_control', 'env': OrderedDict([('HOSTNAME', 'c0c72c2f13db'), ('LD_LIBRARY_PATH', '/opt/ros/humble/opt/rviz_ogre_vendor/lib:/opt/ros/humble/lib/aarch64-linux-gnu:/opt/ros/humble/lib'), ('HOME', '/home/msr'), ('ROS_PYTHON_VERSION', '3'), ('LC_CTYPE', 'C.UTF-8'), ('ROS_DISTRO', 'humble'), ('ROS_VERSION', '2'), ('TERM', 'xterm'), ('ROS_LOCALHOST_ONLY', '0'), ('PATH', '/opt/ros/humble/bin:/usr/local/sbin:/usr/local/bin:/usr/sbin:/usr/bin:/sbin:/bin'), ('AMENT_PREFIX_PATH', '/opt/ros/humble'), ('PWD', '/ros_ws/aarch64_build/turtlebot_control'), ('PYTHONPATH', '/opt/ros/humble/lib/python3.10/site-packages:/opt/ros/humble/local/lib/python3.10/dist-packages'), ('COLCON', '1'), ('CMAKE_PREFIX_PATH', '/opt/ros/humble')]), 'shell': False}
[0.041177] (turtlebot_control) StdoutLine: {'line': b'\x1b[35m\x1b[1mConsolidate compiler generated dependencies of target turtlebot_control\x1b[0m\n'}
[0.054642] (turtlebot_control) StdoutLine: {'line': b'[ 50%] \x1b[32mBuilding CXX object CMakeFiles/turtlebot_control.dir/src/turtlebot_control.cpp.o\x1b[0m\n'}
[0.099769] (-) TimerEvent: {}
[0.200068] (-) TimerEvent: {}
[0.300484] (-) TimerEvent: {}
[0.400813] (-) TimerEvent: {}
[0.501146] (-) TimerEvent: {}
[0.601532] (-) TimerEvent: {}
[0.701913] (-) TimerEvent: {}
[0.802297] (-) TimerEvent: {}
[0.902571] (-) TimerEvent: {}
[1.002927] (-) TimerEvent: {}
[1.103253] (-) TimerEvent: {}
[1.203586] (-) TimerEvent: {}
[1.303919] (-) TimerEvent: {}
[1.404277] (-) TimerEvent: {}
[1.504542] (-) TimerEvent: {}
[1.604789] (-) TimerEvent: {}
[1.705124] (-) TimerEvent: {}
[1.805442] (-) TimerEvent: {}
[1.905749] (-) TimerEvent: {}
[2.006093] (-) TimerEvent: {}
[2.106402] (-) TimerEvent: {}
[2.155809] (turtlebot_control) StderrLine: {'line': b'In file included from \x1b[01m\x1b[K/opt/ros/humble/include/rclcpp/rclcpp/logging.hpp:24\x1b[m\x1b[K,\n'}
[2.155947] (turtlebot_control) StderrLine: {'line': b'                 from \x1b[01m\x1b[K/opt/ros/humble/include/rclcpp/rclcpp/client.hpp:40\x1b[m\x1b[K,\n'}
[2.155992] (turtlebot_control) StderrLine: {'line': b'                 from \x1b[01m\x1b[K/opt/ros/humble/include/rclcpp/rclcpp/callback_group.hpp:24\x1b[m\x1b[K,\n'}
[2.156037] (turtlebot_control) StderrLine: {'line': b'                 from \x1b[01m\x1b[K/opt/ros/humble/include/rclcpp/rclcpp/any_executable.hpp:20\x1b[m\x1b[K,\n'}
[2.156078] (turtlebot_control) StderrLine: {'line': b'                 from \x1b[01m\x1b[K/opt/ros/humble/include/rclcpp/rclcpp/memory_strategy.hpp:25\x1b[m\x1b[K,\n'}
[2.156117] (turtlebot_control) StderrLine: {'line': b'                 from \x1b[01m\x1b[K/opt/ros/humble/include/rclcpp/rclcpp/memory_strategies.hpp:18\x1b[m\x1b[K,\n'}
[2.156166] (turtlebot_control) StderrLine: {'line': b'                 from \x1b[01m\x1b[K/opt/ros/humble/include/rclcpp/rclcpp/executor_options.hpp:20\x1b[m\x1b[K,\n'}
[2.156212] (turtlebot_control) StderrLine: {'line': b'                 from \x1b[01m\x1b[K/opt/ros/humble/include/rclcpp/rclcpp/executor.hpp:37\x1b[m\x1b[K,\n'}
[2.156251] (turtlebot_control) StderrLine: {'line': b'                 from \x1b[01m\x1b[K/opt/ros/humble/include/rclcpp/rclcpp/executors/multi_threaded_executor.hpp:25\x1b[m\x1b[K,\n'}
[2.156289] (turtlebot_control) StderrLine: {'line': b'                 from \x1b[01m\x1b[K/opt/ros/humble/include/rclcpp/rclcpp/executors.hpp:21\x1b[m\x1b[K,\n'}
[2.156328] (turtlebot_control) StderrLine: {'line': b'                 from \x1b[01m\x1b[K/opt/ros/humble/include/rclcpp/rclcpp/rclcpp.hpp:155\x1b[m\x1b[K,\n'}
[2.156370] (turtlebot_control) StderrLine: {'line': b'                 from \x1b[01m\x1b[K/ros_ws/src/turtlebot_control/src/turtlebot_control.cpp:2\x1b[m\x1b[K:\n'}
[2.156408] (turtlebot_control) StderrLine: {'line': b'\x1b[01m\x1b[K/ros_ws/src/turtlebot_control/src/turtlebot_control.cpp:\x1b[m\x1b[K In member function \xe2\x80\x98\x1b[01m\x1b[Kvoid TurtlebotControl::timer_callback()\x1b[m\x1b[K\xe2\x80\x99:\n'}
[2.156447] (turtlebot_control) StderrLine: {'line': b'\x1b[01m\x1b[K/ros_ws/src/turtlebot_control/src/turtlebot_control.cpp:77:80:\x1b[m\x1b[K \x1b[01;31m\x1b[Kerror: \x1b[m\x1b[K\xe2\x80\x98\x1b[01m\x1b[Kcount\x1b[m\x1b[K\xe2\x80\x99 was not declared in this scope; did you mean \xe2\x80\x98\x1b[01m\x1b[Kstd::count\x1b[m\x1b[K\xe2\x80\x99?\n'}
[2.156486] (turtlebot_control) StderrLine: {'line': b'   77 | CPP_INFO(rclcpp::get_logger("message"), "Frequency: %ld\\n", \x1b[01;31m\x1b[Kcount\x1b[m\x1b[K/elapsed.count());\n'}
[2.156523] (turtlebot_control) StderrLine: {'line': b'      |                                                             \x1b[01;31m\x1b[K^~~~~\x1b[m\x1b[K\n'}
[2.156560] (turtlebot_control) StderrLine: {'line': b'\n'}
[2.156597] (turtlebot_control) StderrLine: {'line': b'In file included from \x1b[01m\x1b[K/usr/aarch64-linux-gnu/include/c++/11/algorithm:74\x1b[m\x1b[K,\n'}
[2.156634] (turtlebot_control) StderrLine: {'line': b'                 from \x1b[01m\x1b[K/opt/ros/humble/include/rclcpp/rclcpp/executor.hpp:18\x1b[m\x1b[K,\n'}
[2.156670] (turtlebot_control) StderrLine: {'line': b'                 from \x1b[01m\x1b[K/opt/ros/humble/include/rclcpp/rclcpp/executors/multi_threaded_executor.hpp:25\x1b[m\x1b[K,\n'}
[2.156707] (turtlebot_control) StderrLine: {'line': b'                 from \x1b[01m\x1b[K/opt/ros/humble/include/rclcpp/rclcpp/executors.hpp:21\x1b[m\x1b[K,\n'}
[2.156744] (turtlebot_control) StderrLine: {'line': b'                 from \x1b[01m\x1b[K/opt/ros/humble/include/rclcpp/rclcpp/rclcpp.hpp:155\x1b[m\x1b[K,\n'}
[2.156780] (turtlebot_control) StderrLine: {'line': b'                 from \x1b[01m\x1b[K/ros_ws/src/turtlebot_control/src/turtlebot_control.cpp:2\x1b[m\x1b[K:\n'}
[2.156817] (turtlebot_control) StderrLine: {'line': b'\x1b[01m\x1b[K/usr/aarch64-linux-gnu/include/c++/11/pstl/glue_algorithm_defs.h:101:1:\x1b[m\x1b[K \x1b[01;36m\x1b[Knote: \x1b[m\x1b[K\xe2\x80\x98\x1b[01m\x1b[Kstd::count\x1b[m\x1b[K\xe2\x80\x99 declared here\n'}
[2.156856] (turtlebot_control) StderrLine: {'line': b'  101 | \x1b[01;36m\x1b[Kcount\x1b[m\x1b[K(_ExecutionPolicy&& __exec, _ForwardIterator __first, _ForwardIterator __last, const _Tp& __value);\n'}
[2.156894] (turtlebot_control) StderrLine: {'line': b'      | \x1b[01;36m\x1b[K^~~~~\x1b[m\x1b[K\n'}
[2.156931] (turtlebot_control) StderrLine: {'line': b'\x1b[01m\x1b[K/ros_ws/src/turtlebot_control/src/turtlebot_control.cpp:60:24:\x1b[m\x1b[K \x1b[01;35m\x1b[Kwarning: \x1b[m\x1b[Kunused variable \xe2\x80\x98\x1b[01m\x1b[Kfps\x1b[m\x1b[K\xe2\x80\x99 [\x1b[01;35m\x1b[K-Wunused-variable\x1b[m\x1b[K]\n'}
[2.156969] (turtlebot_control) StderrLine: {'line': b'   60 |                 double \x1b[01;35m\x1b[Kfps\x1b[m\x1b[K = cap.get(cv::CAP_PROP_FPS);\n'}
[2.157006] (turtlebot_control) StderrLine: {'line': b'      |                        \x1b[01;35m\x1b[K^~~\x1b[m\x1b[K\n'}
[2.206590] (-) TimerEvent: {}
[2.306930] (-) TimerEvent: {}
[2.407253] (-) TimerEvent: {}
[2.507574] (-) TimerEvent: {}
[2.568417] (turtlebot_control) StderrLine: {'line': b'gmake[2]: *** [CMakeFiles/turtlebot_control.dir/build.make:76: CMakeFiles/turtlebot_control.dir/src/turtlebot_control.cpp.o] Error 1\n'}
[2.568625] (turtlebot_control) StderrLine: {'line': b'gmake[1]: *** [CMakeFiles/Makefile2:137: CMakeFiles/turtlebot_control.dir/all] Error 2\n'}
[2.568731] (turtlebot_control) StderrLine: {'line': b'gmake: *** [Makefile:146: all] Error 2\n'}
[2.570290] (turtlebot_control) CommandEnded: {'returncode': 2}
[2.595169] (turtlebot_control) JobEnded: {'identifier': 'turtlebot_control', 'rc': 2}
[2.605907] (-) EventReactorShutdown: {}
