[0.009s] Invoking command in '/ros_ws/aarch64_build/turtlebot_control': CMAKE_PREFIX_PATH=/opt/ros/humble /usr/bin/cmake --build /ros_ws/aarch64_build/turtlebot_control -- -j8 -l8
[0.036s] [35m[1mConsolidate compiler generated dependencies of target turtlebot_control[0m
[0.051s] [ 50%] [32mBuilding CXX object CMakeFiles/turtlebot_control.dir/src/turtlebot_control.cpp.o[0m
[2.065s] [01m[K/ros_ws/src/turtlebot_control/src/turtlebot_control.cpp:[m[K In member function ‘[01m[Kvoid TurtlebotControl::timer_callback()[m[K’:
[2.065s] [01m[K/ros_ws/src/turtlebot_control/src/turtlebot_control.cpp:60:24:[m[K [01;35m[Kwarning: [m[Kunused variable ‘[01m[Kfps[m[K’ [[01;35m[K-Wunused-variable[m[K]
[2.065s]    60 |                 double [01;35m[Kfps[m[K = cap.get(cv::CAP_PROP_FPS);
[2.065s]       |                        [01;35m[K^~~[m[K
[2.661s] [100%] [32m[1mLinking CXX executable turtlebot_control[0m
[2.937s] [100%] Built target turtlebot_control
[2.944s] Invoked command in '/ros_ws/aarch64_build/turtlebot_control' returned '0': CMAKE_PREFIX_PATH=/opt/ros/humble /usr/bin/cmake --build /ros_ws/aarch64_build/turtlebot_control -- -j8 -l8
[2.967s] Invoking command in '/ros_ws/aarch64_build/turtlebot_control': CMAKE_PREFIX_PATH=/opt/ros/humble /usr/bin/cmake --install /ros_ws/aarch64_build/turtlebot_control
[2.971s] -- Install configuration: ""
[2.971s] -- Installing: /ros_ws/aarch64_install/turtlebot_control/lib/turtlebot_control/turtlebot_control
[2.971s] -- Set runtime path of "/ros_ws/aarch64_install/turtlebot_control/lib/turtlebot_control/turtlebot_control" to ""
[2.971s] -- Up-to-date: /ros_ws/aarch64_install/turtlebot_control/share/turtlebot_control/images
[2.971s] -- Up-to-date: /ros_ws/aarch64_install/turtlebot_control/share/turtlebot_control/images/test_pic.png
[2.972s] -- Up-to-date: /ros_ws/aarch64_install/turtlebot_control/share/turtlebot_control/images/image.jpg
[2.972s] -- Up-to-date: /ros_ws/aarch64_install/turtlebot_control/share/ament_index/resource_index/package_run_dependencies/turtlebot_control
[2.972s] -- Up-to-date: /ros_ws/aarch64_install/turtlebot_control/share/ament_index/resource_index/parent_prefix_path/turtlebot_control
[2.972s] -- Up-to-date: /ros_ws/aarch64_install/turtlebot_control/share/turtlebot_control/environment/ament_prefix_path.sh
[2.972s] -- Up-to-date: /ros_ws/aarch64_install/turtlebot_control/share/turtlebot_control/environment/ament_prefix_path.dsv
[2.972s] -- Up-to-date: /ros_ws/aarch64_install/turtlebot_control/share/turtlebot_control/environment/path.sh
[2.972s] -- Up-to-date: /ros_ws/aarch64_install/turtlebot_control/share/turtlebot_control/environment/path.dsv
[2.972s] -- Up-to-date: /ros_ws/aarch64_install/turtlebot_control/share/turtlebot_control/local_setup.bash
[2.972s] -- Up-to-date: /ros_ws/aarch64_install/turtlebot_control/share/turtlebot_control/local_setup.sh
[2.972s] -- Up-to-date: /ros_ws/aarch64_install/turtlebot_control/share/turtlebot_control/local_setup.zsh
[2.972s] -- Up-to-date: /ros_ws/aarch64_install/turtlebot_control/share/turtlebot_control/local_setup.dsv
[2.972s] -- Installing: /ros_ws/aarch64_install/turtlebot_control/share/turtlebot_control/package.dsv
[2.972s] -- Up-to-date: /ros_ws/aarch64_install/turtlebot_control/share/ament_index/resource_index/packages/turtlebot_control
[2.972s] -- Up-to-date: /ros_ws/aarch64_install/turtlebot_control/share/turtlebot_control/cmake/turtlebot_controlConfig.cmake
[2.972s] -- Up-to-date: /ros_ws/aarch64_install/turtlebot_control/share/turtlebot_control/cmake/turtlebot_controlConfig-version.cmake
[2.972s] -- Up-to-date: /ros_ws/aarch64_install/turtlebot_control/share/turtlebot_control/package.xml
[2.973s] Invoked command in '/ros_ws/aarch64_build/turtlebot_control' returned '0': CMAKE_PREFIX_PATH=/opt/ros/humble /usr/bin/cmake --install /ros_ws/aarch64_build/turtlebot_control
