[0.016s] Invoking command in '/home/megsindelar/Final_Project/ros_ws/build/img_transform': CMAKE_PREFIX_PATH=${CMAKE_PREFIX_PATH}:/home/megsindelar/ME_495/Final_Proj/install/attack_of_the_franka:/home/megsindelar/ME_495/Final_Proj/install/moveit_testing:/opt/ros/humble /usr/bin/cmake --build /home/megsindelar/Final_Project/ros_ws/build/img_transform -- -j8 -l8
[0.036s] -- Found ament_cmake: 1.3.3 (/opt/ros/humble/share/ament_cmake/cmake)
[0.176s] -- Found rclcpp: 16.0.3 (/opt/ros/humble/share/rclcpp/cmake)
[0.199s] -- Found rosidl_generator_c: 3.1.4 (/opt/ros/humble/share/rosidl_generator_c/cmake)
[0.201s] -- Found rosidl_adapter: 3.1.4 (/opt/ros/humble/share/rosidl_adapter/cmake)
[0.205s] -- Found rosidl_generator_cpp: 3.1.4 (/opt/ros/humble/share/rosidl_generator_cpp/cmake)
[0.215s] -- Using all available rosidl_typesupport_c: rosidl_typesupport_fastrtps_c;rosidl_typesupport_introspection_c
[0.227s] -- Using all available rosidl_typesupport_cpp: rosidl_typesupport_fastrtps_cpp;rosidl_typesupport_introspection_cpp
[0.272s] -- Found rmw_implementation_cmake: 6.1.1 (/opt/ros/humble/share/rmw_implementation_cmake/cmake)
[0.274s] -- Found rmw_fastrtps_cpp: 6.2.2 (/opt/ros/humble/share/rmw_fastrtps_cpp/cmake)
[0.382s] -- Using RMW implementation 'rmw_fastrtps_cpp' as default
[0.507s] -- Found sensor_msgs: 4.2.3 (/opt/ros/humble/share/sensor_msgs/cmake)
[0.614s] -- Found cv_bridge: 3.2.1 (/opt/ros/humble/share/cv_bridge/cmake)
[0.622s] -- Found image_transport: 3.1.5 (/opt/ros/humble/share/image_transport/cmake)
[0.669s] -- Found PythonLibs: /usr/lib/x86_64-linux-gnu/libpython3.10.so (found version "3.10.6") 
[1.040s] -- Found Python3: /usr/bin/python3.10 (found version "3.10.6") found components: Interpreter Development NumPy Development.Module Development.Embed 
[1.042s] -- Found PythonLibs: /usr/lib/x86_64-linux-gnu/libpython3.10.so (found suitable version "3.10.6", minimum required is "3.0") 
[1.043s] -- Found tf2: 0.25.2 (/opt/ros/humble/share/tf2/cmake)
[1.051s] -- Found tf2_ros: 0.25.2 (/opt/ros/humble/share/tf2_ros/cmake)
[1.352s] -- Found rosidl_default_generators: 1.2.0 (/opt/ros/humble/share/rosidl_default_generators/cmake)
[1.423s] -- Found Python3: /usr/bin/python3.10 (found version "3.10.6") found components: Interpreter 
[1.596s] -- Found ament_cmake_ros: 0.10.0 (/opt/ros/humble/share/ament_cmake_ros/cmake)
[1.882s] -- Using all available rosidl_typesupport_c: rosidl_typesupport_fastrtps_c;rosidl_typesupport_introspection_c
[2.000s] -- Using all available rosidl_typesupport_cpp: rosidl_typesupport_fastrtps_cpp;rosidl_typesupport_introspection_cpp
[2.024s] -- Found python_cmake_module: 0.10.0 (/opt/ros/humble/share/python_cmake_module/cmake)
[2.049s] -- Found PythonLibs: /usr/lib/x86_64-linux-gnu/libpython3.10.so (found suitable version "3.10.6", minimum required is "3.5") 
[2.049s] -- Using PYTHON_EXECUTABLE: /usr/bin/python3
[2.049s] -- Using PYTHON_INCLUDE_DIRS: /usr/include/python3.10
[2.050s] -- Using PYTHON_LIBRARIES: /usr/lib/x86_64-linux-gnu/libpython3.10.so
[2.341s] -- Found ament_lint_auto: 0.12.5 (/opt/ros/humble/share/ament_lint_auto/cmake)
[2.350s] -- Added test 'cppcheck' to perform static code analysis on C / C++ code
[2.350s] -- Configured cppcheck include dirs: 
[2.350s] -- Configured cppcheck exclude dirs and/or files: 
[2.351s] -- Added test 'lint_cmake' to check CMake code style
[2.352s] -- Added test 'uncrustify' to check C / C++ code style
[2.352s] -- Configured uncrustify additional arguments: 
[2.353s] -- Added test 'xmllint' to check XML markup files
[2.354s] -- Configuring done
[2.388s] -- Generating done
[2.391s] -- Build files have been written to: /home/megsindelar/Final_Project/ros_ws/build/img_transform
[2.420s] [  2%] [34m[1mGenerating C code for ROS interfaces[0m
[2.422s] [35m[1mConsolidate compiler generated dependencies of target video_frequency[0m
[2.424s] [35m[1mConsolidate compiler generated dependencies of target img_transform[0m
[2.436s] [  5%] [34m[1mGenerating C++ code for ROS interfaces[0m
[2.444s] [  5%] Built target ament_cmake_python_copy_img_transform
[2.445s] [ 11%] Built target video_frequency
[2.450s] [ 14%] [32mBuilding CXX object CMakeFiles/img_transform.dir/src/img_transform.cpp.o[0m
[2.744s] [ 17%] [32mBuilding C object CMakeFiles/img_transform_srv__rosidl_generator_c.dir/rosidl_generator_c/img_transform/srv/detail/teleport__functions.c.o[0m
[2.796s] [ 17%] Built target img_transform_srv__cpp
[2.806s] [ 20%] [32m[1mLinking C shared library libimg_transform__rosidl_generator_c.so[0m
[2.811s] [ 25%] [34m[1mGenerating C++ type support dispatch for ROS interfaces[0m
[2.811s] [ 25%] [34m[1mGenerating C++ type support for eProsima Fast-RTPS[0m
[2.812s] [ 28%] [34m[1mGenerating C++ introspection for ROS interfaces[0m
[2.823s] running egg_info
[2.824s] writing img_transform.egg-info/PKG-INFO
[2.824s] writing dependency_links to img_transform.egg-info/dependency_links.txt
[2.824s] writing top-level names to img_transform.egg-info/top_level.txt
[2.827s] reading manifest file 'img_transform.egg-info/SOURCES.txt'
[2.828s] writing manifest file 'img_transform.egg-info/SOURCES.txt'
[2.846s] [ 28%] Built target img_transform_srv__rosidl_generator_c
[2.862s] [ 37%] Built target ament_cmake_python_build_img_transform_egg
[2.862s] [ 37%] [34m[1mGenerating C introspection for ROS interfaces[0m
[2.862s] [ 37%] [34m[1mGenerating C type support for eProsima Fast-RTPS[0m
[2.862s] [ 37%] [34m[1mGenerating C type support dispatch for ROS interfaces[0m
[2.949s] [01m[K/home/megsindelar/Final_Project/ros_ws/src/img_transform/src/img_transform.cpp:26:10:[m[K [01;31m[Kfatal error: [m[Kimg_transform/srv/teleport.hpp: No such file or directory
[2.949s]    26 | #include [01;31m[K"img_transform/srv/teleport.hpp"[m[K
[2.949s]       |          [01;31m[K^~~~~~~~~~~~~~~~~~~~~~~~~~~~~~~~[m[K
[2.949s] compilation terminated.
[2.957s] gmake[2]: *** [CMakeFiles/img_transform.dir/build.make:76: CMakeFiles/img_transform.dir/src/img_transform.cpp.o] Error 1
[2.958s] gmake[1]: *** [CMakeFiles/Makefile2:594: CMakeFiles/img_transform.dir/all] Error 2
[2.958s] gmake[1]: *** Waiting for unfinished jobs....
[3.156s] [ 40%] [32mBuilding CXX object CMakeFiles/img_transform_srv__rosidl_typesupport_introspection_cpp.dir/rosidl_typesupport_introspection_cpp/img_transform/srv/detail/teleport__type_support.cpp.o[0m
[3.167s] [ 42%] [32mBuilding CXX object CMakeFiles/img_transform_srv__rosidl_typesupport_fastrtps_c.dir/rosidl_typesupport_fastrtps_c/img_transform/srv/detail/teleport__type_support_c.cpp.o[0m
[3.297s] [ 45%] [32mBuilding CXX object CMakeFiles/img_transform_srv__rosidl_typesupport_cpp.dir/rosidl_typesupport_cpp/img_transform/srv/teleport__type_support.cpp.o[0m
[3.341s] [ 48%] [32mBuilding CXX object CMakeFiles/img_transform_srv__rosidl_typesupport_c.dir/rosidl_typesupport_c/img_transform/srv/teleport__type_support.cpp.o[0m
[3.352s] [ 51%] [32mBuilding CXX object CMakeFiles/img_transform_srv__rosidl_typesupport_fastrtps_cpp.dir/rosidl_typesupport_fastrtps_cpp/img_transform/srv/detail/dds_fastrtps/teleport__type_support.cpp.o[0m
[3.387s] [ 54%] [32mBuilding C object CMakeFiles/img_transform_srv__rosidl_typesupport_introspection_c.dir/rosidl_typesupport_introspection_c/img_transform/srv/detail/teleport__type_support.c.o[0m
[3.394s] [ 57%] [32m[1mLinking CXX shared library libimg_transform__rosidl_typesupport_c.so[0m
[3.449s] [ 60%] [32m[1mLinking C shared library libimg_transform__rosidl_typesupport_introspection_c.so[0m
[3.466s] [ 60%] Built target img_transform_srv__rosidl_typesupport_c
[3.500s] [ 60%] Built target img_transform_srv__rosidl_typesupport_introspection_c
[3.572s] [ 62%] [32m[1mLinking CXX shared library libimg_transform__rosidl_typesupport_fastrtps_c.so[0m
[3.582s] [ 65%] [32m[1mLinking CXX shared library libimg_transform__rosidl_typesupport_introspection_cpp.so[0m
[3.625s] [ 65%] Built target img_transform_srv__rosidl_typesupport_introspection_cpp
[3.628s] [ 68%] [32m[1mLinking CXX shared library libimg_transform__rosidl_typesupport_cpp.so[0m
[3.651s] [ 68%] Built target img_transform_srv__rosidl_typesupport_fastrtps_c
[3.671s] [ 68%] Built target img_transform_srv__rosidl_typesupport_cpp
[3.756s] [ 71%] [32m[1mLinking CXX shared library libimg_transform__rosidl_typesupport_fastrtps_cpp.so[0m
[3.815s] [ 71%] Built target img_transform_srv__rosidl_typesupport_fastrtps_cpp
[3.816s] gmake: *** [Makefile:146: all] Error 2
[3.818s] Invoked command in '/home/megsindelar/Final_Project/ros_ws/build/img_transform' returned '2': CMAKE_PREFIX_PATH=${CMAKE_PREFIX_PATH}:/home/megsindelar/ME_495/Final_Proj/install/attack_of_the_franka:/home/megsindelar/ME_495/Final_Proj/install/moveit_testing:/opt/ros/humble /usr/bin/cmake --build /home/megsindelar/Final_Project/ros_ws/build/img_transform -- -j8 -l8
