[0.013s] Invoking command in '/home/megsindelar/Final_Project/ros_ws/build/img_transform': CMAKE_PREFIX_PATH=${CMAKE_PREFIX_PATH}:/home/megsindelar/ME_495/Final_Proj/install/attack_of_the_franka:/home/megsindelar/ME_495/Final_Proj/install/moveit_testing:/opt/ros/humble /usr/bin/cmake --build /home/megsindelar/Final_Project/ros_ws/build/img_transform -- -j8 -l8
[0.043s] [35m[1mConsolidate compiler generated dependencies of target video_frequency[0m
[0.054s] [ 50%] Built target img_transform
[0.058s] [ 75%] [32mBuilding CXX object CMakeFiles/video_frequency.dir/src/video_frequency.cpp.o[0m
[2.526s] [01m[K/home/megsindelar/Final_Project/ros_ws/src/img_transform/src/video_frequency.cpp:84:66:[m[K [01;31m[Kerror: [m[Kcannot convert ‘[01m[Kstd::chrono::_V2::system_clock::time_point[m[K’ {aka ‘[01m[Kstd::chrono::time_point<std::chrono::_V2::system_clock, std::chrono::duration<long int, std::ratio<1, 1000000000> > >[m[K’} to ‘[01m[Kint[m[K’ in initialization
[2.526s]    84 |         int begin_total = [01;31m[Kstd::chrono::high_resolution_clock::now()[m[K;
[2.526s]       |                           [01;31m[K~~~~~~~~~~~~~~~~~~~~~~~~~~~~~~~~~~~~~~~^~[m[K
[2.526s]       |                                                                  [01;31m[K|[m[K
[2.526s]       |                                                                  [01;31m[Kstd::chrono::_V2::system_clock::time_point {aka std::chrono::time_point<std::chrono::_V2::system_clock, std::chrono::duration<long int, std::ratio<1, 1000000000> > >}[m[K
[2.556s] [01m[K/home/megsindelar/Final_Project/ros_ws/src/img_transform/src/video_frequency.cpp:[m[K In member function ‘[01m[Kvoid VideoFreq::timer_callback()[m[K’:
[2.556s] [01m[K/home/megsindelar/Final_Project/ros_ws/src/img_transform/src/video_frequency.cpp:62:87:[m[K [01;31m[Kerror: [m[Kno match for ‘[01m[Koperator-[m[K’ (operand types are ‘[01m[Kstd::chrono::time_point<std::chrono::_V2::system_clock, std::chrono::duration<long int, std::ratio<1, 1000000000> > >[m[K’ and ‘[01m[Kint[m[K’)
[2.557s]    62 |             auto elapsed = std::chrono::duration_cast<std::chrono::seconds>([32m[Kend_total[m[K [01;31m[K-[m[K [34m[Kbegin_total[m[K);
[2.557s]       |                                                                             [32m[K~~~~~~~~~[m[K [01;31m[K^[m[K [34m[K~~~~~~~~~~~[m[K
[2.557s]       |                                                                             [32m[K|[m[K           [34m[K|[m[K
[2.557s]       |                                                                             [32m[K|[m[K           [34m[Kint[m[K
[2.557s]       |                                                                             [32m[Kstd::chrono::time_point<std::chrono::_V2::system_clock, std::chrono::duration<long int, std::ratio<1, 1000000000> > >[m[K
[2.557s] In file included from [01m[K/usr/include/c++/11/bits/stl_algobase.h:67[m[K,
[2.557s]                  from [01m[K/usr/include/c++/11/bits/char_traits.h:39[m[K,
[2.557s]                  from [01m[K/usr/include/c++/11/ios:40[m[K,
[2.557s]                  from [01m[K/usr/include/c++/11/ostream:38[m[K,
[2.557s]                  from [01m[K/usr/include/c++/11/iostream:39[m[K,
[2.557s]                  from [01m[K/home/megsindelar/Final_Project/ros_ws/src/img_transform/src/video_frequency.cpp:1[m[K:
[2.557s] [01m[K/usr/include/c++/11/bits/stl_iterator.h:560:5:[m[K [01;36m[Knote: [m[Kcandidate: ‘[01m[Ktemplate<class _IteratorL, class _IteratorR> constexpr decltype ((__y.base() - __x.base())) std::operator-(const std::reverse_iterator<_Iterator>&, const std::reverse_iterator<_IteratorR>&)[m[K’
[2.557s]   560 |     [01;36m[Koperator[m[K-(const reverse_iterator<_IteratorL>& __x,
[2.557s]       |     [01;36m[K^~~~~~~~[m[K
[2.557s] [01m[K/usr/include/c++/11/bits/stl_iterator.h:560:5:[m[K [01;36m[Knote: [m[K  template argument deduction/substitution failed:
[2.557s] [01m[K/home/megsindelar/Final_Project/ros_ws/src/img_transform/src/video_frequency.cpp:62:89:[m[K [01;36m[Knote: [m[K  ‘[01m[Kstd::chrono::time_point<std::chrono::_V2::system_clock, std::chrono::duration<long int, std::ratio<1, 1000000000> > >[m[K’ is not derived from ‘[01m[Kconst std::reverse_iterator<_Iterator>[m[K’
[2.558s]    62 |             auto elapsed = std::chrono::duration_cast<std::chrono::seconds>(end_total - [01;36m[Kbegin_total[m[K);
[2.558s]       |                                                                                         [01;36m[K^~~~~~~~~~~[m[K
[2.558s] In file included from [01m[K/usr/include/c++/11/bits/stl_algobase.h:67[m[K,
[2.558s]                  from [01m[K/usr/include/c++/11/bits/char_traits.h:39[m[K,
[2.558s]                  from [01m[K/usr/include/c++/11/ios:40[m[K,
[2.558s]                  from [01m[K/usr/include/c++/11/ostream:38[m[K,
[2.558s]                  from [01m[K/usr/include/c++/11/iostream:39[m[K,
[2.558s]                  from [01m[K/home/megsindelar/Final_Project/ros_ws/src/img_transform/src/video_frequency.cpp:1[m[K:
[2.558s] [01m[K/usr/include/c++/11/bits/stl_iterator.h:1639:5:[m[K [01;36m[Knote: [m[Kcandidate: ‘[01m[Ktemplate<class _IteratorL, class _IteratorR> constexpr decltype ((__x.base() - __y.base())) std::operator-(const std::move_iterator<_IteratorL>&, const std::move_iterator<_IteratorR>&)[m[K’
[2.558s]  1639 |     [01;36m[Koperator[m[K-(const move_iterator<_IteratorL>& __x,
[2.558s]       |     [01;36m[K^~~~~~~~[m[K
[2.558s] [01m[K/usr/include/c++/11/bits/stl_iterator.h:1639:5:[m[K [01;36m[Knote: [m[K  template argument deduction/substitution failed:
[2.558s] [01m[K/home/megsindelar/Final_Project/ros_ws/src/img_transform/src/video_frequency.cpp:62:89:[m[K [01;36m[Knote: [m[K  ‘[01m[Kstd::chrono::time_point<std::chrono::_V2::system_clock, std::chrono::duration<long int, std::ratio<1, 1000000000> > >[m[K’ is not derived from ‘[01m[Kconst std::move_iterator<_IteratorL>[m[K’
[2.558s]    62 |             auto elapsed = std::chrono::duration_cast<std::chrono::seconds>(end_total - [01;36m[Kbegin_total[m[K);
[2.558s]       |                                                                                         [01;36m[K^~~~~~~~~~~[m[K
[2.558s] In file included from [01m[K/usr/include/opencv4/opencv2/core/cvstd.inl.hpp:47[m[K,
[2.558s]                  from [01m[K/usr/include/opencv4/opencv2/core.hpp:3306[m[K,
[2.558s]                  from [01m[K/usr/include/opencv4/opencv2/core/core.hpp:48[m[K,
[2.558s]                  from [01m[K/opt/ros/humble/include/cv_bridge/cv_bridge/cv_bridge.h:43[m[K,
[2.558s]                  from [01m[K/home/megsindelar/Final_Project/ros_ws/src/img_transform/src/video_frequency.cpp:4[m[K:
[2.558s] [01m[K/usr/include/c++/11/complex:362:5:[m[K [01;36m[Knote: [m[Kcandidate: ‘[01m[Ktemplate<class _Tp> std::complex<_Tp> std::operator-(const std::complex<_Tp>&, const std::complex<_Tp>&)[m[K’
[2.559s]   362 |     [01;36m[Koperator[m[K-(const complex<_Tp>& __x, const complex<_Tp>& __y)
[2.559s]       |     [01;36m[K^~~~~~~~[m[K
[2.559s] [01m[K/usr/include/c++/11/complex:362:5:[m[K [01;36m[Knote: [m[K  template argument deduction/substitution failed:
[2.559s] [01m[K/home/megsindelar/Final_Project/ros_ws/src/img_transform/src/video_frequency.cpp:62:89:[m[K [01;36m[Knote: [m[K  ‘[01m[Kstd::chrono::time_point<std::chrono::_V2::system_clock, std::chrono::duration<long int, std::ratio<1, 1000000000> > >[m[K’ is not derived from ‘[01m[Kconst std::complex<_Tp>[m[K’
[2.559s]    62 |             auto elapsed = std::chrono::duration_cast<std::chrono::seconds>(end_total - [01;36m[Kbegin_total[m[K);
[2.559s]       |                                                                                         [01;36m[K^~~~~~~~~~~[m[K
[2.559s] In file included from [01m[K/usr/include/opencv4/opencv2/core/cvstd.inl.hpp:47[m[K,
[2.559s]                  from [01m[K/usr/include/opencv4/opencv2/core.hpp:3306[m[K,
[2.559s]                  from [01m[K/usr/include/opencv4/opencv2/core/core.hpp:48[m[K,
[2.559s]                  from [01m[K/opt/ros/humble/include/cv_bridge/cv_bridge/cv_bridge.h:43[m[K,
[2.559s]                  from [01m[K/home/megsindelar/Final_Project/ros_ws/src/img_transform/src/video_frequency.cpp:4[m[K:
[2.559s] [01m[K/usr/include/c++/11/complex:371:5:[m[K [01;36m[Knote: [m[Kcandidate: ‘[01m[Ktemplate<class _Tp> std::complex<_Tp> std::operator-(const std::complex<_Tp>&, const _Tp&)[m[K’
[2.559s]   371 |     [01;36m[Koperator[m[K-(const complex<_Tp>& __x, const _Tp& __y)
[2.559s]       |     [01;36m[K^~~~~~~~[m[K
[2.559s] [01m[K/usr/include/c++/11/complex:371:5:[m[K [01;36m[Knote: [m[K  template argument deduction/substitution failed:
[2.559s] [01m[K/home/megsindelar/Final_Project/ros_ws/src/img_transform/src/video_frequency.cpp:62:89:[m[K [01;36m[Knote: [m[K  ‘[01m[Kstd::chrono::time_point<std::chrono::_V2::system_clock, std::chrono::duration<long int, std::ratio<1, 1000000000> > >[m[K’ is not derived from ‘[01m[Kconst std::complex<_Tp>[m[K’
[2.559s]    62 |             auto elapsed = std::chrono::duration_cast<std::chrono::seconds>(end_total - [01;36m[Kbegin_total[m[K);
[2.559s]       |                                                                                         [01;36m[K^~~~~~~~~~~[m[K
[2.559s] In file included from [01m[K/usr/include/opencv4/opencv2/core/cvstd.inl.hpp:47[m[K,
[2.559s]                  from [01m[K/usr/include/opencv4/opencv2/core.hpp:3306[m[K,
[2.559s]                  from [01m[K/usr/include/opencv4/opencv2/core/core.hpp:48[m[K,
[2.559s]                  from [01m[K/opt/ros/humble/include/cv_bridge/cv_bridge/cv_bridge.h:43[m[K,
[2.559s]                  from [01m[K/home/megsindelar/Final_Project/ros_ws/src/img_transform/src/video_frequency.cpp:4[m[K:
[2.559s] [01m[K/usr/include/c++/11/complex:380:5:[m[K [01;36m[Knote: [m[Kcandidate: ‘[01m[Ktemplate<class _Tp> std::complex<_Tp> std::operator-(const _Tp&, const std::complex<_Tp>&)[m[K’
[2.559s]   380 |     [01;36m[Koperator[m[K-(const _Tp& __x, const complex<_Tp>& __y)
[2.559s]       |     [01;36m[K^~~~~~~~[m[K
[2.559s] [01m[K/usr/include/c++/11/complex:380:5:[m[K [01;36m[Knote: [m[K  template argument deduction/substitution failed:
[2.560s] [01m[K/home/megsindelar/Final_Project/ros_ws/src/img_transform/src/video_frequency.cpp:62:89:[m[K [01;36m[Knote: [m[K  mismatched types ‘[01m[Kconst std::complex<_Tp>[m[K’ and ‘[01m[Kint[m[K’
[2.560s]    62 |             auto elapsed = std::chrono::duration_cast<std::chrono::seconds>(end_total - [01;36m[Kbegin_total[m[K);
[2.560s]       |                                                                                         [01;36m[K^~~~~~~~~~~[m[K
[2.560s] In file included from [01m[K/usr/include/opencv4/opencv2/core/cvstd.inl.hpp:47[m[K,
[2.560s]                  from [01m[K/usr/include/opencv4/opencv2/core.hpp:3306[m[K,
[2.560s]                  from [01m[K/usr/include/opencv4/opencv2/core/core.hpp:48[m[K,
[2.560s]                  from [01m[K/opt/ros/humble/include/cv_bridge/cv_bridge/cv_bridge.h:43[m[K,
[2.560s]                  from [01m[K/home/megsindelar/Final_Project/ros_ws/src/img_transform/src/video_frequency.cpp:4[m[K:
[2.560s] [01m[K/usr/include/c++/11/complex:457:5:[m[K [01;36m[Knote: [m[Kcandidate: ‘[01m[Ktemplate<class _Tp> std::complex<_Tp> std::operator-(const std::complex<_Tp>&)[m[K’
[2.560s]   457 |     [01;36m[Koperator[m[K-(const complex<_Tp>& __x)
[2.560s]       |     [01;36m[K^~~~~~~~[m[K
[2.560s] [01m[K/usr/include/c++/11/complex:457:5:[m[K [01;36m[Knote: [m[K  template argument deduction/substitution failed:
[2.560s] [01m[K/home/megsindelar/Final_Project/ros_ws/src/img_transform/src/video_frequency.cpp:62:89:[m[K [01;36m[Knote: [m[K  ‘[01m[Kstd::chrono::time_point<std::chrono::_V2::system_clock, std::chrono::duration<long int, std::ratio<1, 1000000000> > >[m[K’ is not derived from ‘[01m[Kconst std::complex<_Tp>[m[K’
[2.560s]    62 |             auto elapsed = std::chrono::duration_cast<std::chrono::seconds>(end_total - [01;36m[Kbegin_total[m[K);
[2.560s]       |                                                                                         [01;36m[K^~~~~~~~~~~[m[K
[2.560s] In file included from [01m[K/usr/include/opencv4/opencv2/core.hpp:56[m[K,
[2.560s]                  from [01m[K/usr/include/opencv4/opencv2/core/core.hpp:48[m[K,
[2.560s]                  from [01m[K/opt/ros/humble/include/cv_bridge/cv_bridge/cv_bridge.h:43[m[K,
[2.560s]                  from [01m[K/home/megsindelar/Final_Project/ros_ws/src/img_transform/src/video_frequency.cpp:4[m[K:
[2.560s] [01m[K/usr/include/opencv4/opencv2/core/matx.hpp:1216:17:[m[K [01;36m[Knote: [m[Kcandidate: ‘[01m[Ktemplate<class _Tp, int m, int n> cv::Matx<_Tp, m, n> cv::operator-(const cv::Matx<_Tp, m, n>&, const cv::Matx<_Tp, m, n>&)[m[K’
[2.560s]  1216 | Matx<_Tp, m, n> [01;36m[Koperator[m[K - (const Matx<_Tp, m, n>& a, const Matx<_Tp, m, n>& b)
[2.560s]       |                 [01;36m[K^~~~~~~~[m[K
[2.560s] [01m[K/usr/include/opencv4/opencv2/core/matx.hpp:1216:17:[m[K [01;36m[Knote: [m[K  template argument deduction/substitution failed:
[2.560s] [01m[K/home/megsindelar/Final_Project/ros_ws/src/img_transform/src/video_frequency.cpp:62:89:[m[K [01;36m[Knote: [m[K  ‘[01m[Kstd::chrono::time_point<std::chrono::_V2::system_clock, std::chrono::duration<long int, std::ratio<1, 1000000000> > >[m[K’ is not derived from ‘[01m[Kconst cv::Matx<_Tp, m, n>[m[K’
[2.560s]    62 |             auto elapsed = std::chrono::duration_cast<std::chrono::seconds>(end_total - [01;36m[Kbegin_total[m[K);
[2.560s]       |                                                                                         [01;36m[K^~~~~~~~~~~[m[K
[2.560s] In file included from [01m[K/usr/include/opencv4/opencv2/core.hpp:56[m[K,
[2.560s]                  from [01m[K/usr/include/opencv4/opencv2/core/core.hpp:48[m[K,
[2.560s]                  from [01m[K/opt/ros/humble/include/cv_bridge/cv_bridge/cv_bridge.h:43[m[K,
[2.560s]                  from [01m[K/home/megsindelar/Final_Project/ros_ws/src/img_transform/src/video_frequency.cpp:4[m[K:
[2.561s] [01m[K/usr/include/opencv4/opencv2/core/matx.hpp:1310:17:[m[K [01;36m[Knote: [m[Kcandidate: ‘[01m[Ktemplate<class _Tp, int m, int n> cv::Matx<_Tp, m, n> cv::operator-(const cv::Matx<_Tp, m, n>&)[m[K’
[2.561s]  1310 | Matx<_Tp, m, n> [01;36m[Koperator[m[K - (const Matx<_Tp, m, n>& a)
[2.561s]       |                 [01;36m[K^~~~~~~~[m[K
[2.561s] [01m[K/usr/include/opencv4/opencv2/core/matx.hpp:1310:17:[m[K [01;36m[Knote: [m[K  template argument deduction/substitution failed:
[2.561s] [01m[K/home/megsindelar/Final_Project/ros_ws/src/img_transform/src/video_frequency.cpp:62:89:[m[K [01;36m[Knote: [m[K  ‘[01m[Kstd::chrono::time_point<std::chrono::_V2::system_clock, std::chrono::duration<long int, std::ratio<1, 1000000000> > >[m[K’ is not derived from ‘[01m[Kconst cv::Matx<_Tp, m, n>[m[K’
[2.561s]    62 |             auto elapsed = std::chrono::duration_cast<std::chrono::seconds>(end_total - [01;36m[Kbegin_total[m[K);
[2.561s]       |                                                                                         [01;36m[K^~~~~~~~~~~[m[K
[2.561s] In file included from [01m[K/usr/include/opencv4/opencv2/core.hpp:56[m[K,
[2.561s]                  from [01m[K/usr/include/opencv4/opencv2/core/core.hpp:48[m[K,
[2.561s]                  from [01m[K/opt/ros/humble/include/cv_bridge/cv_bridge/cv_bridge.h:43[m[K,
[2.561s]                  from [01m[K/home/megsindelar/Final_Project/ros_ws/src/img_transform/src/video_frequency.cpp:4[m[K:
[2.561s] [01m[K/usr/include/opencv4/opencv2/core/matx.hpp:1372:14:[m[K [01;36m[Knote: [m[Kcandidate: ‘[01m[Ktemplate<class _Tp, int cn> cv::Vec<_Tp, m> cv::operator-(const cv::Vec<_Tp, m>&, const cv::Vec<_Tp, m>&)[m[K’
[2.561s]  1372 | Vec<_Tp, cn> [01;36m[Koperator[m[K - (const Vec<_Tp, cn>& a, const Vec<_Tp, cn>& b)
[2.561s]       |              [01;36m[K^~~~~~~~[m[K
[2.561s] [01m[K/usr/include/opencv4/opencv2/core/matx.hpp:1372:14:[m[K [01;36m[Knote: [m[K  template argument deduction/substitution failed:
[2.561s] [01m[K/home/megsindelar/Final_Project/ros_ws/src/img_transform/src/video_frequency.cpp:62:89:[m[K [01;36m[Knote: [m[K  ‘[01m[Kstd::chrono::time_point<std::chrono::_V2::system_clock, std::chrono::duration<long int, std::ratio<1, 1000000000> > >[m[K’ is not derived from ‘[01m[Kconst cv::Vec<_Tp, m>[m[K’
[2.561s]    62 |             auto elapsed = std::chrono::duration_cast<std::chrono::seconds>(end_total - [01;36m[Kbegin_total[m[K);
[2.561s]       |                                                                                         [01;36m[K^~~~~~~~~~~[m[K
[2.561s] In file included from [01m[K/usr/include/opencv4/opencv2/core.hpp:56[m[K,
[2.561s]                  from [01m[K/usr/include/opencv4/opencv2/core/core.hpp:48[m[K,
[2.561s]                  from [01m[K/opt/ros/humble/include/cv_bridge/cv_bridge/cv_bridge.h:43[m[K,
[2.561s]                  from [01m[K/home/megsindelar/Final_Project/ros_ws/src/img_transform/src/video_frequency.cpp:4[m[K:
[2.561s] [01m[K/usr/include/opencv4/opencv2/core/matx.hpp:1483:14:[m[K [01;36m[Knote: [m[Kcandidate: ‘[01m[Ktemplate<class _Tp, int cn> cv::Vec<_Tp, m> cv::operator-(const cv::Vec<_Tp, m>&)[m[K’
[2.561s]  1483 | Vec<_Tp, cn> [01;36m[Koperator[m[K - (const Vec<_Tp, cn>& a)
[2.561s]       |              [01;36m[K^~~~~~~~[m[K
[2.561s] [01m[K/usr/include/opencv4/opencv2/core/matx.hpp:1483:14:[m[K [01;36m[Knote: [m[K  template argument deduction/substitution failed:
[2.561s] [01m[K/home/megsindelar/Final_Project/ros_ws/src/img_transform/src/video_frequency.cpp:62:89:[m[K [01;36m[Knote: [m[K  ‘[01m[Kstd::chrono::time_point<std::chrono::_V2::system_clock, std::chrono::duration<long int, std::ratio<1, 1000000000> > >[m[K’ is not derived from ‘[01m[Kconst cv::Vec<_Tp, m>[m[K’
[2.561s]    62 |             auto elapsed = std::chrono::duration_cast<std::chrono::seconds>(end_total - [01;36m[Kbegin_total[m[K);
[2.561s]       |                                                                                         [01;36m[K^~~~~~~~~~~[m[K
[2.562s] In file included from [01m[K/usr/include/opencv4/opencv2/core.hpp:57[m[K,
[2.562s]                  from [01m[K/usr/include/opencv4/opencv2/core/core.hpp:48[m[K,
[2.562s]                  from [01m[K/opt/ros/humble/include/cv_bridge/cv_bridge/cv_bridge.h:43[m[K,
[2.562s]                  from [01m[K/home/megsindelar/Final_Project/ros_ws/src/img_transform/src/video_frequency.cpp:4[m[K:
[2.562s] [01m[K/usr/include/opencv4/opencv2/core/types.hpp:1054:14:[m[K [01;36m[Knote: [m[Kcandidate: ‘[01m[Ktemplate<class _Tp> cv::Complex<_Tp> cv::operator-(const cv::Complex<_Tp>&, const cv::Complex<_Tp>&)[m[K’
[2.562s]  1054 | Complex<_Tp> [01;36m[Koperator[m[K - (const Complex<_Tp>& a, const Complex<_Tp>& b)
[2.562s]       |              [01;36m[K^~~~~~~~[m[K
[2.562s] [01m[K/usr/include/opencv4/opencv2/core/types.hpp:1054:14:[m[K [01;36m[Knote: [m[K  template argument deduction/substitution failed:
[2.562s] [01m[K/home/megsindelar/Final_Project/ros_ws/src/img_transform/src/video_frequency.cpp:62:89:[m[K [01;36m[Knote: [m[K  ‘[01m[Kstd::chrono::time_point<std::chrono::_V2::system_clock, std::chrono::duration<long int, std::ratio<1, 1000000000> > >[m[K’ is not derived from ‘[01m[Kconst cv::Complex<_Tp>[m[K’
[2.562s]    62 |             auto elapsed = std::chrono::duration_cast<std::chrono::seconds>(end_total - [01;36m[Kbegin_total[m[K);
[2.562s]       |                                                                                         [01;36m[K^~~~~~~~~~~[m[K
[2.562s] In file included from [01m[K/usr/include/opencv4/opencv2/core.hpp:57[m[K,
[2.562s]                  from [01m[K/usr/include/opencv4/opencv2/core/core.hpp:48[m[K,
[2.562s]                  from [01m[K/opt/ros/humble/include/cv_bridge/cv_bridge/cv_bridge.h:43[m[K,
[2.562s]                  from [01m[K/home/megsindelar/Final_Project/ros_ws/src/img_transform/src/video_frequency.cpp:4[m[K:
[2.562s] [01m[K/usr/include/opencv4/opencv2/core/types.hpp:1067:14:[m[K [01;36m[Knote: [m[Kcandidate: ‘[01m[Ktemplate<class _Tp> cv::Complex<_Tp> cv::operator-(const cv::Complex<_Tp>&)[m[K’
[2.562s]  1067 | Complex<_Tp> [01;36m[Koperator[m[K - (const Complex<_Tp>& a)
[2.562s]       |              [01;36m[K^~~~~~~~[m[K
[2.562s] [01m[K/usr/include/opencv4/opencv2/core/types.hpp:1067:14:[m[K [01;36m[Knote: [m[K  template argument deduction/substitution failed:
[2.562s] [01m[K/home/megsindelar/Final_Project/ros_ws/src/img_transform/src/video_frequency.cpp:62:89:[m[K [01;36m[Knote: [m[K  ‘[01m[Kstd::chrono::time_point<std::chrono::_V2::system_clock, std::chrono::duration<long int, std::ratio<1, 1000000000> > >[m[K’ is not derived from ‘[01m[Kconst cv::Complex<_Tp>[m[K’
[2.562s]    62 |             auto elapsed = std::chrono::duration_cast<std::chrono::seconds>(end_total - [01;36m[Kbegin_total[m[K);
[2.562s]       |                                                                                         [01;36m[K^~~~~~~~~~~[m[K
[2.562s] In file included from [01m[K/usr/include/opencv4/opencv2/core.hpp:57[m[K,
[2.562s]                  from [01m[K/usr/include/opencv4/opencv2/core/core.hpp:48[m[K,
[2.562s]                  from [01m[K/opt/ros/humble/include/cv_bridge/cv_bridge/cv_bridge.h:43[m[K,
[2.562s]                  from [01m[K/home/megsindelar/Final_Project/ros_ws/src/img_transform/src/video_frequency.cpp:4[m[K:
[2.562s] [01m[K/usr/include/opencv4/opencv2/core/types.hpp:1097:14:[m[K [01;36m[Knote: [m[Kcandidate: ‘[01m[Ktemplate<class _Tp> cv::Complex<_Tp> cv::operator-(const cv::Complex<_Tp>&, _Tp)[m[K’
[2.562s]  1097 | Complex<_Tp> [01;36m[Koperator[m[K - (const Complex<_Tp>& a, _Tp b)
[2.562s]       |              [01;36m[K^~~~~~~~[m[K
[2.562s] [01m[K/usr/include/opencv4/opencv2/core/types.hpp:1097:14:[m[K [01;36m[Knote: [m[K  template argument deduction/substitution failed:
[2.563s] [01m[K/home/megsindelar/Final_Project/ros_ws/src/img_transform/src/video_frequency.cpp:62:89:[m[K [01;36m[Knote: [m[K  ‘[01m[Kstd::chrono::time_point<std::chrono::_V2::system_clock, std::chrono::duration<long int, std::ratio<1, 1000000000> > >[m[K’ is not derived from ‘[01m[Kconst cv::Complex<_Tp>[m[K’
[2.563s]    62 |             auto elapsed = std::chrono::duration_cast<std::chrono::seconds>(end_total - [01;36m[Kbegin_total[m[K);
[2.563s]       |                                                                                         [01;36m[K^~~~~~~~~~~[m[K
[2.563s] In file included from [01m[K/usr/include/opencv4/opencv2/core.hpp:57[m[K,
[2.563s]                  from [01m[K/usr/include/opencv4/opencv2/core/core.hpp:48[m[K,
[2.563s]                  from [01m[K/opt/ros/humble/include/cv_bridge/cv_bridge/cv_bridge.h:43[m[K,
[2.563s]                  from [01m[K/home/megsindelar/Final_Project/ros_ws/src/img_transform/src/video_frequency.cpp:4[m[K:
[2.563s] [01m[K/usr/include/opencv4/opencv2/core/types.hpp:1107:14:[m[K [01;36m[Knote: [m[Kcandidate: ‘[01m[Ktemplate<class _Tp> cv::Complex<_Tp> cv::operator-(_Tp, const cv::Complex<_Tp>&)[m[K’
[2.563s]  1107 | Complex<_Tp> [01;36m[Koperator[m[K - (_Tp b, const Complex<_Tp>& a)
[2.563s]       |              [01;36m[K^~~~~~~~[m[K
[2.563s] [01m[K/usr/include/opencv4/opencv2/core/types.hpp:1107:14:[m[K [01;36m[Knote: [m[K  template argument deduction/substitution failed:
[2.563s] [01m[K/home/megsindelar/Final_Project/ros_ws/src/img_transform/src/video_frequency.cpp:62:89:[m[K [01;36m[Knote: [m[K  mismatched types ‘[01m[Kconst cv::Complex<_Tp>[m[K’ and ‘[01m[Kint[m[K’
[2.563s]    62 |             auto elapsed = std::chrono::duration_cast<std::chrono::seconds>(end_total - [01;36m[Kbegin_total[m[K);
[2.563s]       |                                                                                         [01;36m[K^~~~~~~~~~~[m[K
[2.563s] In file included from [01m[K/usr/include/opencv4/opencv2/core.hpp:57[m[K,
[2.563s]                  from [01m[K/usr/include/opencv4/opencv2/core/core.hpp:48[m[K,
[2.563s]                  from [01m[K/opt/ros/humble/include/cv_bridge/cv_bridge/cv_bridge.h:43[m[K,
[2.563s]                  from [01m[K/home/megsindelar/Final_Project/ros_ws/src/img_transform/src/video_frequency.cpp:4[m[K:
[2.563s] [01m[K/usr/include/opencv4/opencv2/core/types.hpp:1339:13:[m[K [01;36m[Knote: [m[Kcandidate: ‘[01m[Ktemplate<class _Tp> cv::Point_<_Tp> cv::operator-(const cv::Point_<_Tp>&, const cv::Point_<_Tp>&)[m[K’
[2.563s]  1339 | Point_<_Tp> [01;36m[Koperator[m[K - (const Point_<_Tp>& a, const Point_<_Tp>& b)
[2.563s]       |             [01;36m[K^~~~~~~~[m[K
[2.563s] [01m[K/usr/include/opencv4/opencv2/core/types.hpp:1339:13:[m[K [01;36m[Knote: [m[K  template argument deduction/substitution failed:
[2.563s] [01m[K/home/megsindelar/Final_Project/ros_ws/src/img_transform/src/video_frequency.cpp:62:89:[m[K [01;36m[Knote: [m[K  ‘[01m[Kstd::chrono::time_point<std::chrono::_V2::system_clock, std::chrono::duration<long int, std::ratio<1, 1000000000> > >[m[K’ is not derived from ‘[01m[Kconst cv::Point_<_Tp>[m[K’
[2.563s]    62 |             auto elapsed = std::chrono::duration_cast<std::chrono::seconds>(end_total - [01;36m[Kbegin_total[m[K);
[2.563s]       |                                                                                         [01;36m[K^~~~~~~~~~~[m[K
[2.563s] In file included from [01m[K/usr/include/opencv4/opencv2/core.hpp:57[m[K,
[2.563s]                  from [01m[K/usr/include/opencv4/opencv2/core/core.hpp:48[m[K,
[2.563s]                  from [01m[K/opt/ros/humble/include/cv_bridge/cv_bridge/cv_bridge.h:43[m[K,
[2.563s]                  from [01m[K/home/megsindelar/Final_Project/ros_ws/src/img_transform/src/video_frequency.cpp:4[m[K:
[2.564s] [01m[K/usr/include/opencv4/opencv2/core/types.hpp:1345:13:[m[K [01;36m[Knote: [m[Kcandidate: ‘[01m[Ktemplate<class _Tp> cv::Point_<_Tp> cv::operator-(const cv::Point_<_Tp>&)[m[K’
[2.564s]  1345 | Point_<_Tp> [01;36m[Koperator[m[K - (const Point_<_Tp>& a)
[2.564s]       |             [01;36m[K^~~~~~~~[m[K
[2.564s] [01m[K/usr/include/opencv4/opencv2/core/types.hpp:1345:13:[m[K [01;36m[Knote: [m[K  template argument deduction/substitution failed:
[2.564s] [01m[K/home/megsindelar/Final_Project/ros_ws/src/img_transform/src/video_frequency.cpp:62:89:[m[K [01;36m[Knote: [m[K  ‘[01m[Kstd::chrono::time_point<std::chrono::_V2::system_clock, std::chrono::duration<long int, std::ratio<1, 1000000000> > >[m[K’ is not derived from ‘[01m[Kconst cv::Point_<_Tp>[m[K’
[2.564s]    62 |             auto elapsed = std::chrono::duration_cast<std::chrono::seconds>(end_total - [01;36m[Kbegin_total[m[K);
[2.564s]       |                                                                                         [01;36m[K^~~~~~~~~~~[m[K
[2.564s] In file included from [01m[K/usr/include/opencv4/opencv2/core.hpp:57[m[K,
[2.564s]                  from [01m[K/usr/include/opencv4/opencv2/core/core.hpp:48[m[K,
[2.564s]                  from [01m[K/opt/ros/humble/include/cv_bridge/cv_bridge/cv_bridge.h:43[m[K,
[2.564s]                  from [01m[K/home/megsindelar/Final_Project/ros_ws/src/img_transform/src/video_frequency.cpp:4[m[K:
[2.564s] [01m[K/usr/include/opencv4/opencv2/core/types.hpp:1608:14:[m[K [01;36m[Knote: [m[Kcandidate: ‘[01m[Ktemplate<class _Tp> cv::Point3_<_Tp> cv::operator-(const cv::Point3_<_Tp>&, const cv::Point3_<_Tp>&)[m[K’
[2.564s]  1608 | Point3_<_Tp> [01;36m[Koperator[m[K - (const Point3_<_Tp>& a, const Point3_<_Tp>& b)
[2.564s]       |              [01;36m[K^~~~~~~~[m[K
[2.564s] [01m[K/usr/include/opencv4/opencv2/core/types.hpp:1608:14:[m[K [01;36m[Knote: [m[K  template argument deduction/substitution failed:
[2.564s] [01m[K/home/megsindelar/Final_Project/ros_ws/src/img_transform/src/video_frequency.cpp:62:89:[m[K [01;36m[Knote: [m[K  ‘[01m[Kstd::chrono::time_point<std::chrono::_V2::system_clock, std::chrono::duration<long int, std::ratio<1, 1000000000> > >[m[K’ is not derived from ‘[01m[Kconst cv::Point3_<_Tp>[m[K’
[2.564s]    62 |             auto elapsed = std::chrono::duration_cast<std::chrono::seconds>(end_total - [01;36m[Kbegin_total[m[K);
[2.564s]       |                                                                                         [01;36m[K^~~~~~~~~~~[m[K
[2.564s] In file included from [01m[K/usr/include/opencv4/opencv2/core.hpp:57[m[K,
[2.564s]                  from [01m[K/usr/include/opencv4/opencv2/core/core.hpp:48[m[K,
[2.564s]                  from [01m[K/opt/ros/humble/include/cv_bridge/cv_bridge/cv_bridge.h:43[m[K,
[2.564s]                  from [01m[K/home/megsindelar/Final_Project/ros_ws/src/img_transform/src/video_frequency.cpp:4[m[K:
[2.564s] [01m[K/usr/include/opencv4/opencv2/core/types.hpp:1614:14:[m[K [01;36m[Knote: [m[Kcandidate: ‘[01m[Ktemplate<class _Tp> cv::Point3_<_Tp> cv::operator-(const cv::Point3_<_Tp>&)[m[K’
[2.564s]  1614 | Point3_<_Tp> [01;36m[Koperator[m[K - (const Point3_<_Tp>& a)
[2.564s]       |              [01;36m[K^~~~~~~~[m[K
[2.564s] [01m[K/usr/include/opencv4/opencv2/core/types.hpp:1614:14:[m[K [01;36m[Knote: [m[K  template argument deduction/substitution failed:
[2.564s] [01m[K/home/megsindelar/Final_Project/ros_ws/src/img_transform/src/video_frequency.cpp:62:89:[m[K [01;36m[Knote: [m[K  ‘[01m[Kstd::chrono::time_point<std::chrono::_V2::system_clock, std::chrono::duration<long int, std::ratio<1, 1000000000> > >[m[K’ is not derived from ‘[01m[Kconst cv::Point3_<_Tp>[m[K’
[2.564s]    62 |             auto elapsed = std::chrono::duration_cast<std::chrono::seconds>(end_total - [01;36m[Kbegin_total[m[K);
[2.564s]       |                                                                                         [01;36m[K^~~~~~~~~~~[m[K
[2.564s] In file included from [01m[K/usr/include/opencv4/opencv2/core.hpp:57[m[K,
[2.564s]                  from [01m[K/usr/include/opencv4/opencv2/core/core.hpp:48[m[K,
[2.565s]                  from [01m[K/opt/ros/humble/include/cv_bridge/cv_bridge/cv_bridge.h:43[m[K,
[2.565s]                  from [01m[K/home/megsindelar/Final_Project/ros_ws/src/img_transform/src/video_frequency.cpp:4[m[K:
[2.565s] [01m[K/usr/include/opencv4/opencv2/core/types.hpp:1815:12:[m[K [01;36m[Knote: [m[Kcandidate: ‘[01m[Ktemplate<class _Tp> cv::Size_<_Tp> cv::operator-(const cv::Size_<_Tp>&, const cv::Size_<_Tp>&)[m[K’
[2.565s]  1815 | Size_<_Tp> [01;36m[Koperator[m[K - (const Size_<_Tp>& a, const Size_<_Tp>& b)
[2.565s]       |            [01;36m[K^~~~~~~~[m[K
[2.565s] [01m[K/usr/include/opencv4/opencv2/core/types.hpp:1815:12:[m[K [01;36m[Knote: [m[K  template argument deduction/substitution failed:
[2.565s] [01m[K/home/megsindelar/Final_Project/ros_ws/src/img_transform/src/video_frequency.cpp:62:89:[m[K [01;36m[Knote: [m[K  ‘[01m[Kstd::chrono::time_point<std::chrono::_V2::system_clock, std::chrono::duration<long int, std::ratio<1, 1000000000> > >[m[K’ is not derived from ‘[01m[Kconst cv::Size_<_Tp>[m[K’
[2.565s]    62 |             auto elapsed = std::chrono::duration_cast<std::chrono::seconds>(end_total - [01;36m[Kbegin_total[m[K);
[2.565s]       |                                                                                         [01;36m[K^~~~~~~~~~~[m[K
[2.565s] In file included from [01m[K/usr/include/opencv4/opencv2/core.hpp:57[m[K,
[2.565s]                  from [01m[K/usr/include/opencv4/opencv2/core/core.hpp:48[m[K,
[2.565s]                  from [01m[K/opt/ros/humble/include/cv_bridge/cv_bridge/cv_bridge.h:43[m[K,
[2.565s]                  from [01m[K/home/megsindelar/Final_Project/ros_ws/src/img_transform/src/video_frequency.cpp:4[m[K:
[2.565s] [01m[K/usr/include/opencv4/opencv2/core/types.hpp:2018:12:[m[K [01;36m[Knote: [m[Kcandidate: ‘[01m[Ktemplate<class _Tp> cv::Rect_<_Tp> cv::operator-(const cv::Rect_<_Tp>&, const cv::Point_<_Tp>&)[m[K’
[2.565s]  2018 | Rect_<_Tp> [01;36m[Koperator[m[K - (const Rect_<_Tp>& a, const Point_<_Tp>& b)
[2.565s]       |            [01;36m[K^~~~~~~~[m[K
[2.565s] [01m[K/usr/include/opencv4/opencv2/core/types.hpp:2018:12:[m[K [01;36m[Knote: [m[K  template argument deduction/substitution failed:
[2.565s] [01m[K/home/megsindelar/Final_Project/ros_ws/src/img_transform/src/video_frequency.cpp:62:89:[m[K [01;36m[Knote: [m[K  ‘[01m[Kstd::chrono::time_point<std::chrono::_V2::system_clock, std::chrono::duration<long int, std::ratio<1, 1000000000> > >[m[K’ is not derived from ‘[01m[Kconst cv::Rect_<_Tp>[m[K’
[2.565s]    62 |             auto elapsed = std::chrono::duration_cast<std::chrono::seconds>(end_total - [01;36m[Kbegin_total[m[K);
[2.565s]       |                                                                                         [01;36m[K^~~~~~~~~~~[m[K
[2.565s] In file included from [01m[K/usr/include/opencv4/opencv2/core.hpp:57[m[K,
[2.565s]                  from [01m[K/usr/include/opencv4/opencv2/core/core.hpp:48[m[K,
[2.565s]                  from [01m[K/opt/ros/humble/include/cv_bridge/cv_bridge/cv_bridge.h:43[m[K,
[2.565s]                  from [01m[K/home/megsindelar/Final_Project/ros_ws/src/img_transform/src/video_frequency.cpp:4[m[K:
[2.565s] [01m[K/usr/include/opencv4/opencv2/core/types.hpp:2030:12:[m[K [01;36m[Knote: [m[Kcandidate: ‘[01m[Ktemplate<class _Tp> cv::Rect_<_Tp> cv::operator-(const cv::Rect_<_Tp>&, const cv::Size_<_Tp>&)[m[K’
[2.565s]  2030 | Rect_<_Tp> [01;36m[Koperator[m[K - (const Rect_<_Tp>& a, const Size_<_Tp>& b)
[2.565s]       |            [01;36m[K^~~~~~~~[m[K
[2.565s] [01m[K/usr/include/opencv4/opencv2/core/types.hpp:2030:12:[m[K [01;36m[Knote: [m[K  template argument deduction/substitution failed:
[2.565s] [01m[K/home/megsindelar/Final_Project/ros_ws/src/img_transform/src/video_frequency.cpp:62:89:[m[K [01;36m[Knote: [m[K  ‘[01m[Kstd::chrono::time_point<std::chrono::_V2::system_clock, std::chrono::duration<long int, std::ratio<1, 1000000000> > >[m[K’ is not derived from ‘[01m[Kconst cv::Rect_<_Tp>[m[K’
[2.566s]    62 |             auto elapsed = std::chrono::duration_cast<std::chrono::seconds>(end_total - [01;36m[Kbegin_total[m[K);
[2.566s]       |                                                                                         [01;36m[K^~~~~~~~~~~[m[K
[2.566s] In file included from [01m[K/usr/include/opencv4/opencv2/core.hpp:57[m[K,
[2.566s]                  from [01m[K/usr/include/opencv4/opencv2/core/core.hpp:48[m[K,
[2.566s]                  from [01m[K/opt/ros/humble/include/cv_bridge/cv_bridge/cv_bridge.h:43[m[K,
[2.566s]                  from [01m[K/home/megsindelar/Final_Project/ros_ws/src/img_transform/src/video_frequency.cpp:4[m[K:
[2.566s] [01m[K/usr/include/opencv4/opencv2/core/types.hpp:2325:14:[m[K [01;36m[Knote: [m[Kcandidate: ‘[01m[Ktemplate<class _Tp> cv::Scalar_<_Tp> cv::operator-(const cv::Scalar_<_Tp>&, const cv::Scalar_<_Tp>&)[m[K’
[2.566s]  2325 | Scalar_<_Tp> [01;36m[Koperator[m[K - (const Scalar_<_Tp>& a, const Scalar_<_Tp>& b)
[2.566s]       |              [01;36m[K^~~~~~~~[m[K
[2.566s] [01m[K/usr/include/opencv4/opencv2/core/types.hpp:2325:14:[m[K [01;36m[Knote: [m[K  template argument deduction/substitution failed:
[2.566s] [01m[K/home/megsindelar/Final_Project/ros_ws/src/img_transform/src/video_frequency.cpp:62:89:[m[K [01;36m[Knote: [m[K  ‘[01m[Kstd::chrono::time_point<std::chrono::_V2::system_clock, std::chrono::duration<long int, std::ratio<1, 1000000000> > >[m[K’ is not derived from ‘[01m[Kconst cv::Scalar_<_Tp>[m[K’
[2.566s]    62 |             auto elapsed = std::chrono::duration_cast<std::chrono::seconds>(end_total - [01;36m[Kbegin_total[m[K);
[2.566s]       |                                                                                         [01;36m[K^~~~~~~~~~~[m[K
[2.566s] In file included from [01m[K/usr/include/opencv4/opencv2/core.hpp:57[m[K,
[2.566s]                  from [01m[K/usr/include/opencv4/opencv2/core/core.hpp:48[m[K,
[2.566s]                  from [01m[K/opt/ros/humble/include/cv_bridge/cv_bridge/cv_bridge.h:43[m[K,
[2.566s]                  from [01m[K/home/megsindelar/Final_Project/ros_ws/src/img_transform/src/video_frequency.cpp:4[m[K:
[2.566s] [01m[K/usr/include/opencv4/opencv2/core/types.hpp:2349:14:[m[K [01;36m[Knote: [m[Kcandidate: ‘[01m[Ktemplate<class _Tp> cv::Scalar_<_Tp> cv::operator-(const cv::Scalar_<_Tp>&)[m[K’
[2.566s]  2349 | Scalar_<_Tp> [01;36m[Koperator[m[K - (const Scalar_<_Tp>& a)
[2.566s]       |              [01;36m[K^~~~~~~~[m[K
[2.566s] [01m[K/usr/include/opencv4/opencv2/core/types.hpp:2349:14:[m[K [01;36m[Knote: [m[K  template argument deduction/substitution failed:
[2.566s] [01m[K/home/megsindelar/Final_Project/ros_ws/src/img_transform/src/video_frequency.cpp:62:89:[m[K [01;36m[Knote: [m[K  ‘[01m[Kstd::chrono::time_point<std::chrono::_V2::system_clock, std::chrono::duration<long int, std::ratio<1, 1000000000> > >[m[K’ is not derived from ‘[01m[Kconst cv::Scalar_<_Tp>[m[K’
[2.566s]    62 |             auto elapsed = std::chrono::duration_cast<std::chrono::seconds>(end_total - [01;36m[Kbegin_total[m[K);
[2.566s]       |                                                                                         [01;36m[K^~~~~~~~~~~[m[K
[2.566s] In file included from [01m[K/usr/include/opencv4/opencv2/core.hpp:58[m[K,
[2.566s]                  from [01m[K/usr/include/opencv4/opencv2/core/core.hpp:48[m[K,
[2.566s]                  from [01m[K/opt/ros/humble/include/cv_bridge/cv_bridge/cv_bridge.h:43[m[K,
[2.566s]                  from [01m[K/home/megsindelar/Final_Project/ros_ws/src/img_transform/src/video_frequency.cpp:4[m[K:
[2.566s] [01m[K/usr/include/opencv4/opencv2/core/mat.hpp:3619:9:[m[K [01;36m[Knote: [m[Kcandidate: ‘[01m[Ktemplate<class _Tp, int m, int n> cv::MatExpr cv::operator-(const cv::Mat&, const cv::Matx<_Tp, m, n>&)[m[K’
[2.566s]  3619 | MatExpr [01;36m[Koperator[m[K - (const Mat& a, const Matx<_Tp, m, n>& b) { return a - Mat(b); }
[2.567s]       |         [01;36m[K^~~~~~~~[m[K
[2.567s] [01m[K/usr/include/opencv4/opencv2/core/mat.hpp:3619:9:[m[K [01;36m[Knote: [m[K  template argument deduction/substitution failed:
[2.567s] [01m[K/home/megsindelar/Final_Project/ros_ws/src/img_transform/src/video_frequency.cpp:62:89:[m[K [01;36m[Knote: [m[K  mismatched types ‘[01m[Kconst cv::Matx<_Tp, m, n>[m[K’ and ‘[01m[Kint[m[K’
[2.567s]    62 |             auto elapsed = std::chrono::duration_cast<std::chrono::seconds>(end_total - [01;36m[Kbegin_total[m[K);
[2.567s]       |                                                                                         [01;36m[K^~~~~~~~~~~[m[K
[2.567s] In file included from [01m[K/usr/include/opencv4/opencv2/core.hpp:58[m[K,
[2.567s]                  from [01m[K/usr/include/opencv4/opencv2/core/core.hpp:48[m[K,
[2.567s]                  from [01m[K/opt/ros/humble/include/cv_bridge/cv_bridge/cv_bridge.h:43[m[K,
[2.567s]                  from [01m[K/home/megsindelar/Final_Project/ros_ws/src/img_transform/src/video_frequency.cpp:4[m[K:
[2.567s] [01m[K/usr/include/opencv4/opencv2/core/mat.hpp:3621:9:[m[K [01;36m[Knote: [m[Kcandidate: ‘[01m[Ktemplate<class _Tp, int m, int n> cv::MatExpr cv::operator-(const cv::Matx<_Tp, m, n>&, const cv::Mat&)[m[K’
[2.567s]  3621 | MatExpr [01;36m[Koperator[m[K - (const Matx<_Tp, m, n>& a, const Mat& b) { return Mat(a) - b; }
[2.567s]       |         [01;36m[K^~~~~~~~[m[K
[2.567s] [01m[K/usr/include/opencv4/opencv2/core/mat.hpp:3621:9:[m[K [01;36m[Knote: [m[K  template argument deduction/substitution failed:
[2.567s] [01m[K/home/megsindelar/Final_Project/ros_ws/src/img_transform/src/video_frequency.cpp:62:89:[m[K [01;36m[Knote: [m[K  ‘[01m[Kstd::chrono::time_point<std::chrono::_V2::system_clock, std::chrono::duration<long int, std::ratio<1, 1000000000> > >[m[K’ is not derived from ‘[01m[Kconst cv::Matx<_Tp, m, n>[m[K’
[2.567s]    62 |             auto elapsed = std::chrono::duration_cast<std::chrono::seconds>(end_total - [01;36m[Kbegin_total[m[K);
[2.567s]       |                                                                                         [01;36m[K^~~~~~~~~~~[m[K
[2.567s] In file included from [01m[K/usr/include/opencv4/opencv2/core/mat.hpp:3764[m[K,
[2.567s]                  from [01m[K/usr/include/opencv4/opencv2/core.hpp:58[m[K,
[2.567s]                  from [01m[K/usr/include/opencv4/opencv2/core/core.hpp:48[m[K,
[2.567s]                  from [01m[K/opt/ros/humble/include/cv_bridge/cv_bridge/cv_bridge.h:43[m[K,
[2.567s]                  from [01m[K/home/megsindelar/Final_Project/ros_ws/src/img_transform/src/video_frequency.cpp:4[m[K:
[2.567s] [01m[K/usr/include/opencv4/opencv2/core/mat.inl.hpp:2601:24:[m[K [01;36m[Knote: [m[Kcandidate: ‘[01m[Ktemplate<class _Tp> cv::MatConstIterator_<_Tp> cv::operator-(const cv::MatConstIterator_<_Tp>&, ptrdiff_t)[m[K’
[2.567s]  2601 | MatConstIterator_<_Tp> [01;36m[Koperator[m[K - (const MatConstIterator_<_Tp>& a, ptrdiff_t ofs)
[2.567s]       |                        [01;36m[K^~~~~~~~[m[K
[2.567s] [01m[K/usr/include/opencv4/opencv2/core/mat.inl.hpp:2601:24:[m[K [01;36m[Knote: [m[K  template argument deduction/substitution failed:
[2.567s] [01m[K/home/megsindelar/Final_Project/ros_ws/src/img_transform/src/video_frequency.cpp:62:89:[m[K [01;36m[Knote: [m[K  ‘[01m[Kstd::chrono::time_point<std::chrono::_V2::system_clock, std::chrono::duration<long int, std::ratio<1, 1000000000> > >[m[K’ is not derived from ‘[01m[Kconst cv::MatConstIterator_<_Tp>[m[K’
[2.567s]    62 |             auto elapsed = std::chrono::duration_cast<std::chrono::seconds>(end_total - [01;36m[Kbegin_total[m[K);
[2.567s]       |                                                                                         [01;36m[K^~~~~~~~~~~[m[K
[2.567s] In file included from [01m[K/usr/include/opencv4/opencv2/core/mat.hpp:3764[m[K,
[2.568s]                  from [01m[K/usr/include/opencv4/opencv2/core.hpp:58[m[K,
[2.568s]                  from [01m[K/usr/include/opencv4/opencv2/core/core.hpp:48[m[K,
[2.568s]                  from [01m[K/opt/ros/humble/include/cv_bridge/cv_bridge/cv_bridge.h:43[m[K,
[2.568s]                  from [01m[K/home/megsindelar/Final_Project/ros_ws/src/img_transform/src/video_frequency.cpp:4[m[K:
[2.568s] [01m[K/usr/include/opencv4/opencv2/core/mat.inl.hpp:2738:19:[m[K [01;36m[Knote: [m[Kcandidate: ‘[01m[Ktemplate<class _Tp> cv::MatIterator_<_Tp> cv::operator-(const cv::MatIterator_<_Tp>&, ptrdiff_t)[m[K’
[2.568s]  2738 | MatIterator_<_Tp> [01;36m[Koperator[m[K - (const MatIterator_<_Tp>& a, ptrdiff_t ofs)
[2.568s]       |                   [01;36m[K^~~~~~~~[m[K
[2.568s] [01m[K/usr/include/opencv4/opencv2/core/mat.inl.hpp:2738:19:[m[K [01;36m[Knote: [m[K  template argument deduction/substitution failed:
[2.568s] [01m[K/home/megsindelar/Final_Project/ros_ws/src/img_transform/src/video_frequency.cpp:62:89:[m[K [01;36m[Knote: [m[K  ‘[01m[Kstd::chrono::time_point<std::chrono::_V2::system_clock, std::chrono::duration<long int, std::ratio<1, 1000000000> > >[m[K’ is not derived from ‘[01m[Kconst cv::MatIterator_<_Tp>[m[K’
[2.568s]    62 |             auto elapsed = std::chrono::duration_cast<std::chrono::seconds>(end_total - [01;36m[Kbegin_total[m[K);
[2.568s]       |                                                                                         [01;36m[K^~~~~~~~~~~[m[K
[2.568s] In file included from [01m[K/usr/include/opencv4/opencv2/imgproc/types_c.h:46[m[K,
[2.568s]                  from [01m[K/opt/ros/humble/include/cv_bridge/cv_bridge/cv_bridge.h:45[m[K,
[2.568s]                  from [01m[K/home/megsindelar/Final_Project/ros_ws/src/img_transform/src/video_frequency.cpp:4[m[K:
[2.568s] [01m[K/usr/include/opencv4/opencv2/core/core_c.h:3098:41:[m[K [01;36m[Knote: [m[Kcandidate: ‘[01m[Ktemplate<class _Tp> ptrdiff_t cv::operator-(const cv::SeqIterator<_Tp>&, const cv::SeqIterator<_Tp>&)[m[K’
[2.568s]  3098 | template<typename _Tp> inline ptrdiff_t [01;36m[Koperator[m[K - (const SeqIterator<_Tp>& a,
[2.568s]       |                                         [01;36m[K^~~~~~~~[m[K
[2.568s] [01m[K/usr/include/opencv4/opencv2/core/core_c.h:3098:41:[m[K [01;36m[Knote: [m[K  template argument deduction/substitution failed:
[2.568s] [01m[K/home/megsindelar/Final_Project/ros_ws/src/img_transform/src/video_frequency.cpp:62:89:[m[K [01;36m[Knote: [m[K  ‘[01m[Kstd::chrono::time_point<std::chrono::_V2::system_clock, std::chrono::duration<long int, std::ratio<1, 1000000000> > >[m[K’ is not derived from ‘[01m[Kconst cv::SeqIterator<_Tp>[m[K’
[2.568s]    62 |             auto elapsed = std::chrono::duration_cast<std::chrono::seconds>(end_total - [01;36m[Kbegin_total[m[K);
[2.568s]       |                                                                                         [01;36m[K^~~~~~~~~~~[m[K
[2.568s] In file included from [01m[K/usr/include/c++/11/mutex:39[m[K,
[2.568s]                  from [01m[K/usr/include/c++/11/future:38[m[K,
[2.568s]                  from [01m[K/opt/ros/humble/include/rclcpp/rclcpp/executors.hpp:18[m[K,
[2.568s]                  from [01m[K/opt/ros/humble/include/rclcpp/rclcpp/rclcpp.hpp:155[m[K,
[2.568s]                  from [01m[K/home/megsindelar/Final_Project/ros_ws/src/img_transform/src/video_frequency.cpp:2[m[K:
[2.568s] [01m[K/usr/include/c++/11/chrono:660:7:[m[K [01;36m[Knote: [m[Kcandidate: ‘[01m[Ktemplate<class _Rep1, class _Period1, class _Rep2, class _Period2> constexpr typename std::common_type<std::chrono::duration<_Rep1, _Period1>, std::chrono::duration<_Rep2, _Period2> >::type std::chrono::operator-(const std::chrono::duration<_Rep1, _Period1>&, const std::chrono::duration<_Rep2, _Period2>&)[m[K’
[2.568s]   660 |       [01;36m[Koperator[m[K-(const duration<_Rep1, _Period1>& __lhs,
[2.568s]       |       [01;36m[K^~~~~~~~[m[K
[2.568s] [01m[K/usr/include/c++/11/chrono:660:7:[m[K [01;36m[Knote: [m[K  template argument deduction/substitution failed:
[2.568s] [01m[K/home/megsindelar/Final_Project/ros_ws/src/img_transform/src/video_frequency.cpp:62:89:[m[K [01;36m[Knote: [m[K  ‘[01m[Kstd::chrono::time_point<std::chrono::_V2::system_clock, std::chrono::duration<long int, std::ratio<1, 1000000000> > >[m[K’ is not derived from ‘[01m[Kconst std::chrono::duration<_Rep1, _Period1>[m[K’
[2.568s]    62 |             auto elapsed = std::chrono::duration_cast<std::chrono::seconds>(end_total - [01;36m[Kbegin_total[m[K);
[2.569s]       |                                                                                         [01;36m[K^~~~~~~~~~~[m[K
[2.569s] In file included from [01m[K/usr/include/c++/11/mutex:39[m[K,
[2.569s]                  from [01m[K/usr/include/c++/11/future:38[m[K,
[2.569s]                  from [01m[K/opt/ros/humble/include/rclcpp/rclcpp/executors.hpp:18[m[K,
[2.569s]                  from [01m[K/opt/ros/humble/include/rclcpp/rclcpp/rclcpp.hpp:155[m[K,
[2.569s]                  from [01m[K/home/megsindelar/Final_Project/ros_ws/src/img_transform/src/video_frequency.cpp:2[m[K:
[2.569s] [01m[K/usr/include/c++/11/chrono:1030:7:[m[K [01;36m[Knote: [m[Kcandidate: ‘[01m[Ktemplate<class _Clock, class _Dur1, class _Rep2, class _Period2> constexpr std::chrono::time_point<_Clock, typename std::common_type<_Dur1, std::chrono::duration<_Rep2, _Period2> >::type> std::chrono::operator-(const std::chrono::time_point<_Clock, _Duration1>&, const std::chrono::duration<_Rep2, _Period2>&)[m[K’
[2.569s]  1030 |       [01;36m[Koperator[m[K-(const time_point<_Clock, _Dur1>& __lhs,
[2.569s]       |       [01;36m[K^~~~~~~~[m[K
[2.569s] [01m[K/usr/include/c++/11/chrono:1030:7:[m[K [01;36m[Knote: [m[K  template argument deduction/substitution failed:
[2.569s] [01m[K/home/megsindelar/Final_Project/ros_ws/src/img_transform/src/video_frequency.cpp:62:89:[m[K [01;36m[Knote: [m[K  mismatched types ‘[01m[Kconst std::chrono::duration<_Rep2, _Period2>[m[K’ and ‘[01m[Kint[m[K’
[2.569s]    62 |             auto elapsed = std::chrono::duration_cast<std::chrono::seconds>(end_total - [01;36m[Kbegin_total[m[K);
[2.569s]       |                                                                                         [01;36m[K^~~~~~~~~~~[m[K
[2.569s] In file included from [01m[K/usr/include/c++/11/mutex:39[m[K,
[2.569s]                  from [01m[K/usr/include/c++/11/future:38[m[K,
[2.569s]                  from [01m[K/opt/ros/humble/include/rclcpp/rclcpp/executors.hpp:18[m[K,
[2.569s]                  from [01m[K/opt/ros/humble/include/rclcpp/rclcpp/rclcpp.hpp:155[m[K,
[2.569s]                  from [01m[K/home/megsindelar/Final_Project/ros_ws/src/img_transform/src/video_frequency.cpp:2[m[K:
[2.569s] [01m[K/usr/include/c++/11/chrono:1042:7:[m[K [01;36m[Knote: [m[Kcandidate: ‘[01m[Ktemplate<class _Clock, class _Dur1, class _Dur2> constexpr typename std::common_type<_Duration1, _Duration2>::type std::chrono::operator-(const std::chrono::time_point<_Clock, _Duration1>&, const std::chrono::time_point<_Clock, _Duration2>&)[m[K’
[2.569s]  1042 |       [01;36m[Koperator[m[K-(const time_point<_Clock, _Dur1>& __lhs,
[2.569s]       |       [01;36m[K^~~~~~~~[m[K
[2.569s] [01m[K/usr/include/c++/11/chrono:1042:7:[m[K [01;36m[Knote: [m[K  template argument deduction/substitution failed:
[2.569s] [01m[K/home/megsindelar/Final_Project/ros_ws/src/img_transform/src/video_frequency.cpp:62:89:[m[K [01;36m[Knote: [m[K  mismatched types ‘[01m[Kconst std::chrono::time_point<_Clock, _Duration2>[m[K’ and ‘[01m[Kint[m[K’
[2.569s]    62 |             auto elapsed = std::chrono::duration_cast<std::chrono::seconds>(end_total - [01;36m[Kbegin_total[m[K);
[2.569s]       |                                                                                         [01;36m[K^~~~~~~~~~~[m[K
[2.569s] In file included from [01m[K/usr/include/opencv4/opencv2/core.hpp:57[m[K,
[2.569s]                  from [01m[K/usr/include/opencv4/opencv2/core/core.hpp:48[m[K,
[2.569s]                  from [01m[K/opt/ros/humble/include/cv_bridge/cv_bridge/cv_bridge.h:43[m[K,
[2.569s]                  from [01m[K/home/megsindelar/Final_Project/ros_ws/src/img_transform/src/video_frequency.cpp:4[m[K:
[2.569s] [01m[K/usr/include/opencv4/opencv2/core/types.hpp:2158:7:[m[K [01;36m[Knote: [m[Kcandidate: ‘[01m[Kcv::Range cv::operator-(const cv::Range&, int)[m[K’
[2.569s]  2158 | Range [01;36m[Koperator[m[K - (const Range& r1, int delta)
[2.569s]       |       [01;36m[K^~~~~~~~[m[K
[2.569s] [01m[K/usr/include/opencv4/opencv2/core/types.hpp:2158:32:[m[K [01;36m[Knote: [m[K  no known conversion for argument 1 from ‘[01m[Kstd::chrono::time_point<std::chrono::_V2::system_clock, std::chrono::duration<long int, std::ratio<1, 1000000000> > >[m[K’ to ‘[01m[Kconst cv::Range&[m[K’
[2.569s]  2158 | Range operator - ([01;36m[Kconst Range& r1[m[K, int delta)
[2.570s]       |                   [01;36m[K~~~~~~~~~~~~~^~[m[K
[2.570s] In file included from [01m[K/usr/include/opencv4/opencv2/core.hpp:58[m[K,
[2.570s]                  from [01m[K/usr/include/opencv4/opencv2/core/core.hpp:48[m[K,
[2.570s]                  from [01m[K/opt/ros/humble/include/cv_bridge/cv_bridge/cv_bridge.h:43[m[K,
[2.570s]                  from [01m[K/home/megsindelar/Final_Project/ros_ws/src/img_transform/src/video_frequency.cpp:4[m[K:
[2.570s] [01m[K/usr/include/opencv4/opencv2/core/mat.hpp:3610:20:[m[K [01;36m[Knote: [m[Kcandidate: ‘[01m[Kcv::MatExpr cv::operator-(const cv::Mat&, const cv::Mat&)[m[K’
[2.570s]  3610 | CV_EXPORTS MatExpr [01;36m[Koperator[m[K - (const Mat& a, const Mat& b);
[2.570s]       |                    [01;36m[K^~~~~~~~[m[K
[2.570s] [01m[K/usr/include/opencv4/opencv2/core/mat.hpp:3610:43:[m[K [01;36m[Knote: [m[K  no known conversion for argument 1 from ‘[01m[Kstd::chrono::time_point<std::chrono::_V2::system_clock, std::chrono::duration<long int, std::ratio<1, 1000000000> > >[m[K’ to ‘[01m[Kconst cv::Mat&[m[K’
[2.570s]  3610 | CV_EXPORTS MatExpr operator - ([01;36m[Kconst Mat& a[m[K, const Mat& b);
[2.570s]       |                                [01;36m[K~~~~~~~~~~~^[m[K
[2.570s] [01m[K/usr/include/opencv4/opencv2/core/mat.hpp:3611:20:[m[K [01;36m[Knote: [m[Kcandidate: ‘[01m[Kcv::MatExpr cv::operator-(const cv::Mat&, const Scalar&)[m[K’
[2.570s]  3611 | CV_EXPORTS MatExpr [01;36m[Koperator[m[K - (const Mat& a, const Scalar& s);
[2.570s]       |                    [01;36m[K^~~~~~~~[m[K
[2.570s] [01m[K/usr/include/opencv4/opencv2/core/mat.hpp:3611:43:[m[K [01;36m[Knote: [m[K  no known conversion for argument 1 from ‘[01m[Kstd::chrono::time_point<std::chrono::_V2::system_clock, std::chrono::duration<long int, std::ratio<1, 1000000000> > >[m[K’ to ‘[01m[Kconst cv::Mat&[m[K’
[2.570s]  3611 | CV_EXPORTS MatExpr operator - ([01;36m[Kconst Mat& a[m[K, const Scalar& s);
[2.570s]       |                                [01;36m[K~~~~~~~~~~~^[m[K
[2.570s] [01m[K/usr/include/opencv4/opencv2/core/mat.hpp:3612:20:[m[K [01;36m[Knote: [m[Kcandidate: ‘[01m[Kcv::MatExpr cv::operator-(const Scalar&, const cv::Mat&)[m[K’
[2.570s]  3612 | CV_EXPORTS MatExpr [01;36m[Koperator[m[K - (const Scalar& s, const Mat& a);
[2.570s]       |                    [01;36m[K^~~~~~~~[m[K
[2.570s] [01m[K/usr/include/opencv4/opencv2/core/mat.hpp:3612:46:[m[K [01;36m[Knote: [m[K  no known conversion for argument 1 from ‘[01m[Kstd::chrono::time_point<std::chrono::_V2::system_clock, std::chrono::duration<long int, std::ratio<1, 1000000000> > >[m[K’ to ‘[01m[Kconst Scalar&[m[K’ {aka ‘[01m[Kconst cv::Scalar_<double>&[m[K’}
[2.570s]  3612 | CV_EXPORTS MatExpr operator - ([01;36m[Kconst Scalar& s[m[K, const Mat& a);
[2.570s]       |                                [01;36m[K~~~~~~~~~~~~~~^[m[K
[2.570s] [01m[K/usr/include/opencv4/opencv2/core/mat.hpp:3613:20:[m[K [01;36m[Knote: [m[Kcandidate: ‘[01m[Kcv::MatExpr cv::operator-(const cv::MatExpr&, const cv::Mat&)[m[K’
[2.570s]  3613 | CV_EXPORTS MatExpr [01;36m[Koperator[m[K - (const MatExpr& e, const Mat& m);
[2.570s]       |                    [01;36m[K^~~~~~~~[m[K
[2.570s] [01m[K/usr/include/opencv4/opencv2/core/mat.hpp:3613:47:[m[K [01;36m[Knote: [m[K  no known conversion for argument 1 from ‘[01m[Kstd::chrono::time_point<std::chrono::_V2::system_clock, std::chrono::duration<long int, std::ratio<1, 1000000000> > >[m[K’ to ‘[01m[Kconst cv::MatExpr&[m[K’
[2.570s]  3613 | CV_EXPORTS MatExpr operator - ([01;36m[Kconst MatExpr& e[m[K, const Mat& m);
[2.570s]       |                                [01;36m[K~~~~~~~~~~~~~~~^[m[K
[2.570s] [01m[K/usr/include/opencv4/opencv2/core/mat.hpp:3614:20:[m[K [01;36m[Knote: [m[Kcandidate: ‘[01m[Kcv::MatExpr cv::operator-(const cv::Mat&, const cv::MatExpr&)[m[K’
[2.570s]  3614 | CV_EXPORTS MatExpr [01;36m[Koperator[m[K - (const Mat& m, const MatExpr& e);
[2.570s]       |                    [01;36m[K^~~~~~~~[m[K
[2.570s] [01m[K/usr/include/opencv4/opencv2/core/mat.hpp:3614:43:[m[K [01;36m[Knote: [m[K  no known conversion for argument 1 from ‘[01m[Kstd::chrono::time_point<std::chrono::_V2::system_clock, std::chrono::duration<long int, std::ratio<1, 1000000000> > >[m[K’ to ‘[01m[Kconst cv::Mat&[m[K’
[2.570s]  3614 | CV_EXPORTS MatExpr operator - ([01;36m[Kconst Mat& m[m[K, const MatExpr& e);
[2.570s]       |                                [01;36m[K~~~~~~~~~~~^[m[K
[2.571s] [01m[K/usr/include/opencv4/opencv2/core/mat.hpp:3615:20:[m[K [01;36m[Knote: [m[Kcandidate: ‘[01m[Kcv::MatExpr cv::operator-(const cv::MatExpr&, const Scalar&)[m[K’
[2.571s]  3615 | CV_EXPORTS MatExpr [01;36m[Koperator[m[K - (const MatExpr& e, const Scalar& s);
[2.571s]       |                    [01;36m[K^~~~~~~~[m[K
[2.571s] [01m[K/usr/include/opencv4/opencv2/core/mat.hpp:3615:47:[m[K [01;36m[Knote: [m[K  no known conversion for argument 1 from ‘[01m[Kstd::chrono::time_point<std::chrono::_V2::system_clock, std::chrono::duration<long int, std::ratio<1, 1000000000> > >[m[K’ to ‘[01m[Kconst cv::MatExpr&[m[K’
[2.571s]  3615 | CV_EXPORTS MatExpr operator - ([01;36m[Kconst MatExpr& e[m[K, const Scalar& s);
[2.571s]       |                                [01;36m[K~~~~~~~~~~~~~~~^[m[K
[2.571s] [01m[K/usr/include/opencv4/opencv2/core/mat.hpp:3616:20:[m[K [01;36m[Knote: [m[Kcandidate: ‘[01m[Kcv::MatExpr cv::operator-(const Scalar&, const cv::MatExpr&)[m[K’
[2.571s]  3616 | CV_EXPORTS MatExpr [01;36m[Koperator[m[K - (const Scalar& s, const MatExpr& e);
[2.571s]       |                    [01;36m[K^~~~~~~~[m[K
[2.571s] [01m[K/usr/include/opencv4/opencv2/core/mat.hpp:3616:46:[m[K [01;36m[Knote: [m[K  no known conversion for argument 1 from ‘[01m[Kstd::chrono::time_point<std::chrono::_V2::system_clock, std::chrono::duration<long int, std::ratio<1, 1000000000> > >[m[K’ to ‘[01m[Kconst Scalar&[m[K’ {aka ‘[01m[Kconst cv::Scalar_<double>&[m[K’}
[2.571s]  3616 | CV_EXPORTS MatExpr operator - ([01;36m[Kconst Scalar& s[m[K, const MatExpr& e);
[2.571s]       |                                [01;36m[K~~~~~~~~~~~~~~^[m[K
[2.571s] [01m[K/usr/include/opencv4/opencv2/core/mat.hpp:3617:20:[m[K [01;36m[Knote: [m[Kcandidate: ‘[01m[Kcv::MatExpr cv::operator-(const cv::MatExpr&, const cv::MatExpr&)[m[K’
[2.571s]  3617 | CV_EXPORTS MatExpr [01;36m[Koperator[m[K - (const MatExpr& e1, const MatExpr& e2);
[2.571s]       |                    [01;36m[K^~~~~~~~[m[K
[2.571s] [01m[K/usr/include/opencv4/opencv2/core/mat.hpp:3617:47:[m[K [01;36m[Knote: [m[K  no known conversion for argument 1 from ‘[01m[Kstd::chrono::time_point<std::chrono::_V2::system_clock, std::chrono::duration<long int, std::ratio<1, 1000000000> > >[m[K’ to ‘[01m[Kconst cv::MatExpr&[m[K’
[2.571s]  3617 | CV_EXPORTS MatExpr operator - ([01;36m[Kconst MatExpr& e1[m[K, const MatExpr& e2);
[2.571s]       |                                [01;36m[K~~~~~~~~~~~~~~~^~[m[K
[2.571s] [01m[K/usr/include/opencv4/opencv2/core/mat.hpp:3623:20:[m[K [01;36m[Knote: [m[Kcandidate: ‘[01m[Kcv::MatExpr cv::operator-(const cv::Mat&)[m[K’
[2.571s]  3623 | CV_EXPORTS MatExpr [01;36m[Koperator[m[K - (const Mat& m);
[2.571s]       |                    [01;36m[K^~~~~~~~[m[K
[2.571s] [01m[K/usr/include/opencv4/opencv2/core/mat.hpp:3623:20:[m[K [01;36m[Knote: [m[K  candidate expects 1 argument, 2 provided
[2.571s] [01m[K/usr/include/opencv4/opencv2/core/mat.hpp:3624:20:[m[K [01;36m[Knote: [m[Kcandidate: ‘[01m[Kcv::MatExpr cv::operator-(const cv::MatExpr&)[m[K’
[2.571s]  3624 | CV_EXPORTS MatExpr [01;36m[Koperator[m[K - (const MatExpr& e);
[2.571s]       |                    [01;36m[K^~~~~~~~[m[K
[2.571s] [01m[K/usr/include/opencv4/opencv2/core/mat.hpp:3624:20:[m[K [01;36m[Knote: [m[K  candidate expects 1 argument, 2 provided
[2.571s] In file included from [01m[K/usr/include/opencv4/opencv2/core/mat.hpp:3764[m[K,
[2.571s]                  from [01m[K/usr/include/opencv4/opencv2/core.hpp:58[m[K,
[2.571s]                  from [01m[K/usr/include/opencv4/opencv2/core/core.hpp:48[m[K,
[2.571s]                  from [01m[K/opt/ros/humble/include/cv_bridge/cv_bridge/cv_bridge.h:43[m[K,
[2.571s]                  from [01m[K/home/megsindelar/Final_Project/ros_ws/src/img_transform/src/video_frequency.cpp:4[m[K:
[2.571s] [01m[K/usr/include/opencv4/opencv2/core/mat.inl.hpp:2428:11:[m[K [01;36m[Knote: [m[Kcandidate: ‘[01m[Kptrdiff_t cv::operator-(const cv::MatConstIterator&, const cv::MatConstIterator&)[m[K’
[2.571s]  2428 | ptrdiff_t [01;36m[Koperator[m[K - (const MatConstIterator& b, const MatConstIterator& a)
[2.572s]       |           [01;36m[K^~~~~~~~[m[K
[2.572s] [01m[K/usr/include/opencv4/opencv2/core/mat.inl.hpp:2428:47:[m[K [01;36m[Knote: [m[K  no known conversion for argument 1 from ‘[01m[Kstd::chrono::time_point<std::chrono::_V2::system_clock, std::chrono::duration<long int, std::ratio<1, 1000000000> > >[m[K’ to ‘[01m[Kconst cv::MatConstIterator&[m[K’
[2.572s]  2428 | ptrdiff_t operator - ([01;36m[Kconst MatConstIterator& b[m[K, const MatConstIterator& a)
[2.572s]       |                       [01;36m[K~~~~~~~~~~~~~~~~~~~~~~~~^[m[K
[2.572s] [01m[K/usr/include/opencv4/opencv2/core/mat.inl.hpp:2453:18:[m[K [01;36m[Knote: [m[Kcandidate: ‘[01m[Kcv::MatConstIterator cv::operator-(const cv::MatConstIterator&, ptrdiff_t)[m[K’
[2.572s]  2453 | MatConstIterator [01;36m[Koperator[m[K - (const MatConstIterator& a, ptrdiff_t ofs)
[2.572s]       |                  [01;36m[K^~~~~~~~[m[K
[2.572s] [01m[K/usr/include/opencv4/opencv2/core/mat.inl.hpp:2453:54:[m[K [01;36m[Knote: [m[K  no known conversion for argument 1 from ‘[01m[Kstd::chrono::time_point<std::chrono::_V2::system_clock, std::chrono::duration<long int, std::ratio<1, 1000000000> > >[m[K’ to ‘[01m[Kconst cv::MatConstIterator&[m[K’
[2.572s]  2453 | MatConstIterator operator - ([01;36m[Kconst MatConstIterator& a[m[K, ptrdiff_t ofs)
[2.572s]       |                              [01;36m[K~~~~~~~~~~~~~~~~~~~~~~~~^[m[K
[2.572s] In file included from [01m[K/usr/include/opencv4/opencv2/core.hpp:59[m[K,
[2.572s]                  from [01m[K/usr/include/opencv4/opencv2/core/core.hpp:48[m[K,
[2.572s]                  from [01m[K/opt/ros/humble/include/cv_bridge/cv_bridge/cv_bridge.h:43[m[K,
[2.572s]                  from [01m[K/home/megsindelar/Final_Project/ros_ws/src/img_transform/src/video_frequency.cpp:4[m[K:
[2.572s] [01m[K/usr/include/opencv4/opencv2/core/persistence.hpp:1335:11:[m[K [01;36m[Knote: [m[Kcandidate: ‘[01m[Kptrdiff_t cv::operator-(const cv::FileNodeIterator&, const cv::FileNodeIterator&)[m[K’
[2.572s]  1335 | ptrdiff_t [01;36m[Koperator[m[K - (const FileNodeIterator& it1, const FileNodeIterator& it2)
[2.572s]       |           [01;36m[K^~~~~~~~[m[K
[2.572s] [01m[K/usr/include/opencv4/opencv2/core/persistence.hpp:1335:47:[m[K [01;36m[Knote: [m[K  no known conversion for argument 1 from ‘[01m[Kstd::chrono::time_point<std::chrono::_V2::system_clock, std::chrono::duration<long int, std::ratio<1, 1000000000> > >[m[K’ to ‘[01m[Kconst cv::FileNodeIterator&[m[K’
[2.572s]  1335 | ptrdiff_t operator - ([01;36m[Kconst FileNodeIterator& it1[m[K, const FileNodeIterator& it2)
[2.572s]       |                       [01;36m[K~~~~~~~~~~~~~~~~~~~~~~~~^~~[m[K
[2.572s] [01m[K/home/megsindelar/Final_Project/ros_ws/src/img_transform/src/video_frequency.cpp:67:70:[m[K [01;31m[Kerror: [m[Kcannot convert ‘[01m[Kstd::chrono::_V2::system_clock::time_point[m[K’ {aka ‘[01m[Kstd::chrono::time_point<std::chrono::_V2::system_clock, std::chrono::duration<long int, std::ratio<1, 1000000000> > >[m[K’} to ‘[01m[Kint[m[K’ in assignment
[2.572s]    67 |                 begin_total = [01;31m[Kstd::chrono::high_resolution_clock::now()[m[K;
[2.572s]       |                               [01;31m[K~~~~~~~~~~~~~~~~~~~~~~~~~~~~~~~~~~~~~~~^~[m[K
[2.572s]       |                                                                      [01;31m[K|[m[K
[2.572s]       |                                                                      [01;31m[Kstd::chrono::_V2::system_clock::time_point {aka std::chrono::time_point<std::chrono::_V2::system_clock, std::chrono::duration<long int, std::ratio<1, 1000000000> > >}[m[K
[3.149s] gmake[2]: *** [CMakeFiles/video_frequency.dir/build.make:76: CMakeFiles/video_frequency.dir/src/video_frequency.cpp.o] Error 1
[3.149s] gmake[1]: *** [CMakeFiles/Makefile2:165: CMakeFiles/video_frequency.dir/all] Error 2
[3.149s] gmake: *** [Makefile:146: all] Error 2
[3.151s] Invoked command in '/home/megsindelar/Final_Project/ros_ws/build/img_transform' returned '2': CMAKE_PREFIX_PATH=${CMAKE_PREFIX_PATH}:/home/megsindelar/ME_495/Final_Proj/install/attack_of_the_franka:/home/megsindelar/ME_495/Final_Proj/install/moveit_testing:/opt/ros/humble /usr/bin/cmake --build /home/megsindelar/Final_Project/ros_ws/build/img_transform -- -j8 -l8
