[0.016s] Invoking command in '/home/megsindelar/Final_Project/ros_ws/build/active_slam': CMAKE_PREFIX_PATH=${CMAKE_PREFIX_PATH}:/home/megsindelar/ME_495/Final_Proj/install/attack_of_the_franka:/home/megsindelar/ME_495/Final_Proj/install/moveit_testing:/opt/ros/humble /usr/bin/cmake /home/megsindelar/Final_Project/ros_ws/src/active_slam -DCMAKE_INSTALL_PREFIX=/home/megsindelar/Final_Project/ros_ws/install/active_slam
[0.068s] -- The C compiler identification is GNU 11.3.0
[0.119s] -- The CXX compiler identification is GNU 11.3.0
[0.126s] -- Detecting C compiler ABI info
[0.192s] -- Detecting C compiler ABI info - done
[0.198s] -- Check for working C compiler: /usr/bin/cc - skipped
[0.198s] -- Detecting C compile features
[0.199s] -- Detecting C compile features - done
[0.201s] -- Detecting CXX compiler ABI info
[0.282s] -- Detecting CXX compiler ABI info - done
[0.288s] -- Check for working CXX compiler: /usr/bin/c++ - skipped
[0.288s] -- Detecting CXX compile features
[0.288s] -- Detecting CXX compile features - done
[0.294s] -- Found ament_cmake: 1.3.3 (/opt/ros/humble/share/ament_cmake/cmake)
[0.478s] -- Found Python3: /usr/bin/python3.10 (found version "3.10.6") found components: Interpreter 
[0.586s] -- Found ament_lint_auto: 0.12.5 (/opt/ros/humble/share/ament_lint_auto/cmake)
[0.664s] -- Added test 'lint_cmake' to check CMake code style
[0.664s] -- Added test 'xmllint' to check XML markup files
[0.666s] -- Configuring done
[0.668s] -- Generating done
[0.668s] -- Build files have been written to: /home/megsindelar/Final_Project/ros_ws/build/active_slam
[0.672s] Invoked command in '/home/megsindelar/Final_Project/ros_ws/build/active_slam' returned '0': CMAKE_PREFIX_PATH=${CMAKE_PREFIX_PATH}:/home/megsindelar/ME_495/Final_Proj/install/attack_of_the_franka:/home/megsindelar/ME_495/Final_Proj/install/moveit_testing:/opt/ros/humble /usr/bin/cmake /home/megsindelar/Final_Project/ros_ws/src/active_slam -DCMAKE_INSTALL_PREFIX=/home/megsindelar/Final_Project/ros_ws/install/active_slam
[0.675s] Invoking command in '/home/megsindelar/Final_Project/ros_ws/build/active_slam': CMAKE_PREFIX_PATH=${CMAKE_PREFIX_PATH}:/home/megsindelar/ME_495/Final_Proj/install/attack_of_the_franka:/home/megsindelar/ME_495/Final_Proj/install/moveit_testing:/opt/ros/humble /usr/bin/cmake --build /home/megsindelar/Final_Project/ros_ws/build/active_slam -- -j8 -l8
[0.712s] Invoked command in '/home/megsindelar/Final_Project/ros_ws/build/active_slam' returned '0': CMAKE_PREFIX_PATH=${CMAKE_PREFIX_PATH}:/home/megsindelar/ME_495/Final_Proj/install/attack_of_the_franka:/home/megsindelar/ME_495/Final_Proj/install/moveit_testing:/opt/ros/humble /usr/bin/cmake --build /home/megsindelar/Final_Project/ros_ws/build/active_slam -- -j8 -l8
[0.747s] Invoking command in '/home/megsindelar/Final_Project/ros_ws/build/active_slam': CMAKE_PREFIX_PATH=${CMAKE_PREFIX_PATH}:/home/megsindelar/ME_495/Final_Proj/install/attack_of_the_franka:/home/megsindelar/ME_495/Final_Proj/install/moveit_testing:/opt/ros/humble /usr/bin/cmake --install /home/megsindelar/Final_Project/ros_ws/build/active_slam
[0.754s] -- Install configuration: ""
[0.754s] -- Installing: /home/megsindelar/Final_Project/ros_ws/install/active_slam/share/ament_index/resource_index/package_run_dependencies/active_slam
[0.754s] -- Installing: /home/megsindelar/Final_Project/ros_ws/install/active_slam/share/ament_index/resource_index/parent_prefix_path/active_slam
[0.754s] -- Installing: /home/megsindelar/Final_Project/ros_ws/install/active_slam/share/active_slam/environment/ament_prefix_path.sh
[0.754s] -- Installing: /home/megsindelar/Final_Project/ros_ws/install/active_slam/share/active_slam/environment/ament_prefix_path.dsv
[0.755s] -- Installing: /home/megsindelar/Final_Project/ros_ws/install/active_slam/share/active_slam/environment/path.sh
[0.755s] -- Installing: /home/megsindelar/Final_Project/ros_ws/install/active_slam/share/active_slam/environment/path.dsv
[0.755s] -- Installing: /home/megsindelar/Final_Project/ros_ws/install/active_slam/share/active_slam/local_setup.bash
[0.755s] -- Installing: /home/megsindelar/Final_Project/ros_ws/install/active_slam/share/active_slam/local_setup.sh
[0.755s] -- Installing: /home/megsindelar/Final_Project/ros_ws/install/active_slam/share/active_slam/local_setup.zsh
[0.755s] -- Installing: /home/megsindelar/Final_Project/ros_ws/install/active_slam/share/active_slam/local_setup.dsv
[0.755s] -- Installing: /home/megsindelar/Final_Project/ros_ws/install/active_slam/share/active_slam/package.dsv
[0.755s] -- Installing: /home/megsindelar/Final_Project/ros_ws/install/active_slam/share/ament_index/resource_index/packages/active_slam
[0.755s] -- Installing: /home/megsindelar/Final_Project/ros_ws/install/active_slam/share/active_slam/cmake/active_slamConfig.cmake
[0.755s] -- Installing: /home/megsindelar/Final_Project/ros_ws/install/active_slam/share/active_slam/cmake/active_slamConfig-version.cmake
[0.756s] -- Installing: /home/megsindelar/Final_Project/ros_ws/install/active_slam/share/active_slam/package.xml
[0.758s] Invoked command in '/home/megsindelar/Final_Project/ros_ws/build/active_slam' returned '0': CMAKE_PREFIX_PATH=${CMAKE_PREFIX_PATH}:/home/megsindelar/ME_495/Final_Proj/install/attack_of_the_franka:/home/megsindelar/ME_495/Final_Proj/install/moveit_testing:/opt/ros/humble /usr/bin/cmake --install /home/megsindelar/Final_Project/ros_ws/build/active_slam
