[0.015s] Invoking command in '/home/megsindelar/Final_Project/raspberry_pi_ws/build/turtlebot_control': CMAKE_PREFIX_PATH=${CMAKE_PREFIX_PATH}:/home/megsindelar/ME_495/Final_Proj/install/attack_of_the_franka:/home/megsindelar/ME_495/Final_Proj/install/moveit_testing:/opt/ros/humble /usr/bin/cmake --build /home/megsindelar/Final_Project/raspberry_pi_ws/build/turtlebot_control -- -j8 -l8
[0.049s] [  3%] Built target turtlebot_control_msg__cpp
[0.049s] [ 12%] Built target turtlebot_control_msg__rosidl_generator_c
[0.056s] [ 12%] Built target ament_cmake_python_copy_turtlebot_control
[0.065s] [ 21%] Built target turtlebot_control_msg__rosidl_typesupport_cpp
[0.065s] [ 30%] Built target turtlebot_control_msg__rosidl_typesupport_introspection_c
[0.067s] [ 48%] Built target turtlebot_control_msg__rosidl_typesupport_c
[0.067s] [ 48%] Built target turtlebot_control_msg__rosidl_typesupport_fastrtps_cpp
[0.069s] [ 57%] Built target turtlebot_control_msg__rosidl_typesupport_introspection_cpp
[0.074s] [ 66%] Built target turtlebot_control_msg__rosidl_typesupport_fastrtps_c
[0.075s] [35m[1mConsolidate compiler generated dependencies of target turtlebot_control[0m
[0.087s] [ 69%] [32mBuilding CXX object CMakeFiles/turtlebot_control.dir/src/turtlebot_control.cpp.o[0m
[0.087s] [ 69%] Built target turtlebot_control_msg
[0.102s] [ 72%] Built target turtlebot_control_msg__py
[0.117s] [ 78%] Built target turtlebot_control_msg__rosidl_generator_py
[0.133s] [ 90%] Built target turtlebot_control__rosidl_typesupport_c__pyext
[0.133s] [ 90%] Built target turtlebot_control__rosidl_typesupport_introspection_c__pyext
[0.137s] [ 96%] Built target turtlebot_control__rosidl_typesupport_fastrtps_c__pyext
[0.251s] running egg_info
[0.251s] writing turtlebot_control.egg-info/PKG-INFO
[0.252s] writing dependency_links to turtlebot_control.egg-info/dependency_links.txt
[0.252s] writing top-level names to turtlebot_control.egg-info/top_level.txt
[0.253s] reading manifest file 'turtlebot_control.egg-info/SOURCES.txt'
[0.253s] writing manifest file 'turtlebot_control.egg-info/SOURCES.txt'
[0.271s] [ 96%] Built target ament_cmake_python_build_turtlebot_control_egg
[1.849s] [01m[K/home/megsindelar/Final_Project/raspberry_pi_ws/src/turtlebot_control/src/turtlebot_control.cpp:[m[K In member function ‘[01m[Kvoid TurtlebotControl::timer_callback()[m[K’:
[1.850s] [01m[K/home/megsindelar/Final_Project/raspberry_pi_ws/src/turtlebot_control/src/turtlebot_control.cpp:91:41:[m[K [01;31m[Kerror: [m[K‘[01m[Klen[m[K’ was not declared in this scope
[1.850s]    91 |                     for (int i = 0; i < [01;31m[Klen[m[K(keypoints_1); i++){
[1.850s]       |                                         [01;31m[K^~~[m[K
[1.850s] [01m[K/home/megsindelar/Final_Project/raspberry_pi_ws/src/turtlebot_control/src/turtlebot_control.cpp:92:56:[m[K [01;31m[Kerror: [m[Kno matching function for call to ‘[01m[Kstd::vector<double, std::allocator<double> >::push_back(__gnu_cxx::__alloc_traits<std::allocator<cv::KeyPoint>, cv::KeyPoint>::value_type&)[m[K’
[1.850s]    92 |                         [01;31m[Kkeypoints.keypoints_1.push_back(keypoints_1.at(i))[m[K;
[1.850s]       |                         [01;31m[K~~~~~~~~~~~~~~~~~~~~~~~~~~~~~~~^~~~~~~~~~~~~~~~~~~[m[K
[1.850s] In file included from [01m[K/usr/include/c++/11/vector:67[m[K,
[1.850s]                  from [01m[K/usr/include/c++/11/functional:62[m[K,
[1.850s]                  from [01m[K/usr/include/c++/11/pstl/glue_algorithm_defs.h:13[m[K,
[1.850s]                  from [01m[K/usr/include/c++/11/algorithm:74[m[K,
[1.850s]                  from [01m[K/opt/ros/humble/include/rclcpp/rclcpp/executor.hpp:18[m[K,
[1.850s]                  from [01m[K/opt/ros/humble/include/rclcpp/rclcpp/executors/multi_threaded_executor.hpp:25[m[K,
[1.850s]                  from [01m[K/opt/ros/humble/include/rclcpp/rclcpp/executors.hpp:21[m[K,
[1.850s]                  from [01m[K/opt/ros/humble/include/rclcpp/rclcpp/rclcpp.hpp:155[m[K,
[1.850s]                  from [01m[K/home/megsindelar/Final_Project/raspberry_pi_ws/src/turtlebot_control/src/turtlebot_control.cpp:2[m[K:
[1.850s] [01m[K/usr/include/c++/11/bits/stl_vector.h:1187:7:[m[K [01;36m[Knote: [m[Kcandidate: ‘[01m[Kvoid std::vector<_Tp, _Alloc>::push_back(const value_type&) [with _Tp = double; _Alloc = std::allocator<double>; std::vector<_Tp, _Alloc>::value_type = double][m[K’
[1.850s]  1187 |       [01;36m[Kpush_back[m[K(const value_type& __x)
[1.850s]       |       [01;36m[K^~~~~~~~~[m[K
[1.850s] [01m[K/usr/include/c++/11/bits/stl_vector.h:1187:35:[m[K [01;36m[Knote: [m[K  no known conversion for argument 1 from ‘[01m[K__gnu_cxx::__alloc_traits<std::allocator<cv::KeyPoint>, cv::KeyPoint>::value_type[m[K’ {aka ‘[01m[Kcv::KeyPoint[m[K’} to ‘[01m[Kconst value_type&[m[K’ {aka ‘[01m[Kconst double&[m[K’}
[1.850s]  1187 |       push_back([01;36m[Kconst value_type& __x[m[K)
[1.850s]       |                 [01;36m[K~~~~~~~~~~~~~~~~~~^~~[m[K
[1.850s] [01m[K/usr/include/c++/11/bits/stl_vector.h:1203:7:[m[K [01;36m[Knote: [m[Kcandidate: ‘[01m[Kvoid std::vector<_Tp, _Alloc>::push_back(std::vector<_Tp, _Alloc>::value_type&&) [with _Tp = double; _Alloc = std::allocator<double>; std::vector<_Tp, _Alloc>::value_type = double][m[K’
[1.850s]  1203 |       [01;36m[Kpush_back[m[K(value_type&& __x)
[1.850s]       |       [01;36m[K^~~~~~~~~[m[K
[1.850s] [01m[K/usr/include/c++/11/bits/stl_vector.h:1203:30:[m[K [01;36m[Knote: [m[K  no known conversion for argument 1 from ‘[01m[K__gnu_cxx::__alloc_traits<std::allocator<cv::KeyPoint>, cv::KeyPoint>::value_type[m[K’ {aka ‘[01m[Kcv::KeyPoint[m[K’} to ‘[01m[Kstd::vector<double, std::allocator<double> >::value_type&&[m[K’ {aka ‘[01m[Kdouble&&[m[K’}
[1.850s]  1203 |       push_back([01;36m[Kvalue_type&& __x[m[K)
[1.850s]       |                 [01;36m[K~~~~~~~~~~~~~^~~[m[K
[1.851s] [01m[K/home/megsindelar/Final_Project/raspberry_pi_ws/src/turtlebot_control/src/turtlebot_control.cpp:93:56:[m[K [01;31m[Kerror: [m[Kno matching function for call to ‘[01m[Kstd::vector<double, std::allocator<double> >::push_back(__gnu_cxx::__alloc_traits<std::allocator<cv::KeyPoint>, cv::KeyPoint>::value_type&)[m[K’
[1.851s]    93 |                         [01;31m[Kkeypoints.keypoints_2.push_back(keypoints_2.at(i))[m[K;
[1.851s]       |                         [01;31m[K~~~~~~~~~~~~~~~~~~~~~~~~~~~~~~~^~~~~~~~~~~~~~~~~~~[m[K
[1.851s] In file included from [01m[K/usr/include/c++/11/vector:67[m[K,
[1.851s]                  from [01m[K/usr/include/c++/11/functional:62[m[K,
[1.851s]                  from [01m[K/usr/include/c++/11/pstl/glue_algorithm_defs.h:13[m[K,
[1.851s]                  from [01m[K/usr/include/c++/11/algorithm:74[m[K,
[1.851s]                  from [01m[K/opt/ros/humble/include/rclcpp/rclcpp/executor.hpp:18[m[K,
[1.851s]                  from [01m[K/opt/ros/humble/include/rclcpp/rclcpp/executors/multi_threaded_executor.hpp:25[m[K,
[1.851s]                  from [01m[K/opt/ros/humble/include/rclcpp/rclcpp/executors.hpp:21[m[K,
[1.851s]                  from [01m[K/opt/ros/humble/include/rclcpp/rclcpp/rclcpp.hpp:155[m[K,
[1.851s]                  from [01m[K/home/megsindelar/Final_Project/raspberry_pi_ws/src/turtlebot_control/src/turtlebot_control.cpp:2[m[K:
[1.851s] [01m[K/usr/include/c++/11/bits/stl_vector.h:1187:7:[m[K [01;36m[Knote: [m[Kcandidate: ‘[01m[Kvoid std::vector<_Tp, _Alloc>::push_back(const value_type&) [with _Tp = double; _Alloc = std::allocator<double>; std::vector<_Tp, _Alloc>::value_type = double][m[K’
[1.851s]  1187 |       [01;36m[Kpush_back[m[K(const value_type& __x)
[1.851s]       |       [01;36m[K^~~~~~~~~[m[K
[1.851s] [01m[K/usr/include/c++/11/bits/stl_vector.h:1187:35:[m[K [01;36m[Knote: [m[K  no known conversion for argument 1 from ‘[01m[K__gnu_cxx::__alloc_traits<std::allocator<cv::KeyPoint>, cv::KeyPoint>::value_type[m[K’ {aka ‘[01m[Kcv::KeyPoint[m[K’} to ‘[01m[Kconst value_type&[m[K’ {aka ‘[01m[Kconst double&[m[K’}
[1.851s]  1187 |       push_back([01;36m[Kconst value_type& __x[m[K)
[1.851s]       |                 [01;36m[K~~~~~~~~~~~~~~~~~~^~~[m[K
[1.851s] [01m[K/usr/include/c++/11/bits/stl_vector.h:1203:7:[m[K [01;36m[Knote: [m[Kcandidate: ‘[01m[Kvoid std::vector<_Tp, _Alloc>::push_back(std::vector<_Tp, _Alloc>::value_type&&) [with _Tp = double; _Alloc = std::allocator<double>; std::vector<_Tp, _Alloc>::value_type = double][m[K’
[1.851s]  1203 |       [01;36m[Kpush_back[m[K(value_type&& __x)
[1.851s]       |       [01;36m[K^~~~~~~~~[m[K
[1.851s] [01m[K/usr/include/c++/11/bits/stl_vector.h:1203:30:[m[K [01;36m[Knote: [m[K  no known conversion for argument 1 from ‘[01m[K__gnu_cxx::__alloc_traits<std::allocator<cv::KeyPoint>, cv::KeyPoint>::value_type[m[K’ {aka ‘[01m[Kcv::KeyPoint[m[K’} to ‘[01m[Kstd::vector<double, std::allocator<double> >::value_type&&[m[K’ {aka ‘[01m[Kdouble&&[m[K’}
[1.851s]  1203 |       push_back([01;36m[Kvalue_type&& __x[m[K)
[1.851s]       |                 [01;36m[K~~~~~~~~~~~~~^~~[m[K
[2.431s] gmake[2]: *** [CMakeFiles/turtlebot_control.dir/build.make:76: CMakeFiles/turtlebot_control.dir/src/turtlebot_control.cpp.o] Error 1
[2.431s] gmake[1]: *** [CMakeFiles/Makefile2:593: CMakeFiles/turtlebot_control.dir/all] Error 2
[2.432s] gmake: *** [Makefile:146: all] Error 2
[2.433s] Invoked command in '/home/megsindelar/Final_Project/raspberry_pi_ws/build/turtlebot_control' returned '2': CMAKE_PREFIX_PATH=${CMAKE_PREFIX_PATH}:/home/megsindelar/ME_495/Final_Proj/install/attack_of_the_franka:/home/megsindelar/ME_495/Final_Proj/install/moveit_testing:/opt/ros/humble /usr/bin/cmake --build /home/megsindelar/Final_Project/raspberry_pi_ws/build/turtlebot_control -- -j8 -l8
