[  3%] Built target turtlebot_control_msg__cpp
[ 12%] Built target turtlebot_control_msg__rosidl_generator_c
[ 12%] Built target ament_cmake_python_copy_turtlebot_control
[ 30%] Built target turtlebot_control_msg__rosidl_typesupport_fastrtps_c
[ 30%] Built target turtlebot_control_msg__rosidl_typesupport_fastrtps_cpp
[ 39%] Built target turtlebot_control_msg__rosidl_typesupport_c
[ 48%] Built target turtlebot_control_msg__rosidl_typesupport_cpp
[ 57%] Built target turtlebot_control_msg__rosidl_typesupport_introspection_c
[ 66%] Built target turtlebot_control_msg__rosidl_typesupport_introspection_cpp
[35m[1mConsolidate compiler generated dependencies of target turtlebot_control[0m
[ 66%] Built target turtlebot_control_msg
[ 69%] [32mBuilding CXX object CMakeFiles/turtlebot_control.dir/src/turtlebot_control.cpp.o[0m
[ 72%] Built target turtlebot_control_msg__py
[ 78%] Built target turtlebot_control_msg__rosidl_generator_py
[ 90%] Built target turtlebot_control__rosidl_typesupport_fastrtps_c__pyext
[ 90%] Built target turtlebot_control__rosidl_typesupport_c__pyext
[ 96%] Built target turtlebot_control__rosidl_typesupport_introspection_c__pyext
running egg_info
writing turtlebot_control.egg-info/PKG-INFO
writing dependency_links to turtlebot_control.egg-info/dependency_links.txt
writing top-level names to turtlebot_control.egg-info/top_level.txt
reading manifest file 'turtlebot_control.egg-info/SOURCES.txt'
writing manifest file 'turtlebot_control.egg-info/SOURCES.txt'
[ 96%] Built target ament_cmake_python_build_turtlebot_control_egg
[100%] [32m[1mLinking CXX executable turtlebot_control[0m
[100%] Built target turtlebot_control
-- Install configuration: ""
-- Installing: /home/megsindelar/Final_Project/raspberry_pi_ws/install/turtlebot_control/share/ament_index/resource_index/rosidl_interfaces/turtlebot_control
-- Installing: /home/megsindelar/Final_Project/raspberry_pi_ws/install/turtlebot_control/include/turtlebot_control/turtlebot_control
-- Installing: /home/megsindelar/Final_Project/raspberry_pi_ws/install/turtlebot_control/include/turtlebot_control/turtlebot_control/msg
-- Installing: /home/megsindelar/Final_Project/raspberry_pi_ws/install/turtlebot_control/include/turtlebot_control/turtlebot_control/msg/detail
-- Installing: /home/megsindelar/Final_Project/raspberry_pi_ws/install/turtlebot_control/include/turtlebot_control/turtlebot_control/msg/detail/keypoints__functions.h
-- Installing: /home/megsindelar/Final_Project/raspberry_pi_ws/install/turtlebot_control/include/turtlebot_control/turtlebot_control/msg/detail/keypoints__functions.c
-- Installing: /home/megsindelar/Final_Project/raspberry_pi_ws/install/turtlebot_control/include/turtlebot_control/turtlebot_control/msg/detail/keypoints__type_support.h
-- Installing: /home/megsindelar/Final_Project/raspberry_pi_ws/install/turtlebot_control/include/turtlebot_control/turtlebot_control/msg/detail/keypoints__struct.h
-- Installing: /home/megsindelar/Final_Project/raspberry_pi_ws/install/turtlebot_control/include/turtlebot_control/turtlebot_control/msg/keypoints.h
-- Installing: /home/megsindelar/Final_Project/raspberry_pi_ws/install/turtlebot_control/include/turtlebot_control/turtlebot_control/msg/rosidl_generator_c__visibility_control.h
-- Installing: /home/megsindelar/Final_Project/raspberry_pi_ws/install/turtlebot_control/share/turtlebot_control/environment/library_path.sh
-- Installing: /home/megsindelar/Final_Project/raspberry_pi_ws/install/turtlebot_control/share/turtlebot_control/environment/library_path.dsv
-- Installing: /home/megsindelar/Final_Project/raspberry_pi_ws/install/turtlebot_control/lib/libturtlebot_control__rosidl_generator_c.so
-- Set runtime path of "/home/megsindelar/Final_Project/raspberry_pi_ws/install/turtlebot_control/lib/libturtlebot_control__rosidl_generator_c.so" to ""
-- Up-to-date: /home/megsindelar/Final_Project/raspberry_pi_ws/install/turtlebot_control/include/turtlebot_control/turtlebot_control
-- Up-to-date: /home/megsindelar/Final_Project/raspberry_pi_ws/install/turtlebot_control/include/turtlebot_control/turtlebot_control/msg
-- Up-to-date: /home/megsindelar/Final_Project/raspberry_pi_ws/install/turtlebot_control/include/turtlebot_control/turtlebot_control/msg/detail
-- Installing: /home/megsindelar/Final_Project/raspberry_pi_ws/install/turtlebot_control/include/turtlebot_control/turtlebot_control/msg/detail/keypoints__rosidl_typesupport_fastrtps_c.h
-- Installing: /home/megsindelar/Final_Project/raspberry_pi_ws/install/turtlebot_control/include/turtlebot_control/turtlebot_control/msg/rosidl_typesupport_fastrtps_c__visibility_control.h
-- Installing: /home/megsindelar/Final_Project/raspberry_pi_ws/install/turtlebot_control/lib/libturtlebot_control__rosidl_typesupport_fastrtps_c.so
-- Set runtime path of "/home/megsindelar/Final_Project/raspberry_pi_ws/install/turtlebot_control/lib/libturtlebot_control__rosidl_typesupport_fastrtps_c.so" to ""
-- Up-to-date: /home/megsindelar/Final_Project/raspberry_pi_ws/install/turtlebot_control/include/turtlebot_control/turtlebot_control
-- Up-to-date: /home/megsindelar/Final_Project/raspberry_pi_ws/install/turtlebot_control/include/turtlebot_control/turtlebot_control/msg
-- Up-to-date: /home/megsindelar/Final_Project/raspberry_pi_ws/install/turtlebot_control/include/turtlebot_control/turtlebot_control/msg/detail
-- Installing: /home/megsindelar/Final_Project/raspberry_pi_ws/install/turtlebot_control/include/turtlebot_control/turtlebot_control/msg/detail/keypoints__struct.hpp
-- Installing: /home/megsindelar/Final_Project/raspberry_pi_ws/install/turtlebot_control/include/turtlebot_control/turtlebot_control/msg/detail/keypoints__traits.hpp
-- Installing: /home/megsindelar/Final_Project/raspberry_pi_ws/install/turtlebot_control/include/turtlebot_control/turtlebot_control/msg/detail/keypoints__builder.hpp
-- Installing: /home/megsindelar/Final_Project/raspberry_pi_ws/install/turtlebot_control/include/turtlebot_control/turtlebot_control/msg/keypoints.hpp
-- Up-to-date: /home/megsindelar/Final_Project/raspberry_pi_ws/install/turtlebot_control/include/turtlebot_control/turtlebot_control
-- Up-to-date: /home/megsindelar/Final_Project/raspberry_pi_ws/install/turtlebot_control/include/turtlebot_control/turtlebot_control/msg
-- Up-to-date: /home/megsindelar/Final_Project/raspberry_pi_ws/install/turtlebot_control/include/turtlebot_control/turtlebot_control/msg/detail
-- Installing: /home/megsindelar/Final_Project/raspberry_pi_ws/install/turtlebot_control/include/turtlebot_control/turtlebot_control/msg/detail/dds_fastrtps
-- Installing: /home/megsindelar/Final_Project/raspberry_pi_ws/install/turtlebot_control/include/turtlebot_control/turtlebot_control/msg/detail/keypoints__rosidl_typesupport_fastrtps_cpp.hpp
-- Installing: /home/megsindelar/Final_Project/raspberry_pi_ws/install/turtlebot_control/include/turtlebot_control/turtlebot_control/msg/rosidl_typesupport_fastrtps_cpp__visibility_control.h
-- Installing: /home/megsindelar/Final_Project/raspberry_pi_ws/install/turtlebot_control/lib/libturtlebot_control__rosidl_typesupport_fastrtps_cpp.so
-- Set runtime path of "/home/megsindelar/Final_Project/raspberry_pi_ws/install/turtlebot_control/lib/libturtlebot_control__rosidl_typesupport_fastrtps_cpp.so" to ""
-- Up-to-date: /home/megsindelar/Final_Project/raspberry_pi_ws/install/turtlebot_control/include/turtlebot_control/turtlebot_control
-- Up-to-date: /home/megsindelar/Final_Project/raspberry_pi_ws/install/turtlebot_control/include/turtlebot_control/turtlebot_control/msg
-- Up-to-date: /home/megsindelar/Final_Project/raspberry_pi_ws/install/turtlebot_control/include/turtlebot_control/turtlebot_control/msg/detail
-- Installing: /home/megsindelar/Final_Project/raspberry_pi_ws/install/turtlebot_control/include/turtlebot_control/turtlebot_control/msg/detail/keypoints__type_support.c
-- Installing: /home/megsindelar/Final_Project/raspberry_pi_ws/install/turtlebot_control/include/turtlebot_control/turtlebot_control/msg/detail/keypoints__rosidl_typesupport_introspection_c.h
-- Installing: /home/megsindelar/Final_Project/raspberry_pi_ws/install/turtlebot_control/include/turtlebot_control/turtlebot_control/msg/rosidl_typesupport_introspection_c__visibility_control.h
-- Installing: /home/megsindelar/Final_Project/raspberry_pi_ws/install/turtlebot_control/lib/libturtlebot_control__rosidl_typesupport_introspection_c.so
-- Set runtime path of "/home/megsindelar/Final_Project/raspberry_pi_ws/install/turtlebot_control/lib/libturtlebot_control__rosidl_typesupport_introspection_c.so" to ""
-- Installing: /home/megsindelar/Final_Project/raspberry_pi_ws/install/turtlebot_control/lib/libturtlebot_control__rosidl_typesupport_c.so
-- Set runtime path of "/home/megsindelar/Final_Project/raspberry_pi_ws/install/turtlebot_control/lib/libturtlebot_control__rosidl_typesupport_c.so" to ""
-- Up-to-date: /home/megsindelar/Final_Project/raspberry_pi_ws/install/turtlebot_control/include/turtlebot_control/turtlebot_control
-- Up-to-date: /home/megsindelar/Final_Project/raspberry_pi_ws/install/turtlebot_control/include/turtlebot_control/turtlebot_control/msg
-- Up-to-date: /home/megsindelar/Final_Project/raspberry_pi_ws/install/turtlebot_control/include/turtlebot_control/turtlebot_control/msg/detail
-- Installing: /home/megsindelar/Final_Project/raspberry_pi_ws/install/turtlebot_control/include/turtlebot_control/turtlebot_control/msg/detail/keypoints__rosidl_typesupport_introspection_cpp.hpp
-- Installing: /home/megsindelar/Final_Project/raspberry_pi_ws/install/turtlebot_control/include/turtlebot_control/turtlebot_control/msg/detail/keypoints__type_support.cpp
-- Installing: /home/megsindelar/Final_Project/raspberry_pi_ws/install/turtlebot_control/lib/libturtlebot_control__rosidl_typesupport_introspection_cpp.so
-- Set runtime path of "/home/megsindelar/Final_Project/raspberry_pi_ws/install/turtlebot_control/lib/libturtlebot_control__rosidl_typesupport_introspection_cpp.so" to ""
-- Installing: /home/megsindelar/Final_Project/raspberry_pi_ws/install/turtlebot_control/lib/libturtlebot_control__rosidl_typesupport_cpp.so
-- Set runtime path of "/home/megsindelar/Final_Project/raspberry_pi_ws/install/turtlebot_control/lib/libturtlebot_control__rosidl_typesupport_cpp.so" to ""
-- Installing: /home/megsindelar/Final_Project/raspberry_pi_ws/install/turtlebot_control/share/turtlebot_control/environment/pythonpath.sh
-- Installing: /home/megsindelar/Final_Project/raspberry_pi_ws/install/turtlebot_control/share/turtlebot_control/environment/pythonpath.dsv
-- Installing: /home/megsindelar/Final_Project/raspberry_pi_ws/install/turtlebot_control/local/lib/python3.10/dist-packages/turtlebot_control-0.0.0-py3.10.egg-info
-- Installing: /home/megsindelar/Final_Project/raspberry_pi_ws/install/turtlebot_control/local/lib/python3.10/dist-packages/turtlebot_control-0.0.0-py3.10.egg-info/PKG-INFO
-- Installing: /home/megsindelar/Final_Project/raspberry_pi_ws/install/turtlebot_control/local/lib/python3.10/dist-packages/turtlebot_control-0.0.0-py3.10.egg-info/top_level.txt
-- Installing: /home/megsindelar/Final_Project/raspberry_pi_ws/install/turtlebot_control/local/lib/python3.10/dist-packages/turtlebot_control-0.0.0-py3.10.egg-info/dependency_links.txt
-- Installing: /home/megsindelar/Final_Project/raspberry_pi_ws/install/turtlebot_control/local/lib/python3.10/dist-packages/turtlebot_control-0.0.0-py3.10.egg-info/SOURCES.txt
-- Installing: /home/megsindelar/Final_Project/raspberry_pi_ws/install/turtlebot_control/local/lib/python3.10/dist-packages/turtlebot_control
-- Installing: /home/megsindelar/Final_Project/raspberry_pi_ws/install/turtlebot_control/local/lib/python3.10/dist-packages/turtlebot_control/libturtlebot_control_msg__rosidl_generator_py.so
-- Installing: /home/megsindelar/Final_Project/raspberry_pi_ws/install/turtlebot_control/local/lib/python3.10/dist-packages/turtlebot_control/__init__.py
-- Installing: /home/megsindelar/Final_Project/raspberry_pi_ws/install/turtlebot_control/local/lib/python3.10/dist-packages/turtlebot_control/_turtlebot_control_s.ep.rosidl_typesupport_c.c
-- Installing: /home/megsindelar/Final_Project/raspberry_pi_ws/install/turtlebot_control/local/lib/python3.10/dist-packages/turtlebot_control/turtlebot_control_s__rosidl_typesupport_introspection_c.cpython-310-x86_64-linux-gnu.so
-- Installing: /home/megsindelar/Final_Project/raspberry_pi_ws/install/turtlebot_control/local/lib/python3.10/dist-packages/turtlebot_control/msg
-- Installing: /home/megsindelar/Final_Project/raspberry_pi_ws/install/turtlebot_control/local/lib/python3.10/dist-packages/turtlebot_control/msg/__init__.py
-- Installing: /home/megsindelar/Final_Project/raspberry_pi_ws/install/turtlebot_control/local/lib/python3.10/dist-packages/turtlebot_control/msg/_keypoints.py
-- Installing: /home/megsindelar/Final_Project/raspberry_pi_ws/install/turtlebot_control/local/lib/python3.10/dist-packages/turtlebot_control/msg/_keypoints_s.c
-- Installing: /home/megsindelar/Final_Project/raspberry_pi_ws/install/turtlebot_control/local/lib/python3.10/dist-packages/turtlebot_control/_turtlebot_control_s.ep.rosidl_typesupport_introspection_c.c
-- Installing: /home/megsindelar/Final_Project/raspberry_pi_ws/install/turtlebot_control/local/lib/python3.10/dist-packages/turtlebot_control/_turtlebot_control_s.ep.rosidl_typesupport_fastrtps_c.c
-- Installing: /home/megsindelar/Final_Project/raspberry_pi_ws/install/turtlebot_control/local/lib/python3.10/dist-packages/turtlebot_control/turtlebot_control_s__rosidl_typesupport_fastrtps_c.cpython-310-x86_64-linux-gnu.so
-- Installing: /home/megsindelar/Final_Project/raspberry_pi_ws/install/turtlebot_control/local/lib/python3.10/dist-packages/turtlebot_control/turtlebot_control_s__rosidl_typesupport_c.cpython-310-x86_64-linux-gnu.so
Listing '/home/megsindelar/Final_Project/raspberry_pi_ws/install/turtlebot_control/local/lib/python3.10/dist-packages/turtlebot_control'...
Compiling '/home/megsindelar/Final_Project/raspberry_pi_ws/install/turtlebot_control/local/lib/python3.10/dist-packages/turtlebot_control/__init__.py'...
Listing '/home/megsindelar/Final_Project/raspberry_pi_ws/install/turtlebot_control/local/lib/python3.10/dist-packages/turtlebot_control/msg'...
Compiling '/home/megsindelar/Final_Project/raspberry_pi_ws/install/turtlebot_control/local/lib/python3.10/dist-packages/turtlebot_control/msg/__init__.py'...
Compiling '/home/megsindelar/Final_Project/raspberry_pi_ws/install/turtlebot_control/local/lib/python3.10/dist-packages/turtlebot_control/msg/_keypoints.py'...
-- Installing: /home/megsindelar/Final_Project/raspberry_pi_ws/install/turtlebot_control/local/lib/python3.10/dist-packages/turtlebot_control/turtlebot_control_s__rosidl_typesupport_fastrtps_c.cpython-310-x86_64-linux-gnu.so
-- Set runtime path of "/home/megsindelar/Final_Project/raspberry_pi_ws/install/turtlebot_control/local/lib/python3.10/dist-packages/turtlebot_control/turtlebot_control_s__rosidl_typesupport_fastrtps_c.cpython-310-x86_64-linux-gnu.so" to ""
-- Installing: /home/megsindelar/Final_Project/raspberry_pi_ws/install/turtlebot_control/local/lib/python3.10/dist-packages/turtlebot_control/turtlebot_control_s__rosidl_typesupport_introspection_c.cpython-310-x86_64-linux-gnu.so
-- Set runtime path of "/home/megsindelar/Final_Project/raspberry_pi_ws/install/turtlebot_control/local/lib/python3.10/dist-packages/turtlebot_control/turtlebot_control_s__rosidl_typesupport_introspection_c.cpython-310-x86_64-linux-gnu.so" to ""
-- Installing: /home/megsindelar/Final_Project/raspberry_pi_ws/install/turtlebot_control/local/lib/python3.10/dist-packages/turtlebot_control/turtlebot_control_s__rosidl_typesupport_c.cpython-310-x86_64-linux-gnu.so
-- Set runtime path of "/home/megsindelar/Final_Project/raspberry_pi_ws/install/turtlebot_control/local/lib/python3.10/dist-packages/turtlebot_control/turtlebot_control_s__rosidl_typesupport_c.cpython-310-x86_64-linux-gnu.so" to ""
-- Installing: /home/megsindelar/Final_Project/raspberry_pi_ws/install/turtlebot_control/lib/libturtlebot_control_msg__rosidl_generator_py.so
-- Set runtime path of "/home/megsindelar/Final_Project/raspberry_pi_ws/install/turtlebot_control/lib/libturtlebot_control_msg__rosidl_generator_py.so" to ""
-- Installing: /home/megsindelar/Final_Project/raspberry_pi_ws/install/turtlebot_control/share/turtlebot_control/msg/Keypoints.idl
-- Installing: /home/megsindelar/Final_Project/raspberry_pi_ws/install/turtlebot_control/share/turtlebot_control/msg/Keypoints.msg
-- Installing: /home/megsindelar/Final_Project/raspberry_pi_ws/install/turtlebot_control/lib/turtlebot_control/turtlebot_control
-- Set runtime path of "/home/megsindelar/Final_Project/raspberry_pi_ws/install/turtlebot_control/lib/turtlebot_control/turtlebot_control" to ""
-- Up-to-date: /home/megsindelar/Final_Project/raspberry_pi_ws/install/turtlebot_control/share/turtlebot_control/images
-- Up-to-date: /home/megsindelar/Final_Project/raspberry_pi_ws/install/turtlebot_control/share/turtlebot_control/images/test_pic.png
-- Up-to-date: /home/megsindelar/Final_Project/raspberry_pi_ws/install/turtlebot_control/share/turtlebot_control/images/image.jpg
-- Installing: /home/megsindelar/Final_Project/raspberry_pi_ws/install/turtlebot_control/share/ament_index/resource_index/package_run_dependencies/turtlebot_control
-- Up-to-date: /home/megsindelar/Final_Project/raspberry_pi_ws/install/turtlebot_control/share/ament_index/resource_index/parent_prefix_path/turtlebot_control
-- Up-to-date: /home/megsindelar/Final_Project/raspberry_pi_ws/install/turtlebot_control/share/turtlebot_control/environment/ament_prefix_path.sh
-- Installing: /home/megsindelar/Final_Project/raspberry_pi_ws/install/turtlebot_control/share/turtlebot_control/environment/ament_prefix_path.dsv
-- Up-to-date: /home/megsindelar/Final_Project/raspberry_pi_ws/install/turtlebot_control/share/turtlebot_control/environment/path.sh
-- Installing: /home/megsindelar/Final_Project/raspberry_pi_ws/install/turtlebot_control/share/turtlebot_control/environment/path.dsv
-- Up-to-date: /home/megsindelar/Final_Project/raspberry_pi_ws/install/turtlebot_control/share/turtlebot_control/local_setup.bash
-- Installing: /home/megsindelar/Final_Project/raspberry_pi_ws/install/turtlebot_control/share/turtlebot_control/local_setup.sh
-- Up-to-date: /home/megsindelar/Final_Project/raspberry_pi_ws/install/turtlebot_control/share/turtlebot_control/local_setup.zsh
-- Installing: /home/megsindelar/Final_Project/raspberry_pi_ws/install/turtlebot_control/share/turtlebot_control/local_setup.dsv
-- Installing: /home/megsindelar/Final_Project/raspberry_pi_ws/install/turtlebot_control/share/turtlebot_control/package.dsv
-- Up-to-date: /home/megsindelar/Final_Project/raspberry_pi_ws/install/turtlebot_control/share/ament_index/resource_index/packages/turtlebot_control
-- Installing: /home/megsindelar/Final_Project/raspberry_pi_ws/install/turtlebot_control/share/turtlebot_control/cmake/export_turtlebot_control_msg__rosidl_generator_cExport.cmake
-- Installing: /home/megsindelar/Final_Project/raspberry_pi_ws/install/turtlebot_control/share/turtlebot_control/cmake/export_turtlebot_control_msg__rosidl_generator_cExport-noconfig.cmake
-- Installing: /home/megsindelar/Final_Project/raspberry_pi_ws/install/turtlebot_control/share/turtlebot_control/cmake/export_turtlebot_control_msg__rosidl_typesupport_fastrtps_cExport.cmake
-- Installing: /home/megsindelar/Final_Project/raspberry_pi_ws/install/turtlebot_control/share/turtlebot_control/cmake/export_turtlebot_control_msg__rosidl_typesupport_fastrtps_cExport-noconfig.cmake
-- Installing: /home/megsindelar/Final_Project/raspberry_pi_ws/install/turtlebot_control/share/turtlebot_control/cmake/export_turtlebot_control_msg__rosidl_generator_cppExport.cmake
-- Installing: /home/megsindelar/Final_Project/raspberry_pi_ws/install/turtlebot_control/share/turtlebot_control/cmake/export_turtlebot_control_msg__rosidl_typesupport_fastrtps_cppExport.cmake
-- Installing: /home/megsindelar/Final_Project/raspberry_pi_ws/install/turtlebot_control/share/turtlebot_control/cmake/export_turtlebot_control_msg__rosidl_typesupport_fastrtps_cppExport-noconfig.cmake
-- Installing: /home/megsindelar/Final_Project/raspberry_pi_ws/install/turtlebot_control/share/turtlebot_control/cmake/turtlebot_control_msg__rosidl_typesupport_introspection_cExport.cmake
-- Installing: /home/megsindelar/Final_Project/raspberry_pi_ws/install/turtlebot_control/share/turtlebot_control/cmake/turtlebot_control_msg__rosidl_typesupport_introspection_cExport-noconfig.cmake
-- Installing: /home/megsindelar/Final_Project/raspberry_pi_ws/install/turtlebot_control/share/turtlebot_control/cmake/turtlebot_control_msg__rosidl_typesupport_cExport.cmake
-- Installing: /home/megsindelar/Final_Project/raspberry_pi_ws/install/turtlebot_control/share/turtlebot_control/cmake/turtlebot_control_msg__rosidl_typesupport_cExport-noconfig.cmake
-- Installing: /home/megsindelar/Final_Project/raspberry_pi_ws/install/turtlebot_control/share/turtlebot_control/cmake/turtlebot_control_msg__rosidl_typesupport_introspection_cppExport.cmake
-- Installing: /home/megsindelar/Final_Project/raspberry_pi_ws/install/turtlebot_control/share/turtlebot_control/cmake/turtlebot_control_msg__rosidl_typesupport_introspection_cppExport-noconfig.cmake
-- Installing: /home/megsindelar/Final_Project/raspberry_pi_ws/install/turtlebot_control/share/turtlebot_control/cmake/turtlebot_control_msg__rosidl_typesupport_cppExport.cmake
-- Installing: /home/megsindelar/Final_Project/raspberry_pi_ws/install/turtlebot_control/share/turtlebot_control/cmake/turtlebot_control_msg__rosidl_typesupport_cppExport-noconfig.cmake
-- Installing: /home/megsindelar/Final_Project/raspberry_pi_ws/install/turtlebot_control/share/turtlebot_control/cmake/export_turtlebot_control_msg__rosidl_generator_pyExport.cmake
-- Installing: /home/megsindelar/Final_Project/raspberry_pi_ws/install/turtlebot_control/share/turtlebot_control/cmake/export_turtlebot_control_msg__rosidl_generator_pyExport-noconfig.cmake
-- Installing: /home/megsindelar/Final_Project/raspberry_pi_ws/install/turtlebot_control/share/turtlebot_control/cmake/rosidl_cmake-extras.cmake
-- Installing: /home/megsindelar/Final_Project/raspberry_pi_ws/install/turtlebot_control/share/turtlebot_control/cmake/ament_cmake_export_include_directories-extras.cmake
-- Installing: /home/megsindelar/Final_Project/raspberry_pi_ws/install/turtlebot_control/share/turtlebot_control/cmake/ament_cmake_export_libraries-extras.cmake
-- Installing: /home/megsindelar/Final_Project/raspberry_pi_ws/install/turtlebot_control/share/turtlebot_control/cmake/ament_cmake_export_targets-extras.cmake
-- Installing: /home/megsindelar/Final_Project/raspberry_pi_ws/install/turtlebot_control/share/turtlebot_control/cmake/rosidl_cmake_export_typesupport_targets-extras.cmake
-- Installing: /home/megsindelar/Final_Project/raspberry_pi_ws/install/turtlebot_control/share/turtlebot_control/cmake/ament_cmake_export_dependencies-extras.cmake
-- Installing: /home/megsindelar/Final_Project/raspberry_pi_ws/install/turtlebot_control/share/turtlebot_control/cmake/rosidl_cmake_export_typesupport_libraries-extras.cmake
-- Installing: /home/megsindelar/Final_Project/raspberry_pi_ws/install/turtlebot_control/share/turtlebot_control/cmake/turtlebot_controlConfig.cmake
-- Up-to-date: /home/megsindelar/Final_Project/raspberry_pi_ws/install/turtlebot_control/share/turtlebot_control/cmake/turtlebot_controlConfig-version.cmake
-- Installing: /home/megsindelar/Final_Project/raspberry_pi_ws/install/turtlebot_control/share/turtlebot_control/package.xml
