[0.000000] (-) TimerEvent: {}
[0.000089] (turtlebot_control) JobQueued: {'identifier': 'turtlebot_control', 'dependencies': OrderedDict()}
[0.000110] (turtlebot_control) JobStarted: {'identifier': 'turtlebot_control'}
[0.006453] (turtlebot_control) JobProgress: {'identifier': 'turtlebot_control', 'progress': 'cmake'}
[0.007450] (turtlebot_control) JobProgress: {'identifier': 'turtlebot_control', 'progress': 'build'}
[0.007494] (turtlebot_control) Command: {'cmd': ['/usr/bin/cmake', '--build', '/ros_ws/aarch64_build/turtlebot_control', '--', '-j8', '-l8'], 'cwd': '/ros_ws/aarch64_build/turtlebot_control', 'env': OrderedDict([('HOSTNAME', '5d786d51cd68'), ('LD_LIBRARY_PATH', '/opt/ros/humble/opt/rviz_ogre_vendor/lib:/opt/ros/humble/lib/aarch64-linux-gnu:/opt/ros/humble/lib'), ('HOME', '/home/msr'), ('ROS_PYTHON_VERSION', '3'), ('LC_CTYPE', 'C.UTF-8'), ('ROS_DISTRO', 'humble'), ('ROS_VERSION', '2'), ('TERM', 'xterm'), ('ROS_LOCALHOST_ONLY', '0'), ('PATH', '/opt/ros/humble/bin:/usr/local/sbin:/usr/local/bin:/usr/sbin:/usr/bin:/sbin:/bin'), ('AMENT_PREFIX_PATH', '/opt/ros/humble'), ('PWD', '/ros_ws/aarch64_build/turtlebot_control'), ('PYTHONPATH', '/opt/ros/humble/lib/python3.10/site-packages:/opt/ros/humble/local/lib/python3.10/dist-packages'), ('COLCON', '1'), ('CMAKE_PREFIX_PATH', '/opt/ros/humble')]), 'shell': False}
[0.039414] (turtlebot_control) StdoutLine: {'line': b'\x1b[35m\x1b[1mConsolidate compiler generated dependencies of target turtlebot_control\x1b[0m\n'}
[0.052814] (turtlebot_control) StdoutLine: {'line': b'[ 50%] \x1b[32mBuilding CXX object CMakeFiles/turtlebot_control.dir/src/turtlebot_control.cpp.o\x1b[0m\n'}
[0.099427] (-) TimerEvent: {}
[0.199767] (-) TimerEvent: {}
[0.300323] (-) TimerEvent: {}
[0.400957] (-) TimerEvent: {}
[0.501259] (-) TimerEvent: {}
[0.601570] (-) TimerEvent: {}
[0.701838] (-) TimerEvent: {}
[0.802180] (-) TimerEvent: {}
[0.902502] (-) TimerEvent: {}
[1.002822] (-) TimerEvent: {}
[1.103137] (-) TimerEvent: {}
[1.203448] (-) TimerEvent: {}
[1.303774] (-) TimerEvent: {}
[1.404099] (-) TimerEvent: {}
[1.504421] (-) TimerEvent: {}
[1.604742] (-) TimerEvent: {}
[1.705070] (-) TimerEvent: {}
[1.805404] (-) TimerEvent: {}
[1.905881] (-) TimerEvent: {}
[2.006164] (-) TimerEvent: {}
[2.106473] (-) TimerEvent: {}
[2.206805] (-) TimerEvent: {}
[2.307128] (-) TimerEvent: {}
[2.407453] (-) TimerEvent: {}
[2.507872] (-) TimerEvent: {}
[2.608308] (-) TimerEvent: {}
[2.657459] (turtlebot_control) StdoutLine: {'line': b'[100%] \x1b[32m\x1b[1mLinking CXX executable turtlebot_control\x1b[0m\n'}
[2.708429] (-) TimerEvent: {}
[2.808751] (-) TimerEvent: {}
[2.909060] (-) TimerEvent: {}
[2.936991] (turtlebot_control) StdoutLine: {'line': b'[100%] Built target turtlebot_control\n'}
[2.943226] (turtlebot_control) CommandEnded: {'returncode': 0}
[2.960697] (turtlebot_control) JobProgress: {'identifier': 'turtlebot_control', 'progress': 'install'}
[2.968523] (turtlebot_control) Command: {'cmd': ['/usr/bin/cmake', '--install', '/ros_ws/aarch64_build/turtlebot_control'], 'cwd': '/ros_ws/aarch64_build/turtlebot_control', 'env': OrderedDict([('HOSTNAME', '5d786d51cd68'), ('LD_LIBRARY_PATH', '/opt/ros/humble/opt/rviz_ogre_vendor/lib:/opt/ros/humble/lib/aarch64-linux-gnu:/opt/ros/humble/lib'), ('HOME', '/home/msr'), ('ROS_PYTHON_VERSION', '3'), ('LC_CTYPE', 'C.UTF-8'), ('ROS_DISTRO', 'humble'), ('ROS_VERSION', '2'), ('TERM', 'xterm'), ('ROS_LOCALHOST_ONLY', '0'), ('PATH', '/opt/ros/humble/bin:/usr/local/sbin:/usr/local/bin:/usr/sbin:/usr/bin:/sbin:/bin'), ('AMENT_PREFIX_PATH', '/opt/ros/humble'), ('PWD', '/ros_ws/aarch64_build/turtlebot_control'), ('PYTHONPATH', '/opt/ros/humble/lib/python3.10/site-packages:/opt/ros/humble/local/lib/python3.10/dist-packages'), ('COLCON', '1'), ('CMAKE_PREFIX_PATH', '/opt/ros/humble')]), 'shell': False}
[2.974949] (turtlebot_control) StdoutLine: {'line': b'-- Install configuration: ""\n'}
[2.975186] (turtlebot_control) StdoutLine: {'line': b'-- Installing: /ros_ws/aarch64_install/turtlebot_control/lib/turtlebot_control/turtlebot_control\n'}
[2.975780] (turtlebot_control) StdoutLine: {'line': b'-- Set runtime path of "/ros_ws/aarch64_install/turtlebot_control/lib/turtlebot_control/turtlebot_control" to ""\n'}
[2.976014] (turtlebot_control) StdoutLine: {'line': b'-- Up-to-date: /ros_ws/aarch64_install/turtlebot_control/share/turtlebot_control/images\n'}
[2.976090] (turtlebot_control) StdoutLine: {'line': b'-- Up-to-date: /ros_ws/aarch64_install/turtlebot_control/share/turtlebot_control/images/test_pic.png\n'}
[2.976156] (turtlebot_control) StdoutLine: {'line': b'-- Up-to-date: /ros_ws/aarch64_install/turtlebot_control/share/turtlebot_control/images/image.jpg\n'}
[2.976219] (turtlebot_control) StdoutLine: {'line': b'-- Up-to-date: /ros_ws/aarch64_install/turtlebot_control/share/ament_index/resource_index/package_run_dependencies/turtlebot_control\n'}
[2.976282] (turtlebot_control) StdoutLine: {'line': b'-- Up-to-date: /ros_ws/aarch64_install/turtlebot_control/share/ament_index/resource_index/parent_prefix_path/turtlebot_control\n'}
[2.976344] (turtlebot_control) StdoutLine: {'line': b'-- Up-to-date: /ros_ws/aarch64_install/turtlebot_control/share/turtlebot_control/environment/ament_prefix_path.sh\n'}
[2.976406] (turtlebot_control) StdoutLine: {'line': b'-- Up-to-date: /ros_ws/aarch64_install/turtlebot_control/share/turtlebot_control/environment/ament_prefix_path.dsv\n'}
[2.976467] (turtlebot_control) StdoutLine: {'line': b'-- Up-to-date: /ros_ws/aarch64_install/turtlebot_control/share/turtlebot_control/environment/path.sh\n'}
[2.976527] (turtlebot_control) StdoutLine: {'line': b'-- Up-to-date: /ros_ws/aarch64_install/turtlebot_control/share/turtlebot_control/environment/path.dsv\n'}
[2.976636] (turtlebot_control) StdoutLine: {'line': b'-- Up-to-date: /ros_ws/aarch64_install/turtlebot_control/share/turtlebot_control/local_setup.bash\n'}
[2.976701] (turtlebot_control) StdoutLine: {'line': b'-- Up-to-date: /ros_ws/aarch64_install/turtlebot_control/share/turtlebot_control/local_setup.sh\n'}
[2.976761] (turtlebot_control) StdoutLine: {'line': b'-- Up-to-date: /ros_ws/aarch64_install/turtlebot_control/share/turtlebot_control/local_setup.zsh\n'}
[2.976842] (turtlebot_control) StdoutLine: {'line': b'-- Up-to-date: /ros_ws/aarch64_install/turtlebot_control/share/turtlebot_control/local_setup.dsv\n'}
[2.976884] (turtlebot_control) StdoutLine: {'line': b'-- Installing: /ros_ws/aarch64_install/turtlebot_control/share/turtlebot_control/package.dsv\n'}
[2.976923] (turtlebot_control) StdoutLine: {'line': b'-- Up-to-date: /ros_ws/aarch64_install/turtlebot_control/share/ament_index/resource_index/packages/turtlebot_control\n'}
[2.976962] (turtlebot_control) StdoutLine: {'line': b'-- Up-to-date: /ros_ws/aarch64_install/turtlebot_control/share/turtlebot_control/cmake/turtlebot_controlConfig.cmake\n'}
[2.977001] (turtlebot_control) StdoutLine: {'line': b'-- Up-to-date: /ros_ws/aarch64_install/turtlebot_control/share/turtlebot_control/cmake/turtlebot_controlConfig-version.cmake\n'}
[2.977043] (turtlebot_control) StdoutLine: {'line': b'-- Up-to-date: /ros_ws/aarch64_install/turtlebot_control/share/turtlebot_control/package.xml\n'}
[2.977462] (turtlebot_control) CommandEnded: {'returncode': 0}
[3.010187] (-) TimerEvent: {}
[3.016795] (turtlebot_control) JobEnded: {'identifier': 'turtlebot_control', 'rc': 0}
[3.017373] (-) EventReactorShutdown: {}
