[0.009s] Invoking command in '/home/megsindelar/Final_Project/ros_ws/build/img_transform': CMAKE_PREFIX_PATH=${CMAKE_PREFIX_PATH}:/home/megsindelar/ME_495/Final_Proj/install/attack_of_the_franka:/home/megsindelar/ME_495/Final_Proj/install/moveit_testing:/opt/ros/humble /usr/bin/cmake --build /home/megsindelar/Final_Project/ros_ws/build/img_transform -- -j8 -l8
[0.042s] [35m[1mConsolidate compiler generated dependencies of target video_frequency[0m
[0.052s] [ 50%] Built target img_transform
[0.055s] [ 75%] [32mBuilding CXX object CMakeFiles/video_frequency.dir/src/video_frequency.cpp.o[0m
[3.126s] [100%] [32m[1mLinking CXX executable video_frequency[0m
[3.382s] [100%] Built target video_frequency
[3.391s] Invoked command in '/home/megsindelar/Final_Project/ros_ws/build/img_transform' returned '0': CMAKE_PREFIX_PATH=${CMAKE_PREFIX_PATH}:/home/megsindelar/ME_495/Final_Proj/install/attack_of_the_franka:/home/megsindelar/ME_495/Final_Proj/install/moveit_testing:/opt/ros/humble /usr/bin/cmake --build /home/megsindelar/Final_Project/ros_ws/build/img_transform -- -j8 -l8
[3.422s] Invoking command in '/home/megsindelar/Final_Project/ros_ws/build/img_transform': CMAKE_PREFIX_PATH=${CMAKE_PREFIX_PATH}:/home/megsindelar/ME_495/Final_Proj/install/attack_of_the_franka:/home/megsindelar/ME_495/Final_Proj/install/moveit_testing:/opt/ros/humble /usr/bin/cmake --install /home/megsindelar/Final_Project/ros_ws/build/img_transform
[3.428s] -- Install configuration: ""
[3.428s] -- Up-to-date: /home/megsindelar/Final_Project/ros_ws/install/img_transform/lib/img_transform/img_transform
[3.428s] -- Installing: /home/megsindelar/Final_Project/ros_ws/install/img_transform/lib/img_transform/video_frequency
[3.429s] -- Set runtime path of "/home/megsindelar/Final_Project/ros_ws/install/img_transform/lib/img_transform/video_frequency" to ""
[3.429s] -- Up-to-date: /home/megsindelar/Final_Project/ros_ws/install/img_transform/share/img_transform/images
[3.429s] -- Up-to-date: /home/megsindelar/Final_Project/ros_ws/install/img_transform/share/img_transform/images/image2.jpg
[3.429s] -- Up-to-date: /home/megsindelar/Final_Project/ros_ws/install/img_transform/share/img_transform/images/image.jpg
[3.429s] -- Up-to-date: /home/megsindelar/Final_Project/ros_ws/install/img_transform/share/img_transform/launch
[3.430s] -- Up-to-date: /home/megsindelar/Final_Project/ros_ws/install/img_transform/share/img_transform/launch/transform.launch.xml
[3.430s] -- Up-to-date: /home/megsindelar/Final_Project/ros_ws/install/img_transform/share/img_transform/config
[3.430s] -- Up-to-date: /home/megsindelar/Final_Project/ros_ws/install/img_transform/share/img_transform/config/transform.rviz
[3.430s] -- Up-to-date: /home/megsindelar/Final_Project/ros_ws/install/img_transform/share/ament_index/resource_index/package_run_dependencies/img_transform
[3.430s] -- Up-to-date: /home/megsindelar/Final_Project/ros_ws/install/img_transform/share/ament_index/resource_index/parent_prefix_path/img_transform
[3.430s] -- Up-to-date: /home/megsindelar/Final_Project/ros_ws/install/img_transform/share/img_transform/environment/ament_prefix_path.sh
[3.430s] -- Up-to-date: /home/megsindelar/Final_Project/ros_ws/install/img_transform/share/img_transform/environment/ament_prefix_path.dsv
[3.430s] -- Up-to-date: /home/megsindelar/Final_Project/ros_ws/install/img_transform/share/img_transform/environment/path.sh
[3.430s] -- Up-to-date: /home/megsindelar/Final_Project/ros_ws/install/img_transform/share/img_transform/environment/path.dsv
[3.430s] -- Up-to-date: /home/megsindelar/Final_Project/ros_ws/install/img_transform/share/img_transform/local_setup.bash
[3.430s] -- Up-to-date: /home/megsindelar/Final_Project/ros_ws/install/img_transform/share/img_transform/local_setup.sh
[3.430s] -- Up-to-date: /home/megsindelar/Final_Project/ros_ws/install/img_transform/share/img_transform/local_setup.zsh
[3.430s] -- Up-to-date: /home/megsindelar/Final_Project/ros_ws/install/img_transform/share/img_transform/local_setup.dsv
[3.431s] -- Installing: /home/megsindelar/Final_Project/ros_ws/install/img_transform/share/img_transform/package.dsv
[3.431s] -- Up-to-date: /home/megsindelar/Final_Project/ros_ws/install/img_transform/share/ament_index/resource_index/packages/img_transform
[3.431s] -- Up-to-date: /home/megsindelar/Final_Project/ros_ws/install/img_transform/share/img_transform/cmake/img_transformConfig.cmake
[3.431s] -- Up-to-date: /home/megsindelar/Final_Project/ros_ws/install/img_transform/share/img_transform/cmake/img_transformConfig-version.cmake
[3.431s] -- Up-to-date: /home/megsindelar/Final_Project/ros_ws/install/img_transform/share/img_transform/package.xml
[3.433s] Invoked command in '/home/megsindelar/Final_Project/ros_ws/build/img_transform' returned '0': CMAKE_PREFIX_PATH=${CMAKE_PREFIX_PATH}:/home/megsindelar/ME_495/Final_Proj/install/attack_of_the_franka:/home/megsindelar/ME_495/Final_Proj/install/moveit_testing:/opt/ros/humble /usr/bin/cmake --install /home/megsindelar/Final_Project/ros_ws/build/img_transform
