In file included from [01m[K/opt/ros/humble/include/rclcpp/rclcpp/logging.hpp:24[m[K,
                 from [01m[K/opt/ros/humble/include/rclcpp/rclcpp/client.hpp:40[m[K,
                 from [01m[K/opt/ros/humble/include/rclcpp/rclcpp/callback_group.hpp:24[m[K,
                 from [01m[K/opt/ros/humble/include/rclcpp/rclcpp/any_executable.hpp:20[m[K,
                 from [01m[K/opt/ros/humble/include/rclcpp/rclcpp/memory_strategy.hpp:25[m[K,
                 from [01m[K/opt/ros/humble/include/rclcpp/rclcpp/memory_strategies.hpp:18[m[K,
                 from [01m[K/opt/ros/humble/include/rclcpp/rclcpp/executor_options.hpp:20[m[K,
                 from [01m[K/opt/ros/humble/include/rclcpp/rclcpp/executor.hpp:37[m[K,
                 from [01m[K/opt/ros/humble/include/rclcpp/rclcpp/executors/multi_threaded_executor.hpp:25[m[K,
                 from [01m[K/opt/ros/humble/include/rclcpp/rclcpp/executors.hpp:21[m[K,
                 from [01m[K/opt/ros/humble/include/rclcpp/rclcpp/rclcpp.hpp:155[m[K,
                 from [01m[K/ros_ws/src/turtlebot_control/src/turtlebot_control.cpp:2[m[K:
[01m[K/ros_ws/src/turtlebot_control/src/turtlebot_control.cpp:[m[K In member function ‘[01m[Kvoid TurtlebotControl::timer_callback()[m[K’:
[01m[K/ros_ws/src/turtlebot_control/src/turtlebot_control.cpp:92:68:[m[K [01;35m[Kwarning: [m[Kformat ‘[01m[K%d[m[K’ expects argument of type ‘[01m[Kint[m[K’, but argument 5 has type ‘[01m[Klong unsigned int[m[K’ [[01;35m[K-Wformat=[m[K]
   92 |                         RCLCPP_INFO(rclcpp::get_logger("message"), [01;35m[K"TEST 10 %d"[m[K, [32m[Ksizeof(keypoints1)[m[K);
      |                                                                    [01;35m[K^~~~~~~~~~~~[m[K  [32m[K~~~~~~~~~~~~~~~~~~[m[K
      |                                                                                  [32m[K|[m[K
      |                                                                                  [32m[Klong unsigned int[m[K
[01m[K/ros_ws/src/turtlebot_control/src/turtlebot_control.cpp:92:78:[m[K [01;36m[Knote: [m[Kformat string is defined here
   92 |                         RCLCPP_INFO(rclcpp::get_logger("message"), "TEST 10 [01;36m[K%d[m[K", sizeof(keypoints1));
      |                                                                             [01;36m[K~^[m[K
      |                                                                              [01;36m[K|[m[K
      |                                                                              [01;36m[Kint[m[K
      |                                                                             [32m[K%ld[m[K
