[35m[1mConsolidate compiler generated dependencies of target turtlebot_control_msg__rosidl_generator_c[0m
[  3%] Built target turtlebot_control_msg__cpp
[ 12%] Built target turtlebot_control_msg__rosidl_generator_c
[ 15%] [32mBuilding CXX object CMakeFiles/turtlebot_control.dir/src/turtlebot_control.cpp.o[0m
[ 15%] Built target ament_cmake_python_copy_turtlebot_control
[35m[1mConsolidate compiler generated dependencies of target turtlebot_control_msg__rosidl_typesupport_introspection_cpp[0m
[35m[1mConsolidate compiler generated dependencies of target turtlebot_control_msg__rosidl_typesupport_cpp[0m
[ 18%] [34m[1mGenerating C type support for eProsima Fast-RTPS[0m
[ 21%] [34m[1mGenerating C introspection for ROS interfaces[0m
[35m[1mConsolidate compiler generated dependencies of target turtlebot_control_msg__rosidl_typesupport_fastrtps_cpp[0m
[ 24%] [34m[1mGenerating C type support dispatch for ROS interfaces[0m
[ 33%] Built target turtlebot_control_msg__rosidl_typesupport_introspection_cpp
[ 42%] Built target turtlebot_control_msg__rosidl_typesupport_cpp
[ 51%] Built target turtlebot_control_msg__rosidl_typesupport_fastrtps_cpp
[35m[1mConsolidate compiler generated dependencies of target turtlebot_control_msg__rosidl_typesupport_introspection_c[0m
[ 54%] [32mBuilding C object CMakeFiles/turtlebot_control_msg__rosidl_typesupport_introspection_c.dir/rosidl_typesupport_introspection_c/turtlebot_control/msg/detail/keypoints__type_support.c.o[0m
[35m[1mConsolidate compiler generated dependencies of target turtlebot_control_msg__rosidl_typesupport_c[0m
[ 57%] [32mBuilding CXX object CMakeFiles/turtlebot_control_msg__rosidl_typesupport_c.dir/rosidl_typesupport_c/turtlebot_control/msg/keypoints__type_support.cpp.o[0m
[ 60%] [32m[1mLinking C shared library libturtlebot_control__rosidl_typesupport_introspection_c.so[0m
running egg_info
writing turtlebot_control.egg-info/PKG-INFO
writing dependency_links to turtlebot_control.egg-info/dependency_links.txt
writing top-level names to turtlebot_control.egg-info/top_level.txt
[ 63%] [32m[1mLinking CXX shared library libturtlebot_control__rosidl_typesupport_c.so[0m
reading manifest file 'turtlebot_control.egg-info/SOURCES.txt'
writing manifest file 'turtlebot_control.egg-info/SOURCES.txt'
[ 63%] Built target turtlebot_control_msg__rosidl_typesupport_introspection_c
[35m[1mConsolidate compiler generated dependencies of target turtlebot_control_msg__rosidl_typesupport_fastrtps_c[0m
[ 63%] Built target ament_cmake_python_build_turtlebot_control_egg
[ 66%] [32mBuilding CXX object CMakeFiles/turtlebot_control_msg__rosidl_typesupport_fastrtps_c.dir/rosidl_typesupport_fastrtps_c/turtlebot_control/msg/detail/keypoints__type_support_c.cpp.o[0m
[ 66%] Built target turtlebot_control_msg__rosidl_typesupport_c
[01m[K/home/megsindelar/Final_Project/raspberry_pi_ws/src/turtlebot_control/src/turtlebot_control.cpp:15:10:[m[K [01;31m[Kfatal error: [m[Kturtlebot_control/msg/keypoints.h: No such file or directory
   15 | #include [01;31m[K"turtlebot_control/msg/keypoints.h"[m[K
      |          [01;31m[K^~~~~~~~~~~~~~~~~~~~~~~~~~~~~~~~~~~[m[K
compilation terminated.
gmake[2]: *** [CMakeFiles/turtlebot_control.dir/build.make:76: CMakeFiles/turtlebot_control.dir/src/turtlebot_control.cpp.o] Error 1
gmake[1]: *** [CMakeFiles/Makefile2:592: CMakeFiles/turtlebot_control.dir/all] Error 2
gmake[1]: *** Waiting for unfinished jobs....
[ 69%] [32m[1mLinking CXX shared library libturtlebot_control__rosidl_typesupport_fastrtps_c.so[0m
[ 69%] Built target turtlebot_control_msg__rosidl_typesupport_fastrtps_c
gmake: *** [Makefile:146: all] Error 2
