[0.000000] (-) TimerEvent: {}
[0.000110] (turtlebot_control) JobQueued: {'identifier': 'turtlebot_control', 'dependencies': OrderedDict()}
[0.000394] (turtlebot_control) JobStarted: {'identifier': 'turtlebot_control'}
[0.007627] (turtlebot_control) JobProgress: {'identifier': 'turtlebot_control', 'progress': 'cmake'}
[0.008508] (turtlebot_control) JobProgress: {'identifier': 'turtlebot_control', 'progress': 'build'}
[0.008541] (turtlebot_control) Command: {'cmd': ['/usr/bin/cmake', '--build', '/ros_ws/aarch64_build/turtlebot_control', '--', '-j8', '-l8'], 'cwd': '/ros_ws/aarch64_build/turtlebot_control', 'env': OrderedDict([('HOSTNAME', '0cb2dd17d194'), ('LD_LIBRARY_PATH', '/opt/ros/humble/opt/rviz_ogre_vendor/lib:/opt/ros/humble/lib/aarch64-linux-gnu:/opt/ros/humble/lib'), ('HOME', '/home/msr'), ('ROS_PYTHON_VERSION', '3'), ('LC_CTYPE', 'C.UTF-8'), ('ROS_DISTRO', 'humble'), ('ROS_VERSION', '2'), ('TERM', 'xterm'), ('ROS_LOCALHOST_ONLY', '0'), ('PATH', '/opt/ros/humble/bin:/usr/local/sbin:/usr/local/bin:/usr/sbin:/usr/bin:/sbin:/bin'), ('AMENT_PREFIX_PATH', '/opt/ros/humble'), ('PWD', '/ros_ws/aarch64_build/turtlebot_control'), ('PYTHONPATH', '/opt/ros/humble/lib/python3.10/site-packages:/opt/ros/humble/local/lib/python3.10/dist-packages'), ('COLCON', '1'), ('CMAKE_PREFIX_PATH', '/opt/ros/humble')]), 'shell': False}
[0.041102] (turtlebot_control) StdoutLine: {'line': b'\x1b[35m\x1b[1mConsolidate compiler generated dependencies of target turtlebot_control\x1b[0m\n'}
[0.061263] (turtlebot_control) StdoutLine: {'line': b'[ 50%] \x1b[32mBuilding CXX object CMakeFiles/turtlebot_control.dir/src/turtlebot_control.cpp.o\x1b[0m\n'}
[0.099918] (-) TimerEvent: {}
[0.200229] (-) TimerEvent: {}
[0.300573] (-) TimerEvent: {}
[0.400860] (-) TimerEvent: {}
[0.501188] (-) TimerEvent: {}
[0.601551] (-) TimerEvent: {}
[0.701928] (-) TimerEvent: {}
[0.802258] (-) TimerEvent: {}
[0.902593] (-) TimerEvent: {}
[1.002911] (-) TimerEvent: {}
[1.103216] (-) TimerEvent: {}
[1.203550] (-) TimerEvent: {}
[1.303863] (-) TimerEvent: {}
[1.404174] (-) TimerEvent: {}
[1.504418] (-) TimerEvent: {}
[1.604663] (-) TimerEvent: {}
[1.705046] (-) TimerEvent: {}
[1.805393] (-) TimerEvent: {}
[1.905781] (-) TimerEvent: {}
[2.006013] (-) TimerEvent: {}
[2.106262] (-) TimerEvent: {}
[2.118732] (turtlebot_control) StderrLine: {'line': b'\x1b[01m\x1b[K/ros_ws/src/turtlebot_control/src/turtlebot_control.cpp:\x1b[m\x1b[K In member function \xe2\x80\x98\x1b[01m\x1b[Kvoid TurtlebotControl::timer_callback()\x1b[m\x1b[K\xe2\x80\x99:\n'}
[2.118870] (turtlebot_control) StderrLine: {'line': b'\x1b[01m\x1b[K/ros_ws/src/turtlebot_control/src/turtlebot_control.cpp:114:39:\x1b[m\x1b[K \x1b[01;31m\x1b[Kerror: \x1b[m\x1b[Kexpected primary-expression before \xe2\x80\x98\x1b[01m\x1b[K:\x1b[m\x1b[K\xe2\x80\x99 token\n'}
[2.118915] (turtlebot_control) StderrLine: {'line': b'  114 |                 if (num_frames == 120)\x1b[01;31m\x1b[K:\x1b[m\x1b[K\n'}
[2.118953] (turtlebot_control) StderrLine: {'line': b'      |                                       \x1b[01;31m\x1b[K^\x1b[m\x1b[K\n'}
[2.118989] (turtlebot_control) StderrLine: {'line': b'\x1b[01m\x1b[K/ros_ws/src/turtlebot_control/src/turtlebot_control.cpp:118:13:\x1b[m\x1b[K \x1b[01;31m\x1b[Kerror: \x1b[m\x1b[Kexpected \xe2\x80\x98\x1b[01m\x1b[K;\x1b[m\x1b[K\xe2\x80\x99 before \xe2\x80\x98\x1b[01m\x1b[K}\x1b[m\x1b[K\xe2\x80\x99 token\n'}
[2.119026] (turtlebot_control) StderrLine: {'line': b'  118 |             \x1b[01;31m\x1b[K}\x1b[m\x1b[K\n'}
[2.119062] (turtlebot_control) StderrLine: {'line': b'      |             \x1b[01;31m\x1b[K^\x1b[m\x1b[K\n'}
[2.119098] (turtlebot_control) StderrLine: {'line': b'\x1b[01m\x1b[K/ros_ws/src/turtlebot_control/src/turtlebot_control.cpp:60:24:\x1b[m\x1b[K \x1b[01;35m\x1b[Kwarning: \x1b[m\x1b[Kunused variable \xe2\x80\x98\x1b[01m\x1b[Kfps\x1b[m\x1b[K\xe2\x80\x99 [\x1b[01;35m\x1b[K-Wunused-variable\x1b[m\x1b[K]\n'}
[2.119136] (turtlebot_control) StderrLine: {'line': b'   60 |                 double \x1b[01;35m\x1b[Kfps\x1b[m\x1b[K = cap.get(cv::CAP_PROP_FPS);\n'}
[2.119172] (turtlebot_control) StderrLine: {'line': b'      |                        \x1b[01;35m\x1b[K^~~\x1b[m\x1b[K\n'}
[2.206442] (-) TimerEvent: {}
[2.306811] (-) TimerEvent: {}
[2.407132] (-) TimerEvent: {}
[2.507469] (-) TimerEvent: {}
[2.529751] (turtlebot_control) StderrLine: {'line': b'gmake[2]: *** [CMakeFiles/turtlebot_control.dir/build.make:76: CMakeFiles/turtlebot_control.dir/src/turtlebot_control.cpp.o] Error 1\n'}
[2.530017] (turtlebot_control) StderrLine: {'line': b'gmake[1]: *** [CMakeFiles/Makefile2:137: CMakeFiles/turtlebot_control.dir/all] Error 2\n'}
[2.530163] (turtlebot_control) StderrLine: {'line': b'gmake: *** [Makefile:146: all] Error 2\n'}
[2.531264] (turtlebot_control) CommandEnded: {'returncode': 2}
[2.559148] (turtlebot_control) JobEnded: {'identifier': 'turtlebot_control', 'rc': 2}
[2.569541] (-) EventReactorShutdown: {}
