[  3%] Built target turtlebot_control_msg__cpp
[ 12%] Built target turtlebot_control_msg__rosidl_generator_c
[ 12%] Built target ament_cmake_python_copy_turtlebot_control
[ 21%] Built target turtlebot_control_msg__rosidl_typesupport_cpp
[ 36%] Built target turtlebot_control_msg__rosidl_typesupport_introspection_cpp
[ 39%] Built target turtlebot_control_msg__rosidl_typesupport_fastrtps_cpp
[ 48%] Built target turtlebot_control_msg__rosidl_typesupport_c
[ 57%] Built target turtlebot_control_msg__rosidl_typesupport_introspection_c
[35m[1mConsolidate compiler generated dependencies of target turtlebot_control[0m
[ 66%] Built target turtlebot_control_msg__rosidl_typesupport_fastrtps_c
[ 69%] [32mBuilding CXX object CMakeFiles/turtlebot_control.dir/src/turtlebot_control.cpp.o[0m
[ 69%] Built target turtlebot_control_msg
[ 72%] Built target turtlebot_control_msg__py
[ 78%] Built target turtlebot_control_msg__rosidl_generator_py
[ 84%] Built target turtlebot_control__rosidl_typesupport_introspection_c__pyext
[ 90%] Built target turtlebot_control__rosidl_typesupport_c__pyext
[ 96%] Built target turtlebot_control__rosidl_typesupport_fastrtps_c__pyext
running egg_info
writing turtlebot_control.egg-info/PKG-INFO
writing dependency_links to turtlebot_control.egg-info/dependency_links.txt
writing top-level names to turtlebot_control.egg-info/top_level.txt
reading manifest file 'turtlebot_control.egg-info/SOURCES.txt'
writing manifest file 'turtlebot_control.egg-info/SOURCES.txt'
[ 96%] Built target ament_cmake_python_build_turtlebot_control_egg
[01m[K/home/megsindelar/Final_Project/raspberry_pi_ws/src/turtlebot_control/src/turtlebot_control.cpp:[m[K In member function ‘[01m[Kvoid TurtlebotControl::timer_callback()[m[K’:
[01m[K/home/megsindelar/Final_Project/raspberry_pi_ws/src/turtlebot_control/src/turtlebot_control.cpp:91:39:[m[K [01;35m[Kwarning: [m[Kcomparison of integer expressions of different signedness: ‘[01m[Kint[m[K’ and ‘[01m[Klong unsigned int[m[K’ [[01;35m[K]8;;https://gcc.gnu.org/onlinedocs/gcc/Warning-Options.html#index-Wsign-compare-Wsign-compare]8;;[m[K]
   91 |                     for (int i = 0; [01;35m[Ki < sizeof(keypoints_1)[m[K; i++){
      |                                     [01;35m[K~~^~~~~~~~~~~~~~~~~~~~~[m[K
[01m[K/home/megsindelar/Final_Project/raspberry_pi_ws/src/turtlebot_control/src/turtlebot_control.cpp:92:56:[m[K [01;31m[Kerror: [m[Kno matching function for call to ‘[01m[Kstd::vector<double, std::allocator<double> >::push_back(__gnu_cxx::__alloc_traits<std::allocator<cv::KeyPoint>, cv::KeyPoint>::value_type&)[m[K’
   92 |                         [01;31m[Kkeypoints.keypoints_1.push_back(keypoints_1.at(i))[m[K;
      |                         [01;31m[K~~~~~~~~~~~~~~~~~~~~~~~~~~~~~~~^~~~~~~~~~~~~~~~~~~[m[K
In file included from [01m[K/usr/include/c++/11/vector:67[m[K,
                 from [01m[K/usr/include/c++/11/functional:62[m[K,
                 from [01m[K/usr/include/c++/11/pstl/glue_algorithm_defs.h:13[m[K,
                 from [01m[K/usr/include/c++/11/algorithm:74[m[K,
                 from [01m[K/opt/ros/humble/include/rclcpp/rclcpp/executor.hpp:18[m[K,
                 from [01m[K/opt/ros/humble/include/rclcpp/rclcpp/executors/multi_threaded_executor.hpp:25[m[K,
                 from [01m[K/opt/ros/humble/include/rclcpp/rclcpp/executors.hpp:21[m[K,
                 from [01m[K/opt/ros/humble/include/rclcpp/rclcpp/rclcpp.hpp:155[m[K,
                 from [01m[K/home/megsindelar/Final_Project/raspberry_pi_ws/src/turtlebot_control/src/turtlebot_control.cpp:2[m[K:
[01m[K/usr/include/c++/11/bits/stl_vector.h:1187:7:[m[K [01;36m[Knote: [m[Kcandidate: ‘[01m[Kvoid std::vector<_Tp, _Alloc>::push_back(const value_type&) [with _Tp = double; _Alloc = std::allocator<double>; std::vector<_Tp, _Alloc>::value_type = double][m[K’
 1187 |       [01;36m[Kpush_back[m[K(const value_type& __x)
      |       [01;36m[K^~~~~~~~~[m[K
[01m[K/usr/include/c++/11/bits/stl_vector.h:1187:35:[m[K [01;36m[Knote: [m[K  no known conversion for argument 1 from ‘[01m[K__gnu_cxx::__alloc_traits<std::allocator<cv::KeyPoint>, cv::KeyPoint>::value_type[m[K’ {aka ‘[01m[Kcv::KeyPoint[m[K’} to ‘[01m[Kconst value_type&[m[K’ {aka ‘[01m[Kconst double&[m[K’}
 1187 |       push_back([01;36m[Kconst value_type& __x[m[K)
      |                 [01;36m[K~~~~~~~~~~~~~~~~~~^~~[m[K
[01m[K/usr/include/c++/11/bits/stl_vector.h:1203:7:[m[K [01;36m[Knote: [m[Kcandidate: ‘[01m[Kvoid std::vector<_Tp, _Alloc>::push_back(std::vector<_Tp, _Alloc>::value_type&&) [with _Tp = double; _Alloc = std::allocator<double>; std::vector<_Tp, _Alloc>::value_type = double][m[K’
 1203 |       [01;36m[Kpush_back[m[K(value_type&& __x)
      |       [01;36m[K^~~~~~~~~[m[K
[01m[K/usr/include/c++/11/bits/stl_vector.h:1203:30:[m[K [01;36m[Knote: [m[K  no known conversion for argument 1 from ‘[01m[K__gnu_cxx::__alloc_traits<std::allocator<cv::KeyPoint>, cv::KeyPoint>::value_type[m[K’ {aka ‘[01m[Kcv::KeyPoint[m[K’} to ‘[01m[Kstd::vector<double, std::allocator<double> >::value_type&&[m[K’ {aka ‘[01m[Kdouble&&[m[K’}
 1203 |       push_back([01;36m[Kvalue_type&& __x[m[K)
      |                 [01;36m[K~~~~~~~~~~~~~^~~[m[K
[01m[K/home/megsindelar/Final_Project/raspberry_pi_ws/src/turtlebot_control/src/turtlebot_control.cpp:93:56:[m[K [01;31m[Kerror: [m[Kno matching function for call to ‘[01m[Kstd::vector<double, std::allocator<double> >::push_back(__gnu_cxx::__alloc_traits<std::allocator<cv::KeyPoint>, cv::KeyPoint>::value_type&)[m[K’
   93 |                         [01;31m[Kkeypoints.keypoints_2.push_back(keypoints_2.at(i))[m[K;
      |                         [01;31m[K~~~~~~~~~~~~~~~~~~~~~~~~~~~~~~~^~~~~~~~~~~~~~~~~~~[m[K
In file included from [01m[K/usr/include/c++/11/vector:67[m[K,
                 from [01m[K/usr/include/c++/11/functional:62[m[K,
                 from [01m[K/usr/include/c++/11/pstl/glue_algorithm_defs.h:13[m[K,
                 from [01m[K/usr/include/c++/11/algorithm:74[m[K,
                 from [01m[K/opt/ros/humble/include/rclcpp/rclcpp/executor.hpp:18[m[K,
                 from [01m[K/opt/ros/humble/include/rclcpp/rclcpp/executors/multi_threaded_executor.hpp:25[m[K,
                 from [01m[K/opt/ros/humble/include/rclcpp/rclcpp/executors.hpp:21[m[K,
                 from [01m[K/opt/ros/humble/include/rclcpp/rclcpp/rclcpp.hpp:155[m[K,
                 from [01m[K/home/megsindelar/Final_Project/raspberry_pi_ws/src/turtlebot_control/src/turtlebot_control.cpp:2[m[K:
[01m[K/usr/include/c++/11/bits/stl_vector.h:1187:7:[m[K [01;36m[Knote: [m[Kcandidate: ‘[01m[Kvoid std::vector<_Tp, _Alloc>::push_back(const value_type&) [with _Tp = double; _Alloc = std::allocator<double>; std::vector<_Tp, _Alloc>::value_type = double][m[K’
 1187 |       [01;36m[Kpush_back[m[K(const value_type& __x)
      |       [01;36m[K^~~~~~~~~[m[K
[01m[K/usr/include/c++/11/bits/stl_vector.h:1187:35:[m[K [01;36m[Knote: [m[K  no known conversion for argument 1 from ‘[01m[K__gnu_cxx::__alloc_traits<std::allocator<cv::KeyPoint>, cv::KeyPoint>::value_type[m[K’ {aka ‘[01m[Kcv::KeyPoint[m[K’} to ‘[01m[Kconst value_type&[m[K’ {aka ‘[01m[Kconst double&[m[K’}
 1187 |       push_back([01;36m[Kconst value_type& __x[m[K)
      |                 [01;36m[K~~~~~~~~~~~~~~~~~~^~~[m[K
[01m[K/usr/include/c++/11/bits/stl_vector.h:1203:7:[m[K [01;36m[Knote: [m[Kcandidate: ‘[01m[Kvoid std::vector<_Tp, _Alloc>::push_back(std::vector<_Tp, _Alloc>::value_type&&) [with _Tp = double; _Alloc = std::allocator<double>; std::vector<_Tp, _Alloc>::value_type = double][m[K’
 1203 |       [01;36m[Kpush_back[m[K(value_type&& __x)
      |       [01;36m[K^~~~~~~~~[m[K
[01m[K/usr/include/c++/11/bits/stl_vector.h:1203:30:[m[K [01;36m[Knote: [m[K  no known conversion for argument 1 from ‘[01m[K__gnu_cxx::__alloc_traits<std::allocator<cv::KeyPoint>, cv::KeyPoint>::value_type[m[K’ {aka ‘[01m[Kcv::KeyPoint[m[K’} to ‘[01m[Kstd::vector<double, std::allocator<double> >::value_type&&[m[K’ {aka ‘[01m[Kdouble&&[m[K’}
 1203 |       push_back([01;36m[Kvalue_type&& __x[m[K)
      |                 [01;36m[K~~~~~~~~~~~~~^~~[m[K
gmake[2]: *** [CMakeFiles/turtlebot_control.dir/build.make:76: CMakeFiles/turtlebot_control.dir/src/turtlebot_control.cpp.o] Error 1
gmake[1]: *** [CMakeFiles/Makefile2:593: CMakeFiles/turtlebot_control.dir/all] Error 2
gmake: *** [Makefile:146: all] Error 2
