[0.000000] (-) TimerEvent: {}
[0.000299] (turtlebot_control) JobQueued: {'identifier': 'turtlebot_control', 'dependencies': OrderedDict()}
[0.000377] (turtlebot_control) JobStarted: {'identifier': 'turtlebot_control'}
[0.006158] (turtlebot_control) JobProgress: {'identifier': 'turtlebot_control', 'progress': 'cmake'}
[0.006528] (turtlebot_control) JobProgress: {'identifier': 'turtlebot_control', 'progress': 'build'}
[0.007036] (turtlebot_control) Command: {'cmd': ['/usr/bin/cmake', '--build', '/ros_ws/aarch64_build/turtlebot_control', '--', '-j8', '-l8'], 'cwd': '/ros_ws/aarch64_build/turtlebot_control', 'env': OrderedDict([('HOSTNAME', '837b79b20d5a'), ('LD_LIBRARY_PATH', '/opt/ros/humble/opt/rviz_ogre_vendor/lib:/opt/ros/humble/lib/aarch64-linux-gnu:/opt/ros/humble/lib'), ('HOME', '/home/msr'), ('ROS_PYTHON_VERSION', '3'), ('LC_CTYPE', 'C.UTF-8'), ('ROS_DISTRO', 'humble'), ('ROS_VERSION', '2'), ('TERM', 'xterm'), ('ROS_LOCALHOST_ONLY', '0'), ('PATH', '/opt/ros/humble/bin:/usr/local/sbin:/usr/local/bin:/usr/sbin:/usr/bin:/sbin:/bin'), ('AMENT_PREFIX_PATH', '/opt/ros/humble'), ('PWD', '/ros_ws/aarch64_build/turtlebot_control'), ('PYTHONPATH', '/opt/ros/humble/lib/python3.10/site-packages:/opt/ros/humble/local/lib/python3.10/dist-packages'), ('COLCON', '1'), ('CMAKE_PREFIX_PATH', '/opt/ros/humble')]), 'shell': False}
[0.042801] (turtlebot_control) StdoutLine: {'line': b'[  3%] Built target turtlebot_control_msg__cpp\n'}
[0.043010] (turtlebot_control) StdoutLine: {'line': b'[ 12%] Built target turtlebot_control_msg__rosidl_generator_c\n'}
[0.048389] (turtlebot_control) StdoutLine: {'line': b'[ 12%] Built target ament_cmake_python_copy_turtlebot_control\n'}
[0.059663] (turtlebot_control) StdoutLine: {'line': b'[ 21%] Built target turtlebot_control_msg__rosidl_typesupport_cpp\n'}
[0.060086] (turtlebot_control) StdoutLine: {'line': b'[ 30%] Built target turtlebot_control_msg__rosidl_typesupport_fastrtps_cpp\n'}
[0.060232] (turtlebot_control) StdoutLine: {'line': b'[ 39%] Built target turtlebot_control_msg__rosidl_typesupport_introspection_cpp\n'}
[0.064517] (turtlebot_control) StdoutLine: {'line': b'[ 48%] Built target turtlebot_control_msg__rosidl_typesupport_introspection_c\n'}
[0.065939] (turtlebot_control) StdoutLine: {'line': b'[ 57%] Built target turtlebot_control_msg__rosidl_typesupport_fastrtps_c\n'}
[0.067042] (turtlebot_control) StdoutLine: {'line': b'[ 66%] Built target turtlebot_control_msg__rosidl_typesupport_c\n'}
[0.068712] (turtlebot_control) StdoutLine: {'line': b'\x1b[35m\x1b[1mConsolidate compiler generated dependencies of target turtlebot_control\x1b[0m\n'}
[0.080056] (turtlebot_control) StdoutLine: {'line': b'[ 66%] Built target turtlebot_control_msg\n'}
[0.083479] (turtlebot_control) StdoutLine: {'line': b'[ 69%] \x1b[32mBuilding CXX object CMakeFiles/turtlebot_control.dir/src/turtlebot_control.cpp.o\x1b[0m\n'}
[0.093362] (turtlebot_control) StdoutLine: {'line': b'[ 72%] Built target turtlebot_control_msg__py\n'}
[0.099088] (-) TimerEvent: {}
[0.108120] (turtlebot_control) StdoutLine: {'line': b'[ 78%] Built target turtlebot_control_msg__rosidl_generator_py\n'}
[0.123667] (turtlebot_control) StdoutLine: {'line': b'[ 84%] Built target turtlebot_control__rosidl_typesupport_introspection_c__pyext\n'}
[0.126115] (turtlebot_control) StdoutLine: {'line': b'[ 90%] Built target turtlebot_control__rosidl_typesupport_fastrtps_c__pyext\n'}
[0.128510] (turtlebot_control) StdoutLine: {'line': b'[ 96%] Built target turtlebot_control__rosidl_typesupport_c__pyext\n'}
[0.199181] (-) TimerEvent: {}
[0.204256] (turtlebot_control) StdoutLine: {'line': b'running egg_info\n'}
[0.204709] (turtlebot_control) StdoutLine: {'line': b'writing turtlebot_control.egg-info/PKG-INFO\n'}
[0.204887] (turtlebot_control) StdoutLine: {'line': b'writing dependency_links to turtlebot_control.egg-info/dependency_links.txt\n'}
[0.205094] (turtlebot_control) StdoutLine: {'line': b'writing top-level names to turtlebot_control.egg-info/top_level.txt\n'}
[0.206592] (turtlebot_control) StdoutLine: {'line': b"reading manifest file 'turtlebot_control.egg-info/SOURCES.txt'\n"}
[0.207008] (turtlebot_control) StdoutLine: {'line': b"writing manifest file 'turtlebot_control.egg-info/SOURCES.txt'\n"}
[0.223513] (turtlebot_control) StdoutLine: {'line': b'[ 96%] Built target ament_cmake_python_build_turtlebot_control_egg\n'}
[0.299352] (-) TimerEvent: {}
[0.399597] (-) TimerEvent: {}
[0.499914] (-) TimerEvent: {}
[0.600265] (-) TimerEvent: {}
[0.700538] (-) TimerEvent: {}
[0.800864] (-) TimerEvent: {}
[0.901233] (-) TimerEvent: {}
[1.001552] (-) TimerEvent: {}
[1.101874] (-) TimerEvent: {}
[1.202157] (-) TimerEvent: {}
[1.302391] (-) TimerEvent: {}
[1.402749] (-) TimerEvent: {}
[1.503063] (-) TimerEvent: {}
[1.603386] (-) TimerEvent: {}
[1.703705] (-) TimerEvent: {}
[1.804053] (-) TimerEvent: {}
[1.904408] (-) TimerEvent: {}
[2.004740] (-) TimerEvent: {}
[2.105049] (-) TimerEvent: {}
[2.205376] (-) TimerEvent: {}
[2.305685] (-) TimerEvent: {}
[2.406004] (-) TimerEvent: {}
[2.506340] (-) TimerEvent: {}
[2.606656] (-) TimerEvent: {}
[2.706966] (-) TimerEvent: {}
[2.807283] (-) TimerEvent: {}
[2.907591] (-) TimerEvent: {}
[3.007903] (-) TimerEvent: {}
[3.108246] (-) TimerEvent: {}
[3.208586] (-) TimerEvent: {}
[3.308907] (-) TimerEvent: {}
[3.409135] (-) TimerEvent: {}
[3.509379] (-) TimerEvent: {}
[3.609690] (-) TimerEvent: {}
[3.709946] (-) TimerEvent: {}
[3.810236] (-) TimerEvent: {}
[3.910567] (-) TimerEvent: {}
[4.010822] (-) TimerEvent: {}
[4.111143] (-) TimerEvent: {}
[4.126726] (turtlebot_control) StdoutLine: {'line': b'[100%] \x1b[32m\x1b[1mLinking CXX executable turtlebot_control\x1b[0m\n'}
[4.211246] (-) TimerEvent: {}
[4.311527] (-) TimerEvent: {}
[4.411817] (-) TimerEvent: {}
[4.449859] (turtlebot_control) StdoutLine: {'line': b'[100%] Built target turtlebot_control\n'}
[4.458998] (turtlebot_control) CommandEnded: {'returncode': 0}
[4.511927] (-) TimerEvent: {}
[4.542910] (turtlebot_control) JobProgress: {'identifier': 'turtlebot_control', 'progress': 'install'}
[4.555381] (turtlebot_control) Command: {'cmd': ['/usr/bin/cmake', '--install', '/ros_ws/aarch64_build/turtlebot_control'], 'cwd': '/ros_ws/aarch64_build/turtlebot_control', 'env': OrderedDict([('HOSTNAME', '837b79b20d5a'), ('LD_LIBRARY_PATH', '/opt/ros/humble/opt/rviz_ogre_vendor/lib:/opt/ros/humble/lib/aarch64-linux-gnu:/opt/ros/humble/lib'), ('HOME', '/home/msr'), ('ROS_PYTHON_VERSION', '3'), ('LC_CTYPE', 'C.UTF-8'), ('ROS_DISTRO', 'humble'), ('ROS_VERSION', '2'), ('TERM', 'xterm'), ('ROS_LOCALHOST_ONLY', '0'), ('PATH', '/opt/ros/humble/bin:/usr/local/sbin:/usr/local/bin:/usr/sbin:/usr/bin:/sbin:/bin'), ('AMENT_PREFIX_PATH', '/opt/ros/humble'), ('PWD', '/ros_ws/aarch64_build/turtlebot_control'), ('PYTHONPATH', '/opt/ros/humble/lib/python3.10/site-packages:/opt/ros/humble/local/lib/python3.10/dist-packages'), ('COLCON', '1'), ('CMAKE_PREFIX_PATH', '/opt/ros/humble')]), 'shell': False}
[4.565652] (turtlebot_control) StdoutLine: {'line': b'-- Install configuration: ""\n'}
[4.566037] (turtlebot_control) StdoutLine: {'line': b'-- Up-to-date: /ros_ws/aarch64_install/turtlebot_control/share/ament_index/resource_index/rosidl_interfaces/turtlebot_control\n'}
[4.566170] (turtlebot_control) StdoutLine: {'line': b'-- Up-to-date: /ros_ws/aarch64_install/turtlebot_control/include/turtlebot_control/turtlebot_control\n'}
[4.566430] (turtlebot_control) StdoutLine: {'line': b'-- Up-to-date: /ros_ws/aarch64_install/turtlebot_control/include/turtlebot_control/turtlebot_control/msg\n'}
[4.566605] (turtlebot_control) StdoutLine: {'line': b'-- Up-to-date: /ros_ws/aarch64_install/turtlebot_control/include/turtlebot_control/turtlebot_control/msg/detail\n'}
[4.566900] (turtlebot_control) StdoutLine: {'line': b'-- Up-to-date: /ros_ws/aarch64_install/turtlebot_control/include/turtlebot_control/turtlebot_control/msg/detail/keypoints__functions.h\n'}
[4.566991] (turtlebot_control) StdoutLine: {'line': b'-- Up-to-date: /ros_ws/aarch64_install/turtlebot_control/include/turtlebot_control/turtlebot_control/msg/detail/keypoints__functions.c\n'}
[4.567063] (turtlebot_control) StdoutLine: {'line': b'-- Up-to-date: /ros_ws/aarch64_install/turtlebot_control/include/turtlebot_control/turtlebot_control/msg/detail/keypoints__type_support.h\n'}
[4.567300] (turtlebot_control) StdoutLine: {'line': b'-- Up-to-date: /ros_ws/aarch64_install/turtlebot_control/include/turtlebot_control/turtlebot_control/msg/detail/keypoints__struct.h\n'}
[4.567396] (turtlebot_control) StdoutLine: {'line': b'-- Up-to-date: /ros_ws/aarch64_install/turtlebot_control/include/turtlebot_control/turtlebot_control/msg/keypoints.h\n'}
[4.567474] (turtlebot_control) StdoutLine: {'line': b'-- Up-to-date: /ros_ws/aarch64_install/turtlebot_control/include/turtlebot_control/turtlebot_control/msg/rosidl_generator_c__visibility_control.h\n'}
[4.567549] (turtlebot_control) StdoutLine: {'line': b'-- Up-to-date: /ros_ws/aarch64_install/turtlebot_control/share/turtlebot_control/environment/library_path.sh\n'}
[4.567622] (turtlebot_control) StdoutLine: {'line': b'-- Up-to-date: /ros_ws/aarch64_install/turtlebot_control/share/turtlebot_control/environment/library_path.dsv\n'}
[4.567695] (turtlebot_control) StdoutLine: {'line': b'-- Up-to-date: /ros_ws/aarch64_install/turtlebot_control/lib/libturtlebot_control__rosidl_generator_c.so\n'}
[4.567782] (turtlebot_control) StdoutLine: {'line': b'-- Up-to-date: /ros_ws/aarch64_install/turtlebot_control/include/turtlebot_control/turtlebot_control\n'}
[4.567855] (turtlebot_control) StdoutLine: {'line': b'-- Up-to-date: /ros_ws/aarch64_install/turtlebot_control/include/turtlebot_control/turtlebot_control/msg\n'}
[4.567926] (turtlebot_control) StdoutLine: {'line': b'-- Up-to-date: /ros_ws/aarch64_install/turtlebot_control/include/turtlebot_control/turtlebot_control/msg/detail\n'}
[4.567997] (turtlebot_control) StdoutLine: {'line': b'-- Up-to-date: /ros_ws/aarch64_install/turtlebot_control/include/turtlebot_control/turtlebot_control/msg/detail/keypoints__rosidl_typesupport_fastrtps_c.h\n'}
[4.568072] (turtlebot_control) StdoutLine: {'line': b'-- Up-to-date: /ros_ws/aarch64_install/turtlebot_control/include/turtlebot_control/turtlebot_control/msg/rosidl_typesupport_fastrtps_c__visibility_control.h\n'}
[4.568146] (turtlebot_control) StdoutLine: {'line': b'-- Up-to-date: /ros_ws/aarch64_install/turtlebot_control/lib/libturtlebot_control__rosidl_typesupport_fastrtps_c.so\n'}
[4.568218] (turtlebot_control) StdoutLine: {'line': b'-- Up-to-date: /ros_ws/aarch64_install/turtlebot_control/include/turtlebot_control/turtlebot_control\n'}
[4.568374] (turtlebot_control) StdoutLine: {'line': b'-- Up-to-date: /ros_ws/aarch64_install/turtlebot_control/include/turtlebot_control/turtlebot_control/msg\n'}
[4.568453] (turtlebot_control) StdoutLine: {'line': b'-- Up-to-date: /ros_ws/aarch64_install/turtlebot_control/include/turtlebot_control/turtlebot_control/msg/detail\n'}
[4.568525] (turtlebot_control) StdoutLine: {'line': b'-- Up-to-date: /ros_ws/aarch64_install/turtlebot_control/include/turtlebot_control/turtlebot_control/msg/detail/keypoints__struct.hpp\n'}
[4.568597] (turtlebot_control) StdoutLine: {'line': b'-- Up-to-date: /ros_ws/aarch64_install/turtlebot_control/include/turtlebot_control/turtlebot_control/msg/detail/keypoints__traits.hpp\n'}
[4.568669] (turtlebot_control) StdoutLine: {'line': b'-- Up-to-date: /ros_ws/aarch64_install/turtlebot_control/include/turtlebot_control/turtlebot_control/msg/detail/keypoints__builder.hpp\n'}
[4.568751] (turtlebot_control) StdoutLine: {'line': b'-- Up-to-date: /ros_ws/aarch64_install/turtlebot_control/include/turtlebot_control/turtlebot_control/msg/keypoints.hpp\n'}
[4.568824] (turtlebot_control) StdoutLine: {'line': b'-- Up-to-date: /ros_ws/aarch64_install/turtlebot_control/include/turtlebot_control/turtlebot_control\n'}
[4.568920] (turtlebot_control) StdoutLine: {'line': b'-- Up-to-date: /ros_ws/aarch64_install/turtlebot_control/include/turtlebot_control/turtlebot_control/msg\n'}
[4.568997] (turtlebot_control) StdoutLine: {'line': b'-- Up-to-date: /ros_ws/aarch64_install/turtlebot_control/include/turtlebot_control/turtlebot_control/msg/detail\n'}
[4.569068] (turtlebot_control) StdoutLine: {'line': b'-- Up-to-date: /ros_ws/aarch64_install/turtlebot_control/include/turtlebot_control/turtlebot_control/msg/detail/dds_fastrtps\n'}
[4.569224] (turtlebot_control) StdoutLine: {'line': b'-- Up-to-date: /ros_ws/aarch64_install/turtlebot_control/include/turtlebot_control/turtlebot_control/msg/detail/keypoints__rosidl_typesupport_fastrtps_cpp.hpp\n'}
[4.569291] (turtlebot_control) StdoutLine: {'line': b'-- Up-to-date: /ros_ws/aarch64_install/turtlebot_control/include/turtlebot_control/turtlebot_control/msg/rosidl_typesupport_fastrtps_cpp__visibility_control.h\n'}
[4.569357] (turtlebot_control) StdoutLine: {'line': b'-- Up-to-date: /ros_ws/aarch64_install/turtlebot_control/lib/libturtlebot_control__rosidl_typesupport_fastrtps_cpp.so\n'}
[4.569427] (turtlebot_control) StdoutLine: {'line': b'-- Up-to-date: /ros_ws/aarch64_install/turtlebot_control/include/turtlebot_control/turtlebot_control\n'}
[4.569497] (turtlebot_control) StdoutLine: {'line': b'-- Up-to-date: /ros_ws/aarch64_install/turtlebot_control/include/turtlebot_control/turtlebot_control/msg\n'}
[4.569567] (turtlebot_control) StdoutLine: {'line': b'-- Up-to-date: /ros_ws/aarch64_install/turtlebot_control/include/turtlebot_control/turtlebot_control/msg/detail\n'}
[4.569639] (turtlebot_control) StdoutLine: {'line': b'-- Up-to-date: /ros_ws/aarch64_install/turtlebot_control/include/turtlebot_control/turtlebot_control/msg/detail/keypoints__type_support.c\n'}
[4.569710] (turtlebot_control) StdoutLine: {'line': b'-- Up-to-date: /ros_ws/aarch64_install/turtlebot_control/include/turtlebot_control/turtlebot_control/msg/detail/keypoints__rosidl_typesupport_introspection_c.h\n'}
[4.569782] (turtlebot_control) StdoutLine: {'line': b'-- Up-to-date: /ros_ws/aarch64_install/turtlebot_control/include/turtlebot_control/turtlebot_control/msg/rosidl_typesupport_introspection_c__visibility_control.h\n'}
[4.569854] (turtlebot_control) StdoutLine: {'line': b'-- Up-to-date: /ros_ws/aarch64_install/turtlebot_control/lib/libturtlebot_control__rosidl_typesupport_introspection_c.so\n'}
[4.569925] (turtlebot_control) StdoutLine: {'line': b'-- Up-to-date: /ros_ws/aarch64_install/turtlebot_control/lib/libturtlebot_control__rosidl_typesupport_c.so\n'}
[4.569996] (turtlebot_control) StdoutLine: {'line': b'-- Up-to-date: /ros_ws/aarch64_install/turtlebot_control/include/turtlebot_control/turtlebot_control\n'}
[4.570068] (turtlebot_control) StdoutLine: {'line': b'-- Up-to-date: /ros_ws/aarch64_install/turtlebot_control/include/turtlebot_control/turtlebot_control/msg\n'}
[4.570139] (turtlebot_control) StdoutLine: {'line': b'-- Up-to-date: /ros_ws/aarch64_install/turtlebot_control/include/turtlebot_control/turtlebot_control/msg/detail\n'}
[4.570230] (turtlebot_control) StdoutLine: {'line': b'-- Up-to-date: /ros_ws/aarch64_install/turtlebot_control/include/turtlebot_control/turtlebot_control/msg/detail/keypoints__rosidl_typesupport_introspection_cpp.hpp\n'}
[4.570281] (turtlebot_control) StdoutLine: {'line': b'-- Up-to-date: /ros_ws/aarch64_install/turtlebot_control/include/turtlebot_control/turtlebot_control/msg/detail/keypoints__type_support.cpp\n'}
[4.570333] (turtlebot_control) StdoutLine: {'line': b'-- Up-to-date: /ros_ws/aarch64_install/turtlebot_control/lib/libturtlebot_control__rosidl_typesupport_introspection_cpp.so\n'}
[4.570385] (turtlebot_control) StdoutLine: {'line': b'-- Up-to-date: /ros_ws/aarch64_install/turtlebot_control/lib/libturtlebot_control__rosidl_typesupport_cpp.so\n'}
[4.570436] (turtlebot_control) StdoutLine: {'line': b'-- Up-to-date: /ros_ws/aarch64_install/turtlebot_control/share/turtlebot_control/environment/pythonpath.sh\n'}
[4.570487] (turtlebot_control) StdoutLine: {'line': b'-- Up-to-date: /ros_ws/aarch64_install/turtlebot_control/share/turtlebot_control/environment/pythonpath.dsv\n'}
[4.570538] (turtlebot_control) StdoutLine: {'line': b'-- Up-to-date: /ros_ws/aarch64_install/turtlebot_control/local/lib/python3.10/dist-packages/turtlebot_control-0.0.0-py3.10.egg-info\n'}
[4.570589] (turtlebot_control) StdoutLine: {'line': b'-- Installing: /ros_ws/aarch64_install/turtlebot_control/local/lib/python3.10/dist-packages/turtlebot_control-0.0.0-py3.10.egg-info/PKG-INFO\n'}
[4.570655] (turtlebot_control) StdoutLine: {'line': b'-- Installing: /ros_ws/aarch64_install/turtlebot_control/local/lib/python3.10/dist-packages/turtlebot_control-0.0.0-py3.10.egg-info/top_level.txt\n'}
[4.570747] (turtlebot_control) StdoutLine: {'line': b'-- Installing: /ros_ws/aarch64_install/turtlebot_control/local/lib/python3.10/dist-packages/turtlebot_control-0.0.0-py3.10.egg-info/dependency_links.txt\n'}
[4.570797] (turtlebot_control) StdoutLine: {'line': b'-- Installing: /ros_ws/aarch64_install/turtlebot_control/local/lib/python3.10/dist-packages/turtlebot_control-0.0.0-py3.10.egg-info/SOURCES.txt\n'}
[4.570845] (turtlebot_control) StdoutLine: {'line': b'-- Up-to-date: /ros_ws/aarch64_install/turtlebot_control/local/lib/python3.10/dist-packages/turtlebot_control\n'}
[4.570892] (turtlebot_control) StdoutLine: {'line': b'-- Up-to-date: /ros_ws/aarch64_install/turtlebot_control/local/lib/python3.10/dist-packages/turtlebot_control/libturtlebot_control_msg__rosidl_generator_py.so\n'}
[4.570941] (turtlebot_control) StdoutLine: {'line': b'-- Up-to-date: /ros_ws/aarch64_install/turtlebot_control/local/lib/python3.10/dist-packages/turtlebot_control/__init__.py\n'}
[4.570989] (turtlebot_control) StdoutLine: {'line': b'-- Up-to-date: /ros_ws/aarch64_install/turtlebot_control/local/lib/python3.10/dist-packages/turtlebot_control/_turtlebot_control_s.ep.rosidl_typesupport_c.c\n'}
[4.571037] (turtlebot_control) StdoutLine: {'line': b'-- Up-to-date: /ros_ws/aarch64_install/turtlebot_control/local/lib/python3.10/dist-packages/turtlebot_control/turtlebot_control_s__rosidl_typesupport_introspection_c.cpython-310-x86_64-linux-gnu.so\n'}
[4.571085] (turtlebot_control) StdoutLine: {'line': b'-- Up-to-date: /ros_ws/aarch64_install/turtlebot_control/local/lib/python3.10/dist-packages/turtlebot_control/msg\n'}
[4.571133] (turtlebot_control) StdoutLine: {'line': b'-- Up-to-date: /ros_ws/aarch64_install/turtlebot_control/local/lib/python3.10/dist-packages/turtlebot_control/msg/__init__.py\n'}
[4.571183] (turtlebot_control) StdoutLine: {'line': b'-- Up-to-date: /ros_ws/aarch64_install/turtlebot_control/local/lib/python3.10/dist-packages/turtlebot_control/msg/_keypoints.py\n'}
[4.571232] (turtlebot_control) StdoutLine: {'line': b'-- Up-to-date: /ros_ws/aarch64_install/turtlebot_control/local/lib/python3.10/dist-packages/turtlebot_control/msg/_keypoints_s.c\n'}
[4.571281] (turtlebot_control) StdoutLine: {'line': b'-- Up-to-date: /ros_ws/aarch64_install/turtlebot_control/local/lib/python3.10/dist-packages/turtlebot_control/_turtlebot_control_s.ep.rosidl_typesupport_introspection_c.c\n'}
[4.571330] (turtlebot_control) StdoutLine: {'line': b'-- Up-to-date: /ros_ws/aarch64_install/turtlebot_control/local/lib/python3.10/dist-packages/turtlebot_control/_turtlebot_control_s.ep.rosidl_typesupport_fastrtps_c.c\n'}
[4.571379] (turtlebot_control) StdoutLine: {'line': b'-- Up-to-date: /ros_ws/aarch64_install/turtlebot_control/local/lib/python3.10/dist-packages/turtlebot_control/turtlebot_control_s__rosidl_typesupport_fastrtps_c.cpython-310-x86_64-linux-gnu.so\n'}
[4.571427] (turtlebot_control) StdoutLine: {'line': b'-- Up-to-date: /ros_ws/aarch64_install/turtlebot_control/local/lib/python3.10/dist-packages/turtlebot_control/turtlebot_control_s__rosidl_typesupport_c.cpython-310-x86_64-linux-gnu.so\n'}
[4.593178] (turtlebot_control) StdoutLine: {'line': b"Listing '/ros_ws/aarch64_install/turtlebot_control/local/lib/python3.10/dist-packages/turtlebot_control'...\n"}
[4.593269] (turtlebot_control) StdoutLine: {'line': b"Listing '/ros_ws/aarch64_install/turtlebot_control/local/lib/python3.10/dist-packages/turtlebot_control/msg'...\n"}
[4.595877] (turtlebot_control) StdoutLine: {'line': b'-- Up-to-date: /ros_ws/aarch64_install/turtlebot_control/local/lib/python3.10/dist-packages/turtlebot_control/turtlebot_control_s__rosidl_typesupport_fastrtps_c.cpython-310-x86_64-linux-gnu.so\n'}
[4.596038] (turtlebot_control) StdoutLine: {'line': b'-- Up-to-date: /ros_ws/aarch64_install/turtlebot_control/local/lib/python3.10/dist-packages/turtlebot_control/turtlebot_control_s__rosidl_typesupport_introspection_c.cpython-310-x86_64-linux-gnu.so\n'}
[4.596130] (turtlebot_control) StdoutLine: {'line': b'-- Up-to-date: /ros_ws/aarch64_install/turtlebot_control/local/lib/python3.10/dist-packages/turtlebot_control/turtlebot_control_s__rosidl_typesupport_c.cpython-310-x86_64-linux-gnu.so\n'}
[4.596253] (turtlebot_control) StdoutLine: {'line': b'-- Up-to-date: /ros_ws/aarch64_install/turtlebot_control/lib/libturtlebot_control_msg__rosidl_generator_py.so\n'}
[4.596303] (turtlebot_control) StdoutLine: {'line': b'-- Up-to-date: /ros_ws/aarch64_install/turtlebot_control/share/turtlebot_control/msg/Keypoints.idl\n'}
[4.596351] (turtlebot_control) StdoutLine: {'line': b'-- Up-to-date: /ros_ws/aarch64_install/turtlebot_control/share/turtlebot_control/msg/Keypoints.msg\n'}
[4.596431] (turtlebot_control) StdoutLine: {'line': b'-- Installing: /ros_ws/aarch64_install/turtlebot_control/lib/turtlebot_control/turtlebot_control\n'}
[4.597382] (turtlebot_control) StdoutLine: {'line': b'-- Set runtime path of "/ros_ws/aarch64_install/turtlebot_control/lib/turtlebot_control/turtlebot_control" to ""\n'}
[4.597424] (turtlebot_control) StdoutLine: {'line': b'-- Up-to-date: /ros_ws/aarch64_install/turtlebot_control/share/turtlebot_control/images\n'}
[4.597566] (turtlebot_control) StdoutLine: {'line': b'-- Up-to-date: /ros_ws/aarch64_install/turtlebot_control/share/turtlebot_control/images/test_pic.png\n'}
[4.597730] (turtlebot_control) StdoutLine: {'line': b'-- Up-to-date: /ros_ws/aarch64_install/turtlebot_control/share/turtlebot_control/images/image.jpg\n'}
[4.597778] (turtlebot_control) StdoutLine: {'line': b'-- Up-to-date: /ros_ws/aarch64_install/turtlebot_control/share/ament_index/resource_index/package_run_dependencies/turtlebot_control\n'}
[4.597818] (turtlebot_control) StdoutLine: {'line': b'-- Up-to-date: /ros_ws/aarch64_install/turtlebot_control/share/ament_index/resource_index/parent_prefix_path/turtlebot_control\n'}
[4.597897] (turtlebot_control) StdoutLine: {'line': b'-- Up-to-date: /ros_ws/aarch64_install/turtlebot_control/share/turtlebot_control/environment/ament_prefix_path.sh\n'}
[4.597938] (turtlebot_control) StdoutLine: {'line': b'-- Up-to-date: /ros_ws/aarch64_install/turtlebot_control/share/turtlebot_control/environment/ament_prefix_path.dsv\n'}
[4.597975] (turtlebot_control) StdoutLine: {'line': b'-- Up-to-date: /ros_ws/aarch64_install/turtlebot_control/share/turtlebot_control/environment/path.sh\n'}
[4.598012] (turtlebot_control) StdoutLine: {'line': b'-- Up-to-date: /ros_ws/aarch64_install/turtlebot_control/share/turtlebot_control/environment/path.dsv\n'}
[4.598049] (turtlebot_control) StdoutLine: {'line': b'-- Up-to-date: /ros_ws/aarch64_install/turtlebot_control/share/turtlebot_control/local_setup.bash\n'}
[4.598085] (turtlebot_control) StdoutLine: {'line': b'-- Up-to-date: /ros_ws/aarch64_install/turtlebot_control/share/turtlebot_control/local_setup.sh\n'}
[4.598123] (turtlebot_control) StdoutLine: {'line': b'-- Up-to-date: /ros_ws/aarch64_install/turtlebot_control/share/turtlebot_control/local_setup.zsh\n'}
[4.598160] (turtlebot_control) StdoutLine: {'line': b'-- Up-to-date: /ros_ws/aarch64_install/turtlebot_control/share/turtlebot_control/local_setup.dsv\n'}
[4.598196] (turtlebot_control) StdoutLine: {'line': b'-- Installing: /ros_ws/aarch64_install/turtlebot_control/share/turtlebot_control/package.dsv\n'}
[4.598233] (turtlebot_control) StdoutLine: {'line': b'-- Up-to-date: /ros_ws/aarch64_install/turtlebot_control/share/ament_index/resource_index/packages/turtlebot_control\n'}
[4.598270] (turtlebot_control) StdoutLine: {'line': b'-- Up-to-date: /ros_ws/aarch64_install/turtlebot_control/share/turtlebot_control/cmake/export_turtlebot_control_msg__rosidl_generator_cExport.cmake\n'}
[4.598323] (turtlebot_control) StdoutLine: {'line': b'-- Up-to-date: /ros_ws/aarch64_install/turtlebot_control/share/turtlebot_control/cmake/export_turtlebot_control_msg__rosidl_generator_cExport-noconfig.cmake\n'}
[4.598403] (turtlebot_control) StdoutLine: {'line': b'-- Up-to-date: /ros_ws/aarch64_install/turtlebot_control/share/turtlebot_control/cmake/export_turtlebot_control_msg__rosidl_typesupport_fastrtps_cExport.cmake\n'}
[4.598443] (turtlebot_control) StdoutLine: {'line': b'-- Up-to-date: /ros_ws/aarch64_install/turtlebot_control/share/turtlebot_control/cmake/export_turtlebot_control_msg__rosidl_typesupport_fastrtps_cExport-noconfig.cmake\n'}
[4.598481] (turtlebot_control) StdoutLine: {'line': b'-- Up-to-date: /ros_ws/aarch64_install/turtlebot_control/share/turtlebot_control/cmake/export_turtlebot_control_msg__rosidl_generator_cppExport.cmake\n'}
[4.598519] (turtlebot_control) StdoutLine: {'line': b'-- Up-to-date: /ros_ws/aarch64_install/turtlebot_control/share/turtlebot_control/cmake/export_turtlebot_control_msg__rosidl_typesupport_fastrtps_cppExport.cmake\n'}
[4.598555] (turtlebot_control) StdoutLine: {'line': b'-- Up-to-date: /ros_ws/aarch64_install/turtlebot_control/share/turtlebot_control/cmake/export_turtlebot_control_msg__rosidl_typesupport_fastrtps_cppExport-noconfig.cmake\n'}
[4.598591] (turtlebot_control) StdoutLine: {'line': b'-- Up-to-date: /ros_ws/aarch64_install/turtlebot_control/share/turtlebot_control/cmake/turtlebot_control_msg__rosidl_typesupport_introspection_cExport.cmake\n'}
[4.598626] (turtlebot_control) StdoutLine: {'line': b'-- Up-to-date: /ros_ws/aarch64_install/turtlebot_control/share/turtlebot_control/cmake/turtlebot_control_msg__rosidl_typesupport_introspection_cExport-noconfig.cmake\n'}
[4.598672] (turtlebot_control) StdoutLine: {'line': b'-- Up-to-date: /ros_ws/aarch64_install/turtlebot_control/share/turtlebot_control/cmake/turtlebot_control_msg__rosidl_typesupport_cExport.cmake\n'}
[4.598710] (turtlebot_control) StdoutLine: {'line': b'-- Up-to-date: /ros_ws/aarch64_install/turtlebot_control/share/turtlebot_control/cmake/turtlebot_control_msg__rosidl_typesupport_cExport-noconfig.cmake\n'}
[4.598746] (turtlebot_control) StdoutLine: {'line': b'-- Up-to-date: /ros_ws/aarch64_install/turtlebot_control/share/turtlebot_control/cmake/turtlebot_control_msg__rosidl_typesupport_introspection_cppExport.cmake\n'}
[4.598783] (turtlebot_control) StdoutLine: {'line': b'-- Up-to-date: /ros_ws/aarch64_install/turtlebot_control/share/turtlebot_control/cmake/turtlebot_control_msg__rosidl_typesupport_introspection_cppExport-noconfig.cmake\n'}
[4.598820] (turtlebot_control) StdoutLine: {'line': b'-- Up-to-date: /ros_ws/aarch64_install/turtlebot_control/share/turtlebot_control/cmake/turtlebot_control_msg__rosidl_typesupport_cppExport.cmake\n'}
[4.598857] (turtlebot_control) StdoutLine: {'line': b'-- Up-to-date: /ros_ws/aarch64_install/turtlebot_control/share/turtlebot_control/cmake/turtlebot_control_msg__rosidl_typesupport_cppExport-noconfig.cmake\n'}
[4.598893] (turtlebot_control) StdoutLine: {'line': b'-- Up-to-date: /ros_ws/aarch64_install/turtlebot_control/share/turtlebot_control/cmake/export_turtlebot_control_msg__rosidl_generator_pyExport.cmake\n'}
[4.598959] (turtlebot_control) StdoutLine: {'line': b'-- Up-to-date: /ros_ws/aarch64_install/turtlebot_control/share/turtlebot_control/cmake/export_turtlebot_control_msg__rosidl_generator_pyExport-noconfig.cmake\n'}
[4.598996] (turtlebot_control) StdoutLine: {'line': b'-- Up-to-date: /ros_ws/aarch64_install/turtlebot_control/share/turtlebot_control/cmake/rosidl_cmake-extras.cmake\n'}
[4.599031] (turtlebot_control) StdoutLine: {'line': b'-- Up-to-date: /ros_ws/aarch64_install/turtlebot_control/share/turtlebot_control/cmake/ament_cmake_export_include_directories-extras.cmake\n'}
[4.599065] (turtlebot_control) StdoutLine: {'line': b'-- Up-to-date: /ros_ws/aarch64_install/turtlebot_control/share/turtlebot_control/cmake/ament_cmake_export_libraries-extras.cmake\n'}
[4.599103] (turtlebot_control) StdoutLine: {'line': b'-- Up-to-date: /ros_ws/aarch64_install/turtlebot_control/share/turtlebot_control/cmake/ament_cmake_export_targets-extras.cmake\n'}
[4.599137] (turtlebot_control) StdoutLine: {'line': b'-- Up-to-date: /ros_ws/aarch64_install/turtlebot_control/share/turtlebot_control/cmake/rosidl_cmake_export_typesupport_targets-extras.cmake\n'}
[4.599172] (turtlebot_control) StdoutLine: {'line': b'-- Up-to-date: /ros_ws/aarch64_install/turtlebot_control/share/turtlebot_control/cmake/ament_cmake_export_dependencies-extras.cmake\n'}
[4.599206] (turtlebot_control) StdoutLine: {'line': b'-- Up-to-date: /ros_ws/aarch64_install/turtlebot_control/share/turtlebot_control/cmake/rosidl_cmake_export_typesupport_libraries-extras.cmake\n'}
[4.599240] (turtlebot_control) StdoutLine: {'line': b'-- Up-to-date: /ros_ws/aarch64_install/turtlebot_control/share/turtlebot_control/cmake/turtlebot_controlConfig.cmake\n'}
[4.599274] (turtlebot_control) StdoutLine: {'line': b'-- Up-to-date: /ros_ws/aarch64_install/turtlebot_control/share/turtlebot_control/cmake/turtlebot_controlConfig-version.cmake\n'}
[4.599308] (turtlebot_control) StdoutLine: {'line': b'-- Up-to-date: /ros_ws/aarch64_install/turtlebot_control/share/turtlebot_control/package.xml\n'}
[4.599990] (turtlebot_control) CommandEnded: {'returncode': 0}
[4.611995] (-) TimerEvent: {}
[4.661511] (turtlebot_control) JobEnded: {'identifier': 'turtlebot_control', 'rc': 0}
[4.661980] (-) EventReactorShutdown: {}
